   1              		.syntax unified
   2              		.cpu cortex-m3
   3              		.fpu softvfp
   4              		.eabi_attribute 20, 1
   5              		.eabi_attribute 21, 1
   6              		.eabi_attribute 23, 3
   7              		.eabi_attribute 24, 1
   8              		.eabi_attribute 25, 1
   9              		.eabi_attribute 26, 1
  10              		.eabi_attribute 30, 6
  11              		.eabi_attribute 34, 1
  12              		.eabi_attribute 18, 4
  13              		.thumb
  14              		.file	"stm32f10x_wwdg.c"
  15              		.text
  16              	.Ltext0:
  17              		.cfi_sections	.debug_frame
  18              		.align	2
  19              		.global	WWDG_DeInit
  20              		.thumb
  21              		.thumb_func
  23              	WWDG_DeInit:
  24              	.LFB55:
  25              		.file 1 "../Libraries/STM32F10x_StdPeriph_Driver/src/stm32f10x_wwdg.c"
   1:../Libraries/STM32F10x_StdPeriph_Driver/src/stm32f10x_wwdg.c **** /**
   2:../Libraries/STM32F10x_StdPeriph_Driver/src/stm32f10x_wwdg.c ****   ******************************************************************************
   3:../Libraries/STM32F10x_StdPeriph_Driver/src/stm32f10x_wwdg.c ****   * @file    stm32f10x_wwdg.c
   4:../Libraries/STM32F10x_StdPeriph_Driver/src/stm32f10x_wwdg.c ****   * @author  MCD Application Team
   5:../Libraries/STM32F10x_StdPeriph_Driver/src/stm32f10x_wwdg.c ****   * @version V3.6.1
   6:../Libraries/STM32F10x_StdPeriph_Driver/src/stm32f10x_wwdg.c ****   * @date    05-March-2012
   7:../Libraries/STM32F10x_StdPeriph_Driver/src/stm32f10x_wwdg.c ****   * @brief   This file provides all the WWDG firmware functions.
   8:../Libraries/STM32F10x_StdPeriph_Driver/src/stm32f10x_wwdg.c ****   ******************************************************************************
   9:../Libraries/STM32F10x_StdPeriph_Driver/src/stm32f10x_wwdg.c ****   * @attention
  10:../Libraries/STM32F10x_StdPeriph_Driver/src/stm32f10x_wwdg.c ****   *
  11:../Libraries/STM32F10x_StdPeriph_Driver/src/stm32f10x_wwdg.c ****   * <h2><center>&copy; COPYRIGHT 2012 STMicroelectronics</center></h2>
  12:../Libraries/STM32F10x_StdPeriph_Driver/src/stm32f10x_wwdg.c ****   *
  13:../Libraries/STM32F10x_StdPeriph_Driver/src/stm32f10x_wwdg.c ****   * Licensed under MCD-ST Liberty SW License Agreement V2, (the "License");
  14:../Libraries/STM32F10x_StdPeriph_Driver/src/stm32f10x_wwdg.c ****   * You may not use this file except in compliance with the License.
  15:../Libraries/STM32F10x_StdPeriph_Driver/src/stm32f10x_wwdg.c ****   * You may obtain a copy of the License at:
  16:../Libraries/STM32F10x_StdPeriph_Driver/src/stm32f10x_wwdg.c ****   *
  17:../Libraries/STM32F10x_StdPeriph_Driver/src/stm32f10x_wwdg.c ****   *        http://www.st.com/software_license_agreement_liberty_v2
  18:../Libraries/STM32F10x_StdPeriph_Driver/src/stm32f10x_wwdg.c ****   *
  19:../Libraries/STM32F10x_StdPeriph_Driver/src/stm32f10x_wwdg.c ****   * Unless required by applicable law or agreed to in writing, software 
  20:../Libraries/STM32F10x_StdPeriph_Driver/src/stm32f10x_wwdg.c ****   * distributed under the License is distributed on an "AS IS" BASIS, 
  21:../Libraries/STM32F10x_StdPeriph_Driver/src/stm32f10x_wwdg.c ****   * WITHOUT WARRANTIES OR CONDITIONS OF ANY KIND, either express or implied.
  22:../Libraries/STM32F10x_StdPeriph_Driver/src/stm32f10x_wwdg.c ****   * See the License for the specific language governing permissions and
  23:../Libraries/STM32F10x_StdPeriph_Driver/src/stm32f10x_wwdg.c ****   * limitations under the License.
  24:../Libraries/STM32F10x_StdPeriph_Driver/src/stm32f10x_wwdg.c ****   *
  25:../Libraries/STM32F10x_StdPeriph_Driver/src/stm32f10x_wwdg.c ****   ******************************************************************************
  26:../Libraries/STM32F10x_StdPeriph_Driver/src/stm32f10x_wwdg.c ****   */
  27:../Libraries/STM32F10x_StdPeriph_Driver/src/stm32f10x_wwdg.c **** 
  28:../Libraries/STM32F10x_StdPeriph_Driver/src/stm32f10x_wwdg.c **** /* Includes ------------------------------------------------------------------*/
  29:../Libraries/STM32F10x_StdPeriph_Driver/src/stm32f10x_wwdg.c **** #include "stm32f10x_wwdg.h"
  30:../Libraries/STM32F10x_StdPeriph_Driver/src/stm32f10x_wwdg.c **** #include "stm32f10x_rcc.h"
  31:../Libraries/STM32F10x_StdPeriph_Driver/src/stm32f10x_wwdg.c **** 
  32:../Libraries/STM32F10x_StdPeriph_Driver/src/stm32f10x_wwdg.c **** /** @addtogroup STM32F10x_StdPeriph_Driver
  33:../Libraries/STM32F10x_StdPeriph_Driver/src/stm32f10x_wwdg.c ****   * @{
  34:../Libraries/STM32F10x_StdPeriph_Driver/src/stm32f10x_wwdg.c ****   */
  35:../Libraries/STM32F10x_StdPeriph_Driver/src/stm32f10x_wwdg.c **** 
  36:../Libraries/STM32F10x_StdPeriph_Driver/src/stm32f10x_wwdg.c **** /** @defgroup WWDG 
  37:../Libraries/STM32F10x_StdPeriph_Driver/src/stm32f10x_wwdg.c ****   * @brief WWDG driver modules
  38:../Libraries/STM32F10x_StdPeriph_Driver/src/stm32f10x_wwdg.c ****   * @{
  39:../Libraries/STM32F10x_StdPeriph_Driver/src/stm32f10x_wwdg.c ****   */
  40:../Libraries/STM32F10x_StdPeriph_Driver/src/stm32f10x_wwdg.c **** 
  41:../Libraries/STM32F10x_StdPeriph_Driver/src/stm32f10x_wwdg.c **** /** @defgroup WWDG_Private_TypesDefinitions
  42:../Libraries/STM32F10x_StdPeriph_Driver/src/stm32f10x_wwdg.c ****   * @{
  43:../Libraries/STM32F10x_StdPeriph_Driver/src/stm32f10x_wwdg.c ****   */
  44:../Libraries/STM32F10x_StdPeriph_Driver/src/stm32f10x_wwdg.c **** 
  45:../Libraries/STM32F10x_StdPeriph_Driver/src/stm32f10x_wwdg.c **** /**
  46:../Libraries/STM32F10x_StdPeriph_Driver/src/stm32f10x_wwdg.c ****   * @}
  47:../Libraries/STM32F10x_StdPeriph_Driver/src/stm32f10x_wwdg.c ****   */
  48:../Libraries/STM32F10x_StdPeriph_Driver/src/stm32f10x_wwdg.c **** 
  49:../Libraries/STM32F10x_StdPeriph_Driver/src/stm32f10x_wwdg.c **** /** @defgroup WWDG_Private_Defines
  50:../Libraries/STM32F10x_StdPeriph_Driver/src/stm32f10x_wwdg.c ****   * @{
  51:../Libraries/STM32F10x_StdPeriph_Driver/src/stm32f10x_wwdg.c ****   */
  52:../Libraries/STM32F10x_StdPeriph_Driver/src/stm32f10x_wwdg.c **** 
  53:../Libraries/STM32F10x_StdPeriph_Driver/src/stm32f10x_wwdg.c **** /* ----------- WWDG registers bit address in the alias region ----------- */
  54:../Libraries/STM32F10x_StdPeriph_Driver/src/stm32f10x_wwdg.c **** #define WWDG_OFFSET       (WWDG_BASE - PERIPH_BASE)
  55:../Libraries/STM32F10x_StdPeriph_Driver/src/stm32f10x_wwdg.c **** 
  56:../Libraries/STM32F10x_StdPeriph_Driver/src/stm32f10x_wwdg.c **** /* Alias word address of EWI bit */
  57:../Libraries/STM32F10x_StdPeriph_Driver/src/stm32f10x_wwdg.c **** #define CFR_OFFSET        (WWDG_OFFSET + 0x04)
  58:../Libraries/STM32F10x_StdPeriph_Driver/src/stm32f10x_wwdg.c **** #define EWI_BitNumber     0x09
  59:../Libraries/STM32F10x_StdPeriph_Driver/src/stm32f10x_wwdg.c **** #define CFR_EWI_BB        (PERIPH_BB_BASE + (CFR_OFFSET * 32) + (EWI_BitNumber * 4))
  60:../Libraries/STM32F10x_StdPeriph_Driver/src/stm32f10x_wwdg.c **** 
  61:../Libraries/STM32F10x_StdPeriph_Driver/src/stm32f10x_wwdg.c **** /* --------------------- WWDG registers bit mask ------------------------ */
  62:../Libraries/STM32F10x_StdPeriph_Driver/src/stm32f10x_wwdg.c **** 
  63:../Libraries/STM32F10x_StdPeriph_Driver/src/stm32f10x_wwdg.c **** /* CR register bit mask */
  64:../Libraries/STM32F10x_StdPeriph_Driver/src/stm32f10x_wwdg.c **** #define CR_WDGA_Set       ((uint32_t)0x00000080)
  65:../Libraries/STM32F10x_StdPeriph_Driver/src/stm32f10x_wwdg.c **** 
  66:../Libraries/STM32F10x_StdPeriph_Driver/src/stm32f10x_wwdg.c **** /* CFR register bit mask */
  67:../Libraries/STM32F10x_StdPeriph_Driver/src/stm32f10x_wwdg.c **** #define CFR_WDGTB_Mask    ((uint32_t)0xFFFFFE7F)
  68:../Libraries/STM32F10x_StdPeriph_Driver/src/stm32f10x_wwdg.c **** #define CFR_W_Mask        ((uint32_t)0xFFFFFF80)
  69:../Libraries/STM32F10x_StdPeriph_Driver/src/stm32f10x_wwdg.c **** #define BIT_Mask          ((uint8_t)0x7F)
  70:../Libraries/STM32F10x_StdPeriph_Driver/src/stm32f10x_wwdg.c **** 
  71:../Libraries/STM32F10x_StdPeriph_Driver/src/stm32f10x_wwdg.c **** /**
  72:../Libraries/STM32F10x_StdPeriph_Driver/src/stm32f10x_wwdg.c ****   * @}
  73:../Libraries/STM32F10x_StdPeriph_Driver/src/stm32f10x_wwdg.c ****   */
  74:../Libraries/STM32F10x_StdPeriph_Driver/src/stm32f10x_wwdg.c **** 
  75:../Libraries/STM32F10x_StdPeriph_Driver/src/stm32f10x_wwdg.c **** /** @defgroup WWDG_Private_Macros
  76:../Libraries/STM32F10x_StdPeriph_Driver/src/stm32f10x_wwdg.c ****   * @{
  77:../Libraries/STM32F10x_StdPeriph_Driver/src/stm32f10x_wwdg.c ****   */
  78:../Libraries/STM32F10x_StdPeriph_Driver/src/stm32f10x_wwdg.c **** 
  79:../Libraries/STM32F10x_StdPeriph_Driver/src/stm32f10x_wwdg.c **** /**
  80:../Libraries/STM32F10x_StdPeriph_Driver/src/stm32f10x_wwdg.c ****   * @}
  81:../Libraries/STM32F10x_StdPeriph_Driver/src/stm32f10x_wwdg.c ****   */
  82:../Libraries/STM32F10x_StdPeriph_Driver/src/stm32f10x_wwdg.c **** 
  83:../Libraries/STM32F10x_StdPeriph_Driver/src/stm32f10x_wwdg.c **** /** @defgroup WWDG_Private_Variables
  84:../Libraries/STM32F10x_StdPeriph_Driver/src/stm32f10x_wwdg.c ****   * @{
  85:../Libraries/STM32F10x_StdPeriph_Driver/src/stm32f10x_wwdg.c ****   */
  86:../Libraries/STM32F10x_StdPeriph_Driver/src/stm32f10x_wwdg.c **** 
  87:../Libraries/STM32F10x_StdPeriph_Driver/src/stm32f10x_wwdg.c **** /**
  88:../Libraries/STM32F10x_StdPeriph_Driver/src/stm32f10x_wwdg.c ****   * @}
  89:../Libraries/STM32F10x_StdPeriph_Driver/src/stm32f10x_wwdg.c ****   */
  90:../Libraries/STM32F10x_StdPeriph_Driver/src/stm32f10x_wwdg.c **** 
  91:../Libraries/STM32F10x_StdPeriph_Driver/src/stm32f10x_wwdg.c **** /** @defgroup WWDG_Private_FunctionPrototypes
  92:../Libraries/STM32F10x_StdPeriph_Driver/src/stm32f10x_wwdg.c ****   * @{
  93:../Libraries/STM32F10x_StdPeriph_Driver/src/stm32f10x_wwdg.c ****   */
  94:../Libraries/STM32F10x_StdPeriph_Driver/src/stm32f10x_wwdg.c **** 
  95:../Libraries/STM32F10x_StdPeriph_Driver/src/stm32f10x_wwdg.c **** /**
  96:../Libraries/STM32F10x_StdPeriph_Driver/src/stm32f10x_wwdg.c ****   * @}
  97:../Libraries/STM32F10x_StdPeriph_Driver/src/stm32f10x_wwdg.c ****   */
  98:../Libraries/STM32F10x_StdPeriph_Driver/src/stm32f10x_wwdg.c **** 
  99:../Libraries/STM32F10x_StdPeriph_Driver/src/stm32f10x_wwdg.c **** /** @defgroup WWDG_Private_Functions
 100:../Libraries/STM32F10x_StdPeriph_Driver/src/stm32f10x_wwdg.c ****   * @{
 101:../Libraries/STM32F10x_StdPeriph_Driver/src/stm32f10x_wwdg.c ****   */
 102:../Libraries/STM32F10x_StdPeriph_Driver/src/stm32f10x_wwdg.c **** 
 103:../Libraries/STM32F10x_StdPeriph_Driver/src/stm32f10x_wwdg.c **** /**
 104:../Libraries/STM32F10x_StdPeriph_Driver/src/stm32f10x_wwdg.c ****   * @brief  Deinitializes the WWDG peripheral registers to their default reset values.
 105:../Libraries/STM32F10x_StdPeriph_Driver/src/stm32f10x_wwdg.c ****   * @param  None
 106:../Libraries/STM32F10x_StdPeriph_Driver/src/stm32f10x_wwdg.c ****   * @retval None
 107:../Libraries/STM32F10x_StdPeriph_Driver/src/stm32f10x_wwdg.c ****   */
 108:../Libraries/STM32F10x_StdPeriph_Driver/src/stm32f10x_wwdg.c **** void WWDG_DeInit(void)
 109:../Libraries/STM32F10x_StdPeriph_Driver/src/stm32f10x_wwdg.c **** {
  26              		.loc 1 109 0
  27              		.cfi_startproc
  28              		@ args = 0, pretend = 0, frame = 0
  29              		@ frame_needed = 1, uses_anonymous_args = 0
  30 0000 80B5     		push	{r7, lr}
  31              	.LCFI0:
  32              		.cfi_def_cfa_offset 8
  33              		.cfi_offset 7, -8
  34              		.cfi_offset 14, -4
  35 0002 00AF     		add	r7, sp, #0
  36              	.LCFI1:
  37              		.cfi_def_cfa_register 7
 110:../Libraries/STM32F10x_StdPeriph_Driver/src/stm32f10x_wwdg.c ****   RCC_APB1PeriphResetCmd(RCC_APB1Periph_WWDG, ENABLE);
  38              		.loc 1 110 0
  39 0004 4FF40060 		mov	r0, #2048
  40 0008 4FF00101 		mov	r1, #1
  41 000c FFF7FEFF 		bl	RCC_APB1PeriphResetCmd
 111:../Libraries/STM32F10x_StdPeriph_Driver/src/stm32f10x_wwdg.c ****   RCC_APB1PeriphResetCmd(RCC_APB1Periph_WWDG, DISABLE);
  42              		.loc 1 111 0
  43 0010 4FF40060 		mov	r0, #2048
  44 0014 4FF00001 		mov	r1, #0
  45 0018 FFF7FEFF 		bl	RCC_APB1PeriphResetCmd
 112:../Libraries/STM32F10x_StdPeriph_Driver/src/stm32f10x_wwdg.c **** }
  46              		.loc 1 112 0
  47 001c 80BD     		pop	{r7, pc}
  48              		.cfi_endproc
  49              	.LFE55:
  51 001e 00BF     		.align	2
  52              		.global	WWDG_SetPrescaler
  53              		.thumb
  54              		.thumb_func
  56              	WWDG_SetPrescaler:
  57              	.LFB56:
 113:../Libraries/STM32F10x_StdPeriph_Driver/src/stm32f10x_wwdg.c **** 
 114:../Libraries/STM32F10x_StdPeriph_Driver/src/stm32f10x_wwdg.c **** /**
 115:../Libraries/STM32F10x_StdPeriph_Driver/src/stm32f10x_wwdg.c ****   * @brief  Sets the WWDG Prescaler.
 116:../Libraries/STM32F10x_StdPeriph_Driver/src/stm32f10x_wwdg.c ****   * @param  WWDG_Prescaler: specifies the WWDG Prescaler.
 117:../Libraries/STM32F10x_StdPeriph_Driver/src/stm32f10x_wwdg.c ****   *   This parameter can be one of the following values:
 118:../Libraries/STM32F10x_StdPeriph_Driver/src/stm32f10x_wwdg.c ****   *     @arg WWDG_Prescaler_1: WWDG counter clock = (PCLK1/4096)/1
 119:../Libraries/STM32F10x_StdPeriph_Driver/src/stm32f10x_wwdg.c ****   *     @arg WWDG_Prescaler_2: WWDG counter clock = (PCLK1/4096)/2
 120:../Libraries/STM32F10x_StdPeriph_Driver/src/stm32f10x_wwdg.c ****   *     @arg WWDG_Prescaler_4: WWDG counter clock = (PCLK1/4096)/4
 121:../Libraries/STM32F10x_StdPeriph_Driver/src/stm32f10x_wwdg.c ****   *     @arg WWDG_Prescaler_8: WWDG counter clock = (PCLK1/4096)/8
 122:../Libraries/STM32F10x_StdPeriph_Driver/src/stm32f10x_wwdg.c ****   * @retval None
 123:../Libraries/STM32F10x_StdPeriph_Driver/src/stm32f10x_wwdg.c ****   */
 124:../Libraries/STM32F10x_StdPeriph_Driver/src/stm32f10x_wwdg.c **** void WWDG_SetPrescaler(uint32_t WWDG_Prescaler)
 125:../Libraries/STM32F10x_StdPeriph_Driver/src/stm32f10x_wwdg.c **** {
  58              		.loc 1 125 0
  59              		.cfi_startproc
  60              		@ args = 0, pretend = 0, frame = 16
  61              		@ frame_needed = 1, uses_anonymous_args = 0
  62              		@ link register save eliminated.
  63 0020 80B4     		push	{r7}
  64              	.LCFI2:
  65              		.cfi_def_cfa_offset 4
  66              		.cfi_offset 7, -4
  67 0022 85B0     		sub	sp, sp, #20
  68              	.LCFI3:
  69              		.cfi_def_cfa_offset 24
  70 0024 00AF     		add	r7, sp, #0
  71              	.LCFI4:
  72              		.cfi_def_cfa_register 7
  73 0026 7860     		str	r0, [r7, #4]
 126:../Libraries/STM32F10x_StdPeriph_Driver/src/stm32f10x_wwdg.c ****   uint32_t tmpreg = 0;
  74              		.loc 1 126 0
  75 0028 4FF00003 		mov	r3, #0
  76 002c FB60     		str	r3, [r7, #12]
 127:../Libraries/STM32F10x_StdPeriph_Driver/src/stm32f10x_wwdg.c ****   /* Check the parameters */
 128:../Libraries/STM32F10x_StdPeriph_Driver/src/stm32f10x_wwdg.c ****   assert_param(IS_WWDG_PRESCALER(WWDG_Prescaler));
 129:../Libraries/STM32F10x_StdPeriph_Driver/src/stm32f10x_wwdg.c ****   /* Clear WDGTB[1:0] bits */
 130:../Libraries/STM32F10x_StdPeriph_Driver/src/stm32f10x_wwdg.c ****   tmpreg = WWDG->CFR & CFR_WDGTB_Mask;
  77              		.loc 1 130 0
  78 002e 084B     		ldr	r3, .L3
  79 0030 5B68     		ldr	r3, [r3, #4]
  80 0032 23F4C073 		bic	r3, r3, #384
  81 0036 FB60     		str	r3, [r7, #12]
 131:../Libraries/STM32F10x_StdPeriph_Driver/src/stm32f10x_wwdg.c ****   /* Set WDGTB[1:0] bits according to WWDG_Prescaler value */
 132:../Libraries/STM32F10x_StdPeriph_Driver/src/stm32f10x_wwdg.c ****   tmpreg |= WWDG_Prescaler;
  82              		.loc 1 132 0
  83 0038 FA68     		ldr	r2, [r7, #12]
  84 003a 7B68     		ldr	r3, [r7, #4]
  85 003c 1343     		orrs	r3, r3, r2
  86 003e FB60     		str	r3, [r7, #12]
 133:../Libraries/STM32F10x_StdPeriph_Driver/src/stm32f10x_wwdg.c ****   /* Store the new value */
 134:../Libraries/STM32F10x_StdPeriph_Driver/src/stm32f10x_wwdg.c ****   WWDG->CFR = tmpreg;
  87              		.loc 1 134 0
  88 0040 034B     		ldr	r3, .L3
  89 0042 FA68     		ldr	r2, [r7, #12]
  90 0044 5A60     		str	r2, [r3, #4]
 135:../Libraries/STM32F10x_StdPeriph_Driver/src/stm32f10x_wwdg.c **** }
  91              		.loc 1 135 0
  92 0046 07F11407 		add	r7, r7, #20
  93 004a BD46     		mov	sp, r7
  94 004c 80BC     		pop	{r7}
  95 004e 7047     		bx	lr
  96              	.L4:
  97              		.align	2
  98              	.L3:
  99 0050 002C0040 		.word	1073753088
 100              		.cfi_endproc
 101              	.LFE56:
 103              		.align	2
 104              		.global	WWDG_SetWindowValue
 105              		.thumb
 106              		.thumb_func
 108              	WWDG_SetWindowValue:
 109              	.LFB57:
 136:../Libraries/STM32F10x_StdPeriph_Driver/src/stm32f10x_wwdg.c **** 
 137:../Libraries/STM32F10x_StdPeriph_Driver/src/stm32f10x_wwdg.c **** /**
 138:../Libraries/STM32F10x_StdPeriph_Driver/src/stm32f10x_wwdg.c ****   * @brief  Sets the WWDG window value.
 139:../Libraries/STM32F10x_StdPeriph_Driver/src/stm32f10x_wwdg.c ****   * @param  WindowValue: specifies the window value to be compared to the downcounter.
 140:../Libraries/STM32F10x_StdPeriph_Driver/src/stm32f10x_wwdg.c ****   *   This parameter value must be lower than 0x80.
 141:../Libraries/STM32F10x_StdPeriph_Driver/src/stm32f10x_wwdg.c ****   * @retval None
 142:../Libraries/STM32F10x_StdPeriph_Driver/src/stm32f10x_wwdg.c ****   */
 143:../Libraries/STM32F10x_StdPeriph_Driver/src/stm32f10x_wwdg.c **** void WWDG_SetWindowValue(uint8_t WindowValue)
 144:../Libraries/STM32F10x_StdPeriph_Driver/src/stm32f10x_wwdg.c **** {
 110              		.loc 1 144 0
 111              		.cfi_startproc
 112              		@ args = 0, pretend = 0, frame = 16
 113              		@ frame_needed = 1, uses_anonymous_args = 0
 114              		@ link register save eliminated.
 115 0054 80B4     		push	{r7}
 116              	.LCFI5:
 117              		.cfi_def_cfa_offset 4
 118              		.cfi_offset 7, -4
 119 0056 85B0     		sub	sp, sp, #20
 120              	.LCFI6:
 121              		.cfi_def_cfa_offset 24
 122 0058 00AF     		add	r7, sp, #0
 123              	.LCFI7:
 124              		.cfi_def_cfa_register 7
 125 005a 0346     		mov	r3, r0
 126 005c FB71     		strb	r3, [r7, #7]
 145:../Libraries/STM32F10x_StdPeriph_Driver/src/stm32f10x_wwdg.c ****   __IO uint32_t tmpreg = 0;
 127              		.loc 1 145 0
 128 005e 4FF00003 		mov	r3, #0
 129 0062 FB60     		str	r3, [r7, #12]
 146:../Libraries/STM32F10x_StdPeriph_Driver/src/stm32f10x_wwdg.c **** 
 147:../Libraries/STM32F10x_StdPeriph_Driver/src/stm32f10x_wwdg.c ****   /* Check the parameters */
 148:../Libraries/STM32F10x_StdPeriph_Driver/src/stm32f10x_wwdg.c ****   assert_param(IS_WWDG_WINDOW_VALUE(WindowValue));
 149:../Libraries/STM32F10x_StdPeriph_Driver/src/stm32f10x_wwdg.c ****   /* Clear W[6:0] bits */
 150:../Libraries/STM32F10x_StdPeriph_Driver/src/stm32f10x_wwdg.c **** 
 151:../Libraries/STM32F10x_StdPeriph_Driver/src/stm32f10x_wwdg.c ****   tmpreg = WWDG->CFR & CFR_W_Mask;
 130              		.loc 1 151 0
 131 0064 094B     		ldr	r3, .L6
 132 0066 5B68     		ldr	r3, [r3, #4]
 133 0068 23F07F03 		bic	r3, r3, #127
 134 006c FB60     		str	r3, [r7, #12]
 152:../Libraries/STM32F10x_StdPeriph_Driver/src/stm32f10x_wwdg.c **** 
 153:../Libraries/STM32F10x_StdPeriph_Driver/src/stm32f10x_wwdg.c ****   /* Set W[6:0] bits according to WindowValue value */
 154:../Libraries/STM32F10x_StdPeriph_Driver/src/stm32f10x_wwdg.c ****   tmpreg |= WindowValue & (uint32_t) BIT_Mask;
 135              		.loc 1 154 0
 136 006e FB79     		ldrb	r3, [r7, #7]	@ zero_extendqisi2
 137 0070 03F07F02 		and	r2, r3, #127
 138 0074 FB68     		ldr	r3, [r7, #12]
 139 0076 1343     		orrs	r3, r3, r2
 140 0078 FB60     		str	r3, [r7, #12]
 155:../Libraries/STM32F10x_StdPeriph_Driver/src/stm32f10x_wwdg.c **** 
 156:../Libraries/STM32F10x_StdPeriph_Driver/src/stm32f10x_wwdg.c ****   /* Store the new value */
 157:../Libraries/STM32F10x_StdPeriph_Driver/src/stm32f10x_wwdg.c ****   WWDG->CFR = tmpreg;
 141              		.loc 1 157 0
 142 007a 044B     		ldr	r3, .L6
 143 007c FA68     		ldr	r2, [r7, #12]
 144 007e 5A60     		str	r2, [r3, #4]
 158:../Libraries/STM32F10x_StdPeriph_Driver/src/stm32f10x_wwdg.c **** }
 145              		.loc 1 158 0
 146 0080 07F11407 		add	r7, r7, #20
 147 0084 BD46     		mov	sp, r7
 148 0086 80BC     		pop	{r7}
 149 0088 7047     		bx	lr
 150              	.L7:
 151 008a 00BF     		.align	2
 152              	.L6:
 153 008c 002C0040 		.word	1073753088
 154              		.cfi_endproc
 155              	.LFE57:
 157              		.align	2
 158              		.global	WWDG_EnableIT
 159              		.thumb
 160              		.thumb_func
 162              	WWDG_EnableIT:
 163              	.LFB58:
 159:../Libraries/STM32F10x_StdPeriph_Driver/src/stm32f10x_wwdg.c **** 
 160:../Libraries/STM32F10x_StdPeriph_Driver/src/stm32f10x_wwdg.c **** /**
 161:../Libraries/STM32F10x_StdPeriph_Driver/src/stm32f10x_wwdg.c ****   * @brief  Enables the WWDG Early Wakeup interrupt(EWI).
 162:../Libraries/STM32F10x_StdPeriph_Driver/src/stm32f10x_wwdg.c ****   * @param  None
 163:../Libraries/STM32F10x_StdPeriph_Driver/src/stm32f10x_wwdg.c ****   * @retval None
 164:../Libraries/STM32F10x_StdPeriph_Driver/src/stm32f10x_wwdg.c ****   */
 165:../Libraries/STM32F10x_StdPeriph_Driver/src/stm32f10x_wwdg.c **** void WWDG_EnableIT(void)
 166:../Libraries/STM32F10x_StdPeriph_Driver/src/stm32f10x_wwdg.c **** {
 164              		.loc 1 166 0
 165              		.cfi_startproc
 166              		@ args = 0, pretend = 0, frame = 0
 167              		@ frame_needed = 1, uses_anonymous_args = 0
 168              		@ link register save eliminated.
 169 0090 80B4     		push	{r7}
 170              	.LCFI8:
 171              		.cfi_def_cfa_offset 4
 172              		.cfi_offset 7, -4
 173 0092 00AF     		add	r7, sp, #0
 174              	.LCFI9:
 175              		.cfi_def_cfa_register 7
 167:../Libraries/STM32F10x_StdPeriph_Driver/src/stm32f10x_wwdg.c ****   *(__IO uint32_t *) CFR_EWI_BB = (uint32_t)ENABLE;
 176              		.loc 1 167 0
 177 0094 034B     		ldr	r3, .L9
 178 0096 4FF00102 		mov	r2, #1
 179 009a 1A60     		str	r2, [r3, #0]
 168:../Libraries/STM32F10x_StdPeriph_Driver/src/stm32f10x_wwdg.c **** }
 180              		.loc 1 168 0
 181 009c BD46     		mov	sp, r7
 182 009e 80BC     		pop	{r7}
 183 00a0 7047     		bx	lr
 184              	.L10:
 185 00a2 00BF     		.align	2
 186              	.L9:
 187 00a4 A4800542 		.word	1107656868
 188              		.cfi_endproc
 189              	.LFE58:
 191              		.align	2
 192              		.global	WWDG_SetCounter
 193              		.thumb
 194              		.thumb_func
 196              	WWDG_SetCounter:
 197              	.LFB59:
 169:../Libraries/STM32F10x_StdPeriph_Driver/src/stm32f10x_wwdg.c **** 
 170:../Libraries/STM32F10x_StdPeriph_Driver/src/stm32f10x_wwdg.c **** /**
 171:../Libraries/STM32F10x_StdPeriph_Driver/src/stm32f10x_wwdg.c ****   * @brief  Sets the WWDG counter value.
 172:../Libraries/STM32F10x_StdPeriph_Driver/src/stm32f10x_wwdg.c ****   * @param  Counter: specifies the watchdog counter value.
 173:../Libraries/STM32F10x_StdPeriph_Driver/src/stm32f10x_wwdg.c ****   *   This parameter must be a number between 0x40 and 0x7F.
 174:../Libraries/STM32F10x_StdPeriph_Driver/src/stm32f10x_wwdg.c ****   * @retval None
 175:../Libraries/STM32F10x_StdPeriph_Driver/src/stm32f10x_wwdg.c ****   */
 176:../Libraries/STM32F10x_StdPeriph_Driver/src/stm32f10x_wwdg.c **** void WWDG_SetCounter(uint8_t Counter)
 177:../Libraries/STM32F10x_StdPeriph_Driver/src/stm32f10x_wwdg.c **** {
 198              		.loc 1 177 0
 199              		.cfi_startproc
 200              		@ args = 0, pretend = 0, frame = 8
 201              		@ frame_needed = 1, uses_anonymous_args = 0
 202              		@ link register save eliminated.
 203 00a8 80B4     		push	{r7}
 204              	.LCFI10:
 205              		.cfi_def_cfa_offset 4
 206              		.cfi_offset 7, -4
 207 00aa 83B0     		sub	sp, sp, #12
 208              	.LCFI11:
 209              		.cfi_def_cfa_offset 16
 210 00ac 00AF     		add	r7, sp, #0
 211              	.LCFI12:
 212              		.cfi_def_cfa_register 7
 213 00ae 0346     		mov	r3, r0
 214 00b0 FB71     		strb	r3, [r7, #7]
 178:../Libraries/STM32F10x_StdPeriph_Driver/src/stm32f10x_wwdg.c ****   /* Check the parameters */
 179:../Libraries/STM32F10x_StdPeriph_Driver/src/stm32f10x_wwdg.c ****   assert_param(IS_WWDG_COUNTER(Counter));
 180:../Libraries/STM32F10x_StdPeriph_Driver/src/stm32f10x_wwdg.c ****   /* Write to T[6:0] bits to configure the counter value, no need to do
 181:../Libraries/STM32F10x_StdPeriph_Driver/src/stm32f10x_wwdg.c ****      a read-modify-write; writing a 0 to WDGA bit does nothing */
 182:../Libraries/STM32F10x_StdPeriph_Driver/src/stm32f10x_wwdg.c ****   WWDG->CR = Counter & BIT_Mask;
 215              		.loc 1 182 0
 216 00b2 054B     		ldr	r3, .L12
 217 00b4 FA79     		ldrb	r2, [r7, #7]	@ zero_extendqisi2
 218 00b6 02F07F02 		and	r2, r2, #127
 219 00ba 1A60     		str	r2, [r3, #0]
 183:../Libraries/STM32F10x_StdPeriph_Driver/src/stm32f10x_wwdg.c **** }
 220              		.loc 1 183 0
 221 00bc 07F10C07 		add	r7, r7, #12
 222 00c0 BD46     		mov	sp, r7
 223 00c2 80BC     		pop	{r7}
 224 00c4 7047     		bx	lr
 225              	.L13:
 226 00c6 00BF     		.align	2
 227              	.L12:
 228 00c8 002C0040 		.word	1073753088
 229              		.cfi_endproc
 230              	.LFE59:
 232              		.align	2
 233              		.global	WWDG_Enable
 234              		.thumb
 235              		.thumb_func
 237              	WWDG_Enable:
 238              	.LFB60:
 184:../Libraries/STM32F10x_StdPeriph_Driver/src/stm32f10x_wwdg.c **** 
 185:../Libraries/STM32F10x_StdPeriph_Driver/src/stm32f10x_wwdg.c **** /**
 186:../Libraries/STM32F10x_StdPeriph_Driver/src/stm32f10x_wwdg.c ****   * @brief  Enables WWDG and load the counter value.                  
 187:../Libraries/STM32F10x_StdPeriph_Driver/src/stm32f10x_wwdg.c ****   * @param  Counter: specifies the watchdog counter value.
 188:../Libraries/STM32F10x_StdPeriph_Driver/src/stm32f10x_wwdg.c ****   *   This parameter must be a number between 0x40 and 0x7F.
 189:../Libraries/STM32F10x_StdPeriph_Driver/src/stm32f10x_wwdg.c ****   * @retval None
 190:../Libraries/STM32F10x_StdPeriph_Driver/src/stm32f10x_wwdg.c ****   */
 191:../Libraries/STM32F10x_StdPeriph_Driver/src/stm32f10x_wwdg.c **** void WWDG_Enable(uint8_t Counter)
 192:../Libraries/STM32F10x_StdPeriph_Driver/src/stm32f10x_wwdg.c **** {
 239              		.loc 1 192 0
 240              		.cfi_startproc
 241              		@ args = 0, pretend = 0, frame = 8
 242              		@ frame_needed = 1, uses_anonymous_args = 0
 243              		@ link register save eliminated.
 244 00cc 80B4     		push	{r7}
 245              	.LCFI13:
 246              		.cfi_def_cfa_offset 4
 247              		.cfi_offset 7, -4
 248 00ce 83B0     		sub	sp, sp, #12
 249              	.LCFI14:
 250              		.cfi_def_cfa_offset 16
 251 00d0 00AF     		add	r7, sp, #0
 252              	.LCFI15:
 253              		.cfi_def_cfa_register 7
 254 00d2 0346     		mov	r3, r0
 255 00d4 FB71     		strb	r3, [r7, #7]
 193:../Libraries/STM32F10x_StdPeriph_Driver/src/stm32f10x_wwdg.c ****   /* Check the parameters */
 194:../Libraries/STM32F10x_StdPeriph_Driver/src/stm32f10x_wwdg.c ****   assert_param(IS_WWDG_COUNTER(Counter));
 195:../Libraries/STM32F10x_StdPeriph_Driver/src/stm32f10x_wwdg.c ****   WWDG->CR = CR_WDGA_Set | Counter;
 256              		.loc 1 195 0
 257 00d6 054B     		ldr	r3, .L15
 258 00d8 FA79     		ldrb	r2, [r7, #7]
 259 00da 62F07F02 		orn	r2, r2, #127
 260 00de D2B2     		uxtb	r2, r2
 261 00e0 1A60     		str	r2, [r3, #0]
 196:../Libraries/STM32F10x_StdPeriph_Driver/src/stm32f10x_wwdg.c **** }
 262              		.loc 1 196 0
 263 00e2 07F10C07 		add	r7, r7, #12
 264 00e6 BD46     		mov	sp, r7
 265 00e8 80BC     		pop	{r7}
 266 00ea 7047     		bx	lr
 267              	.L16:
 268              		.align	2
 269              	.L15:
 270 00ec 002C0040 		.word	1073753088
 271              		.cfi_endproc
 272              	.LFE60:
 274              		.align	2
 275              		.global	WWDG_GetFlagStatus
 276              		.thumb
 277              		.thumb_func
 279              	WWDG_GetFlagStatus:
 280              	.LFB61:
 197:../Libraries/STM32F10x_StdPeriph_Driver/src/stm32f10x_wwdg.c **** 
 198:../Libraries/STM32F10x_StdPeriph_Driver/src/stm32f10x_wwdg.c **** /**
 199:../Libraries/STM32F10x_StdPeriph_Driver/src/stm32f10x_wwdg.c ****   * @brief  Checks whether the Early Wakeup interrupt flag is set or not.
 200:../Libraries/STM32F10x_StdPeriph_Driver/src/stm32f10x_wwdg.c ****   * @param  None
 201:../Libraries/STM32F10x_StdPeriph_Driver/src/stm32f10x_wwdg.c ****   * @retval The new state of the Early Wakeup interrupt flag (SET or RESET)
 202:../Libraries/STM32F10x_StdPeriph_Driver/src/stm32f10x_wwdg.c ****   */
 203:../Libraries/STM32F10x_StdPeriph_Driver/src/stm32f10x_wwdg.c **** FlagStatus WWDG_GetFlagStatus(void)
 204:../Libraries/STM32F10x_StdPeriph_Driver/src/stm32f10x_wwdg.c **** {
 281              		.loc 1 204 0
 282              		.cfi_startproc
 283              		@ args = 0, pretend = 0, frame = 0
 284              		@ frame_needed = 1, uses_anonymous_args = 0
 285              		@ link register save eliminated.
 286 00f0 80B4     		push	{r7}
 287              	.LCFI16:
 288              		.cfi_def_cfa_offset 4
 289              		.cfi_offset 7, -4
 290 00f2 00AF     		add	r7, sp, #0
 291              	.LCFI17:
 292              		.cfi_def_cfa_register 7
 205:../Libraries/STM32F10x_StdPeriph_Driver/src/stm32f10x_wwdg.c ****   return (FlagStatus)(WWDG->SR);
 293              		.loc 1 205 0
 294 00f4 034B     		ldr	r3, .L19
 295 00f6 9B68     		ldr	r3, [r3, #8]
 296 00f8 DBB2     		uxtb	r3, r3
 206:../Libraries/STM32F10x_StdPeriph_Driver/src/stm32f10x_wwdg.c **** }
 297              		.loc 1 206 0
 298 00fa 1846     		mov	r0, r3
 299 00fc BD46     		mov	sp, r7
 300 00fe 80BC     		pop	{r7}
 301 0100 7047     		bx	lr
 302              	.L20:
 303 0102 00BF     		.align	2
 304              	.L19:
 305 0104 002C0040 		.word	1073753088
 306              		.cfi_endproc
 307              	.LFE61:
 309              		.align	2
 310              		.global	WWDG_ClearFlag
 311              		.thumb
 312              		.thumb_func
 314              	WWDG_ClearFlag:
 315              	.LFB62:
 207:../Libraries/STM32F10x_StdPeriph_Driver/src/stm32f10x_wwdg.c **** 
 208:../Libraries/STM32F10x_StdPeriph_Driver/src/stm32f10x_wwdg.c **** /**
 209:../Libraries/STM32F10x_StdPeriph_Driver/src/stm32f10x_wwdg.c ****   * @brief  Clears Early Wakeup interrupt flag.
 210:../Libraries/STM32F10x_StdPeriph_Driver/src/stm32f10x_wwdg.c ****   * @param  None
 211:../Libraries/STM32F10x_StdPeriph_Driver/src/stm32f10x_wwdg.c ****   * @retval None
 212:../Libraries/STM32F10x_StdPeriph_Driver/src/stm32f10x_wwdg.c ****   */
 213:../Libraries/STM32F10x_StdPeriph_Driver/src/stm32f10x_wwdg.c **** void WWDG_ClearFlag(void)
 214:../Libraries/STM32F10x_StdPeriph_Driver/src/stm32f10x_wwdg.c **** {
 316              		.loc 1 214 0
 317              		.cfi_startproc
 318              		@ args = 0, pretend = 0, frame = 0
 319              		@ frame_needed = 1, uses_anonymous_args = 0
 320              		@ link register save eliminated.
 321 0108 80B4     		push	{r7}
 322              	.LCFI18:
 323              		.cfi_def_cfa_offset 4
 324              		.cfi_offset 7, -4
 325 010a 00AF     		add	r7, sp, #0
 326              	.LCFI19:
 327              		.cfi_def_cfa_register 7
 215:../Libraries/STM32F10x_StdPeriph_Driver/src/stm32f10x_wwdg.c ****   WWDG->SR = (uint32_t)RESET;
 328              		.loc 1 215 0
 329 010c 034B     		ldr	r3, .L22
 330 010e 4FF00002 		mov	r2, #0
 331 0112 9A60     		str	r2, [r3, #8]
 216:../Libraries/STM32F10x_StdPeriph_Driver/src/stm32f10x_wwdg.c **** }
 332              		.loc 1 216 0
 333 0114 BD46     		mov	sp, r7
 334 0116 80BC     		pop	{r7}
 335 0118 7047     		bx	lr
 336              	.L23:
 337 011a 00BF     		.align	2
 338              	.L22:
 339 011c 002C0040 		.word	1073753088
 340              		.cfi_endproc
 341              	.LFE62:
 343              	.Letext0:
 344              		.file 2 "c:\\program files (x86)\\codesourcery\\sourcery_codebench_lite_for_arm_eabi\\bin\\../lib/
 345              		.file 3 "D:\\EclipseIndigo\\workspace\\xelo\\src/stm32f10x.h"
 346              		.file 4 "D:\\EclipseIndigo\\workspace\\xelo\\Libraries\\CMSIS\\Include/core_cm3.h"
DEFINED SYMBOLS
                            *ABS*:00000000 stm32f10x_wwdg.c
C:\Users\THANGN~1\AppData\Local\Temp\cc7Dh7gP.s:18     .text:00000000 $t
C:\Users\THANGN~1\AppData\Local\Temp\cc7Dh7gP.s:23     .text:00000000 WWDG_DeInit
C:\Users\THANGN~1\AppData\Local\Temp\cc7Dh7gP.s:56     .text:00000020 WWDG_SetPrescaler
C:\Users\THANGN~1\AppData\Local\Temp\cc7Dh7gP.s:99     .text:00000050 $d
C:\Users\THANGN~1\AppData\Local\Temp\cc7Dh7gP.s:103    .text:00000054 $t
C:\Users\THANGN~1\AppData\Local\Temp\cc7Dh7gP.s:108    .text:00000054 WWDG_SetWindowValue
C:\Users\THANGN~1\AppData\Local\Temp\cc7Dh7gP.s:153    .text:0000008c $d
C:\Users\THANGN~1\AppData\Local\Temp\cc7Dh7gP.s:157    .text:00000090 $t
C:\Users\THANGN~1\AppData\Local\Temp\cc7Dh7gP.s:162    .text:00000090 WWDG_EnableIT
C:\Users\THANGN~1\AppData\Local\Temp\cc7Dh7gP.s:187    .text:000000a4 $d
C:\Users\THANGN~1\AppData\Local\Temp\cc7Dh7gP.s:191    .text:000000a8 $t
C:\Users\THANGN~1\AppData\Local\Temp\cc7Dh7gP.s:196    .text:000000a8 WWDG_SetCounter
C:\Users\THANGN~1\AppData\Local\Temp\cc7Dh7gP.s:228    .text:000000c8 $d
C:\Users\THANGN~1\AppData\Local\Temp\cc7Dh7gP.s:232    .text:000000cc $t
C:\Users\THANGN~1\AppData\Local\Temp\cc7Dh7gP.s:237    .text:000000cc WWDG_Enable
C:\Users\THANGN~1\AppData\Local\Temp\cc7Dh7gP.s:270    .text:000000ec $d
C:\Users\THANGN~1\AppData\Local\Temp\cc7Dh7gP.s:274    .text:000000f0 $t
C:\Users\THANGN~1\AppData\Local\Temp\cc7Dh7gP.s:279    .text:000000f0 WWDG_GetFlagStatus
C:\Users\THANGN~1\AppData\Local\Temp\cc7Dh7gP.s:305    .text:00000104 $d
C:\Users\THANGN~1\AppData\Local\Temp\cc7Dh7gP.s:309    .text:00000108 $t
C:\Users\THANGN~1\AppData\Local\Temp\cc7Dh7gP.s:314    .text:00000108 WWDG_ClearFlag
C:\Users\THANGN~1\AppData\Local\Temp\cc7Dh7gP.s:339    .text:0000011c $d
                     .debug_frame:00000010 $d
                           .group:00000000 wm4.1.6e5f3786b89b666b3dcc7c4c84d9d480
                           .group:00000000 wm4.stm32f10x.h.57.69ab29c83f735418a543aa508b559235
                           .group:00000000 wm4.core_cm3.h.32.49180ccb4d36cabd2d7016d2a51d91ae
                           .group:00000000 wm4.stdint.h.10.90b695f550ca6cc3fb08fa83baf01e05
                           .group:00000000 wm4.core_cmInstr.h.25.f50f886f2edf670cf199b35fd96f5c91
                           .group:00000000 wm4.core_cm3.h.130.36d879c1aefb6e578e399a5de749a503
                           .group:00000000 wm4.stm32f10x.h.532.b2b0c08e77686a45dbc3252d064cb2e1
                           .group:00000000 wm4.stm32f10x_adc.h.89.9f2b285fa0070185d48a05b61a05798c
                           .group:00000000 wm4.stm32f10x_bkp.h.31.74a586c036c8ee5d9205c6728cc8d6ab
                           .group:00000000 wm4.stm32f10x_can.h.31.b14273b95de79d8fbb020ba042473fb1
                           .group:00000000 wm4.stm32f10x_cec.h.31.29c77e36bfe4567e85f26cdcc60def64
                           .group:00000000 wm4.stm32f10x_dac.h.31.116c27cadc3b4ee8aa44ed11b14b64ae
                           .group:00000000 wm4.stm32f10x_dbgmcu.h.31.45f176e9b7a15051b8c69cb2700c78b8
                           .group:00000000 wm4.stm32f10x_dma.h.31.ef16218235edc52b414c0353f44b4bf0
                           .group:00000000 wm4.stm32f10x_exti.h.31.b25bcb4f1a2daad39d2d7dfa4e901646
                           .group:00000000 wm4.stm32f10x_flash.h.31.0203bc95b65c5396b67991e07a675efb
                           .group:00000000 wm4.stm32f10x_fsmc.h.31.a761d459aa046c2769a99b93e8763ba0
                           .group:00000000 wm4.stm32f10x_gpio.h.31.0a32659dbac1fc1055c7cbdc248963be
                           .group:00000000 wm4.stm32f10x_i2c.h.31.93d7dc2d477856f119d957730d4c6f1c
                           .group:00000000 wm4.stm32f10x_iwdg.h.31.959ae9b7e1d603f1e5ae6468c0fc1624
                           .group:00000000 wm4.stm32f10x_pwr.h.31.9168b6921e0cf03b467c7ed90861c701
                           .group:00000000 wm4.stm32f10x_rcc.h.31.2ee3219a25ef4ced658f2fe9d8cd94aa
                           .group:00000000 wm4.stm32f10x_rtc.h.31.00ba78fc0dbb06b6e6783a1e7fccf5a0
                           .group:00000000 wm4.stm32f10x_sdio.h.31.37dab89d08b2364a3dfaace444dec7c3
                           .group:00000000 wm4.stm32f10x_spi.h.31.d2f6e4626887cabe8c98f3a185590a36
                           .group:00000000 wm4.stm32f10x_tim.h.31.6c06f7f26e0864f9cd59597f46ca2c7c
                           .group:00000000 wm4.stm32f10x_usart.h.31.28d75d6af05cefbbfa00cf30a7c8a335
                           .group:00000000 wm4.misc.h.31.a89fba2040036f6f8c835a78a213e0cd
                           .group:00000000 wm4.stm32f10x.h.8356.9fd2fa84655112ac7dfc5c88beeb383d
                           .group:00000000 wm4.stm32f10x_wwdg.h.64.4480aa958b9493a76a905c7ef19a2bd4

UNDEFINED SYMBOLS
RCC_APB1PeriphResetCmd
