   1              		.syntax unified
   2              		.cpu cortex-m3
   3              		.fpu softvfp
   4              		.eabi_attribute 20, 1
   5              		.eabi_attribute 21, 1
   6              		.eabi_attribute 23, 3
   7              		.eabi_attribute 24, 1
   8              		.eabi_attribute 25, 1
   9              		.eabi_attribute 26, 1
  10              		.eabi_attribute 30, 6
  11              		.eabi_attribute 34, 1
  12              		.eabi_attribute 18, 4
  13              		.thumb
  14              		.file	"stm32f10x_dbgmcu.c"
  15              		.text
  16              	.Ltext0:
  17              		.cfi_sections	.debug_frame
  18              		.align	2
  19              		.global	DBGMCU_GetREVID
  20              		.thumb
  21              		.thumb_func
  23              	DBGMCU_GetREVID:
  24              	.LFB55:
  25              		.file 1 "../Libraries/STM32F10x_StdPeriph_Driver/src/stm32f10x_dbgmcu.c"
   1:../Libraries/STM32F10x_StdPeriph_Driver/src/stm32f10x_dbgmcu.c **** /**
   2:../Libraries/STM32F10x_StdPeriph_Driver/src/stm32f10x_dbgmcu.c ****   ******************************************************************************
   3:../Libraries/STM32F10x_StdPeriph_Driver/src/stm32f10x_dbgmcu.c ****   * @file    stm32f10x_dbgmcu.c
   4:../Libraries/STM32F10x_StdPeriph_Driver/src/stm32f10x_dbgmcu.c ****   * @author  MCD Application Team
   5:../Libraries/STM32F10x_StdPeriph_Driver/src/stm32f10x_dbgmcu.c ****   * @version V3.6.1
   6:../Libraries/STM32F10x_StdPeriph_Driver/src/stm32f10x_dbgmcu.c ****   * @date    05-March-2012
   7:../Libraries/STM32F10x_StdPeriph_Driver/src/stm32f10x_dbgmcu.c ****   * @brief   This file provides all the DBGMCU firmware functions.
   8:../Libraries/STM32F10x_StdPeriph_Driver/src/stm32f10x_dbgmcu.c ****   ******************************************************************************
   9:../Libraries/STM32F10x_StdPeriph_Driver/src/stm32f10x_dbgmcu.c ****   * @attention
  10:../Libraries/STM32F10x_StdPeriph_Driver/src/stm32f10x_dbgmcu.c ****   *
  11:../Libraries/STM32F10x_StdPeriph_Driver/src/stm32f10x_dbgmcu.c ****   * <h2><center>&copy; COPYRIGHT 2012 STMicroelectronics</center></h2>
  12:../Libraries/STM32F10x_StdPeriph_Driver/src/stm32f10x_dbgmcu.c ****   *
  13:../Libraries/STM32F10x_StdPeriph_Driver/src/stm32f10x_dbgmcu.c ****   * Licensed under MCD-ST Liberty SW License Agreement V2, (the "License");
  14:../Libraries/STM32F10x_StdPeriph_Driver/src/stm32f10x_dbgmcu.c ****   * You may not use this file except in compliance with the License.
  15:../Libraries/STM32F10x_StdPeriph_Driver/src/stm32f10x_dbgmcu.c ****   * You may obtain a copy of the License at:
  16:../Libraries/STM32F10x_StdPeriph_Driver/src/stm32f10x_dbgmcu.c ****   *
  17:../Libraries/STM32F10x_StdPeriph_Driver/src/stm32f10x_dbgmcu.c ****   *        http://www.st.com/software_license_agreement_liberty_v2
  18:../Libraries/STM32F10x_StdPeriph_Driver/src/stm32f10x_dbgmcu.c ****   *
  19:../Libraries/STM32F10x_StdPeriph_Driver/src/stm32f10x_dbgmcu.c ****   * Unless required by applicable law or agreed to in writing, software 
  20:../Libraries/STM32F10x_StdPeriph_Driver/src/stm32f10x_dbgmcu.c ****   * distributed under the License is distributed on an "AS IS" BASIS, 
  21:../Libraries/STM32F10x_StdPeriph_Driver/src/stm32f10x_dbgmcu.c ****   * WITHOUT WARRANTIES OR CONDITIONS OF ANY KIND, either express or implied.
  22:../Libraries/STM32F10x_StdPeriph_Driver/src/stm32f10x_dbgmcu.c ****   * See the License for the specific language governing permissions and
  23:../Libraries/STM32F10x_StdPeriph_Driver/src/stm32f10x_dbgmcu.c ****   * limitations under the License.
  24:../Libraries/STM32F10x_StdPeriph_Driver/src/stm32f10x_dbgmcu.c ****   *
  25:../Libraries/STM32F10x_StdPeriph_Driver/src/stm32f10x_dbgmcu.c ****   ******************************************************************************
  26:../Libraries/STM32F10x_StdPeriph_Driver/src/stm32f10x_dbgmcu.c ****   */
  27:../Libraries/STM32F10x_StdPeriph_Driver/src/stm32f10x_dbgmcu.c **** 
  28:../Libraries/STM32F10x_StdPeriph_Driver/src/stm32f10x_dbgmcu.c **** /* Includes ------------------------------------------------------------------*/
  29:../Libraries/STM32F10x_StdPeriph_Driver/src/stm32f10x_dbgmcu.c **** #include "stm32f10x_dbgmcu.h"
  30:../Libraries/STM32F10x_StdPeriph_Driver/src/stm32f10x_dbgmcu.c **** 
  31:../Libraries/STM32F10x_StdPeriph_Driver/src/stm32f10x_dbgmcu.c **** /** @addtogroup STM32F10x_StdPeriph_Driver
  32:../Libraries/STM32F10x_StdPeriph_Driver/src/stm32f10x_dbgmcu.c ****   * @{
  33:../Libraries/STM32F10x_StdPeriph_Driver/src/stm32f10x_dbgmcu.c ****   */
  34:../Libraries/STM32F10x_StdPeriph_Driver/src/stm32f10x_dbgmcu.c **** 
  35:../Libraries/STM32F10x_StdPeriph_Driver/src/stm32f10x_dbgmcu.c **** /** @defgroup DBGMCU 
  36:../Libraries/STM32F10x_StdPeriph_Driver/src/stm32f10x_dbgmcu.c ****   * @brief DBGMCU driver modules
  37:../Libraries/STM32F10x_StdPeriph_Driver/src/stm32f10x_dbgmcu.c ****   * @{
  38:../Libraries/STM32F10x_StdPeriph_Driver/src/stm32f10x_dbgmcu.c ****   */ 
  39:../Libraries/STM32F10x_StdPeriph_Driver/src/stm32f10x_dbgmcu.c **** 
  40:../Libraries/STM32F10x_StdPeriph_Driver/src/stm32f10x_dbgmcu.c **** /** @defgroup DBGMCU_Private_TypesDefinitions
  41:../Libraries/STM32F10x_StdPeriph_Driver/src/stm32f10x_dbgmcu.c ****   * @{
  42:../Libraries/STM32F10x_StdPeriph_Driver/src/stm32f10x_dbgmcu.c ****   */
  43:../Libraries/STM32F10x_StdPeriph_Driver/src/stm32f10x_dbgmcu.c **** 
  44:../Libraries/STM32F10x_StdPeriph_Driver/src/stm32f10x_dbgmcu.c **** /**
  45:../Libraries/STM32F10x_StdPeriph_Driver/src/stm32f10x_dbgmcu.c ****   * @}
  46:../Libraries/STM32F10x_StdPeriph_Driver/src/stm32f10x_dbgmcu.c ****   */
  47:../Libraries/STM32F10x_StdPeriph_Driver/src/stm32f10x_dbgmcu.c **** 
  48:../Libraries/STM32F10x_StdPeriph_Driver/src/stm32f10x_dbgmcu.c **** /** @defgroup DBGMCU_Private_Defines
  49:../Libraries/STM32F10x_StdPeriph_Driver/src/stm32f10x_dbgmcu.c ****   * @{
  50:../Libraries/STM32F10x_StdPeriph_Driver/src/stm32f10x_dbgmcu.c ****   */
  51:../Libraries/STM32F10x_StdPeriph_Driver/src/stm32f10x_dbgmcu.c **** 
  52:../Libraries/STM32F10x_StdPeriph_Driver/src/stm32f10x_dbgmcu.c **** #define IDCODE_DEVID_MASK    ((uint32_t)0x00000FFF)
  53:../Libraries/STM32F10x_StdPeriph_Driver/src/stm32f10x_dbgmcu.c **** /**
  54:../Libraries/STM32F10x_StdPeriph_Driver/src/stm32f10x_dbgmcu.c ****   * @}
  55:../Libraries/STM32F10x_StdPeriph_Driver/src/stm32f10x_dbgmcu.c ****   */
  56:../Libraries/STM32F10x_StdPeriph_Driver/src/stm32f10x_dbgmcu.c **** 
  57:../Libraries/STM32F10x_StdPeriph_Driver/src/stm32f10x_dbgmcu.c **** /** @defgroup DBGMCU_Private_Macros
  58:../Libraries/STM32F10x_StdPeriph_Driver/src/stm32f10x_dbgmcu.c ****   * @{
  59:../Libraries/STM32F10x_StdPeriph_Driver/src/stm32f10x_dbgmcu.c ****   */
  60:../Libraries/STM32F10x_StdPeriph_Driver/src/stm32f10x_dbgmcu.c **** 
  61:../Libraries/STM32F10x_StdPeriph_Driver/src/stm32f10x_dbgmcu.c **** /**
  62:../Libraries/STM32F10x_StdPeriph_Driver/src/stm32f10x_dbgmcu.c ****   * @}
  63:../Libraries/STM32F10x_StdPeriph_Driver/src/stm32f10x_dbgmcu.c ****   */
  64:../Libraries/STM32F10x_StdPeriph_Driver/src/stm32f10x_dbgmcu.c **** 
  65:../Libraries/STM32F10x_StdPeriph_Driver/src/stm32f10x_dbgmcu.c **** /** @defgroup DBGMCU_Private_Variables
  66:../Libraries/STM32F10x_StdPeriph_Driver/src/stm32f10x_dbgmcu.c ****   * @{
  67:../Libraries/STM32F10x_StdPeriph_Driver/src/stm32f10x_dbgmcu.c ****   */
  68:../Libraries/STM32F10x_StdPeriph_Driver/src/stm32f10x_dbgmcu.c **** 
  69:../Libraries/STM32F10x_StdPeriph_Driver/src/stm32f10x_dbgmcu.c **** /**
  70:../Libraries/STM32F10x_StdPeriph_Driver/src/stm32f10x_dbgmcu.c ****   * @}
  71:../Libraries/STM32F10x_StdPeriph_Driver/src/stm32f10x_dbgmcu.c ****   */
  72:../Libraries/STM32F10x_StdPeriph_Driver/src/stm32f10x_dbgmcu.c **** 
  73:../Libraries/STM32F10x_StdPeriph_Driver/src/stm32f10x_dbgmcu.c **** /** @defgroup DBGMCU_Private_FunctionPrototypes
  74:../Libraries/STM32F10x_StdPeriph_Driver/src/stm32f10x_dbgmcu.c ****   * @{
  75:../Libraries/STM32F10x_StdPeriph_Driver/src/stm32f10x_dbgmcu.c ****   */
  76:../Libraries/STM32F10x_StdPeriph_Driver/src/stm32f10x_dbgmcu.c **** 
  77:../Libraries/STM32F10x_StdPeriph_Driver/src/stm32f10x_dbgmcu.c **** /**
  78:../Libraries/STM32F10x_StdPeriph_Driver/src/stm32f10x_dbgmcu.c ****   * @}
  79:../Libraries/STM32F10x_StdPeriph_Driver/src/stm32f10x_dbgmcu.c ****   */
  80:../Libraries/STM32F10x_StdPeriph_Driver/src/stm32f10x_dbgmcu.c **** 
  81:../Libraries/STM32F10x_StdPeriph_Driver/src/stm32f10x_dbgmcu.c **** /** @defgroup DBGMCU_Private_Functions
  82:../Libraries/STM32F10x_StdPeriph_Driver/src/stm32f10x_dbgmcu.c ****   * @{
  83:../Libraries/STM32F10x_StdPeriph_Driver/src/stm32f10x_dbgmcu.c ****   */
  84:../Libraries/STM32F10x_StdPeriph_Driver/src/stm32f10x_dbgmcu.c **** 
  85:../Libraries/STM32F10x_StdPeriph_Driver/src/stm32f10x_dbgmcu.c **** /**
  86:../Libraries/STM32F10x_StdPeriph_Driver/src/stm32f10x_dbgmcu.c ****   * @brief  Returns the device revision identifier.
  87:../Libraries/STM32F10x_StdPeriph_Driver/src/stm32f10x_dbgmcu.c ****   * @param  None
  88:../Libraries/STM32F10x_StdPeriph_Driver/src/stm32f10x_dbgmcu.c ****   * @retval Device revision identifier
  89:../Libraries/STM32F10x_StdPeriph_Driver/src/stm32f10x_dbgmcu.c ****   */
  90:../Libraries/STM32F10x_StdPeriph_Driver/src/stm32f10x_dbgmcu.c **** uint32_t DBGMCU_GetREVID(void)
  91:../Libraries/STM32F10x_StdPeriph_Driver/src/stm32f10x_dbgmcu.c **** {
  26              		.loc 1 91 0
  27              		.cfi_startproc
  28              		@ args = 0, pretend = 0, frame = 0
  29              		@ frame_needed = 1, uses_anonymous_args = 0
  30              		@ link register save eliminated.
  31 0000 80B4     		push	{r7}
  32              	.LCFI0:
  33              		.cfi_def_cfa_offset 4
  34              		.cfi_offset 7, -4
  35 0002 00AF     		add	r7, sp, #0
  36              	.LCFI1:
  37              		.cfi_def_cfa_register 7
  92:../Libraries/STM32F10x_StdPeriph_Driver/src/stm32f10x_dbgmcu.c ****    return(DBGMCU->IDCODE >> 16);
  38              		.loc 1 92 0
  39 0004 034B     		ldr	r3, .L3
  40 0006 1B68     		ldr	r3, [r3, #0]
  41 0008 4FEA1343 		lsr	r3, r3, #16
  93:../Libraries/STM32F10x_StdPeriph_Driver/src/stm32f10x_dbgmcu.c **** }
  42              		.loc 1 93 0
  43 000c 1846     		mov	r0, r3
  44 000e BD46     		mov	sp, r7
  45 0010 80BC     		pop	{r7}
  46 0012 7047     		bx	lr
  47              	.L4:
  48              		.align	2
  49              	.L3:
  50 0014 002004E0 		.word	-536600576
  51              		.cfi_endproc
  52              	.LFE55:
  54              		.align	2
  55              		.global	DBGMCU_GetDEVID
  56              		.thumb
  57              		.thumb_func
  59              	DBGMCU_GetDEVID:
  60              	.LFB56:
  94:../Libraries/STM32F10x_StdPeriph_Driver/src/stm32f10x_dbgmcu.c **** 
  95:../Libraries/STM32F10x_StdPeriph_Driver/src/stm32f10x_dbgmcu.c **** /**
  96:../Libraries/STM32F10x_StdPeriph_Driver/src/stm32f10x_dbgmcu.c ****   * @brief  Returns the device identifier.
  97:../Libraries/STM32F10x_StdPeriph_Driver/src/stm32f10x_dbgmcu.c ****   * @param  None
  98:../Libraries/STM32F10x_StdPeriph_Driver/src/stm32f10x_dbgmcu.c ****   * @retval Device identifier
  99:../Libraries/STM32F10x_StdPeriph_Driver/src/stm32f10x_dbgmcu.c ****   */
 100:../Libraries/STM32F10x_StdPeriph_Driver/src/stm32f10x_dbgmcu.c **** uint32_t DBGMCU_GetDEVID(void)
 101:../Libraries/STM32F10x_StdPeriph_Driver/src/stm32f10x_dbgmcu.c **** {
  61              		.loc 1 101 0
  62              		.cfi_startproc
  63              		@ args = 0, pretend = 0, frame = 0
  64              		@ frame_needed = 1, uses_anonymous_args = 0
  65              		@ link register save eliminated.
  66 0018 80B4     		push	{r7}
  67              	.LCFI2:
  68              		.cfi_def_cfa_offset 4
  69              		.cfi_offset 7, -4
  70 001a 00AF     		add	r7, sp, #0
  71              	.LCFI3:
  72              		.cfi_def_cfa_register 7
 102:../Libraries/STM32F10x_StdPeriph_Driver/src/stm32f10x_dbgmcu.c ****    return(DBGMCU->IDCODE & IDCODE_DEVID_MASK);
  73              		.loc 1 102 0
  74 001c 044B     		ldr	r3, .L7
  75 001e 1B68     		ldr	r3, [r3, #0]
  76 0020 4FEA0353 		lsl	r3, r3, #20
  77 0024 4FEA1353 		lsr	r3, r3, #20
 103:../Libraries/STM32F10x_StdPeriph_Driver/src/stm32f10x_dbgmcu.c **** }
  78              		.loc 1 103 0
  79 0028 1846     		mov	r0, r3
  80 002a BD46     		mov	sp, r7
  81 002c 80BC     		pop	{r7}
  82 002e 7047     		bx	lr
  83              	.L8:
  84              		.align	2
  85              	.L7:
  86 0030 002004E0 		.word	-536600576
  87              		.cfi_endproc
  88              	.LFE56:
  90              		.align	2
  91              		.global	DBGMCU_Config
  92              		.thumb
  93              		.thumb_func
  95              	DBGMCU_Config:
  96              	.LFB57:
 104:../Libraries/STM32F10x_StdPeriph_Driver/src/stm32f10x_dbgmcu.c **** 
 105:../Libraries/STM32F10x_StdPeriph_Driver/src/stm32f10x_dbgmcu.c **** /**
 106:../Libraries/STM32F10x_StdPeriph_Driver/src/stm32f10x_dbgmcu.c ****   * @brief  Configures the specified peripheral and low power mode behavior
 107:../Libraries/STM32F10x_StdPeriph_Driver/src/stm32f10x_dbgmcu.c ****   *   when the MCU under Debug mode.
 108:../Libraries/STM32F10x_StdPeriph_Driver/src/stm32f10x_dbgmcu.c ****   * @param  DBGMCU_Periph: specifies the peripheral and low power mode.
 109:../Libraries/STM32F10x_StdPeriph_Driver/src/stm32f10x_dbgmcu.c ****   *   This parameter can be any combination of the following values:
 110:../Libraries/STM32F10x_StdPeriph_Driver/src/stm32f10x_dbgmcu.c ****   *     @arg DBGMCU_SLEEP: Keep debugger connection during SLEEP mode              
 111:../Libraries/STM32F10x_StdPeriph_Driver/src/stm32f10x_dbgmcu.c ****   *     @arg DBGMCU_STOP: Keep debugger connection during STOP mode               
 112:../Libraries/STM32F10x_StdPeriph_Driver/src/stm32f10x_dbgmcu.c ****   *     @arg DBGMCU_STANDBY: Keep debugger connection during STANDBY mode            
 113:../Libraries/STM32F10x_StdPeriph_Driver/src/stm32f10x_dbgmcu.c ****   *     @arg DBGMCU_IWDG_STOP: Debug IWDG stopped when Core is halted          
 114:../Libraries/STM32F10x_StdPeriph_Driver/src/stm32f10x_dbgmcu.c ****   *     @arg DBGMCU_WWDG_STOP: Debug WWDG stopped when Core is halted          
 115:../Libraries/STM32F10x_StdPeriph_Driver/src/stm32f10x_dbgmcu.c ****   *     @arg DBGMCU_TIM1_STOP: TIM1 counter stopped when Core is halted          
 116:../Libraries/STM32F10x_StdPeriph_Driver/src/stm32f10x_dbgmcu.c ****   *     @arg DBGMCU_TIM2_STOP: TIM2 counter stopped when Core is halted          
 117:../Libraries/STM32F10x_StdPeriph_Driver/src/stm32f10x_dbgmcu.c ****   *     @arg DBGMCU_TIM3_STOP: TIM3 counter stopped when Core is halted          
 118:../Libraries/STM32F10x_StdPeriph_Driver/src/stm32f10x_dbgmcu.c ****   *     @arg DBGMCU_TIM4_STOP: TIM4 counter stopped when Core is halted          
 119:../Libraries/STM32F10x_StdPeriph_Driver/src/stm32f10x_dbgmcu.c ****   *     @arg DBGMCU_CAN1_STOP: Debug CAN2 stopped when Core is halted           
 120:../Libraries/STM32F10x_StdPeriph_Driver/src/stm32f10x_dbgmcu.c ****   *     @arg DBGMCU_I2C1_SMBUS_TIMEOUT: I2C1 SMBUS timeout mode stopped when Core is halted
 121:../Libraries/STM32F10x_StdPeriph_Driver/src/stm32f10x_dbgmcu.c ****   *     @arg DBGMCU_I2C2_SMBUS_TIMEOUT: I2C2 SMBUS timeout mode stopped when Core is halted
 122:../Libraries/STM32F10x_StdPeriph_Driver/src/stm32f10x_dbgmcu.c ****   *     @arg DBGMCU_TIM5_STOP: TIM5 counter stopped when Core is halted          
 123:../Libraries/STM32F10x_StdPeriph_Driver/src/stm32f10x_dbgmcu.c ****   *     @arg DBGMCU_TIM6_STOP: TIM6 counter stopped when Core is halted          
 124:../Libraries/STM32F10x_StdPeriph_Driver/src/stm32f10x_dbgmcu.c ****   *     @arg DBGMCU_TIM7_STOP: TIM7 counter stopped when Core is halted          
 125:../Libraries/STM32F10x_StdPeriph_Driver/src/stm32f10x_dbgmcu.c ****   *     @arg DBGMCU_TIM8_STOP: TIM8 counter stopped when Core is halted
 126:../Libraries/STM32F10x_StdPeriph_Driver/src/stm32f10x_dbgmcu.c ****   *     @arg DBGMCU_CAN2_STOP: Debug CAN2 stopped when Core is halted 
 127:../Libraries/STM32F10x_StdPeriph_Driver/src/stm32f10x_dbgmcu.c ****   *     @arg DBGMCU_TIM15_STOP: TIM15 counter stopped when Core is halted
 128:../Libraries/STM32F10x_StdPeriph_Driver/src/stm32f10x_dbgmcu.c ****   *     @arg DBGMCU_TIM16_STOP: TIM16 counter stopped when Core is halted
 129:../Libraries/STM32F10x_StdPeriph_Driver/src/stm32f10x_dbgmcu.c ****   *     @arg DBGMCU_TIM17_STOP: TIM17 counter stopped when Core is halted                
 130:../Libraries/STM32F10x_StdPeriph_Driver/src/stm32f10x_dbgmcu.c ****   *     @arg DBGMCU_TIM9_STOP: TIM9 counter stopped when Core is halted
 131:../Libraries/STM32F10x_StdPeriph_Driver/src/stm32f10x_dbgmcu.c ****   *     @arg DBGMCU_TIM10_STOP: TIM10 counter stopped when Core is halted
 132:../Libraries/STM32F10x_StdPeriph_Driver/src/stm32f10x_dbgmcu.c ****   *     @arg DBGMCU_TIM11_STOP: TIM11 counter stopped when Core is halted
 133:../Libraries/STM32F10x_StdPeriph_Driver/src/stm32f10x_dbgmcu.c ****   *     @arg DBGMCU_TIM12_STOP: TIM12 counter stopped when Core is halted
 134:../Libraries/STM32F10x_StdPeriph_Driver/src/stm32f10x_dbgmcu.c ****   *     @arg DBGMCU_TIM13_STOP: TIM13 counter stopped when Core is halted
 135:../Libraries/STM32F10x_StdPeriph_Driver/src/stm32f10x_dbgmcu.c ****   *     @arg DBGMCU_TIM14_STOP: TIM14 counter stopped when Core is halted
 136:../Libraries/STM32F10x_StdPeriph_Driver/src/stm32f10x_dbgmcu.c ****   * @param  NewState: new state of the specified peripheral in Debug mode.
 137:../Libraries/STM32F10x_StdPeriph_Driver/src/stm32f10x_dbgmcu.c ****   *   This parameter can be: ENABLE or DISABLE.
 138:../Libraries/STM32F10x_StdPeriph_Driver/src/stm32f10x_dbgmcu.c ****   * @retval None
 139:../Libraries/STM32F10x_StdPeriph_Driver/src/stm32f10x_dbgmcu.c ****   */
 140:../Libraries/STM32F10x_StdPeriph_Driver/src/stm32f10x_dbgmcu.c **** void DBGMCU_Config(uint32_t DBGMCU_Periph, FunctionalState NewState)
 141:../Libraries/STM32F10x_StdPeriph_Driver/src/stm32f10x_dbgmcu.c **** {
  97              		.loc 1 141 0
  98              		.cfi_startproc
  99              		@ args = 0, pretend = 0, frame = 8
 100              		@ frame_needed = 1, uses_anonymous_args = 0
 101              		@ link register save eliminated.
 102 0034 80B4     		push	{r7}
 103              	.LCFI4:
 104              		.cfi_def_cfa_offset 4
 105              		.cfi_offset 7, -4
 106 0036 83B0     		sub	sp, sp, #12
 107              	.LCFI5:
 108              		.cfi_def_cfa_offset 16
 109 0038 00AF     		add	r7, sp, #0
 110              	.LCFI6:
 111              		.cfi_def_cfa_register 7
 112 003a 7860     		str	r0, [r7, #4]
 113 003c 0B46     		mov	r3, r1
 114 003e FB70     		strb	r3, [r7, #3]
 142:../Libraries/STM32F10x_StdPeriph_Driver/src/stm32f10x_dbgmcu.c ****   /* Check the parameters */
 143:../Libraries/STM32F10x_StdPeriph_Driver/src/stm32f10x_dbgmcu.c ****   assert_param(IS_DBGMCU_PERIPH(DBGMCU_Periph));
 144:../Libraries/STM32F10x_StdPeriph_Driver/src/stm32f10x_dbgmcu.c ****   assert_param(IS_FUNCTIONAL_STATE(NewState));
 145:../Libraries/STM32F10x_StdPeriph_Driver/src/stm32f10x_dbgmcu.c **** 
 146:../Libraries/STM32F10x_StdPeriph_Driver/src/stm32f10x_dbgmcu.c ****   if (NewState != DISABLE)
 115              		.loc 1 146 0
 116 0040 FB78     		ldrb	r3, [r7, #3]	@ zero_extendqisi2
 117 0042 002B     		cmp	r3, #0
 118 0044 06D0     		beq	.L10
 147:../Libraries/STM32F10x_StdPeriph_Driver/src/stm32f10x_dbgmcu.c ****   {
 148:../Libraries/STM32F10x_StdPeriph_Driver/src/stm32f10x_dbgmcu.c ****     DBGMCU->CR |= DBGMCU_Periph;
 119              		.loc 1 148 0
 120 0046 0A4B     		ldr	r3, .L12
 121 0048 094A     		ldr	r2, .L12
 122 004a 5168     		ldr	r1, [r2, #4]
 123 004c 7A68     		ldr	r2, [r7, #4]
 124 004e 0A43     		orrs	r2, r2, r1
 125 0050 5A60     		str	r2, [r3, #4]
 126 0052 07E0     		b	.L9
 127              	.L10:
 149:../Libraries/STM32F10x_StdPeriph_Driver/src/stm32f10x_dbgmcu.c ****   }
 150:../Libraries/STM32F10x_StdPeriph_Driver/src/stm32f10x_dbgmcu.c ****   else
 151:../Libraries/STM32F10x_StdPeriph_Driver/src/stm32f10x_dbgmcu.c ****   {
 152:../Libraries/STM32F10x_StdPeriph_Driver/src/stm32f10x_dbgmcu.c ****     DBGMCU->CR &= ~DBGMCU_Periph;
 128              		.loc 1 152 0
 129 0054 064B     		ldr	r3, .L12
 130 0056 064A     		ldr	r2, .L12
 131 0058 5168     		ldr	r1, [r2, #4]
 132 005a 7A68     		ldr	r2, [r7, #4]
 133 005c 6FEA0202 		mvn	r2, r2
 134 0060 0A40     		ands	r2, r2, r1
 135 0062 5A60     		str	r2, [r3, #4]
 136              	.L9:
 153:../Libraries/STM32F10x_StdPeriph_Driver/src/stm32f10x_dbgmcu.c ****   }
 154:../Libraries/STM32F10x_StdPeriph_Driver/src/stm32f10x_dbgmcu.c **** }
 137              		.loc 1 154 0
 138 0064 07F10C07 		add	r7, r7, #12
 139 0068 BD46     		mov	sp, r7
 140 006a 80BC     		pop	{r7}
 141 006c 7047     		bx	lr
 142              	.L13:
 143 006e 00BF     		.align	2
 144              	.L12:
 145 0070 002004E0 		.word	-536600576
 146              		.cfi_endproc
 147              	.LFE57:
 149              	.Letext0:
 150              		.file 2 "c:\\program files (x86)\\codesourcery\\sourcery_codebench_lite_for_arm_eabi\\bin\\../lib/
 151              		.file 3 "D:\\EclipseIndigo\\workspace\\xelo\\src/stm32f10x.h"
 152              		.file 4 "D:\\EclipseIndigo\\workspace\\xelo\\Libraries\\CMSIS\\Include/core_cm3.h"
DEFINED SYMBOLS
                            *ABS*:00000000 stm32f10x_dbgmcu.c
C:\Users\THANGN~1\AppData\Local\Temp\ccVjvdyk.s:18     .text:00000000 $t
C:\Users\THANGN~1\AppData\Local\Temp\ccVjvdyk.s:23     .text:00000000 DBGMCU_GetREVID
C:\Users\THANGN~1\AppData\Local\Temp\ccVjvdyk.s:50     .text:00000014 $d
C:\Users\THANGN~1\AppData\Local\Temp\ccVjvdyk.s:54     .text:00000018 $t
C:\Users\THANGN~1\AppData\Local\Temp\ccVjvdyk.s:59     .text:00000018 DBGMCU_GetDEVID
C:\Users\THANGN~1\AppData\Local\Temp\ccVjvdyk.s:86     .text:00000030 $d
C:\Users\THANGN~1\AppData\Local\Temp\ccVjvdyk.s:90     .text:00000034 $t
C:\Users\THANGN~1\AppData\Local\Temp\ccVjvdyk.s:95     .text:00000034 DBGMCU_Config
C:\Users\THANGN~1\AppData\Local\Temp\ccVjvdyk.s:145    .text:00000070 $d
                     .debug_frame:00000010 $d
                           .group:00000000 wm4.1.6e5f3786b89b666b3dcc7c4c84d9d480
                           .group:00000000 wm4.stm32f10x.h.57.69ab29c83f735418a543aa508b559235
                           .group:00000000 wm4.core_cm3.h.32.49180ccb4d36cabd2d7016d2a51d91ae
                           .group:00000000 wm4.stdint.h.10.90b695f550ca6cc3fb08fa83baf01e05
                           .group:00000000 wm4.core_cmInstr.h.25.f50f886f2edf670cf199b35fd96f5c91
                           .group:00000000 wm4.core_cm3.h.130.36d879c1aefb6e578e399a5de749a503
                           .group:00000000 wm4.stm32f10x.h.532.b2b0c08e77686a45dbc3252d064cb2e1
                           .group:00000000 wm4.stm32f10x_adc.h.89.9f2b285fa0070185d48a05b61a05798c
                           .group:00000000 wm4.stm32f10x_bkp.h.31.74a586c036c8ee5d9205c6728cc8d6ab
                           .group:00000000 wm4.stm32f10x_can.h.31.b14273b95de79d8fbb020ba042473fb1
                           .group:00000000 wm4.stm32f10x_cec.h.31.29c77e36bfe4567e85f26cdcc60def64
                           .group:00000000 wm4.stm32f10x_dac.h.31.116c27cadc3b4ee8aa44ed11b14b64ae
                           .group:00000000 wm4.stm32f10x_dma.h.31.ef16218235edc52b414c0353f44b4bf0
                           .group:00000000 wm4.stm32f10x_exti.h.31.b25bcb4f1a2daad39d2d7dfa4e901646
                           .group:00000000 wm4.stm32f10x_flash.h.31.0203bc95b65c5396b67991e07a675efb
                           .group:00000000 wm4.stm32f10x_fsmc.h.31.a761d459aa046c2769a99b93e8763ba0
                           .group:00000000 wm4.stm32f10x_gpio.h.31.0a32659dbac1fc1055c7cbdc248963be
                           .group:00000000 wm4.stm32f10x_i2c.h.31.93d7dc2d477856f119d957730d4c6f1c
                           .group:00000000 wm4.stm32f10x_iwdg.h.31.959ae9b7e1d603f1e5ae6468c0fc1624
                           .group:00000000 wm4.stm32f10x_pwr.h.31.9168b6921e0cf03b467c7ed90861c701
                           .group:00000000 wm4.stm32f10x_rcc.h.31.2ee3219a25ef4ced658f2fe9d8cd94aa
                           .group:00000000 wm4.stm32f10x_rtc.h.31.00ba78fc0dbb06b6e6783a1e7fccf5a0
                           .group:00000000 wm4.stm32f10x_sdio.h.31.37dab89d08b2364a3dfaace444dec7c3
                           .group:00000000 wm4.stm32f10x_spi.h.31.d2f6e4626887cabe8c98f3a185590a36
                           .group:00000000 wm4.stm32f10x_tim.h.31.6c06f7f26e0864f9cd59597f46ca2c7c
                           .group:00000000 wm4.stm32f10x_usart.h.31.28d75d6af05cefbbfa00cf30a7c8a335
                           .group:00000000 wm4.stm32f10x_wwdg.h.31.4504f930b88ade4f56d1e3f2a11c098b
                           .group:00000000 wm4.misc.h.31.a89fba2040036f6f8c835a78a213e0cd
                           .group:00000000 wm4.stm32f10x.h.8356.9fd2fa84655112ac7dfc5c88beeb383d
                           .group:00000000 wm4.stm32f10x_dbgmcu.h.60.ef66f9a73c09c35e7c548ce010e9de1d

NO UNDEFINED SYMBOLS
