   1              		.syntax unified
   2              		.cpu cortex-m3
   3              		.fpu softvfp
   4              		.eabi_attribute 20, 1
   5              		.eabi_attribute 21, 1
   6              		.eabi_attribute 23, 3
   7              		.eabi_attribute 24, 1
   8              		.eabi_attribute 25, 1
   9              		.eabi_attribute 26, 1
  10              		.eabi_attribute 30, 6
  11              		.eabi_attribute 34, 1
  12              		.eabi_attribute 18, 4
  13              		.thumb
  14              		.file	"stm32f10x_bkp.c"
  15              		.text
  16              	.Ltext0:
  17              		.cfi_sections	.debug_frame
  18              		.align	2
  19              		.global	BKP_DeInit
  20              		.thumb
  21              		.thumb_func
  23              	BKP_DeInit:
  24              	.LFB55:
  25              		.file 1 "../Libraries/STM32F10x_StdPeriph_Driver/src/stm32f10x_bkp.c"
   1:../Libraries/STM32F10x_StdPeriph_Driver/src/stm32f10x_bkp.c **** /**
   2:../Libraries/STM32F10x_StdPeriph_Driver/src/stm32f10x_bkp.c ****   ******************************************************************************
   3:../Libraries/STM32F10x_StdPeriph_Driver/src/stm32f10x_bkp.c ****   * @file    stm32f10x_bkp.c
   4:../Libraries/STM32F10x_StdPeriph_Driver/src/stm32f10x_bkp.c ****   * @author  MCD Application Team
   5:../Libraries/STM32F10x_StdPeriph_Driver/src/stm32f10x_bkp.c ****   * @version V3.6.1
   6:../Libraries/STM32F10x_StdPeriph_Driver/src/stm32f10x_bkp.c ****   * @date    05-March-2012
   7:../Libraries/STM32F10x_StdPeriph_Driver/src/stm32f10x_bkp.c ****   * @brief   This file provides all the BKP firmware functions.
   8:../Libraries/STM32F10x_StdPeriph_Driver/src/stm32f10x_bkp.c ****   ******************************************************************************
   9:../Libraries/STM32F10x_StdPeriph_Driver/src/stm32f10x_bkp.c ****   * @attention
  10:../Libraries/STM32F10x_StdPeriph_Driver/src/stm32f10x_bkp.c ****   *
  11:../Libraries/STM32F10x_StdPeriph_Driver/src/stm32f10x_bkp.c ****   * <h2><center>&copy; COPYRIGHT 2012 STMicroelectronics</center></h2>
  12:../Libraries/STM32F10x_StdPeriph_Driver/src/stm32f10x_bkp.c ****   *
  13:../Libraries/STM32F10x_StdPeriph_Driver/src/stm32f10x_bkp.c ****   * Licensed under MCD-ST Liberty SW License Agreement V2, (the "License");
  14:../Libraries/STM32F10x_StdPeriph_Driver/src/stm32f10x_bkp.c ****   * You may not use this file except in compliance with the License.
  15:../Libraries/STM32F10x_StdPeriph_Driver/src/stm32f10x_bkp.c ****   * You may obtain a copy of the License at:
  16:../Libraries/STM32F10x_StdPeriph_Driver/src/stm32f10x_bkp.c ****   *
  17:../Libraries/STM32F10x_StdPeriph_Driver/src/stm32f10x_bkp.c ****   *        http://www.st.com/software_license_agreement_liberty_v2
  18:../Libraries/STM32F10x_StdPeriph_Driver/src/stm32f10x_bkp.c ****   *
  19:../Libraries/STM32F10x_StdPeriph_Driver/src/stm32f10x_bkp.c ****   * Unless required by applicable law or agreed to in writing, software 
  20:../Libraries/STM32F10x_StdPeriph_Driver/src/stm32f10x_bkp.c ****   * distributed under the License is distributed on an "AS IS" BASIS, 
  21:../Libraries/STM32F10x_StdPeriph_Driver/src/stm32f10x_bkp.c ****   * WITHOUT WARRANTIES OR CONDITIONS OF ANY KIND, either express or implied.
  22:../Libraries/STM32F10x_StdPeriph_Driver/src/stm32f10x_bkp.c ****   * See the License for the specific language governing permissions and
  23:../Libraries/STM32F10x_StdPeriph_Driver/src/stm32f10x_bkp.c ****   * limitations under the License.
  24:../Libraries/STM32F10x_StdPeriph_Driver/src/stm32f10x_bkp.c ****   *
  25:../Libraries/STM32F10x_StdPeriph_Driver/src/stm32f10x_bkp.c ****   ******************************************************************************
  26:../Libraries/STM32F10x_StdPeriph_Driver/src/stm32f10x_bkp.c ****   */
  27:../Libraries/STM32F10x_StdPeriph_Driver/src/stm32f10x_bkp.c **** 
  28:../Libraries/STM32F10x_StdPeriph_Driver/src/stm32f10x_bkp.c **** /* Includes ------------------------------------------------------------------*/
  29:../Libraries/STM32F10x_StdPeriph_Driver/src/stm32f10x_bkp.c **** #include "stm32f10x_bkp.h"
  30:../Libraries/STM32F10x_StdPeriph_Driver/src/stm32f10x_bkp.c **** #include "stm32f10x_rcc.h"
  31:../Libraries/STM32F10x_StdPeriph_Driver/src/stm32f10x_bkp.c **** 
  32:../Libraries/STM32F10x_StdPeriph_Driver/src/stm32f10x_bkp.c **** /** @addtogroup STM32F10x_StdPeriph_Driver
  33:../Libraries/STM32F10x_StdPeriph_Driver/src/stm32f10x_bkp.c ****   * @{
  34:../Libraries/STM32F10x_StdPeriph_Driver/src/stm32f10x_bkp.c ****   */
  35:../Libraries/STM32F10x_StdPeriph_Driver/src/stm32f10x_bkp.c **** 
  36:../Libraries/STM32F10x_StdPeriph_Driver/src/stm32f10x_bkp.c **** /** @defgroup BKP 
  37:../Libraries/STM32F10x_StdPeriph_Driver/src/stm32f10x_bkp.c ****   * @brief BKP driver modules
  38:../Libraries/STM32F10x_StdPeriph_Driver/src/stm32f10x_bkp.c ****   * @{
  39:../Libraries/STM32F10x_StdPeriph_Driver/src/stm32f10x_bkp.c ****   */
  40:../Libraries/STM32F10x_StdPeriph_Driver/src/stm32f10x_bkp.c **** 
  41:../Libraries/STM32F10x_StdPeriph_Driver/src/stm32f10x_bkp.c **** /** @defgroup BKP_Private_TypesDefinitions
  42:../Libraries/STM32F10x_StdPeriph_Driver/src/stm32f10x_bkp.c ****   * @{
  43:../Libraries/STM32F10x_StdPeriph_Driver/src/stm32f10x_bkp.c ****   */
  44:../Libraries/STM32F10x_StdPeriph_Driver/src/stm32f10x_bkp.c **** 
  45:../Libraries/STM32F10x_StdPeriph_Driver/src/stm32f10x_bkp.c **** /**
  46:../Libraries/STM32F10x_StdPeriph_Driver/src/stm32f10x_bkp.c ****   * @}
  47:../Libraries/STM32F10x_StdPeriph_Driver/src/stm32f10x_bkp.c ****   */
  48:../Libraries/STM32F10x_StdPeriph_Driver/src/stm32f10x_bkp.c **** 
  49:../Libraries/STM32F10x_StdPeriph_Driver/src/stm32f10x_bkp.c **** /** @defgroup BKP_Private_Defines
  50:../Libraries/STM32F10x_StdPeriph_Driver/src/stm32f10x_bkp.c ****   * @{
  51:../Libraries/STM32F10x_StdPeriph_Driver/src/stm32f10x_bkp.c ****   */
  52:../Libraries/STM32F10x_StdPeriph_Driver/src/stm32f10x_bkp.c **** 
  53:../Libraries/STM32F10x_StdPeriph_Driver/src/stm32f10x_bkp.c **** /* ------------ BKP registers bit address in the alias region --------------- */
  54:../Libraries/STM32F10x_StdPeriph_Driver/src/stm32f10x_bkp.c **** #define BKP_OFFSET        (BKP_BASE - PERIPH_BASE)
  55:../Libraries/STM32F10x_StdPeriph_Driver/src/stm32f10x_bkp.c **** 
  56:../Libraries/STM32F10x_StdPeriph_Driver/src/stm32f10x_bkp.c **** /* --- CR Register ----*/
  57:../Libraries/STM32F10x_StdPeriph_Driver/src/stm32f10x_bkp.c **** 
  58:../Libraries/STM32F10x_StdPeriph_Driver/src/stm32f10x_bkp.c **** /* Alias word address of TPAL bit */
  59:../Libraries/STM32F10x_StdPeriph_Driver/src/stm32f10x_bkp.c **** #define CR_OFFSET         (BKP_OFFSET + 0x30)
  60:../Libraries/STM32F10x_StdPeriph_Driver/src/stm32f10x_bkp.c **** #define TPAL_BitNumber    0x01
  61:../Libraries/STM32F10x_StdPeriph_Driver/src/stm32f10x_bkp.c **** #define CR_TPAL_BB        (PERIPH_BB_BASE + (CR_OFFSET * 32) + (TPAL_BitNumber * 4))
  62:../Libraries/STM32F10x_StdPeriph_Driver/src/stm32f10x_bkp.c **** 
  63:../Libraries/STM32F10x_StdPeriph_Driver/src/stm32f10x_bkp.c **** /* Alias word address of TPE bit */
  64:../Libraries/STM32F10x_StdPeriph_Driver/src/stm32f10x_bkp.c **** #define TPE_BitNumber     0x00
  65:../Libraries/STM32F10x_StdPeriph_Driver/src/stm32f10x_bkp.c **** #define CR_TPE_BB         (PERIPH_BB_BASE + (CR_OFFSET * 32) + (TPE_BitNumber * 4))
  66:../Libraries/STM32F10x_StdPeriph_Driver/src/stm32f10x_bkp.c **** 
  67:../Libraries/STM32F10x_StdPeriph_Driver/src/stm32f10x_bkp.c **** /* --- CSR Register ---*/
  68:../Libraries/STM32F10x_StdPeriph_Driver/src/stm32f10x_bkp.c **** 
  69:../Libraries/STM32F10x_StdPeriph_Driver/src/stm32f10x_bkp.c **** /* Alias word address of TPIE bit */
  70:../Libraries/STM32F10x_StdPeriph_Driver/src/stm32f10x_bkp.c **** #define CSR_OFFSET        (BKP_OFFSET + 0x34)
  71:../Libraries/STM32F10x_StdPeriph_Driver/src/stm32f10x_bkp.c **** #define TPIE_BitNumber    0x02
  72:../Libraries/STM32F10x_StdPeriph_Driver/src/stm32f10x_bkp.c **** #define CSR_TPIE_BB       (PERIPH_BB_BASE + (CSR_OFFSET * 32) + (TPIE_BitNumber * 4))
  73:../Libraries/STM32F10x_StdPeriph_Driver/src/stm32f10x_bkp.c **** 
  74:../Libraries/STM32F10x_StdPeriph_Driver/src/stm32f10x_bkp.c **** /* Alias word address of TIF bit */
  75:../Libraries/STM32F10x_StdPeriph_Driver/src/stm32f10x_bkp.c **** #define TIF_BitNumber     0x09
  76:../Libraries/STM32F10x_StdPeriph_Driver/src/stm32f10x_bkp.c **** #define CSR_TIF_BB        (PERIPH_BB_BASE + (CSR_OFFSET * 32) + (TIF_BitNumber * 4))
  77:../Libraries/STM32F10x_StdPeriph_Driver/src/stm32f10x_bkp.c **** 
  78:../Libraries/STM32F10x_StdPeriph_Driver/src/stm32f10x_bkp.c **** /* Alias word address of TEF bit */
  79:../Libraries/STM32F10x_StdPeriph_Driver/src/stm32f10x_bkp.c **** #define TEF_BitNumber     0x08
  80:../Libraries/STM32F10x_StdPeriph_Driver/src/stm32f10x_bkp.c **** #define CSR_TEF_BB        (PERIPH_BB_BASE + (CSR_OFFSET * 32) + (TEF_BitNumber * 4))
  81:../Libraries/STM32F10x_StdPeriph_Driver/src/stm32f10x_bkp.c **** 
  82:../Libraries/STM32F10x_StdPeriph_Driver/src/stm32f10x_bkp.c **** /* ---------------------- BKP registers bit mask ------------------------ */
  83:../Libraries/STM32F10x_StdPeriph_Driver/src/stm32f10x_bkp.c **** 
  84:../Libraries/STM32F10x_StdPeriph_Driver/src/stm32f10x_bkp.c **** /* RTCCR register bit mask */
  85:../Libraries/STM32F10x_StdPeriph_Driver/src/stm32f10x_bkp.c **** #define RTCCR_CAL_MASK    ((uint16_t)0xFF80)
  86:../Libraries/STM32F10x_StdPeriph_Driver/src/stm32f10x_bkp.c **** #define RTCCR_MASK        ((uint16_t)0xFC7F)
  87:../Libraries/STM32F10x_StdPeriph_Driver/src/stm32f10x_bkp.c **** 
  88:../Libraries/STM32F10x_StdPeriph_Driver/src/stm32f10x_bkp.c **** /**
  89:../Libraries/STM32F10x_StdPeriph_Driver/src/stm32f10x_bkp.c ****   * @}
  90:../Libraries/STM32F10x_StdPeriph_Driver/src/stm32f10x_bkp.c ****   */ 
  91:../Libraries/STM32F10x_StdPeriph_Driver/src/stm32f10x_bkp.c **** 
  92:../Libraries/STM32F10x_StdPeriph_Driver/src/stm32f10x_bkp.c **** 
  93:../Libraries/STM32F10x_StdPeriph_Driver/src/stm32f10x_bkp.c **** /** @defgroup BKP_Private_Macros
  94:../Libraries/STM32F10x_StdPeriph_Driver/src/stm32f10x_bkp.c ****   * @{
  95:../Libraries/STM32F10x_StdPeriph_Driver/src/stm32f10x_bkp.c ****   */
  96:../Libraries/STM32F10x_StdPeriph_Driver/src/stm32f10x_bkp.c **** 
  97:../Libraries/STM32F10x_StdPeriph_Driver/src/stm32f10x_bkp.c **** /**
  98:../Libraries/STM32F10x_StdPeriph_Driver/src/stm32f10x_bkp.c ****   * @}
  99:../Libraries/STM32F10x_StdPeriph_Driver/src/stm32f10x_bkp.c ****   */
 100:../Libraries/STM32F10x_StdPeriph_Driver/src/stm32f10x_bkp.c **** 
 101:../Libraries/STM32F10x_StdPeriph_Driver/src/stm32f10x_bkp.c **** /** @defgroup BKP_Private_Variables
 102:../Libraries/STM32F10x_StdPeriph_Driver/src/stm32f10x_bkp.c ****   * @{
 103:../Libraries/STM32F10x_StdPeriph_Driver/src/stm32f10x_bkp.c ****   */
 104:../Libraries/STM32F10x_StdPeriph_Driver/src/stm32f10x_bkp.c **** 
 105:../Libraries/STM32F10x_StdPeriph_Driver/src/stm32f10x_bkp.c **** /**
 106:../Libraries/STM32F10x_StdPeriph_Driver/src/stm32f10x_bkp.c ****   * @}
 107:../Libraries/STM32F10x_StdPeriph_Driver/src/stm32f10x_bkp.c ****   */
 108:../Libraries/STM32F10x_StdPeriph_Driver/src/stm32f10x_bkp.c **** 
 109:../Libraries/STM32F10x_StdPeriph_Driver/src/stm32f10x_bkp.c **** /** @defgroup BKP_Private_FunctionPrototypes
 110:../Libraries/STM32F10x_StdPeriph_Driver/src/stm32f10x_bkp.c ****   * @{
 111:../Libraries/STM32F10x_StdPeriph_Driver/src/stm32f10x_bkp.c ****   */
 112:../Libraries/STM32F10x_StdPeriph_Driver/src/stm32f10x_bkp.c **** 
 113:../Libraries/STM32F10x_StdPeriph_Driver/src/stm32f10x_bkp.c **** /**
 114:../Libraries/STM32F10x_StdPeriph_Driver/src/stm32f10x_bkp.c ****   * @}
 115:../Libraries/STM32F10x_StdPeriph_Driver/src/stm32f10x_bkp.c ****   */
 116:../Libraries/STM32F10x_StdPeriph_Driver/src/stm32f10x_bkp.c **** 
 117:../Libraries/STM32F10x_StdPeriph_Driver/src/stm32f10x_bkp.c **** /** @defgroup BKP_Private_Functions
 118:../Libraries/STM32F10x_StdPeriph_Driver/src/stm32f10x_bkp.c ****   * @{
 119:../Libraries/STM32F10x_StdPeriph_Driver/src/stm32f10x_bkp.c ****   */
 120:../Libraries/STM32F10x_StdPeriph_Driver/src/stm32f10x_bkp.c **** 
 121:../Libraries/STM32F10x_StdPeriph_Driver/src/stm32f10x_bkp.c **** /**
 122:../Libraries/STM32F10x_StdPeriph_Driver/src/stm32f10x_bkp.c ****   * @brief  Deinitializes the BKP peripheral registers to their default reset values.
 123:../Libraries/STM32F10x_StdPeriph_Driver/src/stm32f10x_bkp.c ****   * @param  None
 124:../Libraries/STM32F10x_StdPeriph_Driver/src/stm32f10x_bkp.c ****   * @retval None
 125:../Libraries/STM32F10x_StdPeriph_Driver/src/stm32f10x_bkp.c ****   */
 126:../Libraries/STM32F10x_StdPeriph_Driver/src/stm32f10x_bkp.c **** void BKP_DeInit(void)
 127:../Libraries/STM32F10x_StdPeriph_Driver/src/stm32f10x_bkp.c **** {
  26              		.loc 1 127 0
  27              		.cfi_startproc
  28              		@ args = 0, pretend = 0, frame = 0
  29              		@ frame_needed = 1, uses_anonymous_args = 0
  30 0000 80B5     		push	{r7, lr}
  31              	.LCFI0:
  32              		.cfi_def_cfa_offset 8
  33              		.cfi_offset 7, -8
  34              		.cfi_offset 14, -4
  35 0002 00AF     		add	r7, sp, #0
  36              	.LCFI1:
  37              		.cfi_def_cfa_register 7
 128:../Libraries/STM32F10x_StdPeriph_Driver/src/stm32f10x_bkp.c ****   RCC_BackupResetCmd(ENABLE);
  38              		.loc 1 128 0
  39 0004 4FF00100 		mov	r0, #1
  40 0008 FFF7FEFF 		bl	RCC_BackupResetCmd
 129:../Libraries/STM32F10x_StdPeriph_Driver/src/stm32f10x_bkp.c ****   RCC_BackupResetCmd(DISABLE);
  41              		.loc 1 129 0
  42 000c 4FF00000 		mov	r0, #0
  43 0010 FFF7FEFF 		bl	RCC_BackupResetCmd
 130:../Libraries/STM32F10x_StdPeriph_Driver/src/stm32f10x_bkp.c **** }
  44              		.loc 1 130 0
  45 0014 80BD     		pop	{r7, pc}
  46              		.cfi_endproc
  47              	.LFE55:
  49 0016 00BF     		.align	2
  50              		.global	BKP_TamperPinLevelConfig
  51              		.thumb
  52              		.thumb_func
  54              	BKP_TamperPinLevelConfig:
  55              	.LFB56:
 131:../Libraries/STM32F10x_StdPeriph_Driver/src/stm32f10x_bkp.c **** 
 132:../Libraries/STM32F10x_StdPeriph_Driver/src/stm32f10x_bkp.c **** /**
 133:../Libraries/STM32F10x_StdPeriph_Driver/src/stm32f10x_bkp.c ****   * @brief  Configures the Tamper Pin active level.
 134:../Libraries/STM32F10x_StdPeriph_Driver/src/stm32f10x_bkp.c ****   * @param  BKP_TamperPinLevel: specifies the Tamper Pin active level.
 135:../Libraries/STM32F10x_StdPeriph_Driver/src/stm32f10x_bkp.c ****   *   This parameter can be one of the following values:
 136:../Libraries/STM32F10x_StdPeriph_Driver/src/stm32f10x_bkp.c ****   *     @arg BKP_TamperPinLevel_High: Tamper pin active on high level
 137:../Libraries/STM32F10x_StdPeriph_Driver/src/stm32f10x_bkp.c ****   *     @arg BKP_TamperPinLevel_Low: Tamper pin active on low level
 138:../Libraries/STM32F10x_StdPeriph_Driver/src/stm32f10x_bkp.c ****   * @retval None
 139:../Libraries/STM32F10x_StdPeriph_Driver/src/stm32f10x_bkp.c ****   */
 140:../Libraries/STM32F10x_StdPeriph_Driver/src/stm32f10x_bkp.c **** void BKP_TamperPinLevelConfig(uint16_t BKP_TamperPinLevel)
 141:../Libraries/STM32F10x_StdPeriph_Driver/src/stm32f10x_bkp.c **** {
  56              		.loc 1 141 0
  57              		.cfi_startproc
  58              		@ args = 0, pretend = 0, frame = 8
  59              		@ frame_needed = 1, uses_anonymous_args = 0
  60              		@ link register save eliminated.
  61 0018 80B4     		push	{r7}
  62              	.LCFI2:
  63              		.cfi_def_cfa_offset 4
  64              		.cfi_offset 7, -4
  65 001a 83B0     		sub	sp, sp, #12
  66              	.LCFI3:
  67              		.cfi_def_cfa_offset 16
  68 001c 00AF     		add	r7, sp, #0
  69              	.LCFI4:
  70              		.cfi_def_cfa_register 7
  71 001e 0346     		mov	r3, r0
  72 0020 FB80     		strh	r3, [r7, #6]	@ movhi
 142:../Libraries/STM32F10x_StdPeriph_Driver/src/stm32f10x_bkp.c ****   /* Check the parameters */
 143:../Libraries/STM32F10x_StdPeriph_Driver/src/stm32f10x_bkp.c ****   assert_param(IS_BKP_TAMPER_PIN_LEVEL(BKP_TamperPinLevel));
 144:../Libraries/STM32F10x_StdPeriph_Driver/src/stm32f10x_bkp.c ****   *(__IO uint32_t *) CR_TPAL_BB = BKP_TamperPinLevel;
  73              		.loc 1 144 0
  74 0022 044B     		ldr	r3, .L3
  75 0024 FA88     		ldrh	r2, [r7, #6]
  76 0026 1A60     		str	r2, [r3, #0]
 145:../Libraries/STM32F10x_StdPeriph_Driver/src/stm32f10x_bkp.c **** }
  77              		.loc 1 145 0
  78 0028 07F10C07 		add	r7, r7, #12
  79 002c BD46     		mov	sp, r7
  80 002e 80BC     		pop	{r7}
  81 0030 7047     		bx	lr
  82              	.L4:
  83 0032 00BF     		.align	2
  84              	.L3:
  85 0034 04860D42 		.word	1108182532
  86              		.cfi_endproc
  87              	.LFE56:
  89              		.align	2
  90              		.global	BKP_TamperPinCmd
  91              		.thumb
  92              		.thumb_func
  94              	BKP_TamperPinCmd:
  95              	.LFB57:
 146:../Libraries/STM32F10x_StdPeriph_Driver/src/stm32f10x_bkp.c **** 
 147:../Libraries/STM32F10x_StdPeriph_Driver/src/stm32f10x_bkp.c **** /**
 148:../Libraries/STM32F10x_StdPeriph_Driver/src/stm32f10x_bkp.c ****   * @brief  Enables or disables the Tamper Pin activation.
 149:../Libraries/STM32F10x_StdPeriph_Driver/src/stm32f10x_bkp.c ****   * @param  NewState: new state of the Tamper Pin activation.
 150:../Libraries/STM32F10x_StdPeriph_Driver/src/stm32f10x_bkp.c ****   *   This parameter can be: ENABLE or DISABLE.
 151:../Libraries/STM32F10x_StdPeriph_Driver/src/stm32f10x_bkp.c ****   * @retval None
 152:../Libraries/STM32F10x_StdPeriph_Driver/src/stm32f10x_bkp.c ****   */
 153:../Libraries/STM32F10x_StdPeriph_Driver/src/stm32f10x_bkp.c **** void BKP_TamperPinCmd(FunctionalState NewState)
 154:../Libraries/STM32F10x_StdPeriph_Driver/src/stm32f10x_bkp.c **** {
  96              		.loc 1 154 0
  97              		.cfi_startproc
  98              		@ args = 0, pretend = 0, frame = 8
  99              		@ frame_needed = 1, uses_anonymous_args = 0
 100              		@ link register save eliminated.
 101 0038 80B4     		push	{r7}
 102              	.LCFI5:
 103              		.cfi_def_cfa_offset 4
 104              		.cfi_offset 7, -4
 105 003a 83B0     		sub	sp, sp, #12
 106              	.LCFI6:
 107              		.cfi_def_cfa_offset 16
 108 003c 00AF     		add	r7, sp, #0
 109              	.LCFI7:
 110              		.cfi_def_cfa_register 7
 111 003e 0346     		mov	r3, r0
 112 0040 FB71     		strb	r3, [r7, #7]
 155:../Libraries/STM32F10x_StdPeriph_Driver/src/stm32f10x_bkp.c ****   /* Check the parameters */
 156:../Libraries/STM32F10x_StdPeriph_Driver/src/stm32f10x_bkp.c ****   assert_param(IS_FUNCTIONAL_STATE(NewState));
 157:../Libraries/STM32F10x_StdPeriph_Driver/src/stm32f10x_bkp.c ****   *(__IO uint32_t *) CR_TPE_BB = (uint32_t)NewState;
 113              		.loc 1 157 0
 114 0042 044B     		ldr	r3, .L6
 115 0044 FA79     		ldrb	r2, [r7, #7]	@ zero_extendqisi2
 116 0046 1A60     		str	r2, [r3, #0]
 158:../Libraries/STM32F10x_StdPeriph_Driver/src/stm32f10x_bkp.c **** }
 117              		.loc 1 158 0
 118 0048 07F10C07 		add	r7, r7, #12
 119 004c BD46     		mov	sp, r7
 120 004e 80BC     		pop	{r7}
 121 0050 7047     		bx	lr
 122              	.L7:
 123 0052 00BF     		.align	2
 124              	.L6:
 125 0054 00860D42 		.word	1108182528
 126              		.cfi_endproc
 127              	.LFE57:
 129              		.align	2
 130              		.global	BKP_ITConfig
 131              		.thumb
 132              		.thumb_func
 134              	BKP_ITConfig:
 135              	.LFB58:
 159:../Libraries/STM32F10x_StdPeriph_Driver/src/stm32f10x_bkp.c **** 
 160:../Libraries/STM32F10x_StdPeriph_Driver/src/stm32f10x_bkp.c **** /**
 161:../Libraries/STM32F10x_StdPeriph_Driver/src/stm32f10x_bkp.c ****   * @brief  Enables or disables the Tamper Pin Interrupt.
 162:../Libraries/STM32F10x_StdPeriph_Driver/src/stm32f10x_bkp.c ****   * @param  NewState: new state of the Tamper Pin Interrupt.
 163:../Libraries/STM32F10x_StdPeriph_Driver/src/stm32f10x_bkp.c ****   *   This parameter can be: ENABLE or DISABLE.
 164:../Libraries/STM32F10x_StdPeriph_Driver/src/stm32f10x_bkp.c ****   * @retval None
 165:../Libraries/STM32F10x_StdPeriph_Driver/src/stm32f10x_bkp.c ****   */
 166:../Libraries/STM32F10x_StdPeriph_Driver/src/stm32f10x_bkp.c **** void BKP_ITConfig(FunctionalState NewState)
 167:../Libraries/STM32F10x_StdPeriph_Driver/src/stm32f10x_bkp.c **** {
 136              		.loc 1 167 0
 137              		.cfi_startproc
 138              		@ args = 0, pretend = 0, frame = 8
 139              		@ frame_needed = 1, uses_anonymous_args = 0
 140              		@ link register save eliminated.
 141 0058 80B4     		push	{r7}
 142              	.LCFI8:
 143              		.cfi_def_cfa_offset 4
 144              		.cfi_offset 7, -4
 145 005a 83B0     		sub	sp, sp, #12
 146              	.LCFI9:
 147              		.cfi_def_cfa_offset 16
 148 005c 00AF     		add	r7, sp, #0
 149              	.LCFI10:
 150              		.cfi_def_cfa_register 7
 151 005e 0346     		mov	r3, r0
 152 0060 FB71     		strb	r3, [r7, #7]
 168:../Libraries/STM32F10x_StdPeriph_Driver/src/stm32f10x_bkp.c ****   /* Check the parameters */
 169:../Libraries/STM32F10x_StdPeriph_Driver/src/stm32f10x_bkp.c ****   assert_param(IS_FUNCTIONAL_STATE(NewState));
 170:../Libraries/STM32F10x_StdPeriph_Driver/src/stm32f10x_bkp.c ****   *(__IO uint32_t *) CSR_TPIE_BB = (uint32_t)NewState;
 153              		.loc 1 170 0
 154 0062 044B     		ldr	r3, .L9
 155 0064 FA79     		ldrb	r2, [r7, #7]	@ zero_extendqisi2
 156 0066 1A60     		str	r2, [r3, #0]
 171:../Libraries/STM32F10x_StdPeriph_Driver/src/stm32f10x_bkp.c **** }
 157              		.loc 1 171 0
 158 0068 07F10C07 		add	r7, r7, #12
 159 006c BD46     		mov	sp, r7
 160 006e 80BC     		pop	{r7}
 161 0070 7047     		bx	lr
 162              	.L10:
 163 0072 00BF     		.align	2
 164              	.L9:
 165 0074 88860D42 		.word	1108182664
 166              		.cfi_endproc
 167              	.LFE58:
 169              		.align	2
 170              		.global	BKP_RTCOutputConfig
 171              		.thumb
 172              		.thumb_func
 174              	BKP_RTCOutputConfig:
 175              	.LFB59:
 172:../Libraries/STM32F10x_StdPeriph_Driver/src/stm32f10x_bkp.c **** 
 173:../Libraries/STM32F10x_StdPeriph_Driver/src/stm32f10x_bkp.c **** /**
 174:../Libraries/STM32F10x_StdPeriph_Driver/src/stm32f10x_bkp.c ****   * @brief  Select the RTC output source to output on the Tamper pin.
 175:../Libraries/STM32F10x_StdPeriph_Driver/src/stm32f10x_bkp.c ****   * @param  BKP_RTCOutputSource: specifies the RTC output source.
 176:../Libraries/STM32F10x_StdPeriph_Driver/src/stm32f10x_bkp.c ****   *   This parameter can be one of the following values:
 177:../Libraries/STM32F10x_StdPeriph_Driver/src/stm32f10x_bkp.c ****   *     @arg BKP_RTCOutputSource_None: no RTC output on the Tamper pin.
 178:../Libraries/STM32F10x_StdPeriph_Driver/src/stm32f10x_bkp.c ****   *     @arg BKP_RTCOutputSource_CalibClock: output the RTC clock with frequency
 179:../Libraries/STM32F10x_StdPeriph_Driver/src/stm32f10x_bkp.c ****   *                                          divided by 64 on the Tamper pin.
 180:../Libraries/STM32F10x_StdPeriph_Driver/src/stm32f10x_bkp.c ****   *     @arg BKP_RTCOutputSource_Alarm: output the RTC Alarm pulse signal on
 181:../Libraries/STM32F10x_StdPeriph_Driver/src/stm32f10x_bkp.c ****   *                                     the Tamper pin.
 182:../Libraries/STM32F10x_StdPeriph_Driver/src/stm32f10x_bkp.c ****   *     @arg BKP_RTCOutputSource_Second: output the RTC Second pulse signal on
 183:../Libraries/STM32F10x_StdPeriph_Driver/src/stm32f10x_bkp.c ****   *                                      the Tamper pin.  
 184:../Libraries/STM32F10x_StdPeriph_Driver/src/stm32f10x_bkp.c ****   * @retval None
 185:../Libraries/STM32F10x_StdPeriph_Driver/src/stm32f10x_bkp.c ****   */
 186:../Libraries/STM32F10x_StdPeriph_Driver/src/stm32f10x_bkp.c **** void BKP_RTCOutputConfig(uint16_t BKP_RTCOutputSource)
 187:../Libraries/STM32F10x_StdPeriph_Driver/src/stm32f10x_bkp.c **** {
 176              		.loc 1 187 0
 177              		.cfi_startproc
 178              		@ args = 0, pretend = 0, frame = 16
 179              		@ frame_needed = 1, uses_anonymous_args = 0
 180              		@ link register save eliminated.
 181 0078 80B4     		push	{r7}
 182              	.LCFI11:
 183              		.cfi_def_cfa_offset 4
 184              		.cfi_offset 7, -4
 185 007a 85B0     		sub	sp, sp, #20
 186              	.LCFI12:
 187              		.cfi_def_cfa_offset 24
 188 007c 00AF     		add	r7, sp, #0
 189              	.LCFI13:
 190              		.cfi_def_cfa_register 7
 191 007e 0346     		mov	r3, r0
 192 0080 FB80     		strh	r3, [r7, #6]	@ movhi
 188:../Libraries/STM32F10x_StdPeriph_Driver/src/stm32f10x_bkp.c ****   uint16_t tmpreg = 0;
 193              		.loc 1 188 0
 194 0082 4FF00003 		mov	r3, #0
 195 0086 FB81     		strh	r3, [r7, #14]	@ movhi
 189:../Libraries/STM32F10x_StdPeriph_Driver/src/stm32f10x_bkp.c ****   /* Check the parameters */
 190:../Libraries/STM32F10x_StdPeriph_Driver/src/stm32f10x_bkp.c ****   assert_param(IS_BKP_RTC_OUTPUT_SOURCE(BKP_RTCOutputSource));
 191:../Libraries/STM32F10x_StdPeriph_Driver/src/stm32f10x_bkp.c ****   tmpreg = BKP->RTCCR;
 196              		.loc 1 191 0
 197 0088 094B     		ldr	r3, .L12
 198 008a 9B8D     		ldrh	r3, [r3, #44]	@ movhi
 199 008c FB81     		strh	r3, [r7, #14]	@ movhi
 192:../Libraries/STM32F10x_StdPeriph_Driver/src/stm32f10x_bkp.c ****   /* Clear CCO, ASOE and ASOS bits */
 193:../Libraries/STM32F10x_StdPeriph_Driver/src/stm32f10x_bkp.c ****   tmpreg &= RTCCR_MASK;
 200              		.loc 1 193 0
 201 008e FB89     		ldrh	r3, [r7, #14]	@ movhi
 202 0090 23F46073 		bic	r3, r3, #896
 203 0094 FB81     		strh	r3, [r7, #14]	@ movhi
 194:../Libraries/STM32F10x_StdPeriph_Driver/src/stm32f10x_bkp.c ****   
 195:../Libraries/STM32F10x_StdPeriph_Driver/src/stm32f10x_bkp.c ****   /* Set CCO, ASOE and ASOS bits according to BKP_RTCOutputSource value */
 196:../Libraries/STM32F10x_StdPeriph_Driver/src/stm32f10x_bkp.c ****   tmpreg |= BKP_RTCOutputSource;
 204              		.loc 1 196 0
 205 0096 FA89     		ldrh	r2, [r7, #14]	@ movhi
 206 0098 FB88     		ldrh	r3, [r7, #6]	@ movhi
 207 009a 1343     		orrs	r3, r3, r2
 208 009c FB81     		strh	r3, [r7, #14]	@ movhi
 197:../Libraries/STM32F10x_StdPeriph_Driver/src/stm32f10x_bkp.c ****   /* Store the new value */
 198:../Libraries/STM32F10x_StdPeriph_Driver/src/stm32f10x_bkp.c ****   BKP->RTCCR = tmpreg;
 209              		.loc 1 198 0
 210 009e 044B     		ldr	r3, .L12
 211 00a0 FA89     		ldrh	r2, [r7, #14]	@ movhi
 212 00a2 9A85     		strh	r2, [r3, #44]	@ movhi
 199:../Libraries/STM32F10x_StdPeriph_Driver/src/stm32f10x_bkp.c **** }
 213              		.loc 1 199 0
 214 00a4 07F11407 		add	r7, r7, #20
 215 00a8 BD46     		mov	sp, r7
 216 00aa 80BC     		pop	{r7}
 217 00ac 7047     		bx	lr
 218              	.L13:
 219 00ae 00BF     		.align	2
 220              	.L12:
 221 00b0 006C0040 		.word	1073769472
 222              		.cfi_endproc
 223              	.LFE59:
 225              		.align	2
 226              		.global	BKP_SetRTCCalibrationValue
 227              		.thumb
 228              		.thumb_func
 230              	BKP_SetRTCCalibrationValue:
 231              	.LFB60:
 200:../Libraries/STM32F10x_StdPeriph_Driver/src/stm32f10x_bkp.c **** 
 201:../Libraries/STM32F10x_StdPeriph_Driver/src/stm32f10x_bkp.c **** /**
 202:../Libraries/STM32F10x_StdPeriph_Driver/src/stm32f10x_bkp.c ****   * @brief  Sets RTC Clock Calibration value.
 203:../Libraries/STM32F10x_StdPeriph_Driver/src/stm32f10x_bkp.c ****   * @param  CalibrationValue: specifies the RTC Clock Calibration value.
 204:../Libraries/STM32F10x_StdPeriph_Driver/src/stm32f10x_bkp.c ****   *   This parameter must be a number between 0 and 0x7F.
 205:../Libraries/STM32F10x_StdPeriph_Driver/src/stm32f10x_bkp.c ****   * @retval None
 206:../Libraries/STM32F10x_StdPeriph_Driver/src/stm32f10x_bkp.c ****   */
 207:../Libraries/STM32F10x_StdPeriph_Driver/src/stm32f10x_bkp.c **** void BKP_SetRTCCalibrationValue(uint8_t CalibrationValue)
 208:../Libraries/STM32F10x_StdPeriph_Driver/src/stm32f10x_bkp.c **** {
 232              		.loc 1 208 0
 233              		.cfi_startproc
 234              		@ args = 0, pretend = 0, frame = 16
 235              		@ frame_needed = 1, uses_anonymous_args = 0
 236              		@ link register save eliminated.
 237 00b4 80B4     		push	{r7}
 238              	.LCFI14:
 239              		.cfi_def_cfa_offset 4
 240              		.cfi_offset 7, -4
 241 00b6 85B0     		sub	sp, sp, #20
 242              	.LCFI15:
 243              		.cfi_def_cfa_offset 24
 244 00b8 00AF     		add	r7, sp, #0
 245              	.LCFI16:
 246              		.cfi_def_cfa_register 7
 247 00ba 0346     		mov	r3, r0
 248 00bc FB71     		strb	r3, [r7, #7]
 209:../Libraries/STM32F10x_StdPeriph_Driver/src/stm32f10x_bkp.c ****   uint16_t tmpreg = 0;
 249              		.loc 1 209 0
 250 00be 4FF00003 		mov	r3, #0
 251 00c2 FB81     		strh	r3, [r7, #14]	@ movhi
 210:../Libraries/STM32F10x_StdPeriph_Driver/src/stm32f10x_bkp.c ****   /* Check the parameters */
 211:../Libraries/STM32F10x_StdPeriph_Driver/src/stm32f10x_bkp.c ****   assert_param(IS_BKP_CALIBRATION_VALUE(CalibrationValue));
 212:../Libraries/STM32F10x_StdPeriph_Driver/src/stm32f10x_bkp.c ****   tmpreg = BKP->RTCCR;
 252              		.loc 1 212 0
 253 00c4 094B     		ldr	r3, .L15
 254 00c6 9B8D     		ldrh	r3, [r3, #44]	@ movhi
 255 00c8 FB81     		strh	r3, [r7, #14]	@ movhi
 213:../Libraries/STM32F10x_StdPeriph_Driver/src/stm32f10x_bkp.c ****   /* Clear CAL[6:0] bits */
 214:../Libraries/STM32F10x_StdPeriph_Driver/src/stm32f10x_bkp.c ****   tmpreg &= RTCCR_CAL_MASK;
 256              		.loc 1 214 0
 257 00ca FB89     		ldrh	r3, [r7, #14]	@ movhi
 258 00cc 23F07F03 		bic	r3, r3, #127
 259 00d0 FB81     		strh	r3, [r7, #14]	@ movhi
 215:../Libraries/STM32F10x_StdPeriph_Driver/src/stm32f10x_bkp.c ****   /* Set CAL[6:0] bits according to CalibrationValue value */
 216:../Libraries/STM32F10x_StdPeriph_Driver/src/stm32f10x_bkp.c ****   tmpreg |= CalibrationValue;
 260              		.loc 1 216 0
 261 00d2 FB79     		ldrb	r3, [r7, #7]	@ zero_extendqisi2
 262 00d4 9AB2     		uxth	r2, r3
 263 00d6 FB89     		ldrh	r3, [r7, #14]	@ movhi
 264 00d8 1343     		orrs	r3, r3, r2
 265 00da FB81     		strh	r3, [r7, #14]	@ movhi
 217:../Libraries/STM32F10x_StdPeriph_Driver/src/stm32f10x_bkp.c ****   /* Store the new value */
 218:../Libraries/STM32F10x_StdPeriph_Driver/src/stm32f10x_bkp.c ****   BKP->RTCCR = tmpreg;
 266              		.loc 1 218 0
 267 00dc 034B     		ldr	r3, .L15
 268 00de FA89     		ldrh	r2, [r7, #14]	@ movhi
 269 00e0 9A85     		strh	r2, [r3, #44]	@ movhi
 219:../Libraries/STM32F10x_StdPeriph_Driver/src/stm32f10x_bkp.c **** }
 270              		.loc 1 219 0
 271 00e2 07F11407 		add	r7, r7, #20
 272 00e6 BD46     		mov	sp, r7
 273 00e8 80BC     		pop	{r7}
 274 00ea 7047     		bx	lr
 275              	.L16:
 276              		.align	2
 277              	.L15:
 278 00ec 006C0040 		.word	1073769472
 279              		.cfi_endproc
 280              	.LFE60:
 282              		.align	2
 283              		.global	BKP_WriteBackupRegister
 284              		.thumb
 285              		.thumb_func
 287              	BKP_WriteBackupRegister:
 288              	.LFB61:
 220:../Libraries/STM32F10x_StdPeriph_Driver/src/stm32f10x_bkp.c **** 
 221:../Libraries/STM32F10x_StdPeriph_Driver/src/stm32f10x_bkp.c **** /**
 222:../Libraries/STM32F10x_StdPeriph_Driver/src/stm32f10x_bkp.c ****   * @brief  Writes user data to the specified Data Backup Register.
 223:../Libraries/STM32F10x_StdPeriph_Driver/src/stm32f10x_bkp.c ****   * @param  BKP_DR: specifies the Data Backup Register.
 224:../Libraries/STM32F10x_StdPeriph_Driver/src/stm32f10x_bkp.c ****   *   This parameter can be BKP_DRx where x:[1, 42]
 225:../Libraries/STM32F10x_StdPeriph_Driver/src/stm32f10x_bkp.c ****   * @param  Data: data to write
 226:../Libraries/STM32F10x_StdPeriph_Driver/src/stm32f10x_bkp.c ****   * @retval None
 227:../Libraries/STM32F10x_StdPeriph_Driver/src/stm32f10x_bkp.c ****   */
 228:../Libraries/STM32F10x_StdPeriph_Driver/src/stm32f10x_bkp.c **** void BKP_WriteBackupRegister(uint16_t BKP_DR, uint16_t Data)
 229:../Libraries/STM32F10x_StdPeriph_Driver/src/stm32f10x_bkp.c **** {
 289              		.loc 1 229 0
 290              		.cfi_startproc
 291              		@ args = 0, pretend = 0, frame = 16
 292              		@ frame_needed = 1, uses_anonymous_args = 0
 293              		@ link register save eliminated.
 294 00f0 80B4     		push	{r7}
 295              	.LCFI17:
 296              		.cfi_def_cfa_offset 4
 297              		.cfi_offset 7, -4
 298 00f2 85B0     		sub	sp, sp, #20
 299              	.LCFI18:
 300              		.cfi_def_cfa_offset 24
 301 00f4 00AF     		add	r7, sp, #0
 302              	.LCFI19:
 303              		.cfi_def_cfa_register 7
 304 00f6 0246     		mov	r2, r0
 305 00f8 0B46     		mov	r3, r1
 306 00fa FA80     		strh	r2, [r7, #6]	@ movhi
 307 00fc BB80     		strh	r3, [r7, #4]	@ movhi
 230:../Libraries/STM32F10x_StdPeriph_Driver/src/stm32f10x_bkp.c ****   __IO uint32_t tmp = 0;
 308              		.loc 1 230 0
 309 00fe 4FF00003 		mov	r3, #0
 310 0102 FB60     		str	r3, [r7, #12]
 231:../Libraries/STM32F10x_StdPeriph_Driver/src/stm32f10x_bkp.c **** 
 232:../Libraries/STM32F10x_StdPeriph_Driver/src/stm32f10x_bkp.c ****   /* Check the parameters */
 233:../Libraries/STM32F10x_StdPeriph_Driver/src/stm32f10x_bkp.c ****   assert_param(IS_BKP_DR(BKP_DR));
 234:../Libraries/STM32F10x_StdPeriph_Driver/src/stm32f10x_bkp.c **** 
 235:../Libraries/STM32F10x_StdPeriph_Driver/src/stm32f10x_bkp.c ****   tmp = (uint32_t)BKP_BASE; 
 311              		.loc 1 235 0
 312 0104 064B     		ldr	r3, .L18
 313 0106 FB60     		str	r3, [r7, #12]
 236:../Libraries/STM32F10x_StdPeriph_Driver/src/stm32f10x_bkp.c ****   tmp += BKP_DR;
 314              		.loc 1 236 0
 315 0108 FA88     		ldrh	r2, [r7, #6]
 316 010a FB68     		ldr	r3, [r7, #12]
 317 010c D318     		adds	r3, r2, r3
 318 010e FB60     		str	r3, [r7, #12]
 237:../Libraries/STM32F10x_StdPeriph_Driver/src/stm32f10x_bkp.c **** 
 238:../Libraries/STM32F10x_StdPeriph_Driver/src/stm32f10x_bkp.c ****   *(__IO uint32_t *) tmp = Data;
 319              		.loc 1 238 0
 320 0110 FB68     		ldr	r3, [r7, #12]
 321 0112 BA88     		ldrh	r2, [r7, #4]
 322 0114 1A60     		str	r2, [r3, #0]
 239:../Libraries/STM32F10x_StdPeriph_Driver/src/stm32f10x_bkp.c **** }
 323              		.loc 1 239 0
 324 0116 07F11407 		add	r7, r7, #20
 325 011a BD46     		mov	sp, r7
 326 011c 80BC     		pop	{r7}
 327 011e 7047     		bx	lr
 328              	.L19:
 329              		.align	2
 330              	.L18:
 331 0120 006C0040 		.word	1073769472
 332              		.cfi_endproc
 333              	.LFE61:
 335              		.align	2
 336              		.global	BKP_ReadBackupRegister
 337              		.thumb
 338              		.thumb_func
 340              	BKP_ReadBackupRegister:
 341              	.LFB62:
 240:../Libraries/STM32F10x_StdPeriph_Driver/src/stm32f10x_bkp.c **** 
 241:../Libraries/STM32F10x_StdPeriph_Driver/src/stm32f10x_bkp.c **** /**
 242:../Libraries/STM32F10x_StdPeriph_Driver/src/stm32f10x_bkp.c ****   * @brief  Reads data from the specified Data Backup Register.
 243:../Libraries/STM32F10x_StdPeriph_Driver/src/stm32f10x_bkp.c ****   * @param  BKP_DR: specifies the Data Backup Register.
 244:../Libraries/STM32F10x_StdPeriph_Driver/src/stm32f10x_bkp.c ****   *   This parameter can be BKP_DRx where x:[1, 42]
 245:../Libraries/STM32F10x_StdPeriph_Driver/src/stm32f10x_bkp.c ****   * @retval The content of the specified Data Backup Register
 246:../Libraries/STM32F10x_StdPeriph_Driver/src/stm32f10x_bkp.c ****   */
 247:../Libraries/STM32F10x_StdPeriph_Driver/src/stm32f10x_bkp.c **** uint16_t BKP_ReadBackupRegister(uint16_t BKP_DR)
 248:../Libraries/STM32F10x_StdPeriph_Driver/src/stm32f10x_bkp.c **** {
 342              		.loc 1 248 0
 343              		.cfi_startproc
 344              		@ args = 0, pretend = 0, frame = 16
 345              		@ frame_needed = 1, uses_anonymous_args = 0
 346              		@ link register save eliminated.
 347 0124 80B4     		push	{r7}
 348              	.LCFI20:
 349              		.cfi_def_cfa_offset 4
 350              		.cfi_offset 7, -4
 351 0126 85B0     		sub	sp, sp, #20
 352              	.LCFI21:
 353              		.cfi_def_cfa_offset 24
 354 0128 00AF     		add	r7, sp, #0
 355              	.LCFI22:
 356              		.cfi_def_cfa_register 7
 357 012a 0346     		mov	r3, r0
 358 012c FB80     		strh	r3, [r7, #6]	@ movhi
 249:../Libraries/STM32F10x_StdPeriph_Driver/src/stm32f10x_bkp.c ****   __IO uint32_t tmp = 0;
 359              		.loc 1 249 0
 360 012e 4FF00003 		mov	r3, #0
 361 0132 FB60     		str	r3, [r7, #12]
 250:../Libraries/STM32F10x_StdPeriph_Driver/src/stm32f10x_bkp.c **** 
 251:../Libraries/STM32F10x_StdPeriph_Driver/src/stm32f10x_bkp.c ****   /* Check the parameters */
 252:../Libraries/STM32F10x_StdPeriph_Driver/src/stm32f10x_bkp.c ****   assert_param(IS_BKP_DR(BKP_DR));
 253:../Libraries/STM32F10x_StdPeriph_Driver/src/stm32f10x_bkp.c **** 
 254:../Libraries/STM32F10x_StdPeriph_Driver/src/stm32f10x_bkp.c ****   tmp = (uint32_t)BKP_BASE; 
 362              		.loc 1 254 0
 363 0134 074B     		ldr	r3, .L22
 364 0136 FB60     		str	r3, [r7, #12]
 255:../Libraries/STM32F10x_StdPeriph_Driver/src/stm32f10x_bkp.c ****   tmp += BKP_DR;
 365              		.loc 1 255 0
 366 0138 FA88     		ldrh	r2, [r7, #6]
 367 013a FB68     		ldr	r3, [r7, #12]
 368 013c D318     		adds	r3, r2, r3
 369 013e FB60     		str	r3, [r7, #12]
 256:../Libraries/STM32F10x_StdPeriph_Driver/src/stm32f10x_bkp.c **** 
 257:../Libraries/STM32F10x_StdPeriph_Driver/src/stm32f10x_bkp.c ****   return (*(__IO uint16_t *) tmp);
 370              		.loc 1 257 0
 371 0140 FB68     		ldr	r3, [r7, #12]
 372 0142 1B88     		ldrh	r3, [r3, #0]	@ movhi
 373 0144 9BB2     		uxth	r3, r3
 258:../Libraries/STM32F10x_StdPeriph_Driver/src/stm32f10x_bkp.c **** }
 374              		.loc 1 258 0
 375 0146 1846     		mov	r0, r3
 376 0148 07F11407 		add	r7, r7, #20
 377 014c BD46     		mov	sp, r7
 378 014e 80BC     		pop	{r7}
 379 0150 7047     		bx	lr
 380              	.L23:
 381 0152 00BF     		.align	2
 382              	.L22:
 383 0154 006C0040 		.word	1073769472
 384              		.cfi_endproc
 385              	.LFE62:
 387              		.align	2
 388              		.global	BKP_GetFlagStatus
 389              		.thumb
 390              		.thumb_func
 392              	BKP_GetFlagStatus:
 393              	.LFB63:
 259:../Libraries/STM32F10x_StdPeriph_Driver/src/stm32f10x_bkp.c **** 
 260:../Libraries/STM32F10x_StdPeriph_Driver/src/stm32f10x_bkp.c **** /**
 261:../Libraries/STM32F10x_StdPeriph_Driver/src/stm32f10x_bkp.c ****   * @brief  Checks whether the Tamper Pin Event flag is set or not.
 262:../Libraries/STM32F10x_StdPeriph_Driver/src/stm32f10x_bkp.c ****   * @param  None
 263:../Libraries/STM32F10x_StdPeriph_Driver/src/stm32f10x_bkp.c ****   * @retval The new state of the Tamper Pin Event flag (SET or RESET).
 264:../Libraries/STM32F10x_StdPeriph_Driver/src/stm32f10x_bkp.c ****   */
 265:../Libraries/STM32F10x_StdPeriph_Driver/src/stm32f10x_bkp.c **** FlagStatus BKP_GetFlagStatus(void)
 266:../Libraries/STM32F10x_StdPeriph_Driver/src/stm32f10x_bkp.c **** {
 394              		.loc 1 266 0
 395              		.cfi_startproc
 396              		@ args = 0, pretend = 0, frame = 0
 397              		@ frame_needed = 1, uses_anonymous_args = 0
 398              		@ link register save eliminated.
 399 0158 80B4     		push	{r7}
 400              	.LCFI23:
 401              		.cfi_def_cfa_offset 4
 402              		.cfi_offset 7, -4
 403 015a 00AF     		add	r7, sp, #0
 404              	.LCFI24:
 405              		.cfi_def_cfa_register 7
 267:../Libraries/STM32F10x_StdPeriph_Driver/src/stm32f10x_bkp.c ****   return (FlagStatus)(*(__IO uint32_t *) CSR_TEF_BB);
 406              		.loc 1 267 0
 407 015c 034B     		ldr	r3, .L26
 408 015e 1B68     		ldr	r3, [r3, #0]
 409 0160 DBB2     		uxtb	r3, r3
 268:../Libraries/STM32F10x_StdPeriph_Driver/src/stm32f10x_bkp.c **** }
 410              		.loc 1 268 0
 411 0162 1846     		mov	r0, r3
 412 0164 BD46     		mov	sp, r7
 413 0166 80BC     		pop	{r7}
 414 0168 7047     		bx	lr
 415              	.L27:
 416 016a 00BF     		.align	2
 417              	.L26:
 418 016c A0860D42 		.word	1108182688
 419              		.cfi_endproc
 420              	.LFE63:
 422              		.align	2
 423              		.global	BKP_ClearFlag
 424              		.thumb
 425              		.thumb_func
 427              	BKP_ClearFlag:
 428              	.LFB64:
 269:../Libraries/STM32F10x_StdPeriph_Driver/src/stm32f10x_bkp.c **** 
 270:../Libraries/STM32F10x_StdPeriph_Driver/src/stm32f10x_bkp.c **** /**
 271:../Libraries/STM32F10x_StdPeriph_Driver/src/stm32f10x_bkp.c ****   * @brief  Clears Tamper Pin Event pending flag.
 272:../Libraries/STM32F10x_StdPeriph_Driver/src/stm32f10x_bkp.c ****   * @param  None
 273:../Libraries/STM32F10x_StdPeriph_Driver/src/stm32f10x_bkp.c ****   * @retval None
 274:../Libraries/STM32F10x_StdPeriph_Driver/src/stm32f10x_bkp.c ****   */
 275:../Libraries/STM32F10x_StdPeriph_Driver/src/stm32f10x_bkp.c **** void BKP_ClearFlag(void)
 276:../Libraries/STM32F10x_StdPeriph_Driver/src/stm32f10x_bkp.c **** {
 429              		.loc 1 276 0
 430              		.cfi_startproc
 431              		@ args = 0, pretend = 0, frame = 0
 432              		@ frame_needed = 1, uses_anonymous_args = 0
 433              		@ link register save eliminated.
 434 0170 80B4     		push	{r7}
 435              	.LCFI25:
 436              		.cfi_def_cfa_offset 4
 437              		.cfi_offset 7, -4
 438 0172 00AF     		add	r7, sp, #0
 439              	.LCFI26:
 440              		.cfi_def_cfa_register 7
 277:../Libraries/STM32F10x_StdPeriph_Driver/src/stm32f10x_bkp.c ****   /* Set CTE bit to clear Tamper Pin Event flag */
 278:../Libraries/STM32F10x_StdPeriph_Driver/src/stm32f10x_bkp.c ****   BKP->CSR |= BKP_CSR_CTE;
 441              		.loc 1 278 0
 442 0174 054B     		ldr	r3, .L29
 443 0176 054A     		ldr	r2, .L29
 444 0178 928E     		ldrh	r2, [r2, #52]	@ movhi
 445 017a 92B2     		uxth	r2, r2
 446 017c 42F00102 		orr	r2, r2, #1
 447 0180 92B2     		uxth	r2, r2
 448 0182 9A86     		strh	r2, [r3, #52]	@ movhi
 279:../Libraries/STM32F10x_StdPeriph_Driver/src/stm32f10x_bkp.c **** }
 449              		.loc 1 279 0
 450 0184 BD46     		mov	sp, r7
 451 0186 80BC     		pop	{r7}
 452 0188 7047     		bx	lr
 453              	.L30:
 454 018a 00BF     		.align	2
 455              	.L29:
 456 018c 006C0040 		.word	1073769472
 457              		.cfi_endproc
 458              	.LFE64:
 460              		.align	2
 461              		.global	BKP_GetITStatus
 462              		.thumb
 463              		.thumb_func
 465              	BKP_GetITStatus:
 466              	.LFB65:
 280:../Libraries/STM32F10x_StdPeriph_Driver/src/stm32f10x_bkp.c **** 
 281:../Libraries/STM32F10x_StdPeriph_Driver/src/stm32f10x_bkp.c **** /**
 282:../Libraries/STM32F10x_StdPeriph_Driver/src/stm32f10x_bkp.c ****   * @brief  Checks whether the Tamper Pin Interrupt has occurred or not.
 283:../Libraries/STM32F10x_StdPeriph_Driver/src/stm32f10x_bkp.c ****   * @param  None
 284:../Libraries/STM32F10x_StdPeriph_Driver/src/stm32f10x_bkp.c ****   * @retval The new state of the Tamper Pin Interrupt (SET or RESET).
 285:../Libraries/STM32F10x_StdPeriph_Driver/src/stm32f10x_bkp.c ****   */
 286:../Libraries/STM32F10x_StdPeriph_Driver/src/stm32f10x_bkp.c **** ITStatus BKP_GetITStatus(void)
 287:../Libraries/STM32F10x_StdPeriph_Driver/src/stm32f10x_bkp.c **** {
 467              		.loc 1 287 0
 468              		.cfi_startproc
 469              		@ args = 0, pretend = 0, frame = 0
 470              		@ frame_needed = 1, uses_anonymous_args = 0
 471              		@ link register save eliminated.
 472 0190 80B4     		push	{r7}
 473              	.LCFI27:
 474              		.cfi_def_cfa_offset 4
 475              		.cfi_offset 7, -4
 476 0192 00AF     		add	r7, sp, #0
 477              	.LCFI28:
 478              		.cfi_def_cfa_register 7
 288:../Libraries/STM32F10x_StdPeriph_Driver/src/stm32f10x_bkp.c ****   return (ITStatus)(*(__IO uint32_t *) CSR_TIF_BB);
 479              		.loc 1 288 0
 480 0194 034B     		ldr	r3, .L33
 481 0196 1B68     		ldr	r3, [r3, #0]
 482 0198 DBB2     		uxtb	r3, r3
 289:../Libraries/STM32F10x_StdPeriph_Driver/src/stm32f10x_bkp.c **** }
 483              		.loc 1 289 0
 484 019a 1846     		mov	r0, r3
 485 019c BD46     		mov	sp, r7
 486 019e 80BC     		pop	{r7}
 487 01a0 7047     		bx	lr
 488              	.L34:
 489 01a2 00BF     		.align	2
 490              	.L33:
 491 01a4 A4860D42 		.word	1108182692
 492              		.cfi_endproc
 493              	.LFE65:
 495              		.align	2
 496              		.global	BKP_ClearITPendingBit
 497              		.thumb
 498              		.thumb_func
 500              	BKP_ClearITPendingBit:
 501              	.LFB66:
 290:../Libraries/STM32F10x_StdPeriph_Driver/src/stm32f10x_bkp.c **** 
 291:../Libraries/STM32F10x_StdPeriph_Driver/src/stm32f10x_bkp.c **** /**
 292:../Libraries/STM32F10x_StdPeriph_Driver/src/stm32f10x_bkp.c ****   * @brief  Clears Tamper Pin Interrupt pending bit.
 293:../Libraries/STM32F10x_StdPeriph_Driver/src/stm32f10x_bkp.c ****   * @param  None
 294:../Libraries/STM32F10x_StdPeriph_Driver/src/stm32f10x_bkp.c ****   * @retval None
 295:../Libraries/STM32F10x_StdPeriph_Driver/src/stm32f10x_bkp.c ****   */
 296:../Libraries/STM32F10x_StdPeriph_Driver/src/stm32f10x_bkp.c **** void BKP_ClearITPendingBit(void)
 297:../Libraries/STM32F10x_StdPeriph_Driver/src/stm32f10x_bkp.c **** {
 502              		.loc 1 297 0
 503              		.cfi_startproc
 504              		@ args = 0, pretend = 0, frame = 0
 505              		@ frame_needed = 1, uses_anonymous_args = 0
 506              		@ link register save eliminated.
 507 01a8 80B4     		push	{r7}
 508              	.LCFI29:
 509              		.cfi_def_cfa_offset 4
 510              		.cfi_offset 7, -4
 511 01aa 00AF     		add	r7, sp, #0
 512              	.LCFI30:
 513              		.cfi_def_cfa_register 7
 298:../Libraries/STM32F10x_StdPeriph_Driver/src/stm32f10x_bkp.c ****   /* Set CTI bit to clear Tamper Pin Interrupt pending bit */
 299:../Libraries/STM32F10x_StdPeriph_Driver/src/stm32f10x_bkp.c ****   BKP->CSR |= BKP_CSR_CTI;
 514              		.loc 1 299 0
 515 01ac 054B     		ldr	r3, .L36
 516 01ae 054A     		ldr	r2, .L36
 517 01b0 928E     		ldrh	r2, [r2, #52]	@ movhi
 518 01b2 92B2     		uxth	r2, r2
 519 01b4 42F00202 		orr	r2, r2, #2
 520 01b8 92B2     		uxth	r2, r2
 521 01ba 9A86     		strh	r2, [r3, #52]	@ movhi
 300:../Libraries/STM32F10x_StdPeriph_Driver/src/stm32f10x_bkp.c **** }
 522              		.loc 1 300 0
 523 01bc BD46     		mov	sp, r7
 524 01be 80BC     		pop	{r7}
 525 01c0 7047     		bx	lr
 526              	.L37:
 527 01c2 00BF     		.align	2
 528              	.L36:
 529 01c4 006C0040 		.word	1073769472
 530              		.cfi_endproc
 531              	.LFE66:
 533              	.Letext0:
 534              		.file 2 "c:\\program files (x86)\\codesourcery\\sourcery_codebench_lite_for_arm_eabi\\bin\\../lib/
 535              		.file 3 "D:\\EclipseIndigo\\workspace\\xelo\\src/stm32f10x.h"
 536              		.file 4 "D:\\EclipseIndigo\\workspace\\xelo\\Libraries\\CMSIS\\Include/core_cm3.h"
DEFINED SYMBOLS
                            *ABS*:00000000 stm32f10x_bkp.c
C:\Users\THANGN~1\AppData\Local\Temp\ccBMOc5G.s:18     .text:00000000 $t
C:\Users\THANGN~1\AppData\Local\Temp\ccBMOc5G.s:23     .text:00000000 BKP_DeInit
C:\Users\THANGN~1\AppData\Local\Temp\ccBMOc5G.s:54     .text:00000018 BKP_TamperPinLevelConfig
C:\Users\THANGN~1\AppData\Local\Temp\ccBMOc5G.s:85     .text:00000034 $d
C:\Users\THANGN~1\AppData\Local\Temp\ccBMOc5G.s:89     .text:00000038 $t
C:\Users\THANGN~1\AppData\Local\Temp\ccBMOc5G.s:94     .text:00000038 BKP_TamperPinCmd
C:\Users\THANGN~1\AppData\Local\Temp\ccBMOc5G.s:125    .text:00000054 $d
C:\Users\THANGN~1\AppData\Local\Temp\ccBMOc5G.s:129    .text:00000058 $t
C:\Users\THANGN~1\AppData\Local\Temp\ccBMOc5G.s:134    .text:00000058 BKP_ITConfig
C:\Users\THANGN~1\AppData\Local\Temp\ccBMOc5G.s:165    .text:00000074 $d
C:\Users\THANGN~1\AppData\Local\Temp\ccBMOc5G.s:169    .text:00000078 $t
C:\Users\THANGN~1\AppData\Local\Temp\ccBMOc5G.s:174    .text:00000078 BKP_RTCOutputConfig
C:\Users\THANGN~1\AppData\Local\Temp\ccBMOc5G.s:221    .text:000000b0 $d
C:\Users\THANGN~1\AppData\Local\Temp\ccBMOc5G.s:225    .text:000000b4 $t
C:\Users\THANGN~1\AppData\Local\Temp\ccBMOc5G.s:230    .text:000000b4 BKP_SetRTCCalibrationValue
C:\Users\THANGN~1\AppData\Local\Temp\ccBMOc5G.s:278    .text:000000ec $d
C:\Users\THANGN~1\AppData\Local\Temp\ccBMOc5G.s:282    .text:000000f0 $t
C:\Users\THANGN~1\AppData\Local\Temp\ccBMOc5G.s:287    .text:000000f0 BKP_WriteBackupRegister
C:\Users\THANGN~1\AppData\Local\Temp\ccBMOc5G.s:331    .text:00000120 $d
C:\Users\THANGN~1\AppData\Local\Temp\ccBMOc5G.s:335    .text:00000124 $t
C:\Users\THANGN~1\AppData\Local\Temp\ccBMOc5G.s:340    .text:00000124 BKP_ReadBackupRegister
C:\Users\THANGN~1\AppData\Local\Temp\ccBMOc5G.s:383    .text:00000154 $d
C:\Users\THANGN~1\AppData\Local\Temp\ccBMOc5G.s:387    .text:00000158 $t
C:\Users\THANGN~1\AppData\Local\Temp\ccBMOc5G.s:392    .text:00000158 BKP_GetFlagStatus
C:\Users\THANGN~1\AppData\Local\Temp\ccBMOc5G.s:418    .text:0000016c $d
C:\Users\THANGN~1\AppData\Local\Temp\ccBMOc5G.s:422    .text:00000170 $t
C:\Users\THANGN~1\AppData\Local\Temp\ccBMOc5G.s:427    .text:00000170 BKP_ClearFlag
C:\Users\THANGN~1\AppData\Local\Temp\ccBMOc5G.s:456    .text:0000018c $d
C:\Users\THANGN~1\AppData\Local\Temp\ccBMOc5G.s:460    .text:00000190 $t
C:\Users\THANGN~1\AppData\Local\Temp\ccBMOc5G.s:465    .text:00000190 BKP_GetITStatus
C:\Users\THANGN~1\AppData\Local\Temp\ccBMOc5G.s:491    .text:000001a4 $d
C:\Users\THANGN~1\AppData\Local\Temp\ccBMOc5G.s:495    .text:000001a8 $t
C:\Users\THANGN~1\AppData\Local\Temp\ccBMOc5G.s:500    .text:000001a8 BKP_ClearITPendingBit
C:\Users\THANGN~1\AppData\Local\Temp\ccBMOc5G.s:529    .text:000001c4 $d
                     .debug_frame:00000010 $d
                           .group:00000000 wm4.1.6e5f3786b89b666b3dcc7c4c84d9d480
                           .group:00000000 wm4.stm32f10x.h.57.69ab29c83f735418a543aa508b559235
                           .group:00000000 wm4.core_cm3.h.32.49180ccb4d36cabd2d7016d2a51d91ae
                           .group:00000000 wm4.stdint.h.10.90b695f550ca6cc3fb08fa83baf01e05
                           .group:00000000 wm4.core_cmInstr.h.25.f50f886f2edf670cf199b35fd96f5c91
                           .group:00000000 wm4.core_cm3.h.130.36d879c1aefb6e578e399a5de749a503
                           .group:00000000 wm4.stm32f10x.h.532.b2b0c08e77686a45dbc3252d064cb2e1
                           .group:00000000 wm4.stm32f10x_adc.h.89.9f2b285fa0070185d48a05b61a05798c
                           .group:00000000 wm4.stm32f10x_can.h.31.b14273b95de79d8fbb020ba042473fb1
                           .group:00000000 wm4.stm32f10x_cec.h.31.29c77e36bfe4567e85f26cdcc60def64
                           .group:00000000 wm4.stm32f10x_dac.h.31.116c27cadc3b4ee8aa44ed11b14b64ae
                           .group:00000000 wm4.stm32f10x_dbgmcu.h.31.45f176e9b7a15051b8c69cb2700c78b8
                           .group:00000000 wm4.stm32f10x_dma.h.31.ef16218235edc52b414c0353f44b4bf0
                           .group:00000000 wm4.stm32f10x_exti.h.31.b25bcb4f1a2daad39d2d7dfa4e901646
                           .group:00000000 wm4.stm32f10x_flash.h.31.0203bc95b65c5396b67991e07a675efb
                           .group:00000000 wm4.stm32f10x_fsmc.h.31.a761d459aa046c2769a99b93e8763ba0
                           .group:00000000 wm4.stm32f10x_gpio.h.31.0a32659dbac1fc1055c7cbdc248963be
                           .group:00000000 wm4.stm32f10x_i2c.h.31.93d7dc2d477856f119d957730d4c6f1c
                           .group:00000000 wm4.stm32f10x_iwdg.h.31.959ae9b7e1d603f1e5ae6468c0fc1624
                           .group:00000000 wm4.stm32f10x_pwr.h.31.9168b6921e0cf03b467c7ed90861c701
                           .group:00000000 wm4.stm32f10x_rcc.h.31.2ee3219a25ef4ced658f2fe9d8cd94aa
                           .group:00000000 wm4.stm32f10x_rtc.h.31.00ba78fc0dbb06b6e6783a1e7fccf5a0
                           .group:00000000 wm4.stm32f10x_sdio.h.31.37dab89d08b2364a3dfaace444dec7c3
                           .group:00000000 wm4.stm32f10x_spi.h.31.d2f6e4626887cabe8c98f3a185590a36
                           .group:00000000 wm4.stm32f10x_tim.h.31.6c06f7f26e0864f9cd59597f46ca2c7c
                           .group:00000000 wm4.stm32f10x_usart.h.31.28d75d6af05cefbbfa00cf30a7c8a335
                           .group:00000000 wm4.stm32f10x_wwdg.h.31.4504f930b88ade4f56d1e3f2a11c098b
                           .group:00000000 wm4.misc.h.31.a89fba2040036f6f8c835a78a213e0cd
                           .group:00000000 wm4.stm32f10x.h.8356.9fd2fa84655112ac7dfc5c88beeb383d
                           .group:00000000 wm4.stm32f10x_bkp.h.64.07c104f22a887098a9ccb01471e84bcc

UNDEFINED SYMBOLS
RCC_BackupResetCmd
