   1              		.syntax unified
   2              		.cpu cortex-m3
   3              		.fpu softvfp
   4              		.eabi_attribute 20, 1
   5              		.eabi_attribute 21, 1
   6              		.eabi_attribute 23, 3
   7              		.eabi_attribute 24, 1
   8              		.eabi_attribute 25, 1
   9              		.eabi_attribute 26, 1
  10              		.eabi_attribute 30, 6
  11              		.eabi_attribute 34, 1
  12              		.eabi_attribute 18, 4
  13              		.thumb
  14              		.file	"stm32f10x_dac.c"
  15              		.text
  16              	.Ltext0:
  17              		.cfi_sections	.debug_frame
  18              		.align	2
  19              		.global	DAC_DeInit
  20              		.thumb
  21              		.thumb_func
  23              	DAC_DeInit:
  24              	.LFB55:
  25              		.file 1 "../Libraries/STM32F10x_StdPeriph_Driver/src/stm32f10x_dac.c"
   1:../Libraries/STM32F10x_StdPeriph_Driver/src/stm32f10x_dac.c **** /**
   2:../Libraries/STM32F10x_StdPeriph_Driver/src/stm32f10x_dac.c ****   ******************************************************************************
   3:../Libraries/STM32F10x_StdPeriph_Driver/src/stm32f10x_dac.c ****   * @file    stm32f10x_dac.c
   4:../Libraries/STM32F10x_StdPeriph_Driver/src/stm32f10x_dac.c ****   * @author  MCD Application Team
   5:../Libraries/STM32F10x_StdPeriph_Driver/src/stm32f10x_dac.c ****   * @version V3.6.1
   6:../Libraries/STM32F10x_StdPeriph_Driver/src/stm32f10x_dac.c ****   * @date    05-March-2012
   7:../Libraries/STM32F10x_StdPeriph_Driver/src/stm32f10x_dac.c ****   * @brief   This file provides all the DAC firmware functions.
   8:../Libraries/STM32F10x_StdPeriph_Driver/src/stm32f10x_dac.c ****   ******************************************************************************
   9:../Libraries/STM32F10x_StdPeriph_Driver/src/stm32f10x_dac.c ****   * @attention
  10:../Libraries/STM32F10x_StdPeriph_Driver/src/stm32f10x_dac.c ****   *
  11:../Libraries/STM32F10x_StdPeriph_Driver/src/stm32f10x_dac.c ****   * <h2><center>&copy; COPYRIGHT 2012 STMicroelectronics</center></h2>
  12:../Libraries/STM32F10x_StdPeriph_Driver/src/stm32f10x_dac.c ****   *
  13:../Libraries/STM32F10x_StdPeriph_Driver/src/stm32f10x_dac.c ****   * Licensed under MCD-ST Liberty SW License Agreement V2, (the "License");
  14:../Libraries/STM32F10x_StdPeriph_Driver/src/stm32f10x_dac.c ****   * You may not use this file except in compliance with the License.
  15:../Libraries/STM32F10x_StdPeriph_Driver/src/stm32f10x_dac.c ****   * You may obtain a copy of the License at:
  16:../Libraries/STM32F10x_StdPeriph_Driver/src/stm32f10x_dac.c ****   *
  17:../Libraries/STM32F10x_StdPeriph_Driver/src/stm32f10x_dac.c ****   *        http://www.st.com/software_license_agreement_liberty_v2
  18:../Libraries/STM32F10x_StdPeriph_Driver/src/stm32f10x_dac.c ****   *
  19:../Libraries/STM32F10x_StdPeriph_Driver/src/stm32f10x_dac.c ****   * Unless required by applicable law or agreed to in writing, software 
  20:../Libraries/STM32F10x_StdPeriph_Driver/src/stm32f10x_dac.c ****   * distributed under the License is distributed on an "AS IS" BASIS, 
  21:../Libraries/STM32F10x_StdPeriph_Driver/src/stm32f10x_dac.c ****   * WITHOUT WARRANTIES OR CONDITIONS OF ANY KIND, either express or implied.
  22:../Libraries/STM32F10x_StdPeriph_Driver/src/stm32f10x_dac.c ****   * See the License for the specific language governing permissions and
  23:../Libraries/STM32F10x_StdPeriph_Driver/src/stm32f10x_dac.c ****   * limitations under the License.
  24:../Libraries/STM32F10x_StdPeriph_Driver/src/stm32f10x_dac.c ****   *
  25:../Libraries/STM32F10x_StdPeriph_Driver/src/stm32f10x_dac.c ****   ******************************************************************************
  26:../Libraries/STM32F10x_StdPeriph_Driver/src/stm32f10x_dac.c ****   */
  27:../Libraries/STM32F10x_StdPeriph_Driver/src/stm32f10x_dac.c **** 
  28:../Libraries/STM32F10x_StdPeriph_Driver/src/stm32f10x_dac.c **** /* Includes ------------------------------------------------------------------*/
  29:../Libraries/STM32F10x_StdPeriph_Driver/src/stm32f10x_dac.c **** #include "stm32f10x_dac.h"
  30:../Libraries/STM32F10x_StdPeriph_Driver/src/stm32f10x_dac.c **** #include "stm32f10x_rcc.h"
  31:../Libraries/STM32F10x_StdPeriph_Driver/src/stm32f10x_dac.c **** 
  32:../Libraries/STM32F10x_StdPeriph_Driver/src/stm32f10x_dac.c **** /** @addtogroup STM32F10x_StdPeriph_Driver
  33:../Libraries/STM32F10x_StdPeriph_Driver/src/stm32f10x_dac.c ****   * @{
  34:../Libraries/STM32F10x_StdPeriph_Driver/src/stm32f10x_dac.c ****   */
  35:../Libraries/STM32F10x_StdPeriph_Driver/src/stm32f10x_dac.c **** 
  36:../Libraries/STM32F10x_StdPeriph_Driver/src/stm32f10x_dac.c **** /** @defgroup DAC 
  37:../Libraries/STM32F10x_StdPeriph_Driver/src/stm32f10x_dac.c ****   * @brief DAC driver modules
  38:../Libraries/STM32F10x_StdPeriph_Driver/src/stm32f10x_dac.c ****   * @{
  39:../Libraries/STM32F10x_StdPeriph_Driver/src/stm32f10x_dac.c ****   */ 
  40:../Libraries/STM32F10x_StdPeriph_Driver/src/stm32f10x_dac.c **** 
  41:../Libraries/STM32F10x_StdPeriph_Driver/src/stm32f10x_dac.c **** /** @defgroup DAC_Private_TypesDefinitions
  42:../Libraries/STM32F10x_StdPeriph_Driver/src/stm32f10x_dac.c ****   * @{
  43:../Libraries/STM32F10x_StdPeriph_Driver/src/stm32f10x_dac.c ****   */
  44:../Libraries/STM32F10x_StdPeriph_Driver/src/stm32f10x_dac.c **** 
  45:../Libraries/STM32F10x_StdPeriph_Driver/src/stm32f10x_dac.c **** /**
  46:../Libraries/STM32F10x_StdPeriph_Driver/src/stm32f10x_dac.c ****   * @}
  47:../Libraries/STM32F10x_StdPeriph_Driver/src/stm32f10x_dac.c ****   */
  48:../Libraries/STM32F10x_StdPeriph_Driver/src/stm32f10x_dac.c **** 
  49:../Libraries/STM32F10x_StdPeriph_Driver/src/stm32f10x_dac.c **** /** @defgroup DAC_Private_Defines
  50:../Libraries/STM32F10x_StdPeriph_Driver/src/stm32f10x_dac.c ****   * @{
  51:../Libraries/STM32F10x_StdPeriph_Driver/src/stm32f10x_dac.c ****   */
  52:../Libraries/STM32F10x_StdPeriph_Driver/src/stm32f10x_dac.c **** 
  53:../Libraries/STM32F10x_StdPeriph_Driver/src/stm32f10x_dac.c **** /* CR register Mask */
  54:../Libraries/STM32F10x_StdPeriph_Driver/src/stm32f10x_dac.c **** #define CR_CLEAR_MASK              ((uint32_t)0x00000FFE)
  55:../Libraries/STM32F10x_StdPeriph_Driver/src/stm32f10x_dac.c **** 
  56:../Libraries/STM32F10x_StdPeriph_Driver/src/stm32f10x_dac.c **** /* DAC Dual Channels SWTRIG masks */
  57:../Libraries/STM32F10x_StdPeriph_Driver/src/stm32f10x_dac.c **** #define DUAL_SWTRIG_SET            ((uint32_t)0x00000003)
  58:../Libraries/STM32F10x_StdPeriph_Driver/src/stm32f10x_dac.c **** #define DUAL_SWTRIG_RESET          ((uint32_t)0xFFFFFFFC)
  59:../Libraries/STM32F10x_StdPeriph_Driver/src/stm32f10x_dac.c **** 
  60:../Libraries/STM32F10x_StdPeriph_Driver/src/stm32f10x_dac.c **** /* DHR registers offsets */
  61:../Libraries/STM32F10x_StdPeriph_Driver/src/stm32f10x_dac.c **** #define DHR12R1_OFFSET             ((uint32_t)0x00000008)
  62:../Libraries/STM32F10x_StdPeriph_Driver/src/stm32f10x_dac.c **** #define DHR12R2_OFFSET             ((uint32_t)0x00000014)
  63:../Libraries/STM32F10x_StdPeriph_Driver/src/stm32f10x_dac.c **** #define DHR12RD_OFFSET             ((uint32_t)0x00000020)
  64:../Libraries/STM32F10x_StdPeriph_Driver/src/stm32f10x_dac.c **** 
  65:../Libraries/STM32F10x_StdPeriph_Driver/src/stm32f10x_dac.c **** /* DOR register offset */
  66:../Libraries/STM32F10x_StdPeriph_Driver/src/stm32f10x_dac.c **** #define DOR_OFFSET                 ((uint32_t)0x0000002C)
  67:../Libraries/STM32F10x_StdPeriph_Driver/src/stm32f10x_dac.c **** /**
  68:../Libraries/STM32F10x_StdPeriph_Driver/src/stm32f10x_dac.c ****   * @}
  69:../Libraries/STM32F10x_StdPeriph_Driver/src/stm32f10x_dac.c ****   */
  70:../Libraries/STM32F10x_StdPeriph_Driver/src/stm32f10x_dac.c **** 
  71:../Libraries/STM32F10x_StdPeriph_Driver/src/stm32f10x_dac.c **** /** @defgroup DAC_Private_Macros
  72:../Libraries/STM32F10x_StdPeriph_Driver/src/stm32f10x_dac.c ****   * @{
  73:../Libraries/STM32F10x_StdPeriph_Driver/src/stm32f10x_dac.c ****   */
  74:../Libraries/STM32F10x_StdPeriph_Driver/src/stm32f10x_dac.c **** 
  75:../Libraries/STM32F10x_StdPeriph_Driver/src/stm32f10x_dac.c **** /**
  76:../Libraries/STM32F10x_StdPeriph_Driver/src/stm32f10x_dac.c ****   * @}
  77:../Libraries/STM32F10x_StdPeriph_Driver/src/stm32f10x_dac.c ****   */
  78:../Libraries/STM32F10x_StdPeriph_Driver/src/stm32f10x_dac.c **** 
  79:../Libraries/STM32F10x_StdPeriph_Driver/src/stm32f10x_dac.c **** /** @defgroup DAC_Private_Variables
  80:../Libraries/STM32F10x_StdPeriph_Driver/src/stm32f10x_dac.c ****   * @{
  81:../Libraries/STM32F10x_StdPeriph_Driver/src/stm32f10x_dac.c ****   */
  82:../Libraries/STM32F10x_StdPeriph_Driver/src/stm32f10x_dac.c **** 
  83:../Libraries/STM32F10x_StdPeriph_Driver/src/stm32f10x_dac.c **** /**
  84:../Libraries/STM32F10x_StdPeriph_Driver/src/stm32f10x_dac.c ****   * @}
  85:../Libraries/STM32F10x_StdPeriph_Driver/src/stm32f10x_dac.c ****   */
  86:../Libraries/STM32F10x_StdPeriph_Driver/src/stm32f10x_dac.c **** 
  87:../Libraries/STM32F10x_StdPeriph_Driver/src/stm32f10x_dac.c **** /** @defgroup DAC_Private_FunctionPrototypes
  88:../Libraries/STM32F10x_StdPeriph_Driver/src/stm32f10x_dac.c ****   * @{
  89:../Libraries/STM32F10x_StdPeriph_Driver/src/stm32f10x_dac.c ****   */
  90:../Libraries/STM32F10x_StdPeriph_Driver/src/stm32f10x_dac.c **** 
  91:../Libraries/STM32F10x_StdPeriph_Driver/src/stm32f10x_dac.c **** /**
  92:../Libraries/STM32F10x_StdPeriph_Driver/src/stm32f10x_dac.c ****   * @}
  93:../Libraries/STM32F10x_StdPeriph_Driver/src/stm32f10x_dac.c ****   */
  94:../Libraries/STM32F10x_StdPeriph_Driver/src/stm32f10x_dac.c **** 
  95:../Libraries/STM32F10x_StdPeriph_Driver/src/stm32f10x_dac.c **** /** @defgroup DAC_Private_Functions
  96:../Libraries/STM32F10x_StdPeriph_Driver/src/stm32f10x_dac.c ****   * @{
  97:../Libraries/STM32F10x_StdPeriph_Driver/src/stm32f10x_dac.c ****   */
  98:../Libraries/STM32F10x_StdPeriph_Driver/src/stm32f10x_dac.c **** 
  99:../Libraries/STM32F10x_StdPeriph_Driver/src/stm32f10x_dac.c **** /**
 100:../Libraries/STM32F10x_StdPeriph_Driver/src/stm32f10x_dac.c ****   * @brief  Deinitializes the DAC peripheral registers to their default reset values.
 101:../Libraries/STM32F10x_StdPeriph_Driver/src/stm32f10x_dac.c ****   * @param  None
 102:../Libraries/STM32F10x_StdPeriph_Driver/src/stm32f10x_dac.c ****   * @retval None
 103:../Libraries/STM32F10x_StdPeriph_Driver/src/stm32f10x_dac.c ****   */
 104:../Libraries/STM32F10x_StdPeriph_Driver/src/stm32f10x_dac.c **** void DAC_DeInit(void)
 105:../Libraries/STM32F10x_StdPeriph_Driver/src/stm32f10x_dac.c **** {
  26              		.loc 1 105 0
  27              		.cfi_startproc
  28              		@ args = 0, pretend = 0, frame = 0
  29              		@ frame_needed = 1, uses_anonymous_args = 0
  30 0000 80B5     		push	{r7, lr}
  31              	.LCFI0:
  32              		.cfi_def_cfa_offset 8
  33              		.cfi_offset 7, -8
  34              		.cfi_offset 14, -4
  35 0002 00AF     		add	r7, sp, #0
  36              	.LCFI1:
  37              		.cfi_def_cfa_register 7
 106:../Libraries/STM32F10x_StdPeriph_Driver/src/stm32f10x_dac.c ****   /* Enable DAC reset state */
 107:../Libraries/STM32F10x_StdPeriph_Driver/src/stm32f10x_dac.c ****   RCC_APB1PeriphResetCmd(RCC_APB1Periph_DAC, ENABLE);
  38              		.loc 1 107 0
  39 0004 4FF00050 		mov	r0, #536870912
  40 0008 4FF00101 		mov	r1, #1
  41 000c FFF7FEFF 		bl	RCC_APB1PeriphResetCmd
 108:../Libraries/STM32F10x_StdPeriph_Driver/src/stm32f10x_dac.c ****   /* Release DAC from reset state */
 109:../Libraries/STM32F10x_StdPeriph_Driver/src/stm32f10x_dac.c ****   RCC_APB1PeriphResetCmd(RCC_APB1Periph_DAC, DISABLE);
  42              		.loc 1 109 0
  43 0010 4FF00050 		mov	r0, #536870912
  44 0014 4FF00001 		mov	r1, #0
  45 0018 FFF7FEFF 		bl	RCC_APB1PeriphResetCmd
 110:../Libraries/STM32F10x_StdPeriph_Driver/src/stm32f10x_dac.c **** }
  46              		.loc 1 110 0
  47 001c 80BD     		pop	{r7, pc}
  48              		.cfi_endproc
  49              	.LFE55:
  51 001e 00BF     		.align	2
  52              		.global	DAC_Init
  53              		.thumb
  54              		.thumb_func
  56              	DAC_Init:
  57              	.LFB56:
 111:../Libraries/STM32F10x_StdPeriph_Driver/src/stm32f10x_dac.c **** 
 112:../Libraries/STM32F10x_StdPeriph_Driver/src/stm32f10x_dac.c **** /**
 113:../Libraries/STM32F10x_StdPeriph_Driver/src/stm32f10x_dac.c ****   * @brief  Initializes the DAC peripheral according to the specified 
 114:../Libraries/STM32F10x_StdPeriph_Driver/src/stm32f10x_dac.c ****   *         parameters in the DAC_InitStruct.
 115:../Libraries/STM32F10x_StdPeriph_Driver/src/stm32f10x_dac.c ****   * @param  DAC_Channel: the selected DAC channel. 
 116:../Libraries/STM32F10x_StdPeriph_Driver/src/stm32f10x_dac.c ****   *   This parameter can be one of the following values:
 117:../Libraries/STM32F10x_StdPeriph_Driver/src/stm32f10x_dac.c ****   *     @arg DAC_Channel_1: DAC Channel1 selected
 118:../Libraries/STM32F10x_StdPeriph_Driver/src/stm32f10x_dac.c ****   *     @arg DAC_Channel_2: DAC Channel2 selected
 119:../Libraries/STM32F10x_StdPeriph_Driver/src/stm32f10x_dac.c ****   * @param  DAC_InitStruct: pointer to a DAC_InitTypeDef structure that
 120:../Libraries/STM32F10x_StdPeriph_Driver/src/stm32f10x_dac.c ****   *        contains the configuration information for the specified DAC channel.
 121:../Libraries/STM32F10x_StdPeriph_Driver/src/stm32f10x_dac.c ****   * @retval None
 122:../Libraries/STM32F10x_StdPeriph_Driver/src/stm32f10x_dac.c ****   */
 123:../Libraries/STM32F10x_StdPeriph_Driver/src/stm32f10x_dac.c **** void DAC_Init(uint32_t DAC_Channel, DAC_InitTypeDef* DAC_InitStruct)
 124:../Libraries/STM32F10x_StdPeriph_Driver/src/stm32f10x_dac.c **** {
  58              		.loc 1 124 0
  59              		.cfi_startproc
  60              		@ args = 0, pretend = 0, frame = 16
  61              		@ frame_needed = 1, uses_anonymous_args = 0
  62              		@ link register save eliminated.
  63 0020 80B4     		push	{r7}
  64              	.LCFI2:
  65              		.cfi_def_cfa_offset 4
  66              		.cfi_offset 7, -4
  67 0022 85B0     		sub	sp, sp, #20
  68              	.LCFI3:
  69              		.cfi_def_cfa_offset 24
  70 0024 00AF     		add	r7, sp, #0
  71              	.LCFI4:
  72              		.cfi_def_cfa_register 7
  73 0026 7860     		str	r0, [r7, #4]
  74 0028 3960     		str	r1, [r7, #0]
 125:../Libraries/STM32F10x_StdPeriph_Driver/src/stm32f10x_dac.c ****   uint32_t tmpreg1 = 0, tmpreg2 = 0;
  75              		.loc 1 125 0
  76 002a 4FF00003 		mov	r3, #0
  77 002e FB60     		str	r3, [r7, #12]
  78 0030 4FF00003 		mov	r3, #0
  79 0034 BB60     		str	r3, [r7, #8]
 126:../Libraries/STM32F10x_StdPeriph_Driver/src/stm32f10x_dac.c ****   /* Check the DAC parameters */
 127:../Libraries/STM32F10x_StdPeriph_Driver/src/stm32f10x_dac.c ****   assert_param(IS_DAC_TRIGGER(DAC_InitStruct->DAC_Trigger));
 128:../Libraries/STM32F10x_StdPeriph_Driver/src/stm32f10x_dac.c ****   assert_param(IS_DAC_GENERATE_WAVE(DAC_InitStruct->DAC_WaveGeneration));
 129:../Libraries/STM32F10x_StdPeriph_Driver/src/stm32f10x_dac.c ****   assert_param(IS_DAC_LFSR_UNMASK_TRIANGLE_AMPLITUDE(DAC_InitStruct->DAC_LFSRUnmask_TriangleAmplitu
 130:../Libraries/STM32F10x_StdPeriph_Driver/src/stm32f10x_dac.c ****   assert_param(IS_DAC_OUTPUT_BUFFER_STATE(DAC_InitStruct->DAC_OutputBuffer));
 131:../Libraries/STM32F10x_StdPeriph_Driver/src/stm32f10x_dac.c **** /*---------------------------- DAC CR Configuration --------------------------*/
 132:../Libraries/STM32F10x_StdPeriph_Driver/src/stm32f10x_dac.c ****   /* Get the DAC CR value */
 133:../Libraries/STM32F10x_StdPeriph_Driver/src/stm32f10x_dac.c ****   tmpreg1 = DAC->CR;
  80              		.loc 1 133 0
  81 0036 144B     		ldr	r3, .L3
  82 0038 1B68     		ldr	r3, [r3, #0]
  83 003a FB60     		str	r3, [r7, #12]
 134:../Libraries/STM32F10x_StdPeriph_Driver/src/stm32f10x_dac.c ****   /* Clear BOFFx, TENx, TSELx, WAVEx and MAMPx bits */
 135:../Libraries/STM32F10x_StdPeriph_Driver/src/stm32f10x_dac.c ****   tmpreg1 &= ~(CR_CLEAR_MASK << DAC_Channel);
  84              		.loc 1 135 0
  85 003c 7B68     		ldr	r3, [r7, #4]
  86 003e 40F6FE72 		movw	r2, #4094
  87 0042 02FA03F3 		lsl	r3, r2, r3
  88 0046 6FEA0303 		mvn	r3, r3
  89 004a FA68     		ldr	r2, [r7, #12]
  90 004c 1340     		ands	r3, r3, r2
  91 004e FB60     		str	r3, [r7, #12]
 136:../Libraries/STM32F10x_StdPeriph_Driver/src/stm32f10x_dac.c ****   /* Configure for the selected DAC channel: buffer output, trigger, wave generation,
 137:../Libraries/STM32F10x_StdPeriph_Driver/src/stm32f10x_dac.c ****      mask/amplitude for wave generation */
 138:../Libraries/STM32F10x_StdPeriph_Driver/src/stm32f10x_dac.c ****   /* Set TSELx and TENx bits according to DAC_Trigger value */
 139:../Libraries/STM32F10x_StdPeriph_Driver/src/stm32f10x_dac.c ****   /* Set WAVEx bits according to DAC_WaveGeneration value */
 140:../Libraries/STM32F10x_StdPeriph_Driver/src/stm32f10x_dac.c ****   /* Set MAMPx bits according to DAC_LFSRUnmask_TriangleAmplitude value */ 
 141:../Libraries/STM32F10x_StdPeriph_Driver/src/stm32f10x_dac.c ****   /* Set BOFFx bit according to DAC_OutputBuffer value */   
 142:../Libraries/STM32F10x_StdPeriph_Driver/src/stm32f10x_dac.c ****   tmpreg2 = (DAC_InitStruct->DAC_Trigger | DAC_InitStruct->DAC_WaveGeneration |
  92              		.loc 1 142 0
  93 0050 3B68     		ldr	r3, [r7, #0]
  94 0052 1A68     		ldr	r2, [r3, #0]
  95 0054 3B68     		ldr	r3, [r7, #0]
  96 0056 5B68     		ldr	r3, [r3, #4]
  97 0058 1A43     		orrs	r2, r2, r3
 143:../Libraries/STM32F10x_StdPeriph_Driver/src/stm32f10x_dac.c ****              DAC_InitStruct->DAC_LFSRUnmask_TriangleAmplitude | DAC_InitStruct->DAC_OutputBuffer);
  98              		.loc 1 143 0
  99 005a 3B68     		ldr	r3, [r7, #0]
 100 005c 9B68     		ldr	r3, [r3, #8]
 142:../Libraries/STM32F10x_StdPeriph_Driver/src/stm32f10x_dac.c ****   tmpreg2 = (DAC_InitStruct->DAC_Trigger | DAC_InitStruct->DAC_WaveGeneration |
 101              		.loc 1 142 0
 102 005e 1A43     		orrs	r2, r2, r3
 103              		.loc 1 143 0
 104 0060 3B68     		ldr	r3, [r7, #0]
 105 0062 DB68     		ldr	r3, [r3, #12]
 142:../Libraries/STM32F10x_StdPeriph_Driver/src/stm32f10x_dac.c ****   tmpreg2 = (DAC_InitStruct->DAC_Trigger | DAC_InitStruct->DAC_WaveGeneration |
 106              		.loc 1 142 0
 107 0064 1343     		orrs	r3, r3, r2
 108 0066 BB60     		str	r3, [r7, #8]
 144:../Libraries/STM32F10x_StdPeriph_Driver/src/stm32f10x_dac.c ****   /* Calculate CR register value depending on DAC_Channel */
 145:../Libraries/STM32F10x_StdPeriph_Driver/src/stm32f10x_dac.c ****   tmpreg1 |= tmpreg2 << DAC_Channel;
 109              		.loc 1 145 0
 110 0068 7B68     		ldr	r3, [r7, #4]
 111 006a BA68     		ldr	r2, [r7, #8]
 112 006c 02FA03F3 		lsl	r3, r2, r3
 113 0070 FA68     		ldr	r2, [r7, #12]
 114 0072 1343     		orrs	r3, r3, r2
 115 0074 FB60     		str	r3, [r7, #12]
 146:../Libraries/STM32F10x_StdPeriph_Driver/src/stm32f10x_dac.c ****   /* Write to DAC CR */
 147:../Libraries/STM32F10x_StdPeriph_Driver/src/stm32f10x_dac.c ****   DAC->CR = tmpreg1;
 116              		.loc 1 147 0
 117 0076 044B     		ldr	r3, .L3
 118 0078 FA68     		ldr	r2, [r7, #12]
 119 007a 1A60     		str	r2, [r3, #0]
 148:../Libraries/STM32F10x_StdPeriph_Driver/src/stm32f10x_dac.c **** }
 120              		.loc 1 148 0
 121 007c 07F11407 		add	r7, r7, #20
 122 0080 BD46     		mov	sp, r7
 123 0082 80BC     		pop	{r7}
 124 0084 7047     		bx	lr
 125              	.L4:
 126 0086 00BF     		.align	2
 127              	.L3:
 128 0088 00740040 		.word	1073771520
 129              		.cfi_endproc
 130              	.LFE56:
 132              		.align	2
 133              		.global	DAC_StructInit
 134              		.thumb
 135              		.thumb_func
 137              	DAC_StructInit:
 138              	.LFB57:
 149:../Libraries/STM32F10x_StdPeriph_Driver/src/stm32f10x_dac.c **** 
 150:../Libraries/STM32F10x_StdPeriph_Driver/src/stm32f10x_dac.c **** /**
 151:../Libraries/STM32F10x_StdPeriph_Driver/src/stm32f10x_dac.c ****   * @brief  Fills each DAC_InitStruct member with its default value.
 152:../Libraries/STM32F10x_StdPeriph_Driver/src/stm32f10x_dac.c ****   * @param  DAC_InitStruct : pointer to a DAC_InitTypeDef structure which will
 153:../Libraries/STM32F10x_StdPeriph_Driver/src/stm32f10x_dac.c ****   *         be initialized.
 154:../Libraries/STM32F10x_StdPeriph_Driver/src/stm32f10x_dac.c ****   * @retval None
 155:../Libraries/STM32F10x_StdPeriph_Driver/src/stm32f10x_dac.c ****   */
 156:../Libraries/STM32F10x_StdPeriph_Driver/src/stm32f10x_dac.c **** void DAC_StructInit(DAC_InitTypeDef* DAC_InitStruct)
 157:../Libraries/STM32F10x_StdPeriph_Driver/src/stm32f10x_dac.c **** {
 139              		.loc 1 157 0
 140              		.cfi_startproc
 141              		@ args = 0, pretend = 0, frame = 8
 142              		@ frame_needed = 1, uses_anonymous_args = 0
 143              		@ link register save eliminated.
 144 008c 80B4     		push	{r7}
 145              	.LCFI5:
 146              		.cfi_def_cfa_offset 4
 147              		.cfi_offset 7, -4
 148 008e 83B0     		sub	sp, sp, #12
 149              	.LCFI6:
 150              		.cfi_def_cfa_offset 16
 151 0090 00AF     		add	r7, sp, #0
 152              	.LCFI7:
 153              		.cfi_def_cfa_register 7
 154 0092 7860     		str	r0, [r7, #4]
 158:../Libraries/STM32F10x_StdPeriph_Driver/src/stm32f10x_dac.c **** /*--------------- Reset DAC init structure parameters values -----------------*/
 159:../Libraries/STM32F10x_StdPeriph_Driver/src/stm32f10x_dac.c ****   /* Initialize the DAC_Trigger member */
 160:../Libraries/STM32F10x_StdPeriph_Driver/src/stm32f10x_dac.c ****   DAC_InitStruct->DAC_Trigger = DAC_Trigger_None;
 155              		.loc 1 160 0
 156 0094 7B68     		ldr	r3, [r7, #4]
 157 0096 4FF00002 		mov	r2, #0
 158 009a 1A60     		str	r2, [r3, #0]
 161:../Libraries/STM32F10x_StdPeriph_Driver/src/stm32f10x_dac.c ****   /* Initialize the DAC_WaveGeneration member */
 162:../Libraries/STM32F10x_StdPeriph_Driver/src/stm32f10x_dac.c ****   DAC_InitStruct->DAC_WaveGeneration = DAC_WaveGeneration_None;
 159              		.loc 1 162 0
 160 009c 7B68     		ldr	r3, [r7, #4]
 161 009e 4FF00002 		mov	r2, #0
 162 00a2 5A60     		str	r2, [r3, #4]
 163:../Libraries/STM32F10x_StdPeriph_Driver/src/stm32f10x_dac.c ****   /* Initialize the DAC_LFSRUnmask_TriangleAmplitude member */
 164:../Libraries/STM32F10x_StdPeriph_Driver/src/stm32f10x_dac.c ****   DAC_InitStruct->DAC_LFSRUnmask_TriangleAmplitude = DAC_LFSRUnmask_Bit0;
 163              		.loc 1 164 0
 164 00a4 7B68     		ldr	r3, [r7, #4]
 165 00a6 4FF00002 		mov	r2, #0
 166 00aa 9A60     		str	r2, [r3, #8]
 165:../Libraries/STM32F10x_StdPeriph_Driver/src/stm32f10x_dac.c ****   /* Initialize the DAC_OutputBuffer member */
 166:../Libraries/STM32F10x_StdPeriph_Driver/src/stm32f10x_dac.c ****   DAC_InitStruct->DAC_OutputBuffer = DAC_OutputBuffer_Enable;
 167              		.loc 1 166 0
 168 00ac 7B68     		ldr	r3, [r7, #4]
 169 00ae 4FF00002 		mov	r2, #0
 170 00b2 DA60     		str	r2, [r3, #12]
 167:../Libraries/STM32F10x_StdPeriph_Driver/src/stm32f10x_dac.c **** }
 171              		.loc 1 167 0
 172 00b4 07F10C07 		add	r7, r7, #12
 173 00b8 BD46     		mov	sp, r7
 174 00ba 80BC     		pop	{r7}
 175 00bc 7047     		bx	lr
 176              		.cfi_endproc
 177              	.LFE57:
 179 00be 00BF     		.align	2
 180              		.global	DAC_Cmd
 181              		.thumb
 182              		.thumb_func
 184              	DAC_Cmd:
 185              	.LFB58:
 168:../Libraries/STM32F10x_StdPeriph_Driver/src/stm32f10x_dac.c **** 
 169:../Libraries/STM32F10x_StdPeriph_Driver/src/stm32f10x_dac.c **** /**
 170:../Libraries/STM32F10x_StdPeriph_Driver/src/stm32f10x_dac.c ****   * @brief  Enables or disables the specified DAC channel.
 171:../Libraries/STM32F10x_StdPeriph_Driver/src/stm32f10x_dac.c ****   * @param  DAC_Channel: the selected DAC channel. 
 172:../Libraries/STM32F10x_StdPeriph_Driver/src/stm32f10x_dac.c ****   *   This parameter can be one of the following values:
 173:../Libraries/STM32F10x_StdPeriph_Driver/src/stm32f10x_dac.c ****   *     @arg DAC_Channel_1: DAC Channel1 selected
 174:../Libraries/STM32F10x_StdPeriph_Driver/src/stm32f10x_dac.c ****   *     @arg DAC_Channel_2: DAC Channel2 selected
 175:../Libraries/STM32F10x_StdPeriph_Driver/src/stm32f10x_dac.c ****   * @param  NewState: new state of the DAC channel. 
 176:../Libraries/STM32F10x_StdPeriph_Driver/src/stm32f10x_dac.c ****   *   This parameter can be: ENABLE or DISABLE.
 177:../Libraries/STM32F10x_StdPeriph_Driver/src/stm32f10x_dac.c ****   * @retval None
 178:../Libraries/STM32F10x_StdPeriph_Driver/src/stm32f10x_dac.c ****   */
 179:../Libraries/STM32F10x_StdPeriph_Driver/src/stm32f10x_dac.c **** void DAC_Cmd(uint32_t DAC_Channel, FunctionalState NewState)
 180:../Libraries/STM32F10x_StdPeriph_Driver/src/stm32f10x_dac.c **** {
 186              		.loc 1 180 0
 187              		.cfi_startproc
 188              		@ args = 0, pretend = 0, frame = 8
 189              		@ frame_needed = 1, uses_anonymous_args = 0
 190              		@ link register save eliminated.
 191 00c0 80B4     		push	{r7}
 192              	.LCFI8:
 193              		.cfi_def_cfa_offset 4
 194              		.cfi_offset 7, -4
 195 00c2 83B0     		sub	sp, sp, #12
 196              	.LCFI9:
 197              		.cfi_def_cfa_offset 16
 198 00c4 00AF     		add	r7, sp, #0
 199              	.LCFI10:
 200              		.cfi_def_cfa_register 7
 201 00c6 7860     		str	r0, [r7, #4]
 202 00c8 0B46     		mov	r3, r1
 203 00ca FB70     		strb	r3, [r7, #3]
 181:../Libraries/STM32F10x_StdPeriph_Driver/src/stm32f10x_dac.c ****   /* Check the parameters */
 182:../Libraries/STM32F10x_StdPeriph_Driver/src/stm32f10x_dac.c ****   assert_param(IS_DAC_CHANNEL(DAC_Channel));
 183:../Libraries/STM32F10x_StdPeriph_Driver/src/stm32f10x_dac.c ****   assert_param(IS_FUNCTIONAL_STATE(NewState));
 184:../Libraries/STM32F10x_StdPeriph_Driver/src/stm32f10x_dac.c ****   if (NewState != DISABLE)
 204              		.loc 1 184 0
 205 00cc FB78     		ldrb	r3, [r7, #3]	@ zero_extendqisi2
 206 00ce 002B     		cmp	r3, #0
 207 00d0 0AD0     		beq	.L7
 185:../Libraries/STM32F10x_StdPeriph_Driver/src/stm32f10x_dac.c ****   {
 186:../Libraries/STM32F10x_StdPeriph_Driver/src/stm32f10x_dac.c ****     /* Enable the selected DAC channel */
 187:../Libraries/STM32F10x_StdPeriph_Driver/src/stm32f10x_dac.c ****     DAC->CR |= (DAC_CR_EN1 << DAC_Channel);
 208              		.loc 1 187 0
 209 00d2 0E4B     		ldr	r3, .L9
 210 00d4 0D4A     		ldr	r2, .L9
 211 00d6 1168     		ldr	r1, [r2, #0]
 212 00d8 7A68     		ldr	r2, [r7, #4]
 213 00da 4FF00100 		mov	r0, #1
 214 00de 00FA02F2 		lsl	r2, r0, r2
 215 00e2 0A43     		orrs	r2, r2, r1
 216 00e4 1A60     		str	r2, [r3, #0]
 217 00e6 0BE0     		b	.L6
 218              	.L7:
 188:../Libraries/STM32F10x_StdPeriph_Driver/src/stm32f10x_dac.c ****   }
 189:../Libraries/STM32F10x_StdPeriph_Driver/src/stm32f10x_dac.c ****   else
 190:../Libraries/STM32F10x_StdPeriph_Driver/src/stm32f10x_dac.c ****   {
 191:../Libraries/STM32F10x_StdPeriph_Driver/src/stm32f10x_dac.c ****     /* Disable the selected DAC channel */
 192:../Libraries/STM32F10x_StdPeriph_Driver/src/stm32f10x_dac.c ****     DAC->CR &= ~(DAC_CR_EN1 << DAC_Channel);
 219              		.loc 1 192 0
 220 00e8 084B     		ldr	r3, .L9
 221 00ea 084A     		ldr	r2, .L9
 222 00ec 1168     		ldr	r1, [r2, #0]
 223 00ee 7A68     		ldr	r2, [r7, #4]
 224 00f0 4FF00100 		mov	r0, #1
 225 00f4 00FA02F2 		lsl	r2, r0, r2
 226 00f8 6FEA0202 		mvn	r2, r2
 227 00fc 0A40     		ands	r2, r2, r1
 228 00fe 1A60     		str	r2, [r3, #0]
 229              	.L6:
 193:../Libraries/STM32F10x_StdPeriph_Driver/src/stm32f10x_dac.c ****   }
 194:../Libraries/STM32F10x_StdPeriph_Driver/src/stm32f10x_dac.c **** }
 230              		.loc 1 194 0
 231 0100 07F10C07 		add	r7, r7, #12
 232 0104 BD46     		mov	sp, r7
 233 0106 80BC     		pop	{r7}
 234 0108 7047     		bx	lr
 235              	.L10:
 236 010a 00BF     		.align	2
 237              	.L9:
 238 010c 00740040 		.word	1073771520
 239              		.cfi_endproc
 240              	.LFE58:
 242              		.align	2
 243              		.global	DAC_DMACmd
 244              		.thumb
 245              		.thumb_func
 247              	DAC_DMACmd:
 248              	.LFB59:
 195:../Libraries/STM32F10x_StdPeriph_Driver/src/stm32f10x_dac.c **** #if defined (STM32F10X_LD_VL) || defined (STM32F10X_MD_VL) || defined (STM32F10X_HD_VL)
 196:../Libraries/STM32F10x_StdPeriph_Driver/src/stm32f10x_dac.c **** /**
 197:../Libraries/STM32F10x_StdPeriph_Driver/src/stm32f10x_dac.c ****   * @brief  Enables or disables the specified DAC interrupts.
 198:../Libraries/STM32F10x_StdPeriph_Driver/src/stm32f10x_dac.c ****   * @param  DAC_Channel: the selected DAC channel. 
 199:../Libraries/STM32F10x_StdPeriph_Driver/src/stm32f10x_dac.c ****   *   This parameter can be one of the following values:
 200:../Libraries/STM32F10x_StdPeriph_Driver/src/stm32f10x_dac.c ****   *     @arg DAC_Channel_1: DAC Channel1 selected
 201:../Libraries/STM32F10x_StdPeriph_Driver/src/stm32f10x_dac.c ****   *     @arg DAC_Channel_2: DAC Channel2 selected
 202:../Libraries/STM32F10x_StdPeriph_Driver/src/stm32f10x_dac.c ****   * @param  DAC_IT: specifies the DAC interrupt sources to be enabled or disabled. 
 203:../Libraries/STM32F10x_StdPeriph_Driver/src/stm32f10x_dac.c ****   *   This parameter can be the following values:
 204:../Libraries/STM32F10x_StdPeriph_Driver/src/stm32f10x_dac.c ****   *     @arg DAC_IT_DMAUDR: DMA underrun interrupt mask                      
 205:../Libraries/STM32F10x_StdPeriph_Driver/src/stm32f10x_dac.c ****   * @param  NewState: new state of the specified DAC interrupts.
 206:../Libraries/STM32F10x_StdPeriph_Driver/src/stm32f10x_dac.c ****   *   This parameter can be: ENABLE or DISABLE.
 207:../Libraries/STM32F10x_StdPeriph_Driver/src/stm32f10x_dac.c ****   * @retval None
 208:../Libraries/STM32F10x_StdPeriph_Driver/src/stm32f10x_dac.c ****   */ 
 209:../Libraries/STM32F10x_StdPeriph_Driver/src/stm32f10x_dac.c **** void DAC_ITConfig(uint32_t DAC_Channel, uint32_t DAC_IT, FunctionalState NewState)  
 210:../Libraries/STM32F10x_StdPeriph_Driver/src/stm32f10x_dac.c **** {
 211:../Libraries/STM32F10x_StdPeriph_Driver/src/stm32f10x_dac.c ****   /* Check the parameters */
 212:../Libraries/STM32F10x_StdPeriph_Driver/src/stm32f10x_dac.c ****   assert_param(IS_DAC_CHANNEL(DAC_Channel));
 213:../Libraries/STM32F10x_StdPeriph_Driver/src/stm32f10x_dac.c ****   assert_param(IS_FUNCTIONAL_STATE(NewState));
 214:../Libraries/STM32F10x_StdPeriph_Driver/src/stm32f10x_dac.c ****   assert_param(IS_DAC_IT(DAC_IT)); 
 215:../Libraries/STM32F10x_StdPeriph_Driver/src/stm32f10x_dac.c **** 
 216:../Libraries/STM32F10x_StdPeriph_Driver/src/stm32f10x_dac.c ****   if (NewState != DISABLE)
 217:../Libraries/STM32F10x_StdPeriph_Driver/src/stm32f10x_dac.c ****   {
 218:../Libraries/STM32F10x_StdPeriph_Driver/src/stm32f10x_dac.c ****     /* Enable the selected DAC interrupts */
 219:../Libraries/STM32F10x_StdPeriph_Driver/src/stm32f10x_dac.c ****     DAC->CR |=  (DAC_IT << DAC_Channel);
 220:../Libraries/STM32F10x_StdPeriph_Driver/src/stm32f10x_dac.c ****   }
 221:../Libraries/STM32F10x_StdPeriph_Driver/src/stm32f10x_dac.c ****   else
 222:../Libraries/STM32F10x_StdPeriph_Driver/src/stm32f10x_dac.c ****   {
 223:../Libraries/STM32F10x_StdPeriph_Driver/src/stm32f10x_dac.c ****     /* Disable the selected DAC interrupts */
 224:../Libraries/STM32F10x_StdPeriph_Driver/src/stm32f10x_dac.c ****     DAC->CR &= (~(uint32_t)(DAC_IT << DAC_Channel));
 225:../Libraries/STM32F10x_StdPeriph_Driver/src/stm32f10x_dac.c ****   }
 226:../Libraries/STM32F10x_StdPeriph_Driver/src/stm32f10x_dac.c **** }
 227:../Libraries/STM32F10x_StdPeriph_Driver/src/stm32f10x_dac.c **** #endif
 228:../Libraries/STM32F10x_StdPeriph_Driver/src/stm32f10x_dac.c **** 
 229:../Libraries/STM32F10x_StdPeriph_Driver/src/stm32f10x_dac.c **** /**
 230:../Libraries/STM32F10x_StdPeriph_Driver/src/stm32f10x_dac.c ****   * @brief  Enables or disables the specified DAC channel DMA request.
 231:../Libraries/STM32F10x_StdPeriph_Driver/src/stm32f10x_dac.c ****   * @param  DAC_Channel: the selected DAC channel. 
 232:../Libraries/STM32F10x_StdPeriph_Driver/src/stm32f10x_dac.c ****   *   This parameter can be one of the following values:
 233:../Libraries/STM32F10x_StdPeriph_Driver/src/stm32f10x_dac.c ****   *     @arg DAC_Channel_1: DAC Channel1 selected
 234:../Libraries/STM32F10x_StdPeriph_Driver/src/stm32f10x_dac.c ****   *     @arg DAC_Channel_2: DAC Channel2 selected
 235:../Libraries/STM32F10x_StdPeriph_Driver/src/stm32f10x_dac.c ****   * @param  NewState: new state of the selected DAC channel DMA request.
 236:../Libraries/STM32F10x_StdPeriph_Driver/src/stm32f10x_dac.c ****   *   This parameter can be: ENABLE or DISABLE.
 237:../Libraries/STM32F10x_StdPeriph_Driver/src/stm32f10x_dac.c ****   * @retval None
 238:../Libraries/STM32F10x_StdPeriph_Driver/src/stm32f10x_dac.c ****   */
 239:../Libraries/STM32F10x_StdPeriph_Driver/src/stm32f10x_dac.c **** void DAC_DMACmd(uint32_t DAC_Channel, FunctionalState NewState)
 240:../Libraries/STM32F10x_StdPeriph_Driver/src/stm32f10x_dac.c **** {
 249              		.loc 1 240 0
 250              		.cfi_startproc
 251              		@ args = 0, pretend = 0, frame = 8
 252              		@ frame_needed = 1, uses_anonymous_args = 0
 253              		@ link register save eliminated.
 254 0110 80B4     		push	{r7}
 255              	.LCFI11:
 256              		.cfi_def_cfa_offset 4
 257              		.cfi_offset 7, -4
 258 0112 83B0     		sub	sp, sp, #12
 259              	.LCFI12:
 260              		.cfi_def_cfa_offset 16
 261 0114 00AF     		add	r7, sp, #0
 262              	.LCFI13:
 263              		.cfi_def_cfa_register 7
 264 0116 7860     		str	r0, [r7, #4]
 265 0118 0B46     		mov	r3, r1
 266 011a FB70     		strb	r3, [r7, #3]
 241:../Libraries/STM32F10x_StdPeriph_Driver/src/stm32f10x_dac.c ****   /* Check the parameters */
 242:../Libraries/STM32F10x_StdPeriph_Driver/src/stm32f10x_dac.c ****   assert_param(IS_DAC_CHANNEL(DAC_Channel));
 243:../Libraries/STM32F10x_StdPeriph_Driver/src/stm32f10x_dac.c ****   assert_param(IS_FUNCTIONAL_STATE(NewState));
 244:../Libraries/STM32F10x_StdPeriph_Driver/src/stm32f10x_dac.c ****   if (NewState != DISABLE)
 267              		.loc 1 244 0
 268 011c FB78     		ldrb	r3, [r7, #3]	@ zero_extendqisi2
 269 011e 002B     		cmp	r3, #0
 270 0120 0AD0     		beq	.L12
 245:../Libraries/STM32F10x_StdPeriph_Driver/src/stm32f10x_dac.c ****   {
 246:../Libraries/STM32F10x_StdPeriph_Driver/src/stm32f10x_dac.c ****     /* Enable the selected DAC channel DMA request */
 247:../Libraries/STM32F10x_StdPeriph_Driver/src/stm32f10x_dac.c ****     DAC->CR |= (DAC_CR_DMAEN1 << DAC_Channel);
 271              		.loc 1 247 0
 272 0122 0E4B     		ldr	r3, .L14
 273 0124 0D4A     		ldr	r2, .L14
 274 0126 1168     		ldr	r1, [r2, #0]
 275 0128 7A68     		ldr	r2, [r7, #4]
 276 012a 4FF48050 		mov	r0, #4096
 277 012e 00FA02F2 		lsl	r2, r0, r2
 278 0132 0A43     		orrs	r2, r2, r1
 279 0134 1A60     		str	r2, [r3, #0]
 280 0136 0BE0     		b	.L11
 281              	.L12:
 248:../Libraries/STM32F10x_StdPeriph_Driver/src/stm32f10x_dac.c ****   }
 249:../Libraries/STM32F10x_StdPeriph_Driver/src/stm32f10x_dac.c ****   else
 250:../Libraries/STM32F10x_StdPeriph_Driver/src/stm32f10x_dac.c ****   {
 251:../Libraries/STM32F10x_StdPeriph_Driver/src/stm32f10x_dac.c ****     /* Disable the selected DAC channel DMA request */
 252:../Libraries/STM32F10x_StdPeriph_Driver/src/stm32f10x_dac.c ****     DAC->CR &= ~(DAC_CR_DMAEN1 << DAC_Channel);
 282              		.loc 1 252 0
 283 0138 084B     		ldr	r3, .L14
 284 013a 084A     		ldr	r2, .L14
 285 013c 1168     		ldr	r1, [r2, #0]
 286 013e 7A68     		ldr	r2, [r7, #4]
 287 0140 4FF48050 		mov	r0, #4096
 288 0144 00FA02F2 		lsl	r2, r0, r2
 289 0148 6FEA0202 		mvn	r2, r2
 290 014c 0A40     		ands	r2, r2, r1
 291 014e 1A60     		str	r2, [r3, #0]
 292              	.L11:
 253:../Libraries/STM32F10x_StdPeriph_Driver/src/stm32f10x_dac.c ****   }
 254:../Libraries/STM32F10x_StdPeriph_Driver/src/stm32f10x_dac.c **** }
 293              		.loc 1 254 0
 294 0150 07F10C07 		add	r7, r7, #12
 295 0154 BD46     		mov	sp, r7
 296 0156 80BC     		pop	{r7}
 297 0158 7047     		bx	lr
 298              	.L15:
 299 015a 00BF     		.align	2
 300              	.L14:
 301 015c 00740040 		.word	1073771520
 302              		.cfi_endproc
 303              	.LFE59:
 305              		.align	2
 306              		.global	DAC_SoftwareTriggerCmd
 307              		.thumb
 308              		.thumb_func
 310              	DAC_SoftwareTriggerCmd:
 311              	.LFB60:
 255:../Libraries/STM32F10x_StdPeriph_Driver/src/stm32f10x_dac.c **** 
 256:../Libraries/STM32F10x_StdPeriph_Driver/src/stm32f10x_dac.c **** /**
 257:../Libraries/STM32F10x_StdPeriph_Driver/src/stm32f10x_dac.c ****   * @brief  Enables or disables the selected DAC channel software trigger.
 258:../Libraries/STM32F10x_StdPeriph_Driver/src/stm32f10x_dac.c ****   * @param  DAC_Channel: the selected DAC channel. 
 259:../Libraries/STM32F10x_StdPeriph_Driver/src/stm32f10x_dac.c ****   *   This parameter can be one of the following values:
 260:../Libraries/STM32F10x_StdPeriph_Driver/src/stm32f10x_dac.c ****   *     @arg DAC_Channel_1: DAC Channel1 selected
 261:../Libraries/STM32F10x_StdPeriph_Driver/src/stm32f10x_dac.c ****   *     @arg DAC_Channel_2: DAC Channel2 selected
 262:../Libraries/STM32F10x_StdPeriph_Driver/src/stm32f10x_dac.c ****   * @param  NewState: new state of the selected DAC channel software trigger.
 263:../Libraries/STM32F10x_StdPeriph_Driver/src/stm32f10x_dac.c ****   *   This parameter can be: ENABLE or DISABLE.
 264:../Libraries/STM32F10x_StdPeriph_Driver/src/stm32f10x_dac.c ****   * @retval None
 265:../Libraries/STM32F10x_StdPeriph_Driver/src/stm32f10x_dac.c ****   */
 266:../Libraries/STM32F10x_StdPeriph_Driver/src/stm32f10x_dac.c **** void DAC_SoftwareTriggerCmd(uint32_t DAC_Channel, FunctionalState NewState)
 267:../Libraries/STM32F10x_StdPeriph_Driver/src/stm32f10x_dac.c **** {
 312              		.loc 1 267 0
 313              		.cfi_startproc
 314              		@ args = 0, pretend = 0, frame = 8
 315              		@ frame_needed = 1, uses_anonymous_args = 0
 316              		@ link register save eliminated.
 317 0160 80B4     		push	{r7}
 318              	.LCFI14:
 319              		.cfi_def_cfa_offset 4
 320              		.cfi_offset 7, -4
 321 0162 83B0     		sub	sp, sp, #12
 322              	.LCFI15:
 323              		.cfi_def_cfa_offset 16
 324 0164 00AF     		add	r7, sp, #0
 325              	.LCFI16:
 326              		.cfi_def_cfa_register 7
 327 0166 7860     		str	r0, [r7, #4]
 328 0168 0B46     		mov	r3, r1
 329 016a FB70     		strb	r3, [r7, #3]
 268:../Libraries/STM32F10x_StdPeriph_Driver/src/stm32f10x_dac.c ****   /* Check the parameters */
 269:../Libraries/STM32F10x_StdPeriph_Driver/src/stm32f10x_dac.c ****   assert_param(IS_DAC_CHANNEL(DAC_Channel));
 270:../Libraries/STM32F10x_StdPeriph_Driver/src/stm32f10x_dac.c ****   assert_param(IS_FUNCTIONAL_STATE(NewState));
 271:../Libraries/STM32F10x_StdPeriph_Driver/src/stm32f10x_dac.c ****   if (NewState != DISABLE)
 330              		.loc 1 271 0
 331 016c FB78     		ldrb	r3, [r7, #3]	@ zero_extendqisi2
 332 016e 002B     		cmp	r3, #0
 333 0170 0CD0     		beq	.L17
 272:../Libraries/STM32F10x_StdPeriph_Driver/src/stm32f10x_dac.c ****   {
 273:../Libraries/STM32F10x_StdPeriph_Driver/src/stm32f10x_dac.c ****     /* Enable software trigger for the selected DAC channel */
 274:../Libraries/STM32F10x_StdPeriph_Driver/src/stm32f10x_dac.c ****     DAC->SWTRIGR |= (uint32_t)DAC_SWTRIGR_SWTRIG1 << (DAC_Channel >> 4);
 334              		.loc 1 274 0
 335 0172 104B     		ldr	r3, .L19
 336 0174 0F4A     		ldr	r2, .L19
 337 0176 5168     		ldr	r1, [r2, #4]
 338 0178 7A68     		ldr	r2, [r7, #4]
 339 017a 4FEA1212 		lsr	r2, r2, #4
 340 017e 4FF00100 		mov	r0, #1
 341 0182 00FA02F2 		lsl	r2, r0, r2
 342 0186 0A43     		orrs	r2, r2, r1
 343 0188 5A60     		str	r2, [r3, #4]
 344 018a 0DE0     		b	.L16
 345              	.L17:
 275:../Libraries/STM32F10x_StdPeriph_Driver/src/stm32f10x_dac.c ****   }
 276:../Libraries/STM32F10x_StdPeriph_Driver/src/stm32f10x_dac.c ****   else
 277:../Libraries/STM32F10x_StdPeriph_Driver/src/stm32f10x_dac.c ****   {
 278:../Libraries/STM32F10x_StdPeriph_Driver/src/stm32f10x_dac.c ****     /* Disable software trigger for the selected DAC channel */
 279:../Libraries/STM32F10x_StdPeriph_Driver/src/stm32f10x_dac.c ****     DAC->SWTRIGR &= ~((uint32_t)DAC_SWTRIGR_SWTRIG1 << (DAC_Channel >> 4));
 346              		.loc 1 279 0
 347 018c 094B     		ldr	r3, .L19
 348 018e 094A     		ldr	r2, .L19
 349 0190 5168     		ldr	r1, [r2, #4]
 350 0192 7A68     		ldr	r2, [r7, #4]
 351 0194 4FEA1212 		lsr	r2, r2, #4
 352 0198 4FF00100 		mov	r0, #1
 353 019c 00FA02F2 		lsl	r2, r0, r2
 354 01a0 6FEA0202 		mvn	r2, r2
 355 01a4 0A40     		ands	r2, r2, r1
 356 01a6 5A60     		str	r2, [r3, #4]
 357              	.L16:
 280:../Libraries/STM32F10x_StdPeriph_Driver/src/stm32f10x_dac.c ****   }
 281:../Libraries/STM32F10x_StdPeriph_Driver/src/stm32f10x_dac.c **** }
 358              		.loc 1 281 0
 359 01a8 07F10C07 		add	r7, r7, #12
 360 01ac BD46     		mov	sp, r7
 361 01ae 80BC     		pop	{r7}
 362 01b0 7047     		bx	lr
 363              	.L20:
 364 01b2 00BF     		.align	2
 365              	.L19:
 366 01b4 00740040 		.word	1073771520
 367              		.cfi_endproc
 368              	.LFE60:
 370              		.align	2
 371              		.global	DAC_DualSoftwareTriggerCmd
 372              		.thumb
 373              		.thumb_func
 375              	DAC_DualSoftwareTriggerCmd:
 376              	.LFB61:
 282:../Libraries/STM32F10x_StdPeriph_Driver/src/stm32f10x_dac.c **** 
 283:../Libraries/STM32F10x_StdPeriph_Driver/src/stm32f10x_dac.c **** /**
 284:../Libraries/STM32F10x_StdPeriph_Driver/src/stm32f10x_dac.c ****   * @brief  Enables or disables simultaneously the two DAC channels software
 285:../Libraries/STM32F10x_StdPeriph_Driver/src/stm32f10x_dac.c ****   *   triggers.
 286:../Libraries/STM32F10x_StdPeriph_Driver/src/stm32f10x_dac.c ****   * @param  NewState: new state of the DAC channels software triggers.
 287:../Libraries/STM32F10x_StdPeriph_Driver/src/stm32f10x_dac.c ****   *   This parameter can be: ENABLE or DISABLE.
 288:../Libraries/STM32F10x_StdPeriph_Driver/src/stm32f10x_dac.c ****   * @retval None
 289:../Libraries/STM32F10x_StdPeriph_Driver/src/stm32f10x_dac.c ****   */
 290:../Libraries/STM32F10x_StdPeriph_Driver/src/stm32f10x_dac.c **** void DAC_DualSoftwareTriggerCmd(FunctionalState NewState)
 291:../Libraries/STM32F10x_StdPeriph_Driver/src/stm32f10x_dac.c **** {
 377              		.loc 1 291 0
 378              		.cfi_startproc
 379              		@ args = 0, pretend = 0, frame = 8
 380              		@ frame_needed = 1, uses_anonymous_args = 0
 381              		@ link register save eliminated.
 382 01b8 80B4     		push	{r7}
 383              	.LCFI17:
 384              		.cfi_def_cfa_offset 4
 385              		.cfi_offset 7, -4
 386 01ba 83B0     		sub	sp, sp, #12
 387              	.LCFI18:
 388              		.cfi_def_cfa_offset 16
 389 01bc 00AF     		add	r7, sp, #0
 390              	.LCFI19:
 391              		.cfi_def_cfa_register 7
 392 01be 0346     		mov	r3, r0
 393 01c0 FB71     		strb	r3, [r7, #7]
 292:../Libraries/STM32F10x_StdPeriph_Driver/src/stm32f10x_dac.c ****   /* Check the parameters */
 293:../Libraries/STM32F10x_StdPeriph_Driver/src/stm32f10x_dac.c ****   assert_param(IS_FUNCTIONAL_STATE(NewState));
 294:../Libraries/STM32F10x_StdPeriph_Driver/src/stm32f10x_dac.c ****   if (NewState != DISABLE)
 394              		.loc 1 294 0
 395 01c2 FB79     		ldrb	r3, [r7, #7]	@ zero_extendqisi2
 396 01c4 002B     		cmp	r3, #0
 397 01c6 06D0     		beq	.L22
 295:../Libraries/STM32F10x_StdPeriph_Driver/src/stm32f10x_dac.c ****   {
 296:../Libraries/STM32F10x_StdPeriph_Driver/src/stm32f10x_dac.c ****     /* Enable software trigger for both DAC channels */
 297:../Libraries/STM32F10x_StdPeriph_Driver/src/stm32f10x_dac.c ****     DAC->SWTRIGR |= DUAL_SWTRIG_SET ;
 398              		.loc 1 297 0
 399 01c8 084B     		ldr	r3, .L24
 400 01ca 084A     		ldr	r2, .L24
 401 01cc 5268     		ldr	r2, [r2, #4]
 402 01ce 42F00302 		orr	r2, r2, #3
 403 01d2 5A60     		str	r2, [r3, #4]
 404 01d4 05E0     		b	.L21
 405              	.L22:
 298:../Libraries/STM32F10x_StdPeriph_Driver/src/stm32f10x_dac.c ****   }
 299:../Libraries/STM32F10x_StdPeriph_Driver/src/stm32f10x_dac.c ****   else
 300:../Libraries/STM32F10x_StdPeriph_Driver/src/stm32f10x_dac.c ****   {
 301:../Libraries/STM32F10x_StdPeriph_Driver/src/stm32f10x_dac.c ****     /* Disable software trigger for both DAC channels */
 302:../Libraries/STM32F10x_StdPeriph_Driver/src/stm32f10x_dac.c ****     DAC->SWTRIGR &= DUAL_SWTRIG_RESET;
 406              		.loc 1 302 0
 407 01d6 054B     		ldr	r3, .L24
 408 01d8 044A     		ldr	r2, .L24
 409 01da 5268     		ldr	r2, [r2, #4]
 410 01dc 22F00302 		bic	r2, r2, #3
 411 01e0 5A60     		str	r2, [r3, #4]
 412              	.L21:
 303:../Libraries/STM32F10x_StdPeriph_Driver/src/stm32f10x_dac.c ****   }
 304:../Libraries/STM32F10x_StdPeriph_Driver/src/stm32f10x_dac.c **** }
 413              		.loc 1 304 0
 414 01e2 07F10C07 		add	r7, r7, #12
 415 01e6 BD46     		mov	sp, r7
 416 01e8 80BC     		pop	{r7}
 417 01ea 7047     		bx	lr
 418              	.L25:
 419              		.align	2
 420              	.L24:
 421 01ec 00740040 		.word	1073771520
 422              		.cfi_endproc
 423              	.LFE61:
 425              		.align	2
 426              		.global	DAC_WaveGenerationCmd
 427              		.thumb
 428              		.thumb_func
 430              	DAC_WaveGenerationCmd:
 431              	.LFB62:
 305:../Libraries/STM32F10x_StdPeriph_Driver/src/stm32f10x_dac.c **** 
 306:../Libraries/STM32F10x_StdPeriph_Driver/src/stm32f10x_dac.c **** /**
 307:../Libraries/STM32F10x_StdPeriph_Driver/src/stm32f10x_dac.c ****   * @brief  Enables or disables the selected DAC channel wave generation.
 308:../Libraries/STM32F10x_StdPeriph_Driver/src/stm32f10x_dac.c ****   * @param  DAC_Channel: the selected DAC channel. 
 309:../Libraries/STM32F10x_StdPeriph_Driver/src/stm32f10x_dac.c ****   *   This parameter can be one of the following values:
 310:../Libraries/STM32F10x_StdPeriph_Driver/src/stm32f10x_dac.c ****   *     @arg DAC_Channel_1: DAC Channel1 selected
 311:../Libraries/STM32F10x_StdPeriph_Driver/src/stm32f10x_dac.c ****   *     @arg DAC_Channel_2: DAC Channel2 selected
 312:../Libraries/STM32F10x_StdPeriph_Driver/src/stm32f10x_dac.c ****   * @param  DAC_Wave: Specifies the wave type to enable or disable.
 313:../Libraries/STM32F10x_StdPeriph_Driver/src/stm32f10x_dac.c ****   *   This parameter can be one of the following values:
 314:../Libraries/STM32F10x_StdPeriph_Driver/src/stm32f10x_dac.c ****   *     @arg DAC_Wave_Noise: noise wave generation
 315:../Libraries/STM32F10x_StdPeriph_Driver/src/stm32f10x_dac.c ****   *     @arg DAC_Wave_Triangle: triangle wave generation
 316:../Libraries/STM32F10x_StdPeriph_Driver/src/stm32f10x_dac.c ****   * @param  NewState: new state of the selected DAC channel wave generation.
 317:../Libraries/STM32F10x_StdPeriph_Driver/src/stm32f10x_dac.c ****   *   This parameter can be: ENABLE or DISABLE.
 318:../Libraries/STM32F10x_StdPeriph_Driver/src/stm32f10x_dac.c ****   * @retval None
 319:../Libraries/STM32F10x_StdPeriph_Driver/src/stm32f10x_dac.c ****   */
 320:../Libraries/STM32F10x_StdPeriph_Driver/src/stm32f10x_dac.c **** void DAC_WaveGenerationCmd(uint32_t DAC_Channel, uint32_t DAC_Wave, FunctionalState NewState)
 321:../Libraries/STM32F10x_StdPeriph_Driver/src/stm32f10x_dac.c **** {
 432              		.loc 1 321 0
 433              		.cfi_startproc
 434              		@ args = 0, pretend = 0, frame = 16
 435              		@ frame_needed = 1, uses_anonymous_args = 0
 436              		@ link register save eliminated.
 437 01f0 80B4     		push	{r7}
 438              	.LCFI20:
 439              		.cfi_def_cfa_offset 4
 440              		.cfi_offset 7, -4
 441 01f2 85B0     		sub	sp, sp, #20
 442              	.LCFI21:
 443              		.cfi_def_cfa_offset 24
 444 01f4 00AF     		add	r7, sp, #0
 445              	.LCFI22:
 446              		.cfi_def_cfa_register 7
 447 01f6 F860     		str	r0, [r7, #12]
 448 01f8 B960     		str	r1, [r7, #8]
 449 01fa 1346     		mov	r3, r2
 450 01fc FB71     		strb	r3, [r7, #7]
 322:../Libraries/STM32F10x_StdPeriph_Driver/src/stm32f10x_dac.c ****   /* Check the parameters */
 323:../Libraries/STM32F10x_StdPeriph_Driver/src/stm32f10x_dac.c ****   assert_param(IS_DAC_CHANNEL(DAC_Channel));
 324:../Libraries/STM32F10x_StdPeriph_Driver/src/stm32f10x_dac.c ****   assert_param(IS_DAC_WAVE(DAC_Wave)); 
 325:../Libraries/STM32F10x_StdPeriph_Driver/src/stm32f10x_dac.c ****   assert_param(IS_FUNCTIONAL_STATE(NewState));
 326:../Libraries/STM32F10x_StdPeriph_Driver/src/stm32f10x_dac.c ****   if (NewState != DISABLE)
 451              		.loc 1 326 0
 452 01fe FB79     		ldrb	r3, [r7, #7]	@ zero_extendqisi2
 453 0200 002B     		cmp	r3, #0
 454 0202 09D0     		beq	.L27
 327:../Libraries/STM32F10x_StdPeriph_Driver/src/stm32f10x_dac.c ****   {
 328:../Libraries/STM32F10x_StdPeriph_Driver/src/stm32f10x_dac.c ****     /* Enable the selected wave generation for the selected DAC channel */
 329:../Libraries/STM32F10x_StdPeriph_Driver/src/stm32f10x_dac.c ****     DAC->CR |= DAC_Wave << DAC_Channel;
 455              		.loc 1 329 0
 456 0204 0C4B     		ldr	r3, .L29
 457 0206 0C4A     		ldr	r2, .L29
 458 0208 1168     		ldr	r1, [r2, #0]
 459 020a FA68     		ldr	r2, [r7, #12]
 460 020c B868     		ldr	r0, [r7, #8]
 461 020e 00FA02F2 		lsl	r2, r0, r2
 462 0212 0A43     		orrs	r2, r2, r1
 463 0214 1A60     		str	r2, [r3, #0]
 464 0216 0AE0     		b	.L26
 465              	.L27:
 330:../Libraries/STM32F10x_StdPeriph_Driver/src/stm32f10x_dac.c ****   }
 331:../Libraries/STM32F10x_StdPeriph_Driver/src/stm32f10x_dac.c ****   else
 332:../Libraries/STM32F10x_StdPeriph_Driver/src/stm32f10x_dac.c ****   {
 333:../Libraries/STM32F10x_StdPeriph_Driver/src/stm32f10x_dac.c ****     /* Disable the selected wave generation for the selected DAC channel */
 334:../Libraries/STM32F10x_StdPeriph_Driver/src/stm32f10x_dac.c ****     DAC->CR &= ~(DAC_Wave << DAC_Channel);
 466              		.loc 1 334 0
 467 0218 074B     		ldr	r3, .L29
 468 021a 074A     		ldr	r2, .L29
 469 021c 1168     		ldr	r1, [r2, #0]
 470 021e FA68     		ldr	r2, [r7, #12]
 471 0220 B868     		ldr	r0, [r7, #8]
 472 0222 00FA02F2 		lsl	r2, r0, r2
 473 0226 6FEA0202 		mvn	r2, r2
 474 022a 0A40     		ands	r2, r2, r1
 475 022c 1A60     		str	r2, [r3, #0]
 476              	.L26:
 335:../Libraries/STM32F10x_StdPeriph_Driver/src/stm32f10x_dac.c ****   }
 336:../Libraries/STM32F10x_StdPeriph_Driver/src/stm32f10x_dac.c **** }
 477              		.loc 1 336 0
 478 022e 07F11407 		add	r7, r7, #20
 479 0232 BD46     		mov	sp, r7
 480 0234 80BC     		pop	{r7}
 481 0236 7047     		bx	lr
 482              	.L30:
 483              		.align	2
 484              	.L29:
 485 0238 00740040 		.word	1073771520
 486              		.cfi_endproc
 487              	.LFE62:
 489              		.align	2
 490              		.global	DAC_SetChannel1Data
 491              		.thumb
 492              		.thumb_func
 494              	DAC_SetChannel1Data:
 495              	.LFB63:
 337:../Libraries/STM32F10x_StdPeriph_Driver/src/stm32f10x_dac.c **** 
 338:../Libraries/STM32F10x_StdPeriph_Driver/src/stm32f10x_dac.c **** /**
 339:../Libraries/STM32F10x_StdPeriph_Driver/src/stm32f10x_dac.c ****   * @brief  Set the specified data holding register value for DAC channel1.
 340:../Libraries/STM32F10x_StdPeriph_Driver/src/stm32f10x_dac.c ****   * @param  DAC_Align: Specifies the data alignment for DAC channel1.
 341:../Libraries/STM32F10x_StdPeriph_Driver/src/stm32f10x_dac.c ****   *   This parameter can be one of the following values:
 342:../Libraries/STM32F10x_StdPeriph_Driver/src/stm32f10x_dac.c ****   *     @arg DAC_Align_8b_R: 8bit right data alignment selected
 343:../Libraries/STM32F10x_StdPeriph_Driver/src/stm32f10x_dac.c ****   *     @arg DAC_Align_12b_L: 12bit left data alignment selected
 344:../Libraries/STM32F10x_StdPeriph_Driver/src/stm32f10x_dac.c ****   *     @arg DAC_Align_12b_R: 12bit right data alignment selected
 345:../Libraries/STM32F10x_StdPeriph_Driver/src/stm32f10x_dac.c ****   * @param  Data : Data to be loaded in the selected data holding register.
 346:../Libraries/STM32F10x_StdPeriph_Driver/src/stm32f10x_dac.c ****   * @retval None
 347:../Libraries/STM32F10x_StdPeriph_Driver/src/stm32f10x_dac.c ****   */
 348:../Libraries/STM32F10x_StdPeriph_Driver/src/stm32f10x_dac.c **** void DAC_SetChannel1Data(uint32_t DAC_Align, uint16_t Data)
 349:../Libraries/STM32F10x_StdPeriph_Driver/src/stm32f10x_dac.c **** {  
 496              		.loc 1 349 0
 497              		.cfi_startproc
 498              		@ args = 0, pretend = 0, frame = 16
 499              		@ frame_needed = 1, uses_anonymous_args = 0
 500              		@ link register save eliminated.
 501 023c 80B4     		push	{r7}
 502              	.LCFI23:
 503              		.cfi_def_cfa_offset 4
 504              		.cfi_offset 7, -4
 505 023e 85B0     		sub	sp, sp, #20
 506              	.LCFI24:
 507              		.cfi_def_cfa_offset 24
 508 0240 00AF     		add	r7, sp, #0
 509              	.LCFI25:
 510              		.cfi_def_cfa_register 7
 511 0242 7860     		str	r0, [r7, #4]
 512 0244 0B46     		mov	r3, r1
 513 0246 7B80     		strh	r3, [r7, #2]	@ movhi
 350:../Libraries/STM32F10x_StdPeriph_Driver/src/stm32f10x_dac.c ****   __IO uint32_t tmp = 0;
 514              		.loc 1 350 0
 515 0248 4FF00003 		mov	r3, #0
 516 024c FB60     		str	r3, [r7, #12]
 351:../Libraries/STM32F10x_StdPeriph_Driver/src/stm32f10x_dac.c ****   
 352:../Libraries/STM32F10x_StdPeriph_Driver/src/stm32f10x_dac.c ****   /* Check the parameters */
 353:../Libraries/STM32F10x_StdPeriph_Driver/src/stm32f10x_dac.c ****   assert_param(IS_DAC_ALIGN(DAC_Align));
 354:../Libraries/STM32F10x_StdPeriph_Driver/src/stm32f10x_dac.c ****   assert_param(IS_DAC_DATA(Data));
 355:../Libraries/STM32F10x_StdPeriph_Driver/src/stm32f10x_dac.c ****   
 356:../Libraries/STM32F10x_StdPeriph_Driver/src/stm32f10x_dac.c ****   tmp = (uint32_t)DAC_BASE; 
 517              		.loc 1 356 0
 518 024e 084B     		ldr	r3, .L32
 519 0250 FB60     		str	r3, [r7, #12]
 357:../Libraries/STM32F10x_StdPeriph_Driver/src/stm32f10x_dac.c ****   tmp += DHR12R1_OFFSET + DAC_Align;
 520              		.loc 1 357 0
 521 0252 FA68     		ldr	r2, [r7, #12]
 522 0254 7B68     		ldr	r3, [r7, #4]
 523 0256 D318     		adds	r3, r2, r3
 524 0258 03F10803 		add	r3, r3, #8
 525 025c FB60     		str	r3, [r7, #12]
 358:../Libraries/STM32F10x_StdPeriph_Driver/src/stm32f10x_dac.c **** 
 359:../Libraries/STM32F10x_StdPeriph_Driver/src/stm32f10x_dac.c ****   /* Set the DAC channel1 selected data holding register */
 360:../Libraries/STM32F10x_StdPeriph_Driver/src/stm32f10x_dac.c ****   *(__IO uint32_t *) tmp = Data;
 526              		.loc 1 360 0
 527 025e FB68     		ldr	r3, [r7, #12]
 528 0260 7A88     		ldrh	r2, [r7, #2]
 529 0262 1A60     		str	r2, [r3, #0]
 361:../Libraries/STM32F10x_StdPeriph_Driver/src/stm32f10x_dac.c **** }
 530              		.loc 1 361 0
 531 0264 07F11407 		add	r7, r7, #20
 532 0268 BD46     		mov	sp, r7
 533 026a 80BC     		pop	{r7}
 534 026c 7047     		bx	lr
 535              	.L33:
 536 026e 00BF     		.align	2
 537              	.L32:
 538 0270 00740040 		.word	1073771520
 539              		.cfi_endproc
 540              	.LFE63:
 542              		.align	2
 543              		.global	DAC_SetChannel2Data
 544              		.thumb
 545              		.thumb_func
 547              	DAC_SetChannel2Data:
 548              	.LFB64:
 362:../Libraries/STM32F10x_StdPeriph_Driver/src/stm32f10x_dac.c **** 
 363:../Libraries/STM32F10x_StdPeriph_Driver/src/stm32f10x_dac.c **** /**
 364:../Libraries/STM32F10x_StdPeriph_Driver/src/stm32f10x_dac.c ****   * @brief  Set the specified data holding register value for DAC channel2.
 365:../Libraries/STM32F10x_StdPeriph_Driver/src/stm32f10x_dac.c ****   * @param  DAC_Align: Specifies the data alignment for DAC channel2.
 366:../Libraries/STM32F10x_StdPeriph_Driver/src/stm32f10x_dac.c ****   *   This parameter can be one of the following values:
 367:../Libraries/STM32F10x_StdPeriph_Driver/src/stm32f10x_dac.c ****   *     @arg DAC_Align_8b_R: 8bit right data alignment selected
 368:../Libraries/STM32F10x_StdPeriph_Driver/src/stm32f10x_dac.c ****   *     @arg DAC_Align_12b_L: 12bit left data alignment selected
 369:../Libraries/STM32F10x_StdPeriph_Driver/src/stm32f10x_dac.c ****   *     @arg DAC_Align_12b_R: 12bit right data alignment selected
 370:../Libraries/STM32F10x_StdPeriph_Driver/src/stm32f10x_dac.c ****   * @param  Data : Data to be loaded in the selected data holding register.
 371:../Libraries/STM32F10x_StdPeriph_Driver/src/stm32f10x_dac.c ****   * @retval None
 372:../Libraries/STM32F10x_StdPeriph_Driver/src/stm32f10x_dac.c ****   */
 373:../Libraries/STM32F10x_StdPeriph_Driver/src/stm32f10x_dac.c **** void DAC_SetChannel2Data(uint32_t DAC_Align, uint16_t Data)
 374:../Libraries/STM32F10x_StdPeriph_Driver/src/stm32f10x_dac.c **** {
 549              		.loc 1 374 0
 550              		.cfi_startproc
 551              		@ args = 0, pretend = 0, frame = 16
 552              		@ frame_needed = 1, uses_anonymous_args = 0
 553              		@ link register save eliminated.
 554 0274 80B4     		push	{r7}
 555              	.LCFI26:
 556              		.cfi_def_cfa_offset 4
 557              		.cfi_offset 7, -4
 558 0276 85B0     		sub	sp, sp, #20
 559              	.LCFI27:
 560              		.cfi_def_cfa_offset 24
 561 0278 00AF     		add	r7, sp, #0
 562              	.LCFI28:
 563              		.cfi_def_cfa_register 7
 564 027a 7860     		str	r0, [r7, #4]
 565 027c 0B46     		mov	r3, r1
 566 027e 7B80     		strh	r3, [r7, #2]	@ movhi
 375:../Libraries/STM32F10x_StdPeriph_Driver/src/stm32f10x_dac.c ****   __IO uint32_t tmp = 0;
 567              		.loc 1 375 0
 568 0280 4FF00003 		mov	r3, #0
 569 0284 FB60     		str	r3, [r7, #12]
 376:../Libraries/STM32F10x_StdPeriph_Driver/src/stm32f10x_dac.c **** 
 377:../Libraries/STM32F10x_StdPeriph_Driver/src/stm32f10x_dac.c ****   /* Check the parameters */
 378:../Libraries/STM32F10x_StdPeriph_Driver/src/stm32f10x_dac.c ****   assert_param(IS_DAC_ALIGN(DAC_Align));
 379:../Libraries/STM32F10x_StdPeriph_Driver/src/stm32f10x_dac.c ****   assert_param(IS_DAC_DATA(Data));
 380:../Libraries/STM32F10x_StdPeriph_Driver/src/stm32f10x_dac.c ****   
 381:../Libraries/STM32F10x_StdPeriph_Driver/src/stm32f10x_dac.c ****   tmp = (uint32_t)DAC_BASE;
 570              		.loc 1 381 0
 571 0286 084B     		ldr	r3, .L35
 572 0288 FB60     		str	r3, [r7, #12]
 382:../Libraries/STM32F10x_StdPeriph_Driver/src/stm32f10x_dac.c ****   tmp += DHR12R2_OFFSET + DAC_Align;
 573              		.loc 1 382 0
 574 028a FA68     		ldr	r2, [r7, #12]
 575 028c 7B68     		ldr	r3, [r7, #4]
 576 028e D318     		adds	r3, r2, r3
 577 0290 03F11403 		add	r3, r3, #20
 578 0294 FB60     		str	r3, [r7, #12]
 383:../Libraries/STM32F10x_StdPeriph_Driver/src/stm32f10x_dac.c **** 
 384:../Libraries/STM32F10x_StdPeriph_Driver/src/stm32f10x_dac.c ****   /* Set the DAC channel2 selected data holding register */
 385:../Libraries/STM32F10x_StdPeriph_Driver/src/stm32f10x_dac.c ****   *(__IO uint32_t *)tmp = Data;
 579              		.loc 1 385 0
 580 0296 FB68     		ldr	r3, [r7, #12]
 581 0298 7A88     		ldrh	r2, [r7, #2]
 582 029a 1A60     		str	r2, [r3, #0]
 386:../Libraries/STM32F10x_StdPeriph_Driver/src/stm32f10x_dac.c **** }
 583              		.loc 1 386 0
 584 029c 07F11407 		add	r7, r7, #20
 585 02a0 BD46     		mov	sp, r7
 586 02a2 80BC     		pop	{r7}
 587 02a4 7047     		bx	lr
 588              	.L36:
 589 02a6 00BF     		.align	2
 590              	.L35:
 591 02a8 00740040 		.word	1073771520
 592              		.cfi_endproc
 593              	.LFE64:
 595              		.align	2
 596              		.global	DAC_SetDualChannelData
 597              		.thumb
 598              		.thumb_func
 600              	DAC_SetDualChannelData:
 601              	.LFB65:
 387:../Libraries/STM32F10x_StdPeriph_Driver/src/stm32f10x_dac.c **** 
 388:../Libraries/STM32F10x_StdPeriph_Driver/src/stm32f10x_dac.c **** /**
 389:../Libraries/STM32F10x_StdPeriph_Driver/src/stm32f10x_dac.c ****   * @brief  Set the specified data holding register value for dual channel
 390:../Libraries/STM32F10x_StdPeriph_Driver/src/stm32f10x_dac.c ****   *   DAC.
 391:../Libraries/STM32F10x_StdPeriph_Driver/src/stm32f10x_dac.c ****   * @param  DAC_Align: Specifies the data alignment for dual channel DAC.
 392:../Libraries/STM32F10x_StdPeriph_Driver/src/stm32f10x_dac.c ****   *   This parameter can be one of the following values:
 393:../Libraries/STM32F10x_StdPeriph_Driver/src/stm32f10x_dac.c ****   *     @arg DAC_Align_8b_R: 8bit right data alignment selected
 394:../Libraries/STM32F10x_StdPeriph_Driver/src/stm32f10x_dac.c ****   *     @arg DAC_Align_12b_L: 12bit left data alignment selected
 395:../Libraries/STM32F10x_StdPeriph_Driver/src/stm32f10x_dac.c ****   *     @arg DAC_Align_12b_R: 12bit right data alignment selected
 396:../Libraries/STM32F10x_StdPeriph_Driver/src/stm32f10x_dac.c ****   * @param  Data2: Data for DAC Channel2 to be loaded in the selected data 
 397:../Libraries/STM32F10x_StdPeriph_Driver/src/stm32f10x_dac.c ****   *   holding register.
 398:../Libraries/STM32F10x_StdPeriph_Driver/src/stm32f10x_dac.c ****   * @param  Data1: Data for DAC Channel1 to be loaded in the selected data 
 399:../Libraries/STM32F10x_StdPeriph_Driver/src/stm32f10x_dac.c ****   *   holding register.
 400:../Libraries/STM32F10x_StdPeriph_Driver/src/stm32f10x_dac.c ****   * @retval None
 401:../Libraries/STM32F10x_StdPeriph_Driver/src/stm32f10x_dac.c ****   */
 402:../Libraries/STM32F10x_StdPeriph_Driver/src/stm32f10x_dac.c **** void DAC_SetDualChannelData(uint32_t DAC_Align, uint16_t Data2, uint16_t Data1)
 403:../Libraries/STM32F10x_StdPeriph_Driver/src/stm32f10x_dac.c **** {
 602              		.loc 1 403 0
 603              		.cfi_startproc
 604              		@ args = 0, pretend = 0, frame = 16
 605              		@ frame_needed = 1, uses_anonymous_args = 0
 606              		@ link register save eliminated.
 607 02ac 80B4     		push	{r7}
 608              	.LCFI29:
 609              		.cfi_def_cfa_offset 4
 610              		.cfi_offset 7, -4
 611 02ae 85B0     		sub	sp, sp, #20
 612              	.LCFI30:
 613              		.cfi_def_cfa_offset 24
 614 02b0 00AF     		add	r7, sp, #0
 615              	.LCFI31:
 616              		.cfi_def_cfa_register 7
 617 02b2 7860     		str	r0, [r7, #4]
 618 02b4 1346     		mov	r3, r2
 619 02b6 0A46     		mov	r2, r1	@ movhi
 620 02b8 7A80     		strh	r2, [r7, #2]	@ movhi
 621 02ba 3B80     		strh	r3, [r7, #0]	@ movhi
 404:../Libraries/STM32F10x_StdPeriph_Driver/src/stm32f10x_dac.c ****   uint32_t data = 0, tmp = 0;
 622              		.loc 1 404 0
 623 02bc 4FF00003 		mov	r3, #0
 624 02c0 FB60     		str	r3, [r7, #12]
 625 02c2 4FF00003 		mov	r3, #0
 626 02c6 BB60     		str	r3, [r7, #8]
 405:../Libraries/STM32F10x_StdPeriph_Driver/src/stm32f10x_dac.c ****   
 406:../Libraries/STM32F10x_StdPeriph_Driver/src/stm32f10x_dac.c ****   /* Check the parameters */
 407:../Libraries/STM32F10x_StdPeriph_Driver/src/stm32f10x_dac.c ****   assert_param(IS_DAC_ALIGN(DAC_Align));
 408:../Libraries/STM32F10x_StdPeriph_Driver/src/stm32f10x_dac.c ****   assert_param(IS_DAC_DATA(Data1));
 409:../Libraries/STM32F10x_StdPeriph_Driver/src/stm32f10x_dac.c ****   assert_param(IS_DAC_DATA(Data2));
 410:../Libraries/STM32F10x_StdPeriph_Driver/src/stm32f10x_dac.c ****   
 411:../Libraries/STM32F10x_StdPeriph_Driver/src/stm32f10x_dac.c ****   /* Calculate and set dual DAC data holding register value */
 412:../Libraries/STM32F10x_StdPeriph_Driver/src/stm32f10x_dac.c ****   if (DAC_Align == DAC_Align_8b_R)
 627              		.loc 1 412 0
 628 02c8 7B68     		ldr	r3, [r7, #4]
 629 02ca 082B     		cmp	r3, #8
 630 02cc 06D1     		bne	.L38
 413:../Libraries/STM32F10x_StdPeriph_Driver/src/stm32f10x_dac.c ****   {
 414:../Libraries/STM32F10x_StdPeriph_Driver/src/stm32f10x_dac.c ****     data = ((uint32_t)Data2 << 8) | Data1; 
 631              		.loc 1 414 0
 632 02ce 7B88     		ldrh	r3, [r7, #2]
 633 02d0 4FEA0322 		lsl	r2, r3, #8
 634 02d4 3B88     		ldrh	r3, [r7, #0]
 635 02d6 1343     		orrs	r3, r3, r2
 636 02d8 FB60     		str	r3, [r7, #12]
 637 02da 05E0     		b	.L39
 638              	.L38:
 415:../Libraries/STM32F10x_StdPeriph_Driver/src/stm32f10x_dac.c ****   }
 416:../Libraries/STM32F10x_StdPeriph_Driver/src/stm32f10x_dac.c ****   else
 417:../Libraries/STM32F10x_StdPeriph_Driver/src/stm32f10x_dac.c ****   {
 418:../Libraries/STM32F10x_StdPeriph_Driver/src/stm32f10x_dac.c ****     data = ((uint32_t)Data2 << 16) | Data1;
 639              		.loc 1 418 0
 640 02dc 7B88     		ldrh	r3, [r7, #2]
 641 02de 4FEA0342 		lsl	r2, r3, #16
 642 02e2 3B88     		ldrh	r3, [r7, #0]
 643 02e4 1343     		orrs	r3, r3, r2
 644 02e6 FB60     		str	r3, [r7, #12]
 645              	.L39:
 419:../Libraries/STM32F10x_StdPeriph_Driver/src/stm32f10x_dac.c ****   }
 420:../Libraries/STM32F10x_StdPeriph_Driver/src/stm32f10x_dac.c ****   
 421:../Libraries/STM32F10x_StdPeriph_Driver/src/stm32f10x_dac.c ****   tmp = (uint32_t)DAC_BASE;
 646              		.loc 1 421 0
 647 02e8 074B     		ldr	r3, .L40
 648 02ea BB60     		str	r3, [r7, #8]
 422:../Libraries/STM32F10x_StdPeriph_Driver/src/stm32f10x_dac.c ****   tmp += DHR12RD_OFFSET + DAC_Align;
 649              		.loc 1 422 0
 650 02ec 7A68     		ldr	r2, [r7, #4]
 651 02ee BB68     		ldr	r3, [r7, #8]
 652 02f0 D318     		adds	r3, r2, r3
 653 02f2 03F12003 		add	r3, r3, #32
 654 02f6 BB60     		str	r3, [r7, #8]
 423:../Libraries/STM32F10x_StdPeriph_Driver/src/stm32f10x_dac.c **** 
 424:../Libraries/STM32F10x_StdPeriph_Driver/src/stm32f10x_dac.c ****   /* Set the dual DAC selected data holding register */
 425:../Libraries/STM32F10x_StdPeriph_Driver/src/stm32f10x_dac.c ****   *(__IO uint32_t *)tmp = data;
 655              		.loc 1 425 0
 656 02f8 BB68     		ldr	r3, [r7, #8]
 657 02fa FA68     		ldr	r2, [r7, #12]
 658 02fc 1A60     		str	r2, [r3, #0]
 426:../Libraries/STM32F10x_StdPeriph_Driver/src/stm32f10x_dac.c **** }
 659              		.loc 1 426 0
 660 02fe 07F11407 		add	r7, r7, #20
 661 0302 BD46     		mov	sp, r7
 662 0304 80BC     		pop	{r7}
 663 0306 7047     		bx	lr
 664              	.L41:
 665              		.align	2
 666              	.L40:
 667 0308 00740040 		.word	1073771520
 668              		.cfi_endproc
 669              	.LFE65:
 671              		.align	2
 672              		.global	DAC_GetDataOutputValue
 673              		.thumb
 674              		.thumb_func
 676              	DAC_GetDataOutputValue:
 677              	.LFB66:
 427:../Libraries/STM32F10x_StdPeriph_Driver/src/stm32f10x_dac.c **** 
 428:../Libraries/STM32F10x_StdPeriph_Driver/src/stm32f10x_dac.c **** /**
 429:../Libraries/STM32F10x_StdPeriph_Driver/src/stm32f10x_dac.c ****   * @brief  Returns the last data output value of the selected DAC channel.
 430:../Libraries/STM32F10x_StdPeriph_Driver/src/stm32f10x_dac.c ****   * @param  DAC_Channel: the selected DAC channel. 
 431:../Libraries/STM32F10x_StdPeriph_Driver/src/stm32f10x_dac.c ****   *   This parameter can be one of the following values:
 432:../Libraries/STM32F10x_StdPeriph_Driver/src/stm32f10x_dac.c ****   *     @arg DAC_Channel_1: DAC Channel1 selected
 433:../Libraries/STM32F10x_StdPeriph_Driver/src/stm32f10x_dac.c ****   *     @arg DAC_Channel_2: DAC Channel2 selected
 434:../Libraries/STM32F10x_StdPeriph_Driver/src/stm32f10x_dac.c ****   * @retval The selected DAC channel data output value.
 435:../Libraries/STM32F10x_StdPeriph_Driver/src/stm32f10x_dac.c ****   */
 436:../Libraries/STM32F10x_StdPeriph_Driver/src/stm32f10x_dac.c **** uint16_t DAC_GetDataOutputValue(uint32_t DAC_Channel)
 437:../Libraries/STM32F10x_StdPeriph_Driver/src/stm32f10x_dac.c **** {
 678              		.loc 1 437 0
 679              		.cfi_startproc
 680              		@ args = 0, pretend = 0, frame = 16
 681              		@ frame_needed = 1, uses_anonymous_args = 0
 682              		@ link register save eliminated.
 683 030c 80B4     		push	{r7}
 684              	.LCFI32:
 685              		.cfi_def_cfa_offset 4
 686              		.cfi_offset 7, -4
 687 030e 85B0     		sub	sp, sp, #20
 688              	.LCFI33:
 689              		.cfi_def_cfa_offset 24
 690 0310 00AF     		add	r7, sp, #0
 691              	.LCFI34:
 692              		.cfi_def_cfa_register 7
 693 0312 7860     		str	r0, [r7, #4]
 438:../Libraries/STM32F10x_StdPeriph_Driver/src/stm32f10x_dac.c ****   __IO uint32_t tmp = 0;
 694              		.loc 1 438 0
 695 0314 4FF00003 		mov	r3, #0
 696 0318 FB60     		str	r3, [r7, #12]
 439:../Libraries/STM32F10x_StdPeriph_Driver/src/stm32f10x_dac.c ****   
 440:../Libraries/STM32F10x_StdPeriph_Driver/src/stm32f10x_dac.c ****   /* Check the parameters */
 441:../Libraries/STM32F10x_StdPeriph_Driver/src/stm32f10x_dac.c ****   assert_param(IS_DAC_CHANNEL(DAC_Channel));
 442:../Libraries/STM32F10x_StdPeriph_Driver/src/stm32f10x_dac.c ****   
 443:../Libraries/STM32F10x_StdPeriph_Driver/src/stm32f10x_dac.c ****   tmp = (uint32_t) DAC_BASE ;
 697              		.loc 1 443 0
 698 031a 094B     		ldr	r3, .L44
 699 031c FB60     		str	r3, [r7, #12]
 444:../Libraries/STM32F10x_StdPeriph_Driver/src/stm32f10x_dac.c ****   tmp += DOR_OFFSET + ((uint32_t)DAC_Channel >> 2);
 700              		.loc 1 444 0
 701 031e 7B68     		ldr	r3, [r7, #4]
 702 0320 4FEA9302 		lsr	r2, r3, #2
 703 0324 FB68     		ldr	r3, [r7, #12]
 704 0326 D318     		adds	r3, r2, r3
 705 0328 03F12C03 		add	r3, r3, #44
 706 032c FB60     		str	r3, [r7, #12]
 445:../Libraries/STM32F10x_StdPeriph_Driver/src/stm32f10x_dac.c ****   
 446:../Libraries/STM32F10x_StdPeriph_Driver/src/stm32f10x_dac.c ****   /* Returns the DAC channel data output register value */
 447:../Libraries/STM32F10x_StdPeriph_Driver/src/stm32f10x_dac.c ****   return (uint16_t) (*(__IO uint32_t*) tmp);
 707              		.loc 1 447 0
 708 032e FB68     		ldr	r3, [r7, #12]
 709 0330 1B68     		ldr	r3, [r3, #0]
 710 0332 9BB2     		uxth	r3, r3
 448:../Libraries/STM32F10x_StdPeriph_Driver/src/stm32f10x_dac.c **** }
 711              		.loc 1 448 0
 712 0334 1846     		mov	r0, r3
 713 0336 07F11407 		add	r7, r7, #20
 714 033a BD46     		mov	sp, r7
 715 033c 80BC     		pop	{r7}
 716 033e 7047     		bx	lr
 717              	.L45:
 718              		.align	2
 719              	.L44:
 720 0340 00740040 		.word	1073771520
 721              		.cfi_endproc
 722              	.LFE66:
 724              	.Letext0:
 725              		.file 2 "c:\\program files (x86)\\codesourcery\\sourcery_codebench_lite_for_arm_eabi\\bin\\../lib/
 726              		.file 3 "D:\\EclipseIndigo\\workspace\\xelo\\src/stm32f10x.h"
 727              		.file 4 "D:\\EclipseIndigo\\workspace\\xelo\\Libraries\\STM32F10x_StdPeriph_Driver\\inc/stm32f10x_
 728              		.file 5 "D:\\EclipseIndigo\\workspace\\xelo\\Libraries\\CMSIS\\Include/core_cm3.h"
DEFINED SYMBOLS
                            *ABS*:00000000 stm32f10x_dac.c
C:\Users\THANGN~1\AppData\Local\Temp\ccltivnL.s:18     .text:00000000 $t
C:\Users\THANGN~1\AppData\Local\Temp\ccltivnL.s:23     .text:00000000 DAC_DeInit
C:\Users\THANGN~1\AppData\Local\Temp\ccltivnL.s:56     .text:00000020 DAC_Init
C:\Users\THANGN~1\AppData\Local\Temp\ccltivnL.s:128    .text:00000088 $d
C:\Users\THANGN~1\AppData\Local\Temp\ccltivnL.s:132    .text:0000008c $t
C:\Users\THANGN~1\AppData\Local\Temp\ccltivnL.s:137    .text:0000008c DAC_StructInit
C:\Users\THANGN~1\AppData\Local\Temp\ccltivnL.s:184    .text:000000c0 DAC_Cmd
C:\Users\THANGN~1\AppData\Local\Temp\ccltivnL.s:238    .text:0000010c $d
C:\Users\THANGN~1\AppData\Local\Temp\ccltivnL.s:242    .text:00000110 $t
C:\Users\THANGN~1\AppData\Local\Temp\ccltivnL.s:247    .text:00000110 DAC_DMACmd
C:\Users\THANGN~1\AppData\Local\Temp\ccltivnL.s:301    .text:0000015c $d
C:\Users\THANGN~1\AppData\Local\Temp\ccltivnL.s:305    .text:00000160 $t
C:\Users\THANGN~1\AppData\Local\Temp\ccltivnL.s:310    .text:00000160 DAC_SoftwareTriggerCmd
C:\Users\THANGN~1\AppData\Local\Temp\ccltivnL.s:366    .text:000001b4 $d
C:\Users\THANGN~1\AppData\Local\Temp\ccltivnL.s:370    .text:000001b8 $t
C:\Users\THANGN~1\AppData\Local\Temp\ccltivnL.s:375    .text:000001b8 DAC_DualSoftwareTriggerCmd
C:\Users\THANGN~1\AppData\Local\Temp\ccltivnL.s:421    .text:000001ec $d
C:\Users\THANGN~1\AppData\Local\Temp\ccltivnL.s:425    .text:000001f0 $t
C:\Users\THANGN~1\AppData\Local\Temp\ccltivnL.s:430    .text:000001f0 DAC_WaveGenerationCmd
C:\Users\THANGN~1\AppData\Local\Temp\ccltivnL.s:485    .text:00000238 $d
C:\Users\THANGN~1\AppData\Local\Temp\ccltivnL.s:489    .text:0000023c $t
C:\Users\THANGN~1\AppData\Local\Temp\ccltivnL.s:494    .text:0000023c DAC_SetChannel1Data
C:\Users\THANGN~1\AppData\Local\Temp\ccltivnL.s:538    .text:00000270 $d
C:\Users\THANGN~1\AppData\Local\Temp\ccltivnL.s:542    .text:00000274 $t
C:\Users\THANGN~1\AppData\Local\Temp\ccltivnL.s:547    .text:00000274 DAC_SetChannel2Data
C:\Users\THANGN~1\AppData\Local\Temp\ccltivnL.s:591    .text:000002a8 $d
C:\Users\THANGN~1\AppData\Local\Temp\ccltivnL.s:595    .text:000002ac $t
C:\Users\THANGN~1\AppData\Local\Temp\ccltivnL.s:600    .text:000002ac DAC_SetDualChannelData
C:\Users\THANGN~1\AppData\Local\Temp\ccltivnL.s:667    .text:00000308 $d
C:\Users\THANGN~1\AppData\Local\Temp\ccltivnL.s:671    .text:0000030c $t
C:\Users\THANGN~1\AppData\Local\Temp\ccltivnL.s:676    .text:0000030c DAC_GetDataOutputValue
C:\Users\THANGN~1\AppData\Local\Temp\ccltivnL.s:720    .text:00000340 $d
                     .debug_frame:00000010 $d
                           .group:00000000 wm4.1.6e5f3786b89b666b3dcc7c4c84d9d480
                           .group:00000000 wm4.stm32f10x.h.57.69ab29c83f735418a543aa508b559235
                           .group:00000000 wm4.core_cm3.h.32.49180ccb4d36cabd2d7016d2a51d91ae
                           .group:00000000 wm4.stdint.h.10.90b695f550ca6cc3fb08fa83baf01e05
                           .group:00000000 wm4.core_cmInstr.h.25.f50f886f2edf670cf199b35fd96f5c91
                           .group:00000000 wm4.core_cm3.h.130.36d879c1aefb6e578e399a5de749a503
                           .group:00000000 wm4.stm32f10x.h.532.b2b0c08e77686a45dbc3252d064cb2e1
                           .group:00000000 wm4.stm32f10x_adc.h.89.9f2b285fa0070185d48a05b61a05798c
                           .group:00000000 wm4.stm32f10x_bkp.h.31.74a586c036c8ee5d9205c6728cc8d6ab
                           .group:00000000 wm4.stm32f10x_can.h.31.b14273b95de79d8fbb020ba042473fb1
                           .group:00000000 wm4.stm32f10x_cec.h.31.29c77e36bfe4567e85f26cdcc60def64
                           .group:00000000 wm4.stm32f10x_dbgmcu.h.31.45f176e9b7a15051b8c69cb2700c78b8
                           .group:00000000 wm4.stm32f10x_dma.h.31.ef16218235edc52b414c0353f44b4bf0
                           .group:00000000 wm4.stm32f10x_exti.h.31.b25bcb4f1a2daad39d2d7dfa4e901646
                           .group:00000000 wm4.stm32f10x_flash.h.31.0203bc95b65c5396b67991e07a675efb
                           .group:00000000 wm4.stm32f10x_fsmc.h.31.a761d459aa046c2769a99b93e8763ba0
                           .group:00000000 wm4.stm32f10x_gpio.h.31.0a32659dbac1fc1055c7cbdc248963be
                           .group:00000000 wm4.stm32f10x_i2c.h.31.93d7dc2d477856f119d957730d4c6f1c
                           .group:00000000 wm4.stm32f10x_iwdg.h.31.959ae9b7e1d603f1e5ae6468c0fc1624
                           .group:00000000 wm4.stm32f10x_pwr.h.31.9168b6921e0cf03b467c7ed90861c701
                           .group:00000000 wm4.stm32f10x_rcc.h.31.2ee3219a25ef4ced658f2fe9d8cd94aa
                           .group:00000000 wm4.stm32f10x_rtc.h.31.00ba78fc0dbb06b6e6783a1e7fccf5a0
                           .group:00000000 wm4.stm32f10x_sdio.h.31.37dab89d08b2364a3dfaace444dec7c3
                           .group:00000000 wm4.stm32f10x_spi.h.31.d2f6e4626887cabe8c98f3a185590a36
                           .group:00000000 wm4.stm32f10x_tim.h.31.6c06f7f26e0864f9cd59597f46ca2c7c
                           .group:00000000 wm4.stm32f10x_usart.h.31.28d75d6af05cefbbfa00cf30a7c8a335
                           .group:00000000 wm4.stm32f10x_wwdg.h.31.4504f930b88ade4f56d1e3f2a11c098b
                           .group:00000000 wm4.misc.h.31.a89fba2040036f6f8c835a78a213e0cd
                           .group:00000000 wm4.stm32f10x.h.8356.9fd2fa84655112ac7dfc5c88beeb383d
                           .group:00000000 wm4.stm32f10x_dac.h.85.9f935c060827520f6da7ae707146a33a

UNDEFINED SYMBOLS
RCC_APB1PeriphResetCmd
