   1              		.syntax unified
   2              		.cpu cortex-m3
   3              		.fpu softvfp
   4              		.eabi_attribute 20, 1
   5              		.eabi_attribute 21, 1
   6              		.eabi_attribute 23, 3
   7              		.eabi_attribute 24, 1
   8              		.eabi_attribute 25, 1
   9              		.eabi_attribute 26, 1
  10              		.eabi_attribute 30, 6
  11              		.eabi_attribute 34, 1
  12              		.eabi_attribute 18, 4
  13              		.thumb
  14              		.file	"stm32f10x_exti.c"
  15              		.text
  16              	.Ltext0:
  17              		.cfi_sections	.debug_frame
  18              		.align	2
  19              		.global	EXTI_DeInit
  20              		.thumb
  21              		.thumb_func
  23              	EXTI_DeInit:
  24              	.LFB55:
  25              		.file 1 "../Libraries/STM32F10x_StdPeriph_Driver/src/stm32f10x_exti.c"
   1:../Libraries/STM32F10x_StdPeriph_Driver/src/stm32f10x_exti.c **** /**
   2:../Libraries/STM32F10x_StdPeriph_Driver/src/stm32f10x_exti.c ****   ******************************************************************************
   3:../Libraries/STM32F10x_StdPeriph_Driver/src/stm32f10x_exti.c ****   * @file    stm32f10x_exti.c
   4:../Libraries/STM32F10x_StdPeriph_Driver/src/stm32f10x_exti.c ****   * @author  MCD Application Team
   5:../Libraries/STM32F10x_StdPeriph_Driver/src/stm32f10x_exti.c ****   * @version V3.6.1
   6:../Libraries/STM32F10x_StdPeriph_Driver/src/stm32f10x_exti.c ****   * @date    05-March-2012
   7:../Libraries/STM32F10x_StdPeriph_Driver/src/stm32f10x_exti.c ****   * @brief   This file provides all the EXTI firmware functions.
   8:../Libraries/STM32F10x_StdPeriph_Driver/src/stm32f10x_exti.c ****   ******************************************************************************
   9:../Libraries/STM32F10x_StdPeriph_Driver/src/stm32f10x_exti.c ****   * @attention
  10:../Libraries/STM32F10x_StdPeriph_Driver/src/stm32f10x_exti.c ****   *
  11:../Libraries/STM32F10x_StdPeriph_Driver/src/stm32f10x_exti.c ****   * <h2><center>&copy; COPYRIGHT 2012 STMicroelectronics</center></h2>
  12:../Libraries/STM32F10x_StdPeriph_Driver/src/stm32f10x_exti.c ****   *
  13:../Libraries/STM32F10x_StdPeriph_Driver/src/stm32f10x_exti.c ****   * Licensed under MCD-ST Liberty SW License Agreement V2, (the "License");
  14:../Libraries/STM32F10x_StdPeriph_Driver/src/stm32f10x_exti.c ****   * You may not use this file except in compliance with the License.
  15:../Libraries/STM32F10x_StdPeriph_Driver/src/stm32f10x_exti.c ****   * You may obtain a copy of the License at:
  16:../Libraries/STM32F10x_StdPeriph_Driver/src/stm32f10x_exti.c ****   *
  17:../Libraries/STM32F10x_StdPeriph_Driver/src/stm32f10x_exti.c ****   *        http://www.st.com/software_license_agreement_liberty_v2
  18:../Libraries/STM32F10x_StdPeriph_Driver/src/stm32f10x_exti.c ****   *
  19:../Libraries/STM32F10x_StdPeriph_Driver/src/stm32f10x_exti.c ****   * Unless required by applicable law or agreed to in writing, software 
  20:../Libraries/STM32F10x_StdPeriph_Driver/src/stm32f10x_exti.c ****   * distributed under the License is distributed on an "AS IS" BASIS, 
  21:../Libraries/STM32F10x_StdPeriph_Driver/src/stm32f10x_exti.c ****   * WITHOUT WARRANTIES OR CONDITIONS OF ANY KIND, either express or implied.
  22:../Libraries/STM32F10x_StdPeriph_Driver/src/stm32f10x_exti.c ****   * See the License for the specific language governing permissions and
  23:../Libraries/STM32F10x_StdPeriph_Driver/src/stm32f10x_exti.c ****   * limitations under the License.
  24:../Libraries/STM32F10x_StdPeriph_Driver/src/stm32f10x_exti.c ****   *
  25:../Libraries/STM32F10x_StdPeriph_Driver/src/stm32f10x_exti.c ****   ******************************************************************************
  26:../Libraries/STM32F10x_StdPeriph_Driver/src/stm32f10x_exti.c ****   */
  27:../Libraries/STM32F10x_StdPeriph_Driver/src/stm32f10x_exti.c **** 
  28:../Libraries/STM32F10x_StdPeriph_Driver/src/stm32f10x_exti.c **** /* Includes ------------------------------------------------------------------*/
  29:../Libraries/STM32F10x_StdPeriph_Driver/src/stm32f10x_exti.c **** #include "stm32f10x_exti.h"
  30:../Libraries/STM32F10x_StdPeriph_Driver/src/stm32f10x_exti.c **** 
  31:../Libraries/STM32F10x_StdPeriph_Driver/src/stm32f10x_exti.c **** /** @addtogroup STM32F10x_StdPeriph_Driver
  32:../Libraries/STM32F10x_StdPeriph_Driver/src/stm32f10x_exti.c ****   * @{
  33:../Libraries/STM32F10x_StdPeriph_Driver/src/stm32f10x_exti.c ****   */
  34:../Libraries/STM32F10x_StdPeriph_Driver/src/stm32f10x_exti.c **** 
  35:../Libraries/STM32F10x_StdPeriph_Driver/src/stm32f10x_exti.c **** /** @defgroup EXTI 
  36:../Libraries/STM32F10x_StdPeriph_Driver/src/stm32f10x_exti.c ****   * @brief EXTI driver modules
  37:../Libraries/STM32F10x_StdPeriph_Driver/src/stm32f10x_exti.c ****   * @{
  38:../Libraries/STM32F10x_StdPeriph_Driver/src/stm32f10x_exti.c ****   */
  39:../Libraries/STM32F10x_StdPeriph_Driver/src/stm32f10x_exti.c **** 
  40:../Libraries/STM32F10x_StdPeriph_Driver/src/stm32f10x_exti.c **** /** @defgroup EXTI_Private_TypesDefinitions
  41:../Libraries/STM32F10x_StdPeriph_Driver/src/stm32f10x_exti.c ****   * @{
  42:../Libraries/STM32F10x_StdPeriph_Driver/src/stm32f10x_exti.c ****   */
  43:../Libraries/STM32F10x_StdPeriph_Driver/src/stm32f10x_exti.c **** 
  44:../Libraries/STM32F10x_StdPeriph_Driver/src/stm32f10x_exti.c **** /**
  45:../Libraries/STM32F10x_StdPeriph_Driver/src/stm32f10x_exti.c ****   * @}
  46:../Libraries/STM32F10x_StdPeriph_Driver/src/stm32f10x_exti.c ****   */
  47:../Libraries/STM32F10x_StdPeriph_Driver/src/stm32f10x_exti.c **** 
  48:../Libraries/STM32F10x_StdPeriph_Driver/src/stm32f10x_exti.c **** /** @defgroup EXTI_Private_Defines
  49:../Libraries/STM32F10x_StdPeriph_Driver/src/stm32f10x_exti.c ****   * @{
  50:../Libraries/STM32F10x_StdPeriph_Driver/src/stm32f10x_exti.c ****   */
  51:../Libraries/STM32F10x_StdPeriph_Driver/src/stm32f10x_exti.c **** 
  52:../Libraries/STM32F10x_StdPeriph_Driver/src/stm32f10x_exti.c **** #define EXTI_LINENONE    ((uint32_t)0x00000)  /* No interrupt selected */
  53:../Libraries/STM32F10x_StdPeriph_Driver/src/stm32f10x_exti.c **** 
  54:../Libraries/STM32F10x_StdPeriph_Driver/src/stm32f10x_exti.c **** /**
  55:../Libraries/STM32F10x_StdPeriph_Driver/src/stm32f10x_exti.c ****   * @}
  56:../Libraries/STM32F10x_StdPeriph_Driver/src/stm32f10x_exti.c ****   */
  57:../Libraries/STM32F10x_StdPeriph_Driver/src/stm32f10x_exti.c **** 
  58:../Libraries/STM32F10x_StdPeriph_Driver/src/stm32f10x_exti.c **** /** @defgroup EXTI_Private_Macros
  59:../Libraries/STM32F10x_StdPeriph_Driver/src/stm32f10x_exti.c ****   * @{
  60:../Libraries/STM32F10x_StdPeriph_Driver/src/stm32f10x_exti.c ****   */
  61:../Libraries/STM32F10x_StdPeriph_Driver/src/stm32f10x_exti.c **** 
  62:../Libraries/STM32F10x_StdPeriph_Driver/src/stm32f10x_exti.c **** /**
  63:../Libraries/STM32F10x_StdPeriph_Driver/src/stm32f10x_exti.c ****   * @}
  64:../Libraries/STM32F10x_StdPeriph_Driver/src/stm32f10x_exti.c ****   */
  65:../Libraries/STM32F10x_StdPeriph_Driver/src/stm32f10x_exti.c **** 
  66:../Libraries/STM32F10x_StdPeriph_Driver/src/stm32f10x_exti.c **** /** @defgroup EXTI_Private_Variables
  67:../Libraries/STM32F10x_StdPeriph_Driver/src/stm32f10x_exti.c ****   * @{
  68:../Libraries/STM32F10x_StdPeriph_Driver/src/stm32f10x_exti.c ****   */
  69:../Libraries/STM32F10x_StdPeriph_Driver/src/stm32f10x_exti.c **** 
  70:../Libraries/STM32F10x_StdPeriph_Driver/src/stm32f10x_exti.c **** /**
  71:../Libraries/STM32F10x_StdPeriph_Driver/src/stm32f10x_exti.c ****   * @}
  72:../Libraries/STM32F10x_StdPeriph_Driver/src/stm32f10x_exti.c ****   */
  73:../Libraries/STM32F10x_StdPeriph_Driver/src/stm32f10x_exti.c **** 
  74:../Libraries/STM32F10x_StdPeriph_Driver/src/stm32f10x_exti.c **** /** @defgroup EXTI_Private_FunctionPrototypes
  75:../Libraries/STM32F10x_StdPeriph_Driver/src/stm32f10x_exti.c ****   * @{
  76:../Libraries/STM32F10x_StdPeriph_Driver/src/stm32f10x_exti.c ****   */
  77:../Libraries/STM32F10x_StdPeriph_Driver/src/stm32f10x_exti.c **** 
  78:../Libraries/STM32F10x_StdPeriph_Driver/src/stm32f10x_exti.c **** /**
  79:../Libraries/STM32F10x_StdPeriph_Driver/src/stm32f10x_exti.c ****   * @}
  80:../Libraries/STM32F10x_StdPeriph_Driver/src/stm32f10x_exti.c ****   */
  81:../Libraries/STM32F10x_StdPeriph_Driver/src/stm32f10x_exti.c **** 
  82:../Libraries/STM32F10x_StdPeriph_Driver/src/stm32f10x_exti.c **** /** @defgroup EXTI_Private_Functions
  83:../Libraries/STM32F10x_StdPeriph_Driver/src/stm32f10x_exti.c ****   * @{
  84:../Libraries/STM32F10x_StdPeriph_Driver/src/stm32f10x_exti.c ****   */
  85:../Libraries/STM32F10x_StdPeriph_Driver/src/stm32f10x_exti.c **** 
  86:../Libraries/STM32F10x_StdPeriph_Driver/src/stm32f10x_exti.c **** /**
  87:../Libraries/STM32F10x_StdPeriph_Driver/src/stm32f10x_exti.c ****   * @brief  Deinitializes the EXTI peripheral registers to their default reset values.
  88:../Libraries/STM32F10x_StdPeriph_Driver/src/stm32f10x_exti.c ****   * @param  None
  89:../Libraries/STM32F10x_StdPeriph_Driver/src/stm32f10x_exti.c ****   * @retval None
  90:../Libraries/STM32F10x_StdPeriph_Driver/src/stm32f10x_exti.c ****   */
  91:../Libraries/STM32F10x_StdPeriph_Driver/src/stm32f10x_exti.c **** void EXTI_DeInit(void)
  92:../Libraries/STM32F10x_StdPeriph_Driver/src/stm32f10x_exti.c **** {
  26              		.loc 1 92 0
  27              		.cfi_startproc
  28              		@ args = 0, pretend = 0, frame = 0
  29              		@ frame_needed = 1, uses_anonymous_args = 0
  30              		@ link register save eliminated.
  31 0000 80B4     		push	{r7}
  32              	.LCFI0:
  33              		.cfi_def_cfa_offset 4
  34              		.cfi_offset 7, -4
  35 0002 00AF     		add	r7, sp, #0
  36              	.LCFI1:
  37              		.cfi_def_cfa_register 7
  93:../Libraries/STM32F10x_StdPeriph_Driver/src/stm32f10x_exti.c ****   EXTI->IMR = 0x00000000;
  38              		.loc 1 93 0
  39 0004 0A4B     		ldr	r3, .L2
  40 0006 4FF00002 		mov	r2, #0
  41 000a 1A60     		str	r2, [r3, #0]
  94:../Libraries/STM32F10x_StdPeriph_Driver/src/stm32f10x_exti.c ****   EXTI->EMR = 0x00000000;
  42              		.loc 1 94 0
  43 000c 084B     		ldr	r3, .L2
  44 000e 4FF00002 		mov	r2, #0
  45 0012 5A60     		str	r2, [r3, #4]
  95:../Libraries/STM32F10x_StdPeriph_Driver/src/stm32f10x_exti.c ****   EXTI->RTSR = 0x00000000; 
  46              		.loc 1 95 0
  47 0014 064B     		ldr	r3, .L2
  48 0016 4FF00002 		mov	r2, #0
  49 001a 9A60     		str	r2, [r3, #8]
  96:../Libraries/STM32F10x_StdPeriph_Driver/src/stm32f10x_exti.c ****   EXTI->FTSR = 0x00000000; 
  50              		.loc 1 96 0
  51 001c 044B     		ldr	r3, .L2
  52 001e 4FF00002 		mov	r2, #0
  53 0022 DA60     		str	r2, [r3, #12]
  97:../Libraries/STM32F10x_StdPeriph_Driver/src/stm32f10x_exti.c ****   EXTI->PR = 0x000FFFFF;
  54              		.loc 1 97 0
  55 0024 024B     		ldr	r3, .L2
  56 0026 034A     		ldr	r2, .L2+4
  57 0028 5A61     		str	r2, [r3, #20]
  98:../Libraries/STM32F10x_StdPeriph_Driver/src/stm32f10x_exti.c **** }
  58              		.loc 1 98 0
  59 002a BD46     		mov	sp, r7
  60 002c 80BC     		pop	{r7}
  61 002e 7047     		bx	lr
  62              	.L3:
  63              		.align	2
  64              	.L2:
  65 0030 00040140 		.word	1073808384
  66 0034 FFFF0F00 		.word	1048575
  67              		.cfi_endproc
  68              	.LFE55:
  70              		.align	2
  71              		.global	EXTI_Init
  72              		.thumb
  73              		.thumb_func
  75              	EXTI_Init:
  76              	.LFB56:
  99:../Libraries/STM32F10x_StdPeriph_Driver/src/stm32f10x_exti.c **** 
 100:../Libraries/STM32F10x_StdPeriph_Driver/src/stm32f10x_exti.c **** /**
 101:../Libraries/STM32F10x_StdPeriph_Driver/src/stm32f10x_exti.c ****   * @brief  Initializes the EXTI peripheral according to the specified
 102:../Libraries/STM32F10x_StdPeriph_Driver/src/stm32f10x_exti.c ****   *         parameters in the EXTI_InitStruct.
 103:../Libraries/STM32F10x_StdPeriph_Driver/src/stm32f10x_exti.c ****   * @param  EXTI_InitStruct: pointer to a EXTI_InitTypeDef structure
 104:../Libraries/STM32F10x_StdPeriph_Driver/src/stm32f10x_exti.c ****   *         that contains the configuration information for the EXTI peripheral.
 105:../Libraries/STM32F10x_StdPeriph_Driver/src/stm32f10x_exti.c ****   * @retval None
 106:../Libraries/STM32F10x_StdPeriph_Driver/src/stm32f10x_exti.c ****   */
 107:../Libraries/STM32F10x_StdPeriph_Driver/src/stm32f10x_exti.c **** void EXTI_Init(EXTI_InitTypeDef* EXTI_InitStruct)
 108:../Libraries/STM32F10x_StdPeriph_Driver/src/stm32f10x_exti.c **** {
  77              		.loc 1 108 0
  78              		.cfi_startproc
  79              		@ args = 0, pretend = 0, frame = 16
  80              		@ frame_needed = 1, uses_anonymous_args = 0
  81              		@ link register save eliminated.
  82 0038 80B4     		push	{r7}
  83              	.LCFI2:
  84              		.cfi_def_cfa_offset 4
  85              		.cfi_offset 7, -4
  86 003a 85B0     		sub	sp, sp, #20
  87              	.LCFI3:
  88              		.cfi_def_cfa_offset 24
  89 003c 00AF     		add	r7, sp, #0
  90              	.LCFI4:
  91              		.cfi_def_cfa_register 7
  92 003e 7860     		str	r0, [r7, #4]
 109:../Libraries/STM32F10x_StdPeriph_Driver/src/stm32f10x_exti.c ****   uint32_t tmp = 0;
  93              		.loc 1 109 0
  94 0040 4FF00003 		mov	r3, #0
  95 0044 FB60     		str	r3, [r7, #12]
 110:../Libraries/STM32F10x_StdPeriph_Driver/src/stm32f10x_exti.c **** 
 111:../Libraries/STM32F10x_StdPeriph_Driver/src/stm32f10x_exti.c ****   /* Check the parameters */
 112:../Libraries/STM32F10x_StdPeriph_Driver/src/stm32f10x_exti.c ****   assert_param(IS_EXTI_MODE(EXTI_InitStruct->EXTI_Mode));
 113:../Libraries/STM32F10x_StdPeriph_Driver/src/stm32f10x_exti.c ****   assert_param(IS_EXTI_TRIGGER(EXTI_InitStruct->EXTI_Trigger));
 114:../Libraries/STM32F10x_StdPeriph_Driver/src/stm32f10x_exti.c ****   assert_param(IS_EXTI_LINE(EXTI_InitStruct->EXTI_Line));  
 115:../Libraries/STM32F10x_StdPeriph_Driver/src/stm32f10x_exti.c ****   assert_param(IS_FUNCTIONAL_STATE(EXTI_InitStruct->EXTI_LineCmd));
 116:../Libraries/STM32F10x_StdPeriph_Driver/src/stm32f10x_exti.c **** 
 117:../Libraries/STM32F10x_StdPeriph_Driver/src/stm32f10x_exti.c ****   tmp = (uint32_t)EXTI_BASE;
  96              		.loc 1 117 0
  97 0046 354B     		ldr	r3, .L8
  98 0048 FB60     		str	r3, [r7, #12]
 118:../Libraries/STM32F10x_StdPeriph_Driver/src/stm32f10x_exti.c ****      
 119:../Libraries/STM32F10x_StdPeriph_Driver/src/stm32f10x_exti.c ****   if (EXTI_InitStruct->EXTI_LineCmd != DISABLE)
  99              		.loc 1 119 0
 100 004a 7B68     		ldr	r3, [r7, #4]
 101 004c 9B79     		ldrb	r3, [r3, #6]	@ zero_extendqisi2
 102 004e 002B     		cmp	r3, #0
 103 0050 51D0     		beq	.L5
 120:../Libraries/STM32F10x_StdPeriph_Driver/src/stm32f10x_exti.c ****   {
 121:../Libraries/STM32F10x_StdPeriph_Driver/src/stm32f10x_exti.c ****     /* Clear EXTI line configuration */
 122:../Libraries/STM32F10x_StdPeriph_Driver/src/stm32f10x_exti.c ****     EXTI->IMR &= ~EXTI_InitStruct->EXTI_Line;
 104              		.loc 1 122 0
 105 0052 324B     		ldr	r3, .L8
 106 0054 314A     		ldr	r2, .L8
 107 0056 1168     		ldr	r1, [r2, #0]
 108 0058 7A68     		ldr	r2, [r7, #4]
 109 005a 1268     		ldr	r2, [r2, #0]
 110 005c 6FEA0202 		mvn	r2, r2
 111 0060 0A40     		ands	r2, r2, r1
 112 0062 1A60     		str	r2, [r3, #0]
 123:../Libraries/STM32F10x_StdPeriph_Driver/src/stm32f10x_exti.c ****     EXTI->EMR &= ~EXTI_InitStruct->EXTI_Line;
 113              		.loc 1 123 0
 114 0064 2D4B     		ldr	r3, .L8
 115 0066 2D4A     		ldr	r2, .L8
 116 0068 5168     		ldr	r1, [r2, #4]
 117 006a 7A68     		ldr	r2, [r7, #4]
 118 006c 1268     		ldr	r2, [r2, #0]
 119 006e 6FEA0202 		mvn	r2, r2
 120 0072 0A40     		ands	r2, r2, r1
 121 0074 5A60     		str	r2, [r3, #4]
 124:../Libraries/STM32F10x_StdPeriph_Driver/src/stm32f10x_exti.c ****     
 125:../Libraries/STM32F10x_StdPeriph_Driver/src/stm32f10x_exti.c ****     tmp += EXTI_InitStruct->EXTI_Mode;
 122              		.loc 1 125 0
 123 0076 7B68     		ldr	r3, [r7, #4]
 124 0078 1B79     		ldrb	r3, [r3, #4]	@ zero_extendqisi2
 125 007a FA68     		ldr	r2, [r7, #12]
 126 007c D318     		adds	r3, r2, r3
 127 007e FB60     		str	r3, [r7, #12]
 126:../Libraries/STM32F10x_StdPeriph_Driver/src/stm32f10x_exti.c **** 
 127:../Libraries/STM32F10x_StdPeriph_Driver/src/stm32f10x_exti.c ****     *(__IO uint32_t *) tmp |= EXTI_InitStruct->EXTI_Line;
 128              		.loc 1 127 0
 129 0080 FB68     		ldr	r3, [r7, #12]
 130 0082 FA68     		ldr	r2, [r7, #12]
 131 0084 1168     		ldr	r1, [r2, #0]
 132 0086 7A68     		ldr	r2, [r7, #4]
 133 0088 1268     		ldr	r2, [r2, #0]
 134 008a 0A43     		orrs	r2, r2, r1
 135 008c 1A60     		str	r2, [r3, #0]
 128:../Libraries/STM32F10x_StdPeriph_Driver/src/stm32f10x_exti.c **** 
 129:../Libraries/STM32F10x_StdPeriph_Driver/src/stm32f10x_exti.c ****     /* Clear Rising Falling edge configuration */
 130:../Libraries/STM32F10x_StdPeriph_Driver/src/stm32f10x_exti.c ****     EXTI->RTSR &= ~EXTI_InitStruct->EXTI_Line;
 136              		.loc 1 130 0
 137 008e 234B     		ldr	r3, .L8
 138 0090 224A     		ldr	r2, .L8
 139 0092 9168     		ldr	r1, [r2, #8]
 140 0094 7A68     		ldr	r2, [r7, #4]
 141 0096 1268     		ldr	r2, [r2, #0]
 142 0098 6FEA0202 		mvn	r2, r2
 143 009c 0A40     		ands	r2, r2, r1
 144 009e 9A60     		str	r2, [r3, #8]
 131:../Libraries/STM32F10x_StdPeriph_Driver/src/stm32f10x_exti.c ****     EXTI->FTSR &= ~EXTI_InitStruct->EXTI_Line;
 145              		.loc 1 131 0
 146 00a0 1E4B     		ldr	r3, .L8
 147 00a2 1E4A     		ldr	r2, .L8
 148 00a4 D168     		ldr	r1, [r2, #12]
 149 00a6 7A68     		ldr	r2, [r7, #4]
 150 00a8 1268     		ldr	r2, [r2, #0]
 151 00aa 6FEA0202 		mvn	r2, r2
 152 00ae 0A40     		ands	r2, r2, r1
 153 00b0 DA60     		str	r2, [r3, #12]
 132:../Libraries/STM32F10x_StdPeriph_Driver/src/stm32f10x_exti.c ****     
 133:../Libraries/STM32F10x_StdPeriph_Driver/src/stm32f10x_exti.c ****     /* Select the trigger for the selected external interrupts */
 134:../Libraries/STM32F10x_StdPeriph_Driver/src/stm32f10x_exti.c ****     if (EXTI_InitStruct->EXTI_Trigger == EXTI_Trigger_Rising_Falling)
 154              		.loc 1 134 0
 155 00b2 7B68     		ldr	r3, [r7, #4]
 156 00b4 5B79     		ldrb	r3, [r3, #5]	@ zero_extendqisi2
 157 00b6 102B     		cmp	r3, #16
 158 00b8 0ED1     		bne	.L6
 135:../Libraries/STM32F10x_StdPeriph_Driver/src/stm32f10x_exti.c ****     {
 136:../Libraries/STM32F10x_StdPeriph_Driver/src/stm32f10x_exti.c ****       /* Rising Falling edge */
 137:../Libraries/STM32F10x_StdPeriph_Driver/src/stm32f10x_exti.c ****       EXTI->RTSR |= EXTI_InitStruct->EXTI_Line;
 159              		.loc 1 137 0
 160 00ba 184B     		ldr	r3, .L8
 161 00bc 174A     		ldr	r2, .L8
 162 00be 9168     		ldr	r1, [r2, #8]
 163 00c0 7A68     		ldr	r2, [r7, #4]
 164 00c2 1268     		ldr	r2, [r2, #0]
 165 00c4 0A43     		orrs	r2, r2, r1
 166 00c6 9A60     		str	r2, [r3, #8]
 138:../Libraries/STM32F10x_StdPeriph_Driver/src/stm32f10x_exti.c ****       EXTI->FTSR |= EXTI_InitStruct->EXTI_Line;
 167              		.loc 1 138 0
 168 00c8 144B     		ldr	r3, .L8
 169 00ca 144A     		ldr	r2, .L8
 170 00cc D168     		ldr	r1, [r2, #12]
 171 00ce 7A68     		ldr	r2, [r7, #4]
 172 00d0 1268     		ldr	r2, [r2, #0]
 173 00d2 0A43     		orrs	r2, r2, r1
 174 00d4 DA60     		str	r2, [r3, #12]
 175 00d6 1CE0     		b	.L4
 176              	.L6:
 139:../Libraries/STM32F10x_StdPeriph_Driver/src/stm32f10x_exti.c ****     }
 140:../Libraries/STM32F10x_StdPeriph_Driver/src/stm32f10x_exti.c ****     else
 141:../Libraries/STM32F10x_StdPeriph_Driver/src/stm32f10x_exti.c ****     {
 142:../Libraries/STM32F10x_StdPeriph_Driver/src/stm32f10x_exti.c ****       tmp = (uint32_t)EXTI_BASE;
 177              		.loc 1 142 0
 178 00d8 104B     		ldr	r3, .L8
 179 00da FB60     		str	r3, [r7, #12]
 143:../Libraries/STM32F10x_StdPeriph_Driver/src/stm32f10x_exti.c ****       tmp += EXTI_InitStruct->EXTI_Trigger;
 180              		.loc 1 143 0
 181 00dc 7B68     		ldr	r3, [r7, #4]
 182 00de 5B79     		ldrb	r3, [r3, #5]	@ zero_extendqisi2
 183 00e0 FA68     		ldr	r2, [r7, #12]
 184 00e2 D318     		adds	r3, r2, r3
 185 00e4 FB60     		str	r3, [r7, #12]
 144:../Libraries/STM32F10x_StdPeriph_Driver/src/stm32f10x_exti.c **** 
 145:../Libraries/STM32F10x_StdPeriph_Driver/src/stm32f10x_exti.c ****       *(__IO uint32_t *) tmp |= EXTI_InitStruct->EXTI_Line;
 186              		.loc 1 145 0
 187 00e6 FB68     		ldr	r3, [r7, #12]
 188 00e8 FA68     		ldr	r2, [r7, #12]
 189 00ea 1168     		ldr	r1, [r2, #0]
 190 00ec 7A68     		ldr	r2, [r7, #4]
 191 00ee 1268     		ldr	r2, [r2, #0]
 192 00f0 0A43     		orrs	r2, r2, r1
 193 00f2 1A60     		str	r2, [r3, #0]
 194 00f4 0DE0     		b	.L4
 195              	.L5:
 146:../Libraries/STM32F10x_StdPeriph_Driver/src/stm32f10x_exti.c ****     }
 147:../Libraries/STM32F10x_StdPeriph_Driver/src/stm32f10x_exti.c ****   }
 148:../Libraries/STM32F10x_StdPeriph_Driver/src/stm32f10x_exti.c ****   else
 149:../Libraries/STM32F10x_StdPeriph_Driver/src/stm32f10x_exti.c ****   {
 150:../Libraries/STM32F10x_StdPeriph_Driver/src/stm32f10x_exti.c ****     tmp += EXTI_InitStruct->EXTI_Mode;
 196              		.loc 1 150 0
 197 00f6 7B68     		ldr	r3, [r7, #4]
 198 00f8 1B79     		ldrb	r3, [r3, #4]	@ zero_extendqisi2
 199 00fa FA68     		ldr	r2, [r7, #12]
 200 00fc D318     		adds	r3, r2, r3
 201 00fe FB60     		str	r3, [r7, #12]
 151:../Libraries/STM32F10x_StdPeriph_Driver/src/stm32f10x_exti.c **** 
 152:../Libraries/STM32F10x_StdPeriph_Driver/src/stm32f10x_exti.c ****     /* Disable the selected external lines */
 153:../Libraries/STM32F10x_StdPeriph_Driver/src/stm32f10x_exti.c ****     *(__IO uint32_t *) tmp &= ~EXTI_InitStruct->EXTI_Line;
 202              		.loc 1 153 0
 203 0100 FB68     		ldr	r3, [r7, #12]
 204 0102 FA68     		ldr	r2, [r7, #12]
 205 0104 1168     		ldr	r1, [r2, #0]
 206 0106 7A68     		ldr	r2, [r7, #4]
 207 0108 1268     		ldr	r2, [r2, #0]
 208 010a 6FEA0202 		mvn	r2, r2
 209 010e 0A40     		ands	r2, r2, r1
 210 0110 1A60     		str	r2, [r3, #0]
 211              	.L4:
 154:../Libraries/STM32F10x_StdPeriph_Driver/src/stm32f10x_exti.c ****   }
 155:../Libraries/STM32F10x_StdPeriph_Driver/src/stm32f10x_exti.c **** }
 212              		.loc 1 155 0
 213 0112 07F11407 		add	r7, r7, #20
 214 0116 BD46     		mov	sp, r7
 215 0118 80BC     		pop	{r7}
 216 011a 7047     		bx	lr
 217              	.L9:
 218              		.align	2
 219              	.L8:
 220 011c 00040140 		.word	1073808384
 221              		.cfi_endproc
 222              	.LFE56:
 224              		.align	2
 225              		.global	EXTI_StructInit
 226              		.thumb
 227              		.thumb_func
 229              	EXTI_StructInit:
 230              	.LFB57:
 156:../Libraries/STM32F10x_StdPeriph_Driver/src/stm32f10x_exti.c **** 
 157:../Libraries/STM32F10x_StdPeriph_Driver/src/stm32f10x_exti.c **** /**
 158:../Libraries/STM32F10x_StdPeriph_Driver/src/stm32f10x_exti.c ****   * @brief  Fills each EXTI_InitStruct member with its reset value.
 159:../Libraries/STM32F10x_StdPeriph_Driver/src/stm32f10x_exti.c ****   * @param  EXTI_InitStruct: pointer to a EXTI_InitTypeDef structure which will
 160:../Libraries/STM32F10x_StdPeriph_Driver/src/stm32f10x_exti.c ****   *         be initialized.
 161:../Libraries/STM32F10x_StdPeriph_Driver/src/stm32f10x_exti.c ****   * @retval None
 162:../Libraries/STM32F10x_StdPeriph_Driver/src/stm32f10x_exti.c ****   */
 163:../Libraries/STM32F10x_StdPeriph_Driver/src/stm32f10x_exti.c **** void EXTI_StructInit(EXTI_InitTypeDef* EXTI_InitStruct)
 164:../Libraries/STM32F10x_StdPeriph_Driver/src/stm32f10x_exti.c **** {
 231              		.loc 1 164 0
 232              		.cfi_startproc
 233              		@ args = 0, pretend = 0, frame = 8
 234              		@ frame_needed = 1, uses_anonymous_args = 0
 235              		@ link register save eliminated.
 236 0120 80B4     		push	{r7}
 237              	.LCFI5:
 238              		.cfi_def_cfa_offset 4
 239              		.cfi_offset 7, -4
 240 0122 83B0     		sub	sp, sp, #12
 241              	.LCFI6:
 242              		.cfi_def_cfa_offset 16
 243 0124 00AF     		add	r7, sp, #0
 244              	.LCFI7:
 245              		.cfi_def_cfa_register 7
 246 0126 7860     		str	r0, [r7, #4]
 165:../Libraries/STM32F10x_StdPeriph_Driver/src/stm32f10x_exti.c ****   EXTI_InitStruct->EXTI_Line = EXTI_LINENONE;
 247              		.loc 1 165 0
 248 0128 7B68     		ldr	r3, [r7, #4]
 249 012a 4FF00002 		mov	r2, #0
 250 012e 1A60     		str	r2, [r3, #0]
 166:../Libraries/STM32F10x_StdPeriph_Driver/src/stm32f10x_exti.c ****   EXTI_InitStruct->EXTI_Mode = EXTI_Mode_Interrupt;
 251              		.loc 1 166 0
 252 0130 7B68     		ldr	r3, [r7, #4]
 253 0132 4FF00002 		mov	r2, #0
 254 0136 1A71     		strb	r2, [r3, #4]
 167:../Libraries/STM32F10x_StdPeriph_Driver/src/stm32f10x_exti.c ****   EXTI_InitStruct->EXTI_Trigger = EXTI_Trigger_Falling;
 255              		.loc 1 167 0
 256 0138 7B68     		ldr	r3, [r7, #4]
 257 013a 4FF00C02 		mov	r2, #12
 258 013e 5A71     		strb	r2, [r3, #5]
 168:../Libraries/STM32F10x_StdPeriph_Driver/src/stm32f10x_exti.c ****   EXTI_InitStruct->EXTI_LineCmd = DISABLE;
 259              		.loc 1 168 0
 260 0140 7B68     		ldr	r3, [r7, #4]
 261 0142 4FF00002 		mov	r2, #0
 262 0146 9A71     		strb	r2, [r3, #6]
 169:../Libraries/STM32F10x_StdPeriph_Driver/src/stm32f10x_exti.c **** }
 263              		.loc 1 169 0
 264 0148 07F10C07 		add	r7, r7, #12
 265 014c BD46     		mov	sp, r7
 266 014e 80BC     		pop	{r7}
 267 0150 7047     		bx	lr
 268              		.cfi_endproc
 269              	.LFE57:
 271 0152 00BF     		.align	2
 272              		.global	EXTI_GenerateSWInterrupt
 273              		.thumb
 274              		.thumb_func
 276              	EXTI_GenerateSWInterrupt:
 277              	.LFB58:
 170:../Libraries/STM32F10x_StdPeriph_Driver/src/stm32f10x_exti.c **** 
 171:../Libraries/STM32F10x_StdPeriph_Driver/src/stm32f10x_exti.c **** /**
 172:../Libraries/STM32F10x_StdPeriph_Driver/src/stm32f10x_exti.c ****   * @brief  Generates a Software interrupt.
 173:../Libraries/STM32F10x_StdPeriph_Driver/src/stm32f10x_exti.c ****   * @param  EXTI_Line: specifies the EXTI lines to be enabled or disabled.
 174:../Libraries/STM32F10x_StdPeriph_Driver/src/stm32f10x_exti.c ****   *   This parameter can be any combination of EXTI_Linex where x can be (0..19).
 175:../Libraries/STM32F10x_StdPeriph_Driver/src/stm32f10x_exti.c ****   * @retval None
 176:../Libraries/STM32F10x_StdPeriph_Driver/src/stm32f10x_exti.c ****   */
 177:../Libraries/STM32F10x_StdPeriph_Driver/src/stm32f10x_exti.c **** void EXTI_GenerateSWInterrupt(uint32_t EXTI_Line)
 178:../Libraries/STM32F10x_StdPeriph_Driver/src/stm32f10x_exti.c **** {
 278              		.loc 1 178 0
 279              		.cfi_startproc
 280              		@ args = 0, pretend = 0, frame = 8
 281              		@ frame_needed = 1, uses_anonymous_args = 0
 282              		@ link register save eliminated.
 283 0154 80B4     		push	{r7}
 284              	.LCFI8:
 285              		.cfi_def_cfa_offset 4
 286              		.cfi_offset 7, -4
 287 0156 83B0     		sub	sp, sp, #12
 288              	.LCFI9:
 289              		.cfi_def_cfa_offset 16
 290 0158 00AF     		add	r7, sp, #0
 291              	.LCFI10:
 292              		.cfi_def_cfa_register 7
 293 015a 7860     		str	r0, [r7, #4]
 179:../Libraries/STM32F10x_StdPeriph_Driver/src/stm32f10x_exti.c ****   /* Check the parameters */
 180:../Libraries/STM32F10x_StdPeriph_Driver/src/stm32f10x_exti.c ****   assert_param(IS_EXTI_LINE(EXTI_Line));
 181:../Libraries/STM32F10x_StdPeriph_Driver/src/stm32f10x_exti.c ****   
 182:../Libraries/STM32F10x_StdPeriph_Driver/src/stm32f10x_exti.c ****   EXTI->SWIER |= EXTI_Line;
 294              		.loc 1 182 0
 295 015c 054B     		ldr	r3, .L12
 296 015e 054A     		ldr	r2, .L12
 297 0160 1169     		ldr	r1, [r2, #16]
 298 0162 7A68     		ldr	r2, [r7, #4]
 299 0164 0A43     		orrs	r2, r2, r1
 300 0166 1A61     		str	r2, [r3, #16]
 183:../Libraries/STM32F10x_StdPeriph_Driver/src/stm32f10x_exti.c **** }
 301              		.loc 1 183 0
 302 0168 07F10C07 		add	r7, r7, #12
 303 016c BD46     		mov	sp, r7
 304 016e 80BC     		pop	{r7}
 305 0170 7047     		bx	lr
 306              	.L13:
 307 0172 00BF     		.align	2
 308              	.L12:
 309 0174 00040140 		.word	1073808384
 310              		.cfi_endproc
 311              	.LFE58:
 313              		.align	2
 314              		.global	EXTI_GetFlagStatus
 315              		.thumb
 316              		.thumb_func
 318              	EXTI_GetFlagStatus:
 319              	.LFB59:
 184:../Libraries/STM32F10x_StdPeriph_Driver/src/stm32f10x_exti.c **** 
 185:../Libraries/STM32F10x_StdPeriph_Driver/src/stm32f10x_exti.c **** /**
 186:../Libraries/STM32F10x_StdPeriph_Driver/src/stm32f10x_exti.c ****   * @brief  Checks whether the specified EXTI line flag is set or not.
 187:../Libraries/STM32F10x_StdPeriph_Driver/src/stm32f10x_exti.c ****   * @param  EXTI_Line: specifies the EXTI line flag to check.
 188:../Libraries/STM32F10x_StdPeriph_Driver/src/stm32f10x_exti.c ****   *   This parameter can be:
 189:../Libraries/STM32F10x_StdPeriph_Driver/src/stm32f10x_exti.c ****   *     @arg EXTI_Linex: External interrupt line x where x(0..19)
 190:../Libraries/STM32F10x_StdPeriph_Driver/src/stm32f10x_exti.c ****   * @retval The new state of EXTI_Line (SET or RESET).
 191:../Libraries/STM32F10x_StdPeriph_Driver/src/stm32f10x_exti.c ****   */
 192:../Libraries/STM32F10x_StdPeriph_Driver/src/stm32f10x_exti.c **** FlagStatus EXTI_GetFlagStatus(uint32_t EXTI_Line)
 193:../Libraries/STM32F10x_StdPeriph_Driver/src/stm32f10x_exti.c **** {
 320              		.loc 1 193 0
 321              		.cfi_startproc
 322              		@ args = 0, pretend = 0, frame = 16
 323              		@ frame_needed = 1, uses_anonymous_args = 0
 324              		@ link register save eliminated.
 325 0178 80B4     		push	{r7}
 326              	.LCFI11:
 327              		.cfi_def_cfa_offset 4
 328              		.cfi_offset 7, -4
 329 017a 85B0     		sub	sp, sp, #20
 330              	.LCFI12:
 331              		.cfi_def_cfa_offset 24
 332 017c 00AF     		add	r7, sp, #0
 333              	.LCFI13:
 334              		.cfi_def_cfa_register 7
 335 017e 7860     		str	r0, [r7, #4]
 194:../Libraries/STM32F10x_StdPeriph_Driver/src/stm32f10x_exti.c ****   FlagStatus bitstatus = RESET;
 336              		.loc 1 194 0
 337 0180 4FF00003 		mov	r3, #0
 338 0184 FB73     		strb	r3, [r7, #15]
 195:../Libraries/STM32F10x_StdPeriph_Driver/src/stm32f10x_exti.c ****   /* Check the parameters */
 196:../Libraries/STM32F10x_StdPeriph_Driver/src/stm32f10x_exti.c ****   assert_param(IS_GET_EXTI_LINE(EXTI_Line));
 197:../Libraries/STM32F10x_StdPeriph_Driver/src/stm32f10x_exti.c ****   
 198:../Libraries/STM32F10x_StdPeriph_Driver/src/stm32f10x_exti.c ****   if ((EXTI->PR & EXTI_Line) != (uint32_t)RESET)
 339              		.loc 1 198 0
 340 0186 0A4B     		ldr	r3, .L18
 341 0188 5A69     		ldr	r2, [r3, #20]
 342 018a 7B68     		ldr	r3, [r7, #4]
 343 018c 1340     		ands	r3, r3, r2
 344 018e 002B     		cmp	r3, #0
 345 0190 03D0     		beq	.L15
 199:../Libraries/STM32F10x_StdPeriph_Driver/src/stm32f10x_exti.c ****   {
 200:../Libraries/STM32F10x_StdPeriph_Driver/src/stm32f10x_exti.c ****     bitstatus = SET;
 346              		.loc 1 200 0
 347 0192 4FF00103 		mov	r3, #1
 348 0196 FB73     		strb	r3, [r7, #15]
 349 0198 02E0     		b	.L16
 350              	.L15:
 201:../Libraries/STM32F10x_StdPeriph_Driver/src/stm32f10x_exti.c ****   }
 202:../Libraries/STM32F10x_StdPeriph_Driver/src/stm32f10x_exti.c ****   else
 203:../Libraries/STM32F10x_StdPeriph_Driver/src/stm32f10x_exti.c ****   {
 204:../Libraries/STM32F10x_StdPeriph_Driver/src/stm32f10x_exti.c ****     bitstatus = RESET;
 351              		.loc 1 204 0
 352 019a 4FF00003 		mov	r3, #0
 353 019e FB73     		strb	r3, [r7, #15]
 354              	.L16:
 205:../Libraries/STM32F10x_StdPeriph_Driver/src/stm32f10x_exti.c ****   }
 206:../Libraries/STM32F10x_StdPeriph_Driver/src/stm32f10x_exti.c ****   return bitstatus;
 355              		.loc 1 206 0
 356 01a0 FB7B     		ldrb	r3, [r7, #15]	@ zero_extendqisi2
 207:../Libraries/STM32F10x_StdPeriph_Driver/src/stm32f10x_exti.c **** }
 357              		.loc 1 207 0
 358 01a2 1846     		mov	r0, r3
 359 01a4 07F11407 		add	r7, r7, #20
 360 01a8 BD46     		mov	sp, r7
 361 01aa 80BC     		pop	{r7}
 362 01ac 7047     		bx	lr
 363              	.L19:
 364 01ae 00BF     		.align	2
 365              	.L18:
 366 01b0 00040140 		.word	1073808384
 367              		.cfi_endproc
 368              	.LFE59:
 370              		.align	2
 371              		.global	EXTI_ClearFlag
 372              		.thumb
 373              		.thumb_func
 375              	EXTI_ClearFlag:
 376              	.LFB60:
 208:../Libraries/STM32F10x_StdPeriph_Driver/src/stm32f10x_exti.c **** 
 209:../Libraries/STM32F10x_StdPeriph_Driver/src/stm32f10x_exti.c **** /**
 210:../Libraries/STM32F10x_StdPeriph_Driver/src/stm32f10x_exti.c ****   * @brief  Clears the EXTI's line pending flags.
 211:../Libraries/STM32F10x_StdPeriph_Driver/src/stm32f10x_exti.c ****   * @param  EXTI_Line: specifies the EXTI lines flags to clear.
 212:../Libraries/STM32F10x_StdPeriph_Driver/src/stm32f10x_exti.c ****   *   This parameter can be any combination of EXTI_Linex where x can be (0..19).
 213:../Libraries/STM32F10x_StdPeriph_Driver/src/stm32f10x_exti.c ****   * @retval None
 214:../Libraries/STM32F10x_StdPeriph_Driver/src/stm32f10x_exti.c ****   */
 215:../Libraries/STM32F10x_StdPeriph_Driver/src/stm32f10x_exti.c **** void EXTI_ClearFlag(uint32_t EXTI_Line)
 216:../Libraries/STM32F10x_StdPeriph_Driver/src/stm32f10x_exti.c **** {
 377              		.loc 1 216 0
 378              		.cfi_startproc
 379              		@ args = 0, pretend = 0, frame = 8
 380              		@ frame_needed = 1, uses_anonymous_args = 0
 381              		@ link register save eliminated.
 382 01b4 80B4     		push	{r7}
 383              	.LCFI14:
 384              		.cfi_def_cfa_offset 4
 385              		.cfi_offset 7, -4
 386 01b6 83B0     		sub	sp, sp, #12
 387              	.LCFI15:
 388              		.cfi_def_cfa_offset 16
 389 01b8 00AF     		add	r7, sp, #0
 390              	.LCFI16:
 391              		.cfi_def_cfa_register 7
 392 01ba 7860     		str	r0, [r7, #4]
 217:../Libraries/STM32F10x_StdPeriph_Driver/src/stm32f10x_exti.c ****   /* Check the parameters */
 218:../Libraries/STM32F10x_StdPeriph_Driver/src/stm32f10x_exti.c ****   assert_param(IS_EXTI_LINE(EXTI_Line));
 219:../Libraries/STM32F10x_StdPeriph_Driver/src/stm32f10x_exti.c ****   
 220:../Libraries/STM32F10x_StdPeriph_Driver/src/stm32f10x_exti.c ****   EXTI->PR = EXTI_Line;
 393              		.loc 1 220 0
 394 01bc 034B     		ldr	r3, .L21
 395 01be 7A68     		ldr	r2, [r7, #4]
 396 01c0 5A61     		str	r2, [r3, #20]
 221:../Libraries/STM32F10x_StdPeriph_Driver/src/stm32f10x_exti.c **** }
 397              		.loc 1 221 0
 398 01c2 07F10C07 		add	r7, r7, #12
 399 01c6 BD46     		mov	sp, r7
 400 01c8 80BC     		pop	{r7}
 401 01ca 7047     		bx	lr
 402              	.L22:
 403              		.align	2
 404              	.L21:
 405 01cc 00040140 		.word	1073808384
 406              		.cfi_endproc
 407              	.LFE60:
 409              		.align	2
 410              		.global	EXTI_GetITStatus
 411              		.thumb
 412              		.thumb_func
 414              	EXTI_GetITStatus:
 415              	.LFB61:
 222:../Libraries/STM32F10x_StdPeriph_Driver/src/stm32f10x_exti.c **** 
 223:../Libraries/STM32F10x_StdPeriph_Driver/src/stm32f10x_exti.c **** /**
 224:../Libraries/STM32F10x_StdPeriph_Driver/src/stm32f10x_exti.c ****   * @brief  Checks whether the specified EXTI line is asserted or not.
 225:../Libraries/STM32F10x_StdPeriph_Driver/src/stm32f10x_exti.c ****   * @param  EXTI_Line: specifies the EXTI line to check.
 226:../Libraries/STM32F10x_StdPeriph_Driver/src/stm32f10x_exti.c ****   *   This parameter can be:
 227:../Libraries/STM32F10x_StdPeriph_Driver/src/stm32f10x_exti.c ****   *     @arg EXTI_Linex: External interrupt line x where x(0..19)
 228:../Libraries/STM32F10x_StdPeriph_Driver/src/stm32f10x_exti.c ****   * @retval The new state of EXTI_Line (SET or RESET).
 229:../Libraries/STM32F10x_StdPeriph_Driver/src/stm32f10x_exti.c ****   */
 230:../Libraries/STM32F10x_StdPeriph_Driver/src/stm32f10x_exti.c **** ITStatus EXTI_GetITStatus(uint32_t EXTI_Line)
 231:../Libraries/STM32F10x_StdPeriph_Driver/src/stm32f10x_exti.c **** {
 416              		.loc 1 231 0
 417              		.cfi_startproc
 418              		@ args = 0, pretend = 0, frame = 16
 419              		@ frame_needed = 1, uses_anonymous_args = 0
 420              		@ link register save eliminated.
 421 01d0 80B4     		push	{r7}
 422              	.LCFI17:
 423              		.cfi_def_cfa_offset 4
 424              		.cfi_offset 7, -4
 425 01d2 85B0     		sub	sp, sp, #20
 426              	.LCFI18:
 427              		.cfi_def_cfa_offset 24
 428 01d4 00AF     		add	r7, sp, #0
 429              	.LCFI19:
 430              		.cfi_def_cfa_register 7
 431 01d6 7860     		str	r0, [r7, #4]
 232:../Libraries/STM32F10x_StdPeriph_Driver/src/stm32f10x_exti.c ****   ITStatus bitstatus = RESET;
 432              		.loc 1 232 0
 433 01d8 4FF00003 		mov	r3, #0
 434 01dc FB73     		strb	r3, [r7, #15]
 233:../Libraries/STM32F10x_StdPeriph_Driver/src/stm32f10x_exti.c ****   uint32_t enablestatus = 0;
 435              		.loc 1 233 0
 436 01de 4FF00003 		mov	r3, #0
 437 01e2 BB60     		str	r3, [r7, #8]
 234:../Libraries/STM32F10x_StdPeriph_Driver/src/stm32f10x_exti.c ****   /* Check the parameters */
 235:../Libraries/STM32F10x_StdPeriph_Driver/src/stm32f10x_exti.c ****   assert_param(IS_GET_EXTI_LINE(EXTI_Line));
 236:../Libraries/STM32F10x_StdPeriph_Driver/src/stm32f10x_exti.c ****   
 237:../Libraries/STM32F10x_StdPeriph_Driver/src/stm32f10x_exti.c ****   enablestatus =  EXTI->IMR & EXTI_Line;
 438              		.loc 1 237 0
 439 01e4 0D4B     		ldr	r3, .L27
 440 01e6 1A68     		ldr	r2, [r3, #0]
 441 01e8 7B68     		ldr	r3, [r7, #4]
 442 01ea 1340     		ands	r3, r3, r2
 443 01ec BB60     		str	r3, [r7, #8]
 238:../Libraries/STM32F10x_StdPeriph_Driver/src/stm32f10x_exti.c ****   if (((EXTI->PR & EXTI_Line) != (uint32_t)RESET) && (enablestatus != (uint32_t)RESET))
 444              		.loc 1 238 0
 445 01ee 0B4B     		ldr	r3, .L27
 446 01f0 5A69     		ldr	r2, [r3, #20]
 447 01f2 7B68     		ldr	r3, [r7, #4]
 448 01f4 1340     		ands	r3, r3, r2
 449 01f6 002B     		cmp	r3, #0
 450 01f8 06D0     		beq	.L24
 451              		.loc 1 238 0 is_stmt 0 discriminator 1
 452 01fa BB68     		ldr	r3, [r7, #8]
 453 01fc 002B     		cmp	r3, #0
 454 01fe 03D0     		beq	.L24
 239:../Libraries/STM32F10x_StdPeriph_Driver/src/stm32f10x_exti.c ****   {
 240:../Libraries/STM32F10x_StdPeriph_Driver/src/stm32f10x_exti.c ****     bitstatus = SET;
 455              		.loc 1 240 0 is_stmt 1
 456 0200 4FF00103 		mov	r3, #1
 457 0204 FB73     		strb	r3, [r7, #15]
 458 0206 02E0     		b	.L25
 459              	.L24:
 241:../Libraries/STM32F10x_StdPeriph_Driver/src/stm32f10x_exti.c ****   }
 242:../Libraries/STM32F10x_StdPeriph_Driver/src/stm32f10x_exti.c ****   else
 243:../Libraries/STM32F10x_StdPeriph_Driver/src/stm32f10x_exti.c ****   {
 244:../Libraries/STM32F10x_StdPeriph_Driver/src/stm32f10x_exti.c ****     bitstatus = RESET;
 460              		.loc 1 244 0
 461 0208 4FF00003 		mov	r3, #0
 462 020c FB73     		strb	r3, [r7, #15]
 463              	.L25:
 245:../Libraries/STM32F10x_StdPeriph_Driver/src/stm32f10x_exti.c ****   }
 246:../Libraries/STM32F10x_StdPeriph_Driver/src/stm32f10x_exti.c ****   return bitstatus;
 464              		.loc 1 246 0
 465 020e FB7B     		ldrb	r3, [r7, #15]	@ zero_extendqisi2
 247:../Libraries/STM32F10x_StdPeriph_Driver/src/stm32f10x_exti.c **** }
 466              		.loc 1 247 0
 467 0210 1846     		mov	r0, r3
 468 0212 07F11407 		add	r7, r7, #20
 469 0216 BD46     		mov	sp, r7
 470 0218 80BC     		pop	{r7}
 471 021a 7047     		bx	lr
 472              	.L28:
 473              		.align	2
 474              	.L27:
 475 021c 00040140 		.word	1073808384
 476              		.cfi_endproc
 477              	.LFE61:
 479              		.align	2
 480              		.global	EXTI_ClearITPendingBit
 481              		.thumb
 482              		.thumb_func
 484              	EXTI_ClearITPendingBit:
 485              	.LFB62:
 248:../Libraries/STM32F10x_StdPeriph_Driver/src/stm32f10x_exti.c **** 
 249:../Libraries/STM32F10x_StdPeriph_Driver/src/stm32f10x_exti.c **** /**
 250:../Libraries/STM32F10x_StdPeriph_Driver/src/stm32f10x_exti.c ****   * @brief  Clears the EXTI's line pending bits.
 251:../Libraries/STM32F10x_StdPeriph_Driver/src/stm32f10x_exti.c ****   * @param  EXTI_Line: specifies the EXTI lines to clear.
 252:../Libraries/STM32F10x_StdPeriph_Driver/src/stm32f10x_exti.c ****   *   This parameter can be any combination of EXTI_Linex where x can be (0..19).
 253:../Libraries/STM32F10x_StdPeriph_Driver/src/stm32f10x_exti.c ****   * @retval None
 254:../Libraries/STM32F10x_StdPeriph_Driver/src/stm32f10x_exti.c ****   */
 255:../Libraries/STM32F10x_StdPeriph_Driver/src/stm32f10x_exti.c **** void EXTI_ClearITPendingBit(uint32_t EXTI_Line)
 256:../Libraries/STM32F10x_StdPeriph_Driver/src/stm32f10x_exti.c **** {
 486              		.loc 1 256 0
 487              		.cfi_startproc
 488              		@ args = 0, pretend = 0, frame = 8
 489              		@ frame_needed = 1, uses_anonymous_args = 0
 490              		@ link register save eliminated.
 491 0220 80B4     		push	{r7}
 492              	.LCFI20:
 493              		.cfi_def_cfa_offset 4
 494              		.cfi_offset 7, -4
 495 0222 83B0     		sub	sp, sp, #12
 496              	.LCFI21:
 497              		.cfi_def_cfa_offset 16
 498 0224 00AF     		add	r7, sp, #0
 499              	.LCFI22:
 500              		.cfi_def_cfa_register 7
 501 0226 7860     		str	r0, [r7, #4]
 257:../Libraries/STM32F10x_StdPeriph_Driver/src/stm32f10x_exti.c ****   /* Check the parameters */
 258:../Libraries/STM32F10x_StdPeriph_Driver/src/stm32f10x_exti.c ****   assert_param(IS_EXTI_LINE(EXTI_Line));
 259:../Libraries/STM32F10x_StdPeriph_Driver/src/stm32f10x_exti.c ****   
 260:../Libraries/STM32F10x_StdPeriph_Driver/src/stm32f10x_exti.c ****   EXTI->PR = EXTI_Line;
 502              		.loc 1 260 0
 503 0228 034B     		ldr	r3, .L30
 504 022a 7A68     		ldr	r2, [r7, #4]
 505 022c 5A61     		str	r2, [r3, #20]
 261:../Libraries/STM32F10x_StdPeriph_Driver/src/stm32f10x_exti.c **** }
 506              		.loc 1 261 0
 507 022e 07F10C07 		add	r7, r7, #12
 508 0232 BD46     		mov	sp, r7
 509 0234 80BC     		pop	{r7}
 510 0236 7047     		bx	lr
 511              	.L31:
 512              		.align	2
 513              	.L30:
 514 0238 00040140 		.word	1073808384
 515              		.cfi_endproc
 516              	.LFE62:
 518              	.Letext0:
 519              		.file 2 "c:\\program files (x86)\\codesourcery\\sourcery_codebench_lite_for_arm_eabi\\bin\\../lib/
 520              		.file 3 "D:\\EclipseIndigo\\workspace\\xelo\\src/stm32f10x.h"
 521              		.file 4 "D:\\EclipseIndigo\\workspace\\xelo\\Libraries\\STM32F10x_StdPeriph_Driver\\inc/stm32f10x_
 522              		.file 5 "D:\\EclipseIndigo\\workspace\\xelo\\Libraries\\CMSIS\\Include/core_cm3.h"
DEFINED SYMBOLS
                            *ABS*:00000000 stm32f10x_exti.c
C:\Users\THANGN~1\AppData\Local\Temp\ccEup5fi.s:18     .text:00000000 $t
C:\Users\THANGN~1\AppData\Local\Temp\ccEup5fi.s:23     .text:00000000 EXTI_DeInit
C:\Users\THANGN~1\AppData\Local\Temp\ccEup5fi.s:65     .text:00000030 $d
C:\Users\THANGN~1\AppData\Local\Temp\ccEup5fi.s:70     .text:00000038 $t
C:\Users\THANGN~1\AppData\Local\Temp\ccEup5fi.s:75     .text:00000038 EXTI_Init
C:\Users\THANGN~1\AppData\Local\Temp\ccEup5fi.s:220    .text:0000011c $d
C:\Users\THANGN~1\AppData\Local\Temp\ccEup5fi.s:224    .text:00000120 $t
C:\Users\THANGN~1\AppData\Local\Temp\ccEup5fi.s:229    .text:00000120 EXTI_StructInit
C:\Users\THANGN~1\AppData\Local\Temp\ccEup5fi.s:276    .text:00000154 EXTI_GenerateSWInterrupt
C:\Users\THANGN~1\AppData\Local\Temp\ccEup5fi.s:309    .text:00000174 $d
C:\Users\THANGN~1\AppData\Local\Temp\ccEup5fi.s:313    .text:00000178 $t
C:\Users\THANGN~1\AppData\Local\Temp\ccEup5fi.s:318    .text:00000178 EXTI_GetFlagStatus
C:\Users\THANGN~1\AppData\Local\Temp\ccEup5fi.s:366    .text:000001b0 $d
C:\Users\THANGN~1\AppData\Local\Temp\ccEup5fi.s:370    .text:000001b4 $t
C:\Users\THANGN~1\AppData\Local\Temp\ccEup5fi.s:375    .text:000001b4 EXTI_ClearFlag
C:\Users\THANGN~1\AppData\Local\Temp\ccEup5fi.s:405    .text:000001cc $d
C:\Users\THANGN~1\AppData\Local\Temp\ccEup5fi.s:409    .text:000001d0 $t
C:\Users\THANGN~1\AppData\Local\Temp\ccEup5fi.s:414    .text:000001d0 EXTI_GetITStatus
C:\Users\THANGN~1\AppData\Local\Temp\ccEup5fi.s:475    .text:0000021c $d
C:\Users\THANGN~1\AppData\Local\Temp\ccEup5fi.s:479    .text:00000220 $t
C:\Users\THANGN~1\AppData\Local\Temp\ccEup5fi.s:484    .text:00000220 EXTI_ClearITPendingBit
C:\Users\THANGN~1\AppData\Local\Temp\ccEup5fi.s:514    .text:00000238 $d
                     .debug_frame:00000010 $d
                           .group:00000000 wm4.1.6e5f3786b89b666b3dcc7c4c84d9d480
                           .group:00000000 wm4.stm32f10x.h.57.69ab29c83f735418a543aa508b559235
                           .group:00000000 wm4.core_cm3.h.32.49180ccb4d36cabd2d7016d2a51d91ae
                           .group:00000000 wm4.stdint.h.10.90b695f550ca6cc3fb08fa83baf01e05
                           .group:00000000 wm4.core_cmInstr.h.25.f50f886f2edf670cf199b35fd96f5c91
                           .group:00000000 wm4.core_cm3.h.130.36d879c1aefb6e578e399a5de749a503
                           .group:00000000 wm4.stm32f10x.h.532.b2b0c08e77686a45dbc3252d064cb2e1
                           .group:00000000 wm4.stm32f10x_adc.h.89.9f2b285fa0070185d48a05b61a05798c
                           .group:00000000 wm4.stm32f10x_bkp.h.31.74a586c036c8ee5d9205c6728cc8d6ab
                           .group:00000000 wm4.stm32f10x_can.h.31.b14273b95de79d8fbb020ba042473fb1
                           .group:00000000 wm4.stm32f10x_cec.h.31.29c77e36bfe4567e85f26cdcc60def64
                           .group:00000000 wm4.stm32f10x_dac.h.31.116c27cadc3b4ee8aa44ed11b14b64ae
                           .group:00000000 wm4.stm32f10x_dbgmcu.h.31.45f176e9b7a15051b8c69cb2700c78b8
                           .group:00000000 wm4.stm32f10x_dma.h.31.ef16218235edc52b414c0353f44b4bf0
                           .group:00000000 wm4.stm32f10x_flash.h.31.0203bc95b65c5396b67991e07a675efb
                           .group:00000000 wm4.stm32f10x_fsmc.h.31.a761d459aa046c2769a99b93e8763ba0
                           .group:00000000 wm4.stm32f10x_gpio.h.31.0a32659dbac1fc1055c7cbdc248963be
                           .group:00000000 wm4.stm32f10x_i2c.h.31.93d7dc2d477856f119d957730d4c6f1c
                           .group:00000000 wm4.stm32f10x_iwdg.h.31.959ae9b7e1d603f1e5ae6468c0fc1624
                           .group:00000000 wm4.stm32f10x_pwr.h.31.9168b6921e0cf03b467c7ed90861c701
                           .group:00000000 wm4.stm32f10x_rcc.h.31.2ee3219a25ef4ced658f2fe9d8cd94aa
                           .group:00000000 wm4.stm32f10x_rtc.h.31.00ba78fc0dbb06b6e6783a1e7fccf5a0
                           .group:00000000 wm4.stm32f10x_sdio.h.31.37dab89d08b2364a3dfaace444dec7c3
                           .group:00000000 wm4.stm32f10x_spi.h.31.d2f6e4626887cabe8c98f3a185590a36
                           .group:00000000 wm4.stm32f10x_tim.h.31.6c06f7f26e0864f9cd59597f46ca2c7c
                           .group:00000000 wm4.stm32f10x_usart.h.31.28d75d6af05cefbbfa00cf30a7c8a335
                           .group:00000000 wm4.stm32f10x_wwdg.h.31.4504f930b88ade4f56d1e3f2a11c098b
                           .group:00000000 wm4.misc.h.31.a89fba2040036f6f8c835a78a213e0cd
                           .group:00000000 wm4.stm32f10x.h.8356.9fd2fa84655112ac7dfc5c88beeb383d
                           .group:00000000 wm4.stm32f10x_exti.h.62.859150dbbec1683cf27209c178b55387

NO UNDEFINED SYMBOLS
