   1              		.syntax unified
   2              		.cpu cortex-m3
   3              		.fpu softvfp
   4              		.eabi_attribute 20, 1
   5              		.eabi_attribute 21, 1
   6              		.eabi_attribute 23, 3
   7              		.eabi_attribute 24, 1
   8              		.eabi_attribute 25, 1
   9              		.eabi_attribute 26, 1
  10              		.eabi_attribute 30, 6
  11              		.eabi_attribute 34, 1
  12              		.eabi_attribute 18, 4
  13              		.thumb
  14              		.file	"stm32f10x_iwdg.c"
  15              		.text
  16              	.Ltext0:
  17              		.cfi_sections	.debug_frame
  18              		.align	2
  19              		.global	IWDG_WriteAccessCmd
  20              		.thumb
  21              		.thumb_func
  23              	IWDG_WriteAccessCmd:
  24              	.LFB55:
  25              		.file 1 "../Libraries/STM32F10x_StdPeriph_Driver/src/stm32f10x_iwdg.c"
   1:../Libraries/STM32F10x_StdPeriph_Driver/src/stm32f10x_iwdg.c **** /**
   2:../Libraries/STM32F10x_StdPeriph_Driver/src/stm32f10x_iwdg.c ****   ******************************************************************************
   3:../Libraries/STM32F10x_StdPeriph_Driver/src/stm32f10x_iwdg.c ****   * @file    stm32f10x_iwdg.c
   4:../Libraries/STM32F10x_StdPeriph_Driver/src/stm32f10x_iwdg.c ****   * @author  MCD Application Team
   5:../Libraries/STM32F10x_StdPeriph_Driver/src/stm32f10x_iwdg.c ****   * @version V3.6.1
   6:../Libraries/STM32F10x_StdPeriph_Driver/src/stm32f10x_iwdg.c ****   * @date    05-March-2012
   7:../Libraries/STM32F10x_StdPeriph_Driver/src/stm32f10x_iwdg.c ****   * @brief   This file provides all the IWDG firmware functions.
   8:../Libraries/STM32F10x_StdPeriph_Driver/src/stm32f10x_iwdg.c ****   ******************************************************************************
   9:../Libraries/STM32F10x_StdPeriph_Driver/src/stm32f10x_iwdg.c ****   * @attention
  10:../Libraries/STM32F10x_StdPeriph_Driver/src/stm32f10x_iwdg.c ****   *
  11:../Libraries/STM32F10x_StdPeriph_Driver/src/stm32f10x_iwdg.c ****   * <h2><center>&copy; COPYRIGHT 2012 STMicroelectronics</center></h2>
  12:../Libraries/STM32F10x_StdPeriph_Driver/src/stm32f10x_iwdg.c ****   *
  13:../Libraries/STM32F10x_StdPeriph_Driver/src/stm32f10x_iwdg.c ****   * Licensed under MCD-ST Liberty SW License Agreement V2, (the "License");
  14:../Libraries/STM32F10x_StdPeriph_Driver/src/stm32f10x_iwdg.c ****   * You may not use this file except in compliance with the License.
  15:../Libraries/STM32F10x_StdPeriph_Driver/src/stm32f10x_iwdg.c ****   * You may obtain a copy of the License at:
  16:../Libraries/STM32F10x_StdPeriph_Driver/src/stm32f10x_iwdg.c ****   *
  17:../Libraries/STM32F10x_StdPeriph_Driver/src/stm32f10x_iwdg.c ****   *        http://www.st.com/software_license_agreement_liberty_v2
  18:../Libraries/STM32F10x_StdPeriph_Driver/src/stm32f10x_iwdg.c ****   *
  19:../Libraries/STM32F10x_StdPeriph_Driver/src/stm32f10x_iwdg.c ****   * Unless required by applicable law or agreed to in writing, software 
  20:../Libraries/STM32F10x_StdPeriph_Driver/src/stm32f10x_iwdg.c ****   * distributed under the License is distributed on an "AS IS" BASIS, 
  21:../Libraries/STM32F10x_StdPeriph_Driver/src/stm32f10x_iwdg.c ****   * WITHOUT WARRANTIES OR CONDITIONS OF ANY KIND, either express or implied.
  22:../Libraries/STM32F10x_StdPeriph_Driver/src/stm32f10x_iwdg.c ****   * See the License for the specific language governing permissions and
  23:../Libraries/STM32F10x_StdPeriph_Driver/src/stm32f10x_iwdg.c ****   * limitations under the License.
  24:../Libraries/STM32F10x_StdPeriph_Driver/src/stm32f10x_iwdg.c ****   *
  25:../Libraries/STM32F10x_StdPeriph_Driver/src/stm32f10x_iwdg.c ****   ******************************************************************************
  26:../Libraries/STM32F10x_StdPeriph_Driver/src/stm32f10x_iwdg.c ****   */
  27:../Libraries/STM32F10x_StdPeriph_Driver/src/stm32f10x_iwdg.c **** 
  28:../Libraries/STM32F10x_StdPeriph_Driver/src/stm32f10x_iwdg.c **** /* Includes ------------------------------------------------------------------*/
  29:../Libraries/STM32F10x_StdPeriph_Driver/src/stm32f10x_iwdg.c **** #include "stm32f10x_iwdg.h"
  30:../Libraries/STM32F10x_StdPeriph_Driver/src/stm32f10x_iwdg.c **** 
  31:../Libraries/STM32F10x_StdPeriph_Driver/src/stm32f10x_iwdg.c **** /** @addtogroup STM32F10x_StdPeriph_Driver
  32:../Libraries/STM32F10x_StdPeriph_Driver/src/stm32f10x_iwdg.c ****   * @{
  33:../Libraries/STM32F10x_StdPeriph_Driver/src/stm32f10x_iwdg.c ****   */
  34:../Libraries/STM32F10x_StdPeriph_Driver/src/stm32f10x_iwdg.c **** 
  35:../Libraries/STM32F10x_StdPeriph_Driver/src/stm32f10x_iwdg.c **** /** @defgroup IWDG 
  36:../Libraries/STM32F10x_StdPeriph_Driver/src/stm32f10x_iwdg.c ****   * @brief IWDG driver modules
  37:../Libraries/STM32F10x_StdPeriph_Driver/src/stm32f10x_iwdg.c ****   * @{
  38:../Libraries/STM32F10x_StdPeriph_Driver/src/stm32f10x_iwdg.c ****   */ 
  39:../Libraries/STM32F10x_StdPeriph_Driver/src/stm32f10x_iwdg.c **** 
  40:../Libraries/STM32F10x_StdPeriph_Driver/src/stm32f10x_iwdg.c **** /** @defgroup IWDG_Private_TypesDefinitions
  41:../Libraries/STM32F10x_StdPeriph_Driver/src/stm32f10x_iwdg.c ****   * @{
  42:../Libraries/STM32F10x_StdPeriph_Driver/src/stm32f10x_iwdg.c ****   */
  43:../Libraries/STM32F10x_StdPeriph_Driver/src/stm32f10x_iwdg.c **** 
  44:../Libraries/STM32F10x_StdPeriph_Driver/src/stm32f10x_iwdg.c **** /**
  45:../Libraries/STM32F10x_StdPeriph_Driver/src/stm32f10x_iwdg.c ****   * @}
  46:../Libraries/STM32F10x_StdPeriph_Driver/src/stm32f10x_iwdg.c ****   */
  47:../Libraries/STM32F10x_StdPeriph_Driver/src/stm32f10x_iwdg.c **** 
  48:../Libraries/STM32F10x_StdPeriph_Driver/src/stm32f10x_iwdg.c **** /** @defgroup IWDG_Private_Defines
  49:../Libraries/STM32F10x_StdPeriph_Driver/src/stm32f10x_iwdg.c ****   * @{
  50:../Libraries/STM32F10x_StdPeriph_Driver/src/stm32f10x_iwdg.c ****   */ 
  51:../Libraries/STM32F10x_StdPeriph_Driver/src/stm32f10x_iwdg.c **** 
  52:../Libraries/STM32F10x_StdPeriph_Driver/src/stm32f10x_iwdg.c **** /* ---------------------- IWDG registers bit mask ----------------------------*/
  53:../Libraries/STM32F10x_StdPeriph_Driver/src/stm32f10x_iwdg.c **** 
  54:../Libraries/STM32F10x_StdPeriph_Driver/src/stm32f10x_iwdg.c **** /* KR register bit mask */
  55:../Libraries/STM32F10x_StdPeriph_Driver/src/stm32f10x_iwdg.c **** #define KR_KEY_Reload    ((uint16_t)0xAAAA)
  56:../Libraries/STM32F10x_StdPeriph_Driver/src/stm32f10x_iwdg.c **** #define KR_KEY_Enable    ((uint16_t)0xCCCC)
  57:../Libraries/STM32F10x_StdPeriph_Driver/src/stm32f10x_iwdg.c **** 
  58:../Libraries/STM32F10x_StdPeriph_Driver/src/stm32f10x_iwdg.c **** /**
  59:../Libraries/STM32F10x_StdPeriph_Driver/src/stm32f10x_iwdg.c ****   * @}
  60:../Libraries/STM32F10x_StdPeriph_Driver/src/stm32f10x_iwdg.c ****   */ 
  61:../Libraries/STM32F10x_StdPeriph_Driver/src/stm32f10x_iwdg.c **** 
  62:../Libraries/STM32F10x_StdPeriph_Driver/src/stm32f10x_iwdg.c **** /** @defgroup IWDG_Private_Macros
  63:../Libraries/STM32F10x_StdPeriph_Driver/src/stm32f10x_iwdg.c ****   * @{
  64:../Libraries/STM32F10x_StdPeriph_Driver/src/stm32f10x_iwdg.c ****   */
  65:../Libraries/STM32F10x_StdPeriph_Driver/src/stm32f10x_iwdg.c **** 
  66:../Libraries/STM32F10x_StdPeriph_Driver/src/stm32f10x_iwdg.c **** /**
  67:../Libraries/STM32F10x_StdPeriph_Driver/src/stm32f10x_iwdg.c ****   * @}
  68:../Libraries/STM32F10x_StdPeriph_Driver/src/stm32f10x_iwdg.c ****   */
  69:../Libraries/STM32F10x_StdPeriph_Driver/src/stm32f10x_iwdg.c **** 
  70:../Libraries/STM32F10x_StdPeriph_Driver/src/stm32f10x_iwdg.c **** /** @defgroup IWDG_Private_Variables
  71:../Libraries/STM32F10x_StdPeriph_Driver/src/stm32f10x_iwdg.c ****   * @{
  72:../Libraries/STM32F10x_StdPeriph_Driver/src/stm32f10x_iwdg.c ****   */
  73:../Libraries/STM32F10x_StdPeriph_Driver/src/stm32f10x_iwdg.c **** 
  74:../Libraries/STM32F10x_StdPeriph_Driver/src/stm32f10x_iwdg.c **** /**
  75:../Libraries/STM32F10x_StdPeriph_Driver/src/stm32f10x_iwdg.c ****   * @}
  76:../Libraries/STM32F10x_StdPeriph_Driver/src/stm32f10x_iwdg.c ****   */
  77:../Libraries/STM32F10x_StdPeriph_Driver/src/stm32f10x_iwdg.c **** 
  78:../Libraries/STM32F10x_StdPeriph_Driver/src/stm32f10x_iwdg.c **** /** @defgroup IWDG_Private_FunctionPrototypes
  79:../Libraries/STM32F10x_StdPeriph_Driver/src/stm32f10x_iwdg.c ****   * @{
  80:../Libraries/STM32F10x_StdPeriph_Driver/src/stm32f10x_iwdg.c ****   */
  81:../Libraries/STM32F10x_StdPeriph_Driver/src/stm32f10x_iwdg.c **** 
  82:../Libraries/STM32F10x_StdPeriph_Driver/src/stm32f10x_iwdg.c **** /**
  83:../Libraries/STM32F10x_StdPeriph_Driver/src/stm32f10x_iwdg.c ****   * @}
  84:../Libraries/STM32F10x_StdPeriph_Driver/src/stm32f10x_iwdg.c ****   */
  85:../Libraries/STM32F10x_StdPeriph_Driver/src/stm32f10x_iwdg.c **** 
  86:../Libraries/STM32F10x_StdPeriph_Driver/src/stm32f10x_iwdg.c **** /** @defgroup IWDG_Private_Functions
  87:../Libraries/STM32F10x_StdPeriph_Driver/src/stm32f10x_iwdg.c ****   * @{
  88:../Libraries/STM32F10x_StdPeriph_Driver/src/stm32f10x_iwdg.c ****   */
  89:../Libraries/STM32F10x_StdPeriph_Driver/src/stm32f10x_iwdg.c **** 
  90:../Libraries/STM32F10x_StdPeriph_Driver/src/stm32f10x_iwdg.c **** /**
  91:../Libraries/STM32F10x_StdPeriph_Driver/src/stm32f10x_iwdg.c ****   * @brief  Enables or disables write access to IWDG_PR and IWDG_RLR registers.
  92:../Libraries/STM32F10x_StdPeriph_Driver/src/stm32f10x_iwdg.c ****   * @param  IWDG_WriteAccess: new state of write access to IWDG_PR and IWDG_RLR registers.
  93:../Libraries/STM32F10x_StdPeriph_Driver/src/stm32f10x_iwdg.c ****   *   This parameter can be one of the following values:
  94:../Libraries/STM32F10x_StdPeriph_Driver/src/stm32f10x_iwdg.c ****   *     @arg IWDG_WriteAccess_Enable: Enable write access to IWDG_PR and IWDG_RLR registers
  95:../Libraries/STM32F10x_StdPeriph_Driver/src/stm32f10x_iwdg.c ****   *     @arg IWDG_WriteAccess_Disable: Disable write access to IWDG_PR and IWDG_RLR registers
  96:../Libraries/STM32F10x_StdPeriph_Driver/src/stm32f10x_iwdg.c ****   * @retval None
  97:../Libraries/STM32F10x_StdPeriph_Driver/src/stm32f10x_iwdg.c ****   */
  98:../Libraries/STM32F10x_StdPeriph_Driver/src/stm32f10x_iwdg.c **** void IWDG_WriteAccessCmd(uint16_t IWDG_WriteAccess)
  99:../Libraries/STM32F10x_StdPeriph_Driver/src/stm32f10x_iwdg.c **** {
  26              		.loc 1 99 0
  27              		.cfi_startproc
  28              		@ args = 0, pretend = 0, frame = 8
  29              		@ frame_needed = 1, uses_anonymous_args = 0
  30              		@ link register save eliminated.
  31 0000 80B4     		push	{r7}
  32              	.LCFI0:
  33              		.cfi_def_cfa_offset 4
  34              		.cfi_offset 7, -4
  35 0002 83B0     		sub	sp, sp, #12
  36              	.LCFI1:
  37              		.cfi_def_cfa_offset 16
  38 0004 00AF     		add	r7, sp, #0
  39              	.LCFI2:
  40              		.cfi_def_cfa_register 7
  41 0006 0346     		mov	r3, r0
  42 0008 FB80     		strh	r3, [r7, #6]	@ movhi
 100:../Libraries/STM32F10x_StdPeriph_Driver/src/stm32f10x_iwdg.c ****   /* Check the parameters */
 101:../Libraries/STM32F10x_StdPeriph_Driver/src/stm32f10x_iwdg.c ****   assert_param(IS_IWDG_WRITE_ACCESS(IWDG_WriteAccess));
 102:../Libraries/STM32F10x_StdPeriph_Driver/src/stm32f10x_iwdg.c ****   IWDG->KR = IWDG_WriteAccess;
  43              		.loc 1 102 0
  44 000a 044B     		ldr	r3, .L2
  45 000c FA88     		ldrh	r2, [r7, #6]
  46 000e 1A60     		str	r2, [r3, #0]
 103:../Libraries/STM32F10x_StdPeriph_Driver/src/stm32f10x_iwdg.c **** }
  47              		.loc 1 103 0
  48 0010 07F10C07 		add	r7, r7, #12
  49 0014 BD46     		mov	sp, r7
  50 0016 80BC     		pop	{r7}
  51 0018 7047     		bx	lr
  52              	.L3:
  53 001a 00BF     		.align	2
  54              	.L2:
  55 001c 00300040 		.word	1073754112
  56              		.cfi_endproc
  57              	.LFE55:
  59              		.align	2
  60              		.global	IWDG_SetPrescaler
  61              		.thumb
  62              		.thumb_func
  64              	IWDG_SetPrescaler:
  65              	.LFB56:
 104:../Libraries/STM32F10x_StdPeriph_Driver/src/stm32f10x_iwdg.c **** 
 105:../Libraries/STM32F10x_StdPeriph_Driver/src/stm32f10x_iwdg.c **** /**
 106:../Libraries/STM32F10x_StdPeriph_Driver/src/stm32f10x_iwdg.c ****   * @brief  Sets IWDG Prescaler value.
 107:../Libraries/STM32F10x_StdPeriph_Driver/src/stm32f10x_iwdg.c ****   * @param  IWDG_Prescaler: specifies the IWDG Prescaler value.
 108:../Libraries/STM32F10x_StdPeriph_Driver/src/stm32f10x_iwdg.c ****   *   This parameter can be one of the following values:
 109:../Libraries/STM32F10x_StdPeriph_Driver/src/stm32f10x_iwdg.c ****   *     @arg IWDG_Prescaler_4: IWDG prescaler set to 4
 110:../Libraries/STM32F10x_StdPeriph_Driver/src/stm32f10x_iwdg.c ****   *     @arg IWDG_Prescaler_8: IWDG prescaler set to 8
 111:../Libraries/STM32F10x_StdPeriph_Driver/src/stm32f10x_iwdg.c ****   *     @arg IWDG_Prescaler_16: IWDG prescaler set to 16
 112:../Libraries/STM32F10x_StdPeriph_Driver/src/stm32f10x_iwdg.c ****   *     @arg IWDG_Prescaler_32: IWDG prescaler set to 32
 113:../Libraries/STM32F10x_StdPeriph_Driver/src/stm32f10x_iwdg.c ****   *     @arg IWDG_Prescaler_64: IWDG prescaler set to 64
 114:../Libraries/STM32F10x_StdPeriph_Driver/src/stm32f10x_iwdg.c ****   *     @arg IWDG_Prescaler_128: IWDG prescaler set to 128
 115:../Libraries/STM32F10x_StdPeriph_Driver/src/stm32f10x_iwdg.c ****   *     @arg IWDG_Prescaler_256: IWDG prescaler set to 256
 116:../Libraries/STM32F10x_StdPeriph_Driver/src/stm32f10x_iwdg.c ****   * @retval None
 117:../Libraries/STM32F10x_StdPeriph_Driver/src/stm32f10x_iwdg.c ****   */
 118:../Libraries/STM32F10x_StdPeriph_Driver/src/stm32f10x_iwdg.c **** void IWDG_SetPrescaler(uint8_t IWDG_Prescaler)
 119:../Libraries/STM32F10x_StdPeriph_Driver/src/stm32f10x_iwdg.c **** {
  66              		.loc 1 119 0
  67              		.cfi_startproc
  68              		@ args = 0, pretend = 0, frame = 8
  69              		@ frame_needed = 1, uses_anonymous_args = 0
  70              		@ link register save eliminated.
  71 0020 80B4     		push	{r7}
  72              	.LCFI3:
  73              		.cfi_def_cfa_offset 4
  74              		.cfi_offset 7, -4
  75 0022 83B0     		sub	sp, sp, #12
  76              	.LCFI4:
  77              		.cfi_def_cfa_offset 16
  78 0024 00AF     		add	r7, sp, #0
  79              	.LCFI5:
  80              		.cfi_def_cfa_register 7
  81 0026 0346     		mov	r3, r0
  82 0028 FB71     		strb	r3, [r7, #7]
 120:../Libraries/STM32F10x_StdPeriph_Driver/src/stm32f10x_iwdg.c ****   /* Check the parameters */
 121:../Libraries/STM32F10x_StdPeriph_Driver/src/stm32f10x_iwdg.c ****   assert_param(IS_IWDG_PRESCALER(IWDG_Prescaler));
 122:../Libraries/STM32F10x_StdPeriph_Driver/src/stm32f10x_iwdg.c ****   IWDG->PR = IWDG_Prescaler;
  83              		.loc 1 122 0
  84 002a 044B     		ldr	r3, .L5
  85 002c FA79     		ldrb	r2, [r7, #7]	@ zero_extendqisi2
  86 002e 5A60     		str	r2, [r3, #4]
 123:../Libraries/STM32F10x_StdPeriph_Driver/src/stm32f10x_iwdg.c **** }
  87              		.loc 1 123 0
  88 0030 07F10C07 		add	r7, r7, #12
  89 0034 BD46     		mov	sp, r7
  90 0036 80BC     		pop	{r7}
  91 0038 7047     		bx	lr
  92              	.L6:
  93 003a 00BF     		.align	2
  94              	.L5:
  95 003c 00300040 		.word	1073754112
  96              		.cfi_endproc
  97              	.LFE56:
  99              		.align	2
 100              		.global	IWDG_SetReload
 101              		.thumb
 102              		.thumb_func
 104              	IWDG_SetReload:
 105              	.LFB57:
 124:../Libraries/STM32F10x_StdPeriph_Driver/src/stm32f10x_iwdg.c **** 
 125:../Libraries/STM32F10x_StdPeriph_Driver/src/stm32f10x_iwdg.c **** /**
 126:../Libraries/STM32F10x_StdPeriph_Driver/src/stm32f10x_iwdg.c ****   * @brief  Sets IWDG Reload value.
 127:../Libraries/STM32F10x_StdPeriph_Driver/src/stm32f10x_iwdg.c ****   * @param  Reload: specifies the IWDG Reload value.
 128:../Libraries/STM32F10x_StdPeriph_Driver/src/stm32f10x_iwdg.c ****   *   This parameter must be a number between 0 and 0x0FFF.
 129:../Libraries/STM32F10x_StdPeriph_Driver/src/stm32f10x_iwdg.c ****   * @retval None
 130:../Libraries/STM32F10x_StdPeriph_Driver/src/stm32f10x_iwdg.c ****   */
 131:../Libraries/STM32F10x_StdPeriph_Driver/src/stm32f10x_iwdg.c **** void IWDG_SetReload(uint16_t Reload)
 132:../Libraries/STM32F10x_StdPeriph_Driver/src/stm32f10x_iwdg.c **** {
 106              		.loc 1 132 0
 107              		.cfi_startproc
 108              		@ args = 0, pretend = 0, frame = 8
 109              		@ frame_needed = 1, uses_anonymous_args = 0
 110              		@ link register save eliminated.
 111 0040 80B4     		push	{r7}
 112              	.LCFI6:
 113              		.cfi_def_cfa_offset 4
 114              		.cfi_offset 7, -4
 115 0042 83B0     		sub	sp, sp, #12
 116              	.LCFI7:
 117              		.cfi_def_cfa_offset 16
 118 0044 00AF     		add	r7, sp, #0
 119              	.LCFI8:
 120              		.cfi_def_cfa_register 7
 121 0046 0346     		mov	r3, r0
 122 0048 FB80     		strh	r3, [r7, #6]	@ movhi
 133:../Libraries/STM32F10x_StdPeriph_Driver/src/stm32f10x_iwdg.c ****   /* Check the parameters */
 134:../Libraries/STM32F10x_StdPeriph_Driver/src/stm32f10x_iwdg.c ****   assert_param(IS_IWDG_RELOAD(Reload));
 135:../Libraries/STM32F10x_StdPeriph_Driver/src/stm32f10x_iwdg.c ****   IWDG->RLR = Reload;
 123              		.loc 1 135 0
 124 004a 044B     		ldr	r3, .L8
 125 004c FA88     		ldrh	r2, [r7, #6]
 126 004e 9A60     		str	r2, [r3, #8]
 136:../Libraries/STM32F10x_StdPeriph_Driver/src/stm32f10x_iwdg.c **** }
 127              		.loc 1 136 0
 128 0050 07F10C07 		add	r7, r7, #12
 129 0054 BD46     		mov	sp, r7
 130 0056 80BC     		pop	{r7}
 131 0058 7047     		bx	lr
 132              	.L9:
 133 005a 00BF     		.align	2
 134              	.L8:
 135 005c 00300040 		.word	1073754112
 136              		.cfi_endproc
 137              	.LFE57:
 139              		.align	2
 140              		.global	IWDG_ReloadCounter
 141              		.thumb
 142              		.thumb_func
 144              	IWDG_ReloadCounter:
 145              	.LFB58:
 137:../Libraries/STM32F10x_StdPeriph_Driver/src/stm32f10x_iwdg.c **** 
 138:../Libraries/STM32F10x_StdPeriph_Driver/src/stm32f10x_iwdg.c **** /**
 139:../Libraries/STM32F10x_StdPeriph_Driver/src/stm32f10x_iwdg.c ****   * @brief  Reloads IWDG counter with value defined in the reload register
 140:../Libraries/STM32F10x_StdPeriph_Driver/src/stm32f10x_iwdg.c ****   *   (write access to IWDG_PR and IWDG_RLR registers disabled).
 141:../Libraries/STM32F10x_StdPeriph_Driver/src/stm32f10x_iwdg.c ****   * @param  None
 142:../Libraries/STM32F10x_StdPeriph_Driver/src/stm32f10x_iwdg.c ****   * @retval None
 143:../Libraries/STM32F10x_StdPeriph_Driver/src/stm32f10x_iwdg.c ****   */
 144:../Libraries/STM32F10x_StdPeriph_Driver/src/stm32f10x_iwdg.c **** void IWDG_ReloadCounter(void)
 145:../Libraries/STM32F10x_StdPeriph_Driver/src/stm32f10x_iwdg.c **** {
 146              		.loc 1 145 0
 147              		.cfi_startproc
 148              		@ args = 0, pretend = 0, frame = 0
 149              		@ frame_needed = 1, uses_anonymous_args = 0
 150              		@ link register save eliminated.
 151 0060 80B4     		push	{r7}
 152              	.LCFI9:
 153              		.cfi_def_cfa_offset 4
 154              		.cfi_offset 7, -4
 155 0062 00AF     		add	r7, sp, #0
 156              	.LCFI10:
 157              		.cfi_def_cfa_register 7
 146:../Libraries/STM32F10x_StdPeriph_Driver/src/stm32f10x_iwdg.c ****   IWDG->KR = KR_KEY_Reload;
 158              		.loc 1 146 0
 159 0064 034B     		ldr	r3, .L11
 160 0066 4AF6AA22 		movw	r2, #43690
 161 006a 1A60     		str	r2, [r3, #0]
 147:../Libraries/STM32F10x_StdPeriph_Driver/src/stm32f10x_iwdg.c **** }
 162              		.loc 1 147 0
 163 006c BD46     		mov	sp, r7
 164 006e 80BC     		pop	{r7}
 165 0070 7047     		bx	lr
 166              	.L12:
 167 0072 00BF     		.align	2
 168              	.L11:
 169 0074 00300040 		.word	1073754112
 170              		.cfi_endproc
 171              	.LFE58:
 173              		.align	2
 174              		.global	IWDG_Enable
 175              		.thumb
 176              		.thumb_func
 178              	IWDG_Enable:
 179              	.LFB59:
 148:../Libraries/STM32F10x_StdPeriph_Driver/src/stm32f10x_iwdg.c **** 
 149:../Libraries/STM32F10x_StdPeriph_Driver/src/stm32f10x_iwdg.c **** /**
 150:../Libraries/STM32F10x_StdPeriph_Driver/src/stm32f10x_iwdg.c ****   * @brief  Enables IWDG (write access to IWDG_PR and IWDG_RLR registers disabled).
 151:../Libraries/STM32F10x_StdPeriph_Driver/src/stm32f10x_iwdg.c ****   * @param  None
 152:../Libraries/STM32F10x_StdPeriph_Driver/src/stm32f10x_iwdg.c ****   * @retval None
 153:../Libraries/STM32F10x_StdPeriph_Driver/src/stm32f10x_iwdg.c ****   */
 154:../Libraries/STM32F10x_StdPeriph_Driver/src/stm32f10x_iwdg.c **** void IWDG_Enable(void)
 155:../Libraries/STM32F10x_StdPeriph_Driver/src/stm32f10x_iwdg.c **** {
 180              		.loc 1 155 0
 181              		.cfi_startproc
 182              		@ args = 0, pretend = 0, frame = 0
 183              		@ frame_needed = 1, uses_anonymous_args = 0
 184              		@ link register save eliminated.
 185 0078 80B4     		push	{r7}
 186              	.LCFI11:
 187              		.cfi_def_cfa_offset 4
 188              		.cfi_offset 7, -4
 189 007a 00AF     		add	r7, sp, #0
 190              	.LCFI12:
 191              		.cfi_def_cfa_register 7
 156:../Libraries/STM32F10x_StdPeriph_Driver/src/stm32f10x_iwdg.c ****   IWDG->KR = KR_KEY_Enable;
 192              		.loc 1 156 0
 193 007c 034B     		ldr	r3, .L14
 194 007e 4CF6CC42 		movw	r2, #52428
 195 0082 1A60     		str	r2, [r3, #0]
 157:../Libraries/STM32F10x_StdPeriph_Driver/src/stm32f10x_iwdg.c **** }
 196              		.loc 1 157 0
 197 0084 BD46     		mov	sp, r7
 198 0086 80BC     		pop	{r7}
 199 0088 7047     		bx	lr
 200              	.L15:
 201 008a 00BF     		.align	2
 202              	.L14:
 203 008c 00300040 		.word	1073754112
 204              		.cfi_endproc
 205              	.LFE59:
 207              		.align	2
 208              		.global	IWDG_GetFlagStatus
 209              		.thumb
 210              		.thumb_func
 212              	IWDG_GetFlagStatus:
 213              	.LFB60:
 158:../Libraries/STM32F10x_StdPeriph_Driver/src/stm32f10x_iwdg.c **** 
 159:../Libraries/STM32F10x_StdPeriph_Driver/src/stm32f10x_iwdg.c **** /**
 160:../Libraries/STM32F10x_StdPeriph_Driver/src/stm32f10x_iwdg.c ****   * @brief  Checks whether the specified IWDG flag is set or not.
 161:../Libraries/STM32F10x_StdPeriph_Driver/src/stm32f10x_iwdg.c ****   * @param  IWDG_FLAG: specifies the flag to check.
 162:../Libraries/STM32F10x_StdPeriph_Driver/src/stm32f10x_iwdg.c ****   *   This parameter can be one of the following values:
 163:../Libraries/STM32F10x_StdPeriph_Driver/src/stm32f10x_iwdg.c ****   *     @arg IWDG_FLAG_PVU: Prescaler Value Update on going
 164:../Libraries/STM32F10x_StdPeriph_Driver/src/stm32f10x_iwdg.c ****   *     @arg IWDG_FLAG_RVU: Reload Value Update on going
 165:../Libraries/STM32F10x_StdPeriph_Driver/src/stm32f10x_iwdg.c ****   * @retval The new state of IWDG_FLAG (SET or RESET).
 166:../Libraries/STM32F10x_StdPeriph_Driver/src/stm32f10x_iwdg.c ****   */
 167:../Libraries/STM32F10x_StdPeriph_Driver/src/stm32f10x_iwdg.c **** FlagStatus IWDG_GetFlagStatus(uint16_t IWDG_FLAG)
 168:../Libraries/STM32F10x_StdPeriph_Driver/src/stm32f10x_iwdg.c **** {
 214              		.loc 1 168 0
 215              		.cfi_startproc
 216              		@ args = 0, pretend = 0, frame = 16
 217              		@ frame_needed = 1, uses_anonymous_args = 0
 218              		@ link register save eliminated.
 219 0090 80B4     		push	{r7}
 220              	.LCFI13:
 221              		.cfi_def_cfa_offset 4
 222              		.cfi_offset 7, -4
 223 0092 85B0     		sub	sp, sp, #20
 224              	.LCFI14:
 225              		.cfi_def_cfa_offset 24
 226 0094 00AF     		add	r7, sp, #0
 227              	.LCFI15:
 228              		.cfi_def_cfa_register 7
 229 0096 0346     		mov	r3, r0
 230 0098 FB80     		strh	r3, [r7, #6]	@ movhi
 169:../Libraries/STM32F10x_StdPeriph_Driver/src/stm32f10x_iwdg.c ****   FlagStatus bitstatus = RESET;
 231              		.loc 1 169 0
 232 009a 4FF00003 		mov	r3, #0
 233 009e FB73     		strb	r3, [r7, #15]
 170:../Libraries/STM32F10x_StdPeriph_Driver/src/stm32f10x_iwdg.c ****   /* Check the parameters */
 171:../Libraries/STM32F10x_StdPeriph_Driver/src/stm32f10x_iwdg.c ****   assert_param(IS_IWDG_FLAG(IWDG_FLAG));
 172:../Libraries/STM32F10x_StdPeriph_Driver/src/stm32f10x_iwdg.c ****   if ((IWDG->SR & IWDG_FLAG) != (uint32_t)RESET)
 234              		.loc 1 172 0
 235 00a0 094B     		ldr	r3, .L20
 236 00a2 DA68     		ldr	r2, [r3, #12]
 237 00a4 FB88     		ldrh	r3, [r7, #6]
 238 00a6 1340     		ands	r3, r3, r2
 239 00a8 002B     		cmp	r3, #0
 240 00aa 03D0     		beq	.L17
 173:../Libraries/STM32F10x_StdPeriph_Driver/src/stm32f10x_iwdg.c ****   {
 174:../Libraries/STM32F10x_StdPeriph_Driver/src/stm32f10x_iwdg.c ****     bitstatus = SET;
 241              		.loc 1 174 0
 242 00ac 4FF00103 		mov	r3, #1
 243 00b0 FB73     		strb	r3, [r7, #15]
 244 00b2 02E0     		b	.L18
 245              	.L17:
 175:../Libraries/STM32F10x_StdPeriph_Driver/src/stm32f10x_iwdg.c ****   }
 176:../Libraries/STM32F10x_StdPeriph_Driver/src/stm32f10x_iwdg.c ****   else
 177:../Libraries/STM32F10x_StdPeriph_Driver/src/stm32f10x_iwdg.c ****   {
 178:../Libraries/STM32F10x_StdPeriph_Driver/src/stm32f10x_iwdg.c ****     bitstatus = RESET;
 246              		.loc 1 178 0
 247 00b4 4FF00003 		mov	r3, #0
 248 00b8 FB73     		strb	r3, [r7, #15]
 249              	.L18:
 179:../Libraries/STM32F10x_StdPeriph_Driver/src/stm32f10x_iwdg.c ****   }
 180:../Libraries/STM32F10x_StdPeriph_Driver/src/stm32f10x_iwdg.c ****   /* Return the flag status */
 181:../Libraries/STM32F10x_StdPeriph_Driver/src/stm32f10x_iwdg.c ****   return bitstatus;
 250              		.loc 1 181 0
 251 00ba FB7B     		ldrb	r3, [r7, #15]	@ zero_extendqisi2
 182:../Libraries/STM32F10x_StdPeriph_Driver/src/stm32f10x_iwdg.c **** }
 252              		.loc 1 182 0
 253 00bc 1846     		mov	r0, r3
 254 00be 07F11407 		add	r7, r7, #20
 255 00c2 BD46     		mov	sp, r7
 256 00c4 80BC     		pop	{r7}
 257 00c6 7047     		bx	lr
 258              	.L21:
 259              		.align	2
 260              	.L20:
 261 00c8 00300040 		.word	1073754112
 262              		.cfi_endproc
 263              	.LFE60:
 265              	.Letext0:
 266              		.file 2 "c:\\program files (x86)\\codesourcery\\sourcery_codebench_lite_for_arm_eabi\\bin\\../lib/
 267              		.file 3 "D:\\EclipseIndigo\\workspace\\xelo\\src/stm32f10x.h"
 268              		.file 4 "D:\\EclipseIndigo\\workspace\\xelo\\Libraries\\CMSIS\\Include/core_cm3.h"
DEFINED SYMBOLS
                            *ABS*:00000000 stm32f10x_iwdg.c
C:\Users\THANGN~1\AppData\Local\Temp\ccVNjipC.s:18     .text:00000000 $t
C:\Users\THANGN~1\AppData\Local\Temp\ccVNjipC.s:23     .text:00000000 IWDG_WriteAccessCmd
C:\Users\THANGN~1\AppData\Local\Temp\ccVNjipC.s:55     .text:0000001c $d
C:\Users\THANGN~1\AppData\Local\Temp\ccVNjipC.s:59     .text:00000020 $t
C:\Users\THANGN~1\AppData\Local\Temp\ccVNjipC.s:64     .text:00000020 IWDG_SetPrescaler
C:\Users\THANGN~1\AppData\Local\Temp\ccVNjipC.s:95     .text:0000003c $d
C:\Users\THANGN~1\AppData\Local\Temp\ccVNjipC.s:99     .text:00000040 $t
C:\Users\THANGN~1\AppData\Local\Temp\ccVNjipC.s:104    .text:00000040 IWDG_SetReload
C:\Users\THANGN~1\AppData\Local\Temp\ccVNjipC.s:135    .text:0000005c $d
C:\Users\THANGN~1\AppData\Local\Temp\ccVNjipC.s:139    .text:00000060 $t
C:\Users\THANGN~1\AppData\Local\Temp\ccVNjipC.s:144    .text:00000060 IWDG_ReloadCounter
C:\Users\THANGN~1\AppData\Local\Temp\ccVNjipC.s:169    .text:00000074 $d
C:\Users\THANGN~1\AppData\Local\Temp\ccVNjipC.s:173    .text:00000078 $t
C:\Users\THANGN~1\AppData\Local\Temp\ccVNjipC.s:178    .text:00000078 IWDG_Enable
C:\Users\THANGN~1\AppData\Local\Temp\ccVNjipC.s:203    .text:0000008c $d
C:\Users\THANGN~1\AppData\Local\Temp\ccVNjipC.s:207    .text:00000090 $t
C:\Users\THANGN~1\AppData\Local\Temp\ccVNjipC.s:212    .text:00000090 IWDG_GetFlagStatus
C:\Users\THANGN~1\AppData\Local\Temp\ccVNjipC.s:261    .text:000000c8 $d
                     .debug_frame:00000010 $d
                           .group:00000000 wm4.1.6e5f3786b89b666b3dcc7c4c84d9d480
                           .group:00000000 wm4.stm32f10x.h.57.69ab29c83f735418a543aa508b559235
                           .group:00000000 wm4.core_cm3.h.32.49180ccb4d36cabd2d7016d2a51d91ae
                           .group:00000000 wm4.stdint.h.10.90b695f550ca6cc3fb08fa83baf01e05
                           .group:00000000 wm4.core_cmInstr.h.25.f50f886f2edf670cf199b35fd96f5c91
                           .group:00000000 wm4.core_cm3.h.130.36d879c1aefb6e578e399a5de749a503
                           .group:00000000 wm4.stm32f10x.h.532.b2b0c08e77686a45dbc3252d064cb2e1
                           .group:00000000 wm4.stm32f10x_adc.h.89.9f2b285fa0070185d48a05b61a05798c
                           .group:00000000 wm4.stm32f10x_bkp.h.31.74a586c036c8ee5d9205c6728cc8d6ab
                           .group:00000000 wm4.stm32f10x_can.h.31.b14273b95de79d8fbb020ba042473fb1
                           .group:00000000 wm4.stm32f10x_cec.h.31.29c77e36bfe4567e85f26cdcc60def64
                           .group:00000000 wm4.stm32f10x_dac.h.31.116c27cadc3b4ee8aa44ed11b14b64ae
                           .group:00000000 wm4.stm32f10x_dbgmcu.h.31.45f176e9b7a15051b8c69cb2700c78b8
                           .group:00000000 wm4.stm32f10x_dma.h.31.ef16218235edc52b414c0353f44b4bf0
                           .group:00000000 wm4.stm32f10x_exti.h.31.b25bcb4f1a2daad39d2d7dfa4e901646
                           .group:00000000 wm4.stm32f10x_flash.h.31.0203bc95b65c5396b67991e07a675efb
                           .group:00000000 wm4.stm32f10x_fsmc.h.31.a761d459aa046c2769a99b93e8763ba0
                           .group:00000000 wm4.stm32f10x_gpio.h.31.0a32659dbac1fc1055c7cbdc248963be
                           .group:00000000 wm4.stm32f10x_i2c.h.31.93d7dc2d477856f119d957730d4c6f1c
                           .group:00000000 wm4.stm32f10x_pwr.h.31.9168b6921e0cf03b467c7ed90861c701
                           .group:00000000 wm4.stm32f10x_rcc.h.31.2ee3219a25ef4ced658f2fe9d8cd94aa
                           .group:00000000 wm4.stm32f10x_rtc.h.31.00ba78fc0dbb06b6e6783a1e7fccf5a0
                           .group:00000000 wm4.stm32f10x_sdio.h.31.37dab89d08b2364a3dfaace444dec7c3
                           .group:00000000 wm4.stm32f10x_spi.h.31.d2f6e4626887cabe8c98f3a185590a36
                           .group:00000000 wm4.stm32f10x_tim.h.31.6c06f7f26e0864f9cd59597f46ca2c7c
                           .group:00000000 wm4.stm32f10x_usart.h.31.28d75d6af05cefbbfa00cf30a7c8a335
                           .group:00000000 wm4.stm32f10x_wwdg.h.31.4504f930b88ade4f56d1e3f2a11c098b
                           .group:00000000 wm4.misc.h.31.a89fba2040036f6f8c835a78a213e0cd
                           .group:00000000 wm4.stm32f10x.h.8356.9fd2fa84655112ac7dfc5c88beeb383d
                           .group:00000000 wm4.stm32f10x_iwdg.h.64.6a4e678cfbdecc30d24e2a434d2821d3

NO UNDEFINED SYMBOLS
