   1              		.syntax unified
   2              		.cpu cortex-m4
   3              		.fpu softvfp
   4              		.eabi_attribute 20, 1
   5              		.eabi_attribute 21, 1
   6              		.eabi_attribute 23, 3
   7              		.eabi_attribute 24, 1
   8              		.eabi_attribute 25, 1
   9              		.eabi_attribute 26, 1
  10              		.eabi_attribute 30, 4
  11              		.eabi_attribute 34, 1
  12              		.eabi_attribute 18, 4
  13              		.thumb
  14              		.file	"stm32f30x_can.c"
  15              		.section	.text.CAN_DeInit,"ax",%progbits
  16              		.align	1
  17              		.global	CAN_DeInit
  18              		.thumb
  19              		.thumb_func
  21              	CAN_DeInit:
  22              		@ args = 0, pretend = 0, frame = 0
  23              		@ frame_needed = 0, uses_anonymous_args = 0
  24 0000 08B5     		push	{r3, lr}
  25 0002 0121     		movs	r1, #1
  26 0004 4FF00070 		mov	r0, #33554432
  27 0008 FFF7FEFF 		bl	RCC_APB1PeriphResetCmd
  28 000c 4FF00070 		mov	r0, #33554432
  29 0010 0021     		movs	r1, #0
  30 0012 BDE80840 		pop	{r3, lr}
  31 0016 FFF7FEBF 		b	RCC_APB1PeriphResetCmd
  33              		.section	.text.CAN_Init,"ax",%progbits
  34              		.align	1
  35              		.global	CAN_Init
  36              		.thumb
  37              		.thumb_func
  39              	CAN_Init:
  40              		@ args = 0, pretend = 0, frame = 8
  41              		@ frame_needed = 0, uses_anonymous_args = 0
  42              		@ link register save eliminated.
  43 0000 82B0     		sub	sp, sp, #8
  44 0002 0023     		movs	r3, #0
  45 0004 0193     		str	r3, [sp, #4]
  46 0006 0368     		ldr	r3, [r0, #0]
  47 0008 23F00203 		bic	r3, r3, #2
  48 000c 0360     		str	r3, [r0, #0]
  49 000e 0368     		ldr	r3, [r0, #0]
  50 0010 43F00103 		orr	r3, r3, #1
  51 0014 0360     		str	r3, [r0, #0]
  52 0016 6FF07F43 		mvn	r3, #-16777216
  53 001a 02E0     		b	.L3
  54              	.L5:
  55 001c 019A     		ldr	r2, [sp, #4]
  56 001e 0132     		adds	r2, r2, #1
  57 0020 0192     		str	r2, [sp, #4]
  58              	.L3:
  59 0022 4268     		ldr	r2, [r0, #4]
  60 0024 D207     		lsls	r2, r2, #31
  61 0026 02D4     		bmi	.L4
  62 0028 019A     		ldr	r2, [sp, #4]
  63 002a 9A42     		cmp	r2, r3
  64 002c F6D1     		bne	.L5
  65              	.L4:
  66 002e 4368     		ldr	r3, [r0, #4]
  67 0030 13F00103 		ands	r3, r3, #1
  68 0034 5CD0     		beq	.L22
  69 0036 8B79     		ldrb	r3, [r1, #6]	@ zero_extendqisi2
  70 0038 012B     		cmp	r3, #1
  71 003a 0368     		ldr	r3, [r0, #0]
  72 003c 0CBF     		ite	eq
  73 003e 43F08003 		orreq	r3, r3, #128
  74 0042 23F08003 		bicne	r3, r3, #128
  75 0046 0360     		str	r3, [r0, #0]
  76 0048 CB79     		ldrb	r3, [r1, #7]	@ zero_extendqisi2
  77 004a 012B     		cmp	r3, #1
  78 004c 0368     		ldr	r3, [r0, #0]
  79 004e 0CBF     		ite	eq
  80 0050 43F04003 		orreq	r3, r3, #64
  81 0054 23F04003 		bicne	r3, r3, #64
  82 0058 0360     		str	r3, [r0, #0]
  83 005a 0B7A     		ldrb	r3, [r1, #8]	@ zero_extendqisi2
  84 005c 012B     		cmp	r3, #1
  85 005e 0368     		ldr	r3, [r0, #0]
  86 0060 0CBF     		ite	eq
  87 0062 43F02003 		orreq	r3, r3, #32
  88 0066 23F02003 		bicne	r3, r3, #32
  89 006a 0360     		str	r3, [r0, #0]
  90 006c 4B7A     		ldrb	r3, [r1, #9]	@ zero_extendqisi2
  91 006e 012B     		cmp	r3, #1
  92 0070 0368     		ldr	r3, [r0, #0]
  93 0072 0CBF     		ite	eq
  94 0074 43F01003 		orreq	r3, r3, #16
  95 0078 23F01003 		bicne	r3, r3, #16
  96 007c 0360     		str	r3, [r0, #0]
  97 007e 8B7A     		ldrb	r3, [r1, #10]	@ zero_extendqisi2
  98 0080 012B     		cmp	r3, #1
  99 0082 0368     		ldr	r3, [r0, #0]
 100 0084 0CBF     		ite	eq
 101 0086 43F00803 		orreq	r3, r3, #8
 102 008a 23F00803 		bicne	r3, r3, #8
 103 008e 0360     		str	r3, [r0, #0]
 104 0090 CB7A     		ldrb	r3, [r1, #11]	@ zero_extendqisi2
 105 0092 012B     		cmp	r3, #1
 106 0094 0368     		ldr	r3, [r0, #0]
 107 0096 0CBF     		ite	eq
 108 0098 43F00403 		orreq	r3, r3, #4
 109 009c 23F00403 		bicne	r3, r3, #4
 110 00a0 0360     		str	r3, [r0, #0]
 111 00a2 8B78     		ldrb	r3, [r1, #2]	@ zero_extendqisi2
 112 00a4 CA78     		ldrb	r2, [r1, #3]	@ zero_extendqisi2
 113 00a6 9B07     		lsls	r3, r3, #30
 114 00a8 43EA0263 		orr	r3, r3, r2, lsl #24
 115 00ac 0A79     		ldrb	r2, [r1, #4]	@ zero_extendqisi2
 116 00ae 43EA0243 		orr	r3, r3, r2, lsl #16
 117 00b2 4A79     		ldrb	r2, [r1, #5]	@ zero_extendqisi2
 118 00b4 43EA0253 		orr	r3, r3, r2, lsl #20
 119 00b8 0A88     		ldrh	r2, [r1, #0]
 120 00ba 013A     		subs	r2, r2, #1
 121 00bc 1343     		orrs	r3, r3, r2
 122 00be C361     		str	r3, [r0, #28]
 123 00c0 0368     		ldr	r3, [r0, #0]
 124 00c2 23F00103 		bic	r3, r3, #1
 125 00c6 0360     		str	r3, [r0, #0]
 126 00c8 0023     		movs	r3, #0
 127 00ca 0193     		str	r3, [sp, #4]
 128 00cc 6FF07F43 		mvn	r3, #-16777216
 129 00d0 02E0     		b	.L19
 130              	.L21:
 131 00d2 019A     		ldr	r2, [sp, #4]
 132 00d4 0132     		adds	r2, r2, #1
 133 00d6 0192     		str	r2, [sp, #4]
 134              	.L19:
 135 00d8 4268     		ldr	r2, [r0, #4]
 136 00da D207     		lsls	r2, r2, #31
 137 00dc 02D5     		bpl	.L20
 138 00de 019A     		ldr	r2, [sp, #4]
 139 00e0 9A42     		cmp	r2, r3
 140 00e2 F6D1     		bne	.L21
 141              	.L20:
 142 00e4 4068     		ldr	r0, [r0, #4]
 143 00e6 00F00100 		and	r0, r0, #1
 144 00ea 80F00100 		eor	r0, r0, #1
 145 00ee 00E0     		b	.L6
 146              	.L22:
 147 00f0 1846     		mov	r0, r3
 148              	.L6:
 149 00f2 02B0     		add	sp, sp, #8
 150 00f4 7047     		bx	lr
 152              		.section	.text.CAN_FilterInit,"ax",%progbits
 153              		.align	1
 154              		.global	CAN_FilterInit
 155              		.thumb
 156              		.thumb_func
 158              	CAN_FilterInit:
 159              		@ args = 0, pretend = 0, frame = 0
 160              		@ frame_needed = 0, uses_anonymous_args = 0
 161 0000 837A     		ldrb	r3, [r0, #10]	@ zero_extendqisi2
 162 0002 0121     		movs	r1, #1
 163 0004 01FA03F1 		lsl	r1, r1, r3
 164 0008 354B     		ldr	r3, .L41
 165 000a D3F80022 		ldr	r2, [r3, #512]
 166 000e 42F00102 		orr	r2, r2, #1
 167 0012 70B5     		push	{r4, r5, r6, lr}
 168 0014 C3F80022 		str	r2, [r3, #512]
 169 0018 D3F81C22 		ldr	r2, [r3, #540]
 170 001c CC43     		mvns	r4, r1
 171 001e 2240     		ands	r2, r2, r4
 172 0020 C3F81C22 		str	r2, [r3, #540]
 173 0024 027B     		ldrb	r2, [r0, #12]	@ zero_extendqisi2
 174 0026 AAB9     		cbnz	r2, .L33
 175 0028 D3F80C22 		ldr	r2, [r3, #524]
 176 002c C688     		ldrh	r6, [r0, #6]
 177 002e 4588     		ldrh	r5, [r0, #2]
 178 0030 2240     		ands	r2, r2, r4
 179 0032 C3F80C22 		str	r2, [r3, #524]
 180 0036 827A     		ldrb	r2, [r0, #10]	@ zero_extendqisi2
 181 0038 4832     		adds	r2, r2, #72
 182 003a 45EA0645 		orr	r5, r5, r6, lsl #16
 183 003e 43F83250 		str	r5, [r3, r2, lsl #3]
 184 0042 0388     		ldrh	r3, [r0, #0]
 185 0044 8288     		ldrh	r2, [r0, #4]
 186 0046 857A     		ldrb	r5, [r0, #10]	@ zero_extendqisi2
 187 0048 43EA0242 		orr	r2, r3, r2, lsl #16
 188 004c 254B     		ldr	r3, .L41+4
 189 004e ED00     		lsls	r5, r5, #3
 190 0050 EB18     		adds	r3, r5, r3
 191 0052 5A60     		str	r2, [r3, #4]
 192              	.L33:
 193 0054 037B     		ldrb	r3, [r0, #12]	@ zero_extendqisi2
 194 0056 012B     		cmp	r3, #1
 195 0058 16D1     		bne	.L34
 196 005a 214B     		ldr	r3, .L41
 197 005c 0688     		ldrh	r6, [r0, #0]
 198 005e D3F80C22 		ldr	r2, [r3, #524]
 199 0062 4588     		ldrh	r5, [r0, #2]
 200 0064 0A43     		orrs	r2, r2, r1
 201 0066 C3F80C22 		str	r2, [r3, #524]
 202 006a 827A     		ldrb	r2, [r0, #10]	@ zero_extendqisi2
 203 006c 4832     		adds	r2, r2, #72
 204 006e 45EA0645 		orr	r5, r5, r6, lsl #16
 205 0072 43F83250 		str	r5, [r3, r2, lsl #3]
 206 0076 C388     		ldrh	r3, [r0, #6]
 207 0078 8288     		ldrh	r2, [r0, #4]
 208 007a 857A     		ldrb	r5, [r0, #10]	@ zero_extendqisi2
 209 007c 43EA0242 		orr	r2, r3, r2, lsl #16
 210 0080 184B     		ldr	r3, .L41+4
 211 0082 ED00     		lsls	r5, r5, #3
 212 0084 EB18     		adds	r3, r5, r3
 213 0086 5A60     		str	r2, [r3, #4]
 214              	.L34:
 215 0088 C37A     		ldrb	r3, [r0, #11]	@ zero_extendqisi2
 216 008a 154A     		ldr	r2, .L41
 217 008c 1BB9     		cbnz	r3, .L35
 218 008e D2F80432 		ldr	r3, [r2, #516]
 219 0092 2340     		ands	r3, r3, r4
 220 0094 02E0     		b	.L40
 221              	.L35:
 222 0096 D2F80432 		ldr	r3, [r2, #516]
 223 009a 0B43     		orrs	r3, r3, r1
 224              	.L40:
 225 009c 0589     		ldrh	r5, [r0, #8]
 226 009e C2F80432 		str	r3, [r2, #516]
 227 00a2 0F4B     		ldr	r3, .L41
 228 00a4 2DB9     		cbnz	r5, .L37
 229 00a6 D2F81452 		ldr	r5, [r2, #532]
 230 00aa 2C40     		ands	r4, r4, r5
 231 00ac C2F81442 		str	r4, [r2, #532]
 232 00b0 06E0     		b	.L38
 233              	.L37:
 234 00b2 012D     		cmp	r5, #1
 235 00b4 04D1     		bne	.L38
 236 00b6 D3F81422 		ldr	r2, [r3, #532]
 237 00ba 0A43     		orrs	r2, r2, r1
 238 00bc C3F81422 		str	r2, [r3, #532]
 239              	.L38:
 240 00c0 427B     		ldrb	r2, [r0, #13]	@ zero_extendqisi2
 241 00c2 012A     		cmp	r2, #1
 242 00c4 04D1     		bne	.L39
 243 00c6 D3F81C22 		ldr	r2, [r3, #540]
 244 00ca 1143     		orrs	r1, r1, r2
 245 00cc C3F81C12 		str	r1, [r3, #540]
 246              	.L39:
 247 00d0 D3F80022 		ldr	r2, [r3, #512]
 248 00d4 22F00102 		bic	r2, r2, #1
 249 00d8 C3F80022 		str	r2, [r3, #512]
 250 00dc 70BD     		pop	{r4, r5, r6, pc}
 251              	.L42:
 252 00de 00BF     		.align	2
 253              	.L41:
 254 00e0 00640040 		.word	1073767424
 255 00e4 40660040 		.word	1073768000
 257              		.section	.text.CAN_StructInit,"ax",%progbits
 258              		.align	1
 259              		.global	CAN_StructInit
 260              		.thumb
 261              		.thumb_func
 263              	CAN_StructInit:
 264              		@ args = 0, pretend = 0, frame = 0
 265              		@ frame_needed = 0, uses_anonymous_args = 0
 266              		@ link register save eliminated.
 267 0000 0023     		movs	r3, #0
 268 0002 8371     		strb	r3, [r0, #6]
 269 0004 C371     		strb	r3, [r0, #7]
 270 0006 0372     		strb	r3, [r0, #8]
 271 0008 4372     		strb	r3, [r0, #9]
 272 000a 8372     		strb	r3, [r0, #10]
 273 000c C372     		strb	r3, [r0, #11]
 274 000e 8370     		strb	r3, [r0, #2]
 275 0010 C370     		strb	r3, [r0, #3]
 276 0012 0323     		movs	r3, #3
 277 0014 0371     		strb	r3, [r0, #4]
 278 0016 0223     		movs	r3, #2
 279 0018 4371     		strb	r3, [r0, #5]
 280 001a 0123     		movs	r3, #1
 281 001c 0380     		strh	r3, [r0, #0]	@ movhi
 282 001e 7047     		bx	lr
 284              		.section	.text.CAN_SlaveStartBank,"ax",%progbits
 285              		.align	1
 286              		.global	CAN_SlaveStartBank
 287              		.thumb
 288              		.thumb_func
 290              	CAN_SlaveStartBank:
 291              		@ args = 0, pretend = 0, frame = 0
 292              		@ frame_needed = 0, uses_anonymous_args = 0
 293              		@ link register save eliminated.
 294 0000 0D4B     		ldr	r3, .L45
 295 0002 D3F80022 		ldr	r2, [r3, #512]
 296 0006 42F00102 		orr	r2, r2, #1
 297 000a C3F80022 		str	r2, [r3, #512]
 298 000e D3F80022 		ldr	r2, [r3, #512]
 299 0012 22F47C52 		bic	r2, r2, #16128
 300 0016 22F00E02 		bic	r2, r2, #14
 301 001a C3F80022 		str	r2, [r3, #512]
 302 001e D3F80022 		ldr	r2, [r3, #512]
 303 0022 42EA0020 		orr	r0, r2, r0, lsl #8
 304 0026 C3F80002 		str	r0, [r3, #512]
 305 002a D3F80022 		ldr	r2, [r3, #512]
 306 002e 22F00102 		bic	r2, r2, #1
 307 0032 C3F80022 		str	r2, [r3, #512]
 308 0036 7047     		bx	lr
 309              	.L46:
 310              		.align	2
 311              	.L45:
 312 0038 00640040 		.word	1073767424
 314              		.section	.text.CAN_DBGFreeze,"ax",%progbits
 315              		.align	1
 316              		.global	CAN_DBGFreeze
 317              		.thumb
 318              		.thumb_func
 320              	CAN_DBGFreeze:
 321              		@ args = 0, pretend = 0, frame = 0
 322              		@ frame_needed = 0, uses_anonymous_args = 0
 323              		@ link register save eliminated.
 324 0000 0368     		ldr	r3, [r0, #0]
 325 0002 11B1     		cbz	r1, .L48
 326 0004 43F48033 		orr	r3, r3, #65536
 327 0008 01E0     		b	.L50
 328              	.L48:
 329 000a 23F48033 		bic	r3, r3, #65536
 330              	.L50:
 331 000e 0360     		str	r3, [r0, #0]
 332 0010 7047     		bx	lr
 334              		.section	.text.CAN_TTComModeCmd,"ax",%progbits
 335              		.align	1
 336              		.global	CAN_TTComModeCmd
 337              		.thumb
 338              		.thumb_func
 340              	CAN_TTComModeCmd:
 341              		@ args = 0, pretend = 0, frame = 0
 342              		@ frame_needed = 0, uses_anonymous_args = 0
 343              		@ link register save eliminated.
 344 0000 0368     		ldr	r3, [r0, #0]
 345 0002 99B1     		cbz	r1, .L52
 346 0004 43F08003 		orr	r3, r3, #128
 347 0008 0360     		str	r3, [r0, #0]
 348 000a D0F88431 		ldr	r3, [r0, #388]
 349 000e 43F48073 		orr	r3, r3, #256
 350 0012 C0F88431 		str	r3, [r0, #388]
 351 0016 D0F89431 		ldr	r3, [r0, #404]
 352 001a 43F48073 		orr	r3, r3, #256
 353 001e C0F89431 		str	r3, [r0, #404]
 354 0022 D0F8A431 		ldr	r3, [r0, #420]
 355 0026 43F48073 		orr	r3, r3, #256
 356 002a 12E0     		b	.L54
 357              	.L52:
 358 002c 23F08003 		bic	r3, r3, #128
 359 0030 0360     		str	r3, [r0, #0]
 360 0032 D0F88431 		ldr	r3, [r0, #388]
 361 0036 23F48073 		bic	r3, r3, #256
 362 003a C0F88431 		str	r3, [r0, #388]
 363 003e D0F89431 		ldr	r3, [r0, #404]
 364 0042 23F48073 		bic	r3, r3, #256
 365 0046 C0F89431 		str	r3, [r0, #404]
 366 004a D0F8A431 		ldr	r3, [r0, #420]
 367 004e 23F48073 		bic	r3, r3, #256
 368              	.L54:
 369 0052 C0F8A431 		str	r3, [r0, #420]
 370 0056 7047     		bx	lr
 372              		.section	.text.CAN_Transmit,"ax",%progbits
 373              		.align	1
 374              		.global	CAN_Transmit
 375              		.thumb
 376              		.thumb_func
 378              	CAN_Transmit:
 379              		@ args = 0, pretend = 0, frame = 0
 380              		@ frame_needed = 0, uses_anonymous_args = 0
 381 0000 8268     		ldr	r2, [r0, #8]
 382 0002 0346     		mov	r3, r0
 383 0004 5001     		lsls	r0, r2, #5
 384 0006 70B5     		push	{r4, r5, r6, lr}
 385 0008 46D4     		bmi	.L61
 386 000a 9A68     		ldr	r2, [r3, #8]
 387 000c 1201     		lsls	r2, r2, #4
 388 000e 45D4     		bmi	.L62
 389 0010 9A68     		ldr	r2, [r3, #8]
 390 0012 D000     		lsls	r0, r2, #3
 391 0014 44D4     		bmi	.L63
 392 0016 0420     		movs	r0, #4
 393 0018 70BD     		pop	{r4, r5, r6, pc}
 394              	.L59:
 395 001a 0C68     		ldr	r4, [r1, #0]
 396 001c 4E7A     		ldrb	r6, [r1, #9]	@ zero_extendqisi2
 397 001e 9D58     		ldr	r5, [r3, r2]
 398 0020 46EA4454 		orr	r4, r6, r4, lsl #21
 399 0024 2C43     		orrs	r4, r4, r5
 400 0026 06E0     		b	.L66
 401              	.L65:
 402 0028 4D68     		ldr	r5, [r1, #4]
 403 002a 9E58     		ldr	r6, [r3, r2]
 404 002c 44EAC504 		orr	r4, r4, r5, lsl #3
 405 0030 3443     		orrs	r4, r4, r6
 406 0032 4E7A     		ldrb	r6, [r1, #9]	@ zero_extendqisi2
 407 0034 3443     		orrs	r4, r4, r6
 408              	.L66:
 409 0036 9C50     		str	r4, [r3, r2]
 410 0038 8A7A     		ldrb	r2, [r1, #10]	@ zero_extendqisi2
 411 003a 00F11804 		add	r4, r0, #24
 412 003e 2401     		lsls	r4, r4, #4
 413 0040 02F00F02 		and	r2, r2, #15
 414 0044 8A72     		strb	r2, [r1, #10]
 415 0046 1A19     		adds	r2, r3, r4
 416 0048 5568     		ldr	r5, [r2, #4]
 417 004a 25F00F05 		bic	r5, r5, #15
 418 004e 5560     		str	r5, [r2, #4]
 419 0050 5568     		ldr	r5, [r2, #4]
 420 0052 8E7A     		ldrb	r6, [r1, #10]	@ zero_extendqisi2
 421 0054 3543     		orrs	r5, r5, r6
 422 0056 5560     		str	r5, [r2, #4]
 423 0058 4E7B     		ldrb	r6, [r1, #13]	@ zero_extendqisi2
 424 005a 8A7B     		ldrb	r2, [r1, #14]	@ zero_extendqisi2
 425 005c 3604     		lsls	r6, r6, #16
 426 005e 46EA0266 		orr	r6, r6, r2, lsl #24
 427 0062 CA7A     		ldrb	r2, [r1, #11]	@ zero_extendqisi2
 428 0064 1643     		orrs	r6, r6, r2
 429 0066 0A7B     		ldrb	r2, [r1, #12]	@ zero_extendqisi2
 430 0068 46EA0226 		orr	r6, r6, r2, lsl #8
 431 006c 03EB0012 		add	r2, r3, r0, lsl #4
 432 0070 02F5C475 		add	r5, r2, #392
 433 0074 C2F88861 		str	r6, [r2, #392]
 434 0078 4A7C     		ldrb	r2, [r1, #17]	@ zero_extendqisi2
 435 007a 8E7C     		ldrb	r6, [r1, #18]	@ zero_extendqisi2
 436 007c 1204     		lsls	r2, r2, #16
 437 007e 42EA0662 		orr	r2, r2, r6, lsl #24
 438 0082 CE7B     		ldrb	r6, [r1, #15]	@ zero_extendqisi2
 439 0084 097C     		ldrb	r1, [r1, #16]	@ zero_extendqisi2
 440 0086 3243     		orrs	r2, r2, r6
 441 0088 42EA0122 		orr	r2, r2, r1, lsl #8
 442 008c 6A60     		str	r2, [r5, #4]
 443 008e 1A59     		ldr	r2, [r3, r4]
 444 0090 42F00102 		orr	r2, r2, #1
 445 0094 1A51     		str	r2, [r3, r4]
 446 0096 70BD     		pop	{r4, r5, r6, pc}
 447              	.L61:
 448 0098 0020     		movs	r0, #0
 449 009a 02E0     		b	.L56
 450              	.L62:
 451 009c 0120     		movs	r0, #1
 452 009e 00E0     		b	.L56
 453              	.L63:
 454 00a0 0220     		movs	r0, #2
 455              	.L56:
 456 00a2 00F11802 		add	r2, r0, #24
 457 00a6 1201     		lsls	r2, r2, #4
 458 00a8 9C58     		ldr	r4, [r3, r2]
 459 00aa 04F00104 		and	r4, r4, #1
 460 00ae 9C50     		str	r4, [r3, r2]
 461 00b0 0C7A     		ldrb	r4, [r1, #8]	@ zero_extendqisi2
 462 00b2 002C     		cmp	r4, #0
 463 00b4 B1D0     		beq	.L59
 464 00b6 B7E7     		b	.L65
 466              		.section	.text.CAN_TransmitStatus,"ax",%progbits
 467              		.align	1
 468              		.global	CAN_TransmitStatus
 469              		.thumb
 470              		.thumb_func
 472              	CAN_TransmitStatus:
 473              		@ args = 0, pretend = 0, frame = 0
 474              		@ frame_needed = 0, uses_anonymous_args = 0
 475              		@ link register save eliminated.
 476 0000 0129     		cmp	r1, #1
 477 0002 06D0     		beq	.L70
 478 0004 02D3     		bcc	.L69
 479 0006 0229     		cmp	r1, #2
 480 0008 17D1     		bne	.L80
 481 000a 05E0     		b	.L71
 482              	.L69:
 483 000c 8268     		ldr	r2, [r0, #8]
 484 000e 0D4B     		ldr	r3, .L82
 485 0010 04E0     		b	.L81
 486              	.L70:
 487 0012 8268     		ldr	r2, [r0, #8]
 488 0014 0C4B     		ldr	r3, .L82+4
 489 0016 01E0     		b	.L81
 490              	.L71:
 491 0018 8268     		ldr	r2, [r0, #8]
 492 001a 0C4B     		ldr	r3, .L82+8
 493              	.L81:
 494 001c 1340     		ands	r3, r3, r2
 495 001e 094A     		ldr	r2, .L82
 496 0020 9342     		cmp	r3, r2
 497 0022 08D0     		beq	.L76
 498 0024 01D8     		bhi	.L77
 499 0026 43B1     		cbz	r3, .L80
 500 0028 09E0     		b	.L79
 501              	.L77:
 502 002a 074A     		ldr	r2, .L82+4
 503 002c 9342     		cmp	r3, r2
 504 002e 02D0     		beq	.L76
 505 0030 064A     		ldr	r2, .L82+8
 506 0032 9342     		cmp	r3, r2
 507 0034 03D1     		bne	.L79
 508              	.L76:
 509 0036 0120     		movs	r0, #1
 510 0038 7047     		bx	lr
 511              	.L80:
 512 003a 0220     		movs	r0, #2
 513 003c 7047     		bx	lr
 514              	.L79:
 515 003e 0020     		movs	r0, #0
 516 0040 7047     		bx	lr
 517              	.L83:
 518 0042 00BF     		.align	2
 519              	.L82:
 520 0044 03000004 		.word	67108867
 521 0048 00030008 		.word	134218496
 522 004c 00000310 		.word	268632064
 524              		.section	.text.CAN_CancelTransmit,"ax",%progbits
 525              		.align	1
 526              		.global	CAN_CancelTransmit
 527              		.thumb
 528              		.thumb_func
 530              	CAN_CancelTransmit:
 531              		@ args = 0, pretend = 0, frame = 0
 532              		@ frame_needed = 0, uses_anonymous_args = 0
 533              		@ link register save eliminated.
 534 0000 0129     		cmp	r1, #1
 535 0002 07D0     		beq	.L87
 536 0004 02D3     		bcc	.L86
 537 0006 0229     		cmp	r1, #2
 538 0008 0CD1     		bne	.L84
 539 000a 07E0     		b	.L88
 540              	.L86:
 541 000c 8368     		ldr	r3, [r0, #8]
 542 000e 43F08003 		orr	r3, r3, #128
 543 0012 06E0     		b	.L89
 544              	.L87:
 545 0014 8368     		ldr	r3, [r0, #8]
 546 0016 43F40043 		orr	r3, r3, #32768
 547 001a 02E0     		b	.L89
 548              	.L88:
 549 001c 8368     		ldr	r3, [r0, #8]
 550 001e 43F40003 		orr	r3, r3, #8388608
 551              	.L89:
 552 0022 8360     		str	r3, [r0, #8]
 553              	.L84:
 554 0024 7047     		bx	lr
 556              		.section	.text.CAN_Receive,"ax",%progbits
 557              		.align	1
 558              		.global	CAN_Receive
 559              		.thumb
 560              		.thumb_func
 562              	CAN_Receive:
 563              		@ args = 0, pretend = 0, frame = 0
 564              		@ frame_needed = 0, uses_anonymous_args = 0
 565 0000 30B5     		push	{r4, r5, lr}
 566 0002 01F11B04 		add	r4, r1, #27
 567 0006 2301     		lsls	r3, r4, #4
 568 0008 C558     		ldr	r5, [r0, r3]
 569 000a 05F00405 		and	r5, r5, #4
 570 000e EDB2     		uxtb	r5, r5
 571 0010 1572     		strb	r5, [r2, #8]
 572 0012 C358     		ldr	r3, [r0, r3]
 573 0014 15B9     		cbnz	r5, .L91
 574 0016 5B0D     		lsrs	r3, r3, #21
 575 0018 1360     		str	r3, [r2, #0]
 576 001a 01E0     		b	.L92
 577              	.L91:
 578 001c DB08     		lsrs	r3, r3, #3
 579 001e 5360     		str	r3, [r2, #4]
 580              	.L92:
 581 0020 2401     		lsls	r4, r4, #4
 582 0022 0319     		adds	r3, r0, r4
 583 0024 0459     		ldr	r4, [r0, r4]
 584 0026 04F00204 		and	r4, r4, #2
 585 002a 5472     		strb	r4, [r2, #9]
 586 002c 5C68     		ldr	r4, [r3, #4]
 587 002e 04F00F04 		and	r4, r4, #15
 588 0032 9472     		strb	r4, [r2, #10]
 589 0034 5B68     		ldr	r3, [r3, #4]
 590 0036 1B0A     		lsrs	r3, r3, #8
 591 0038 D374     		strb	r3, [r2, #19]
 592 003a 00EB0113 		add	r3, r0, r1, lsl #4
 593 003e 03F5DC74 		add	r4, r3, #440
 594 0042 D3F8B851 		ldr	r5, [r3, #440]
 595 0046 D572     		strb	r5, [r2, #11]
 596 0048 D3F8B851 		ldr	r5, [r3, #440]
 597 004c 2D0A     		lsrs	r5, r5, #8
 598 004e 1573     		strb	r5, [r2, #12]
 599 0050 D3F8B851 		ldr	r5, [r3, #440]
 600 0054 2D0C     		lsrs	r5, r5, #16
 601 0056 5573     		strb	r5, [r2, #13]
 602 0058 D3F8B831 		ldr	r3, [r3, #440]
 603 005c 1B0E     		lsrs	r3, r3, #24
 604 005e 9373     		strb	r3, [r2, #14]
 605 0060 6368     		ldr	r3, [r4, #4]
 606 0062 D373     		strb	r3, [r2, #15]
 607 0064 6368     		ldr	r3, [r4, #4]
 608 0066 1B0A     		lsrs	r3, r3, #8
 609 0068 1374     		strb	r3, [r2, #16]
 610 006a 6368     		ldr	r3, [r4, #4]
 611 006c 1B0C     		lsrs	r3, r3, #16
 612 006e 5374     		strb	r3, [r2, #17]
 613 0070 6368     		ldr	r3, [r4, #4]
 614 0072 1B0E     		lsrs	r3, r3, #24
 615 0074 9374     		strb	r3, [r2, #18]
 616 0076 21B9     		cbnz	r1, .L93
 617 0078 C368     		ldr	r3, [r0, #12]
 618 007a 43F02003 		orr	r3, r3, #32
 619 007e C360     		str	r3, [r0, #12]
 620 0080 30BD     		pop	{r4, r5, pc}
 621              	.L93:
 622 0082 0369     		ldr	r3, [r0, #16]
 623 0084 43F02003 		orr	r3, r3, #32
 624 0088 0361     		str	r3, [r0, #16]
 625 008a 30BD     		pop	{r4, r5, pc}
 627              		.section	.text.CAN_FIFORelease,"ax",%progbits
 628              		.align	1
 629              		.global	CAN_FIFORelease
 630              		.thumb
 631              		.thumb_func
 633              	CAN_FIFORelease:
 634              		@ args = 0, pretend = 0, frame = 0
 635              		@ frame_needed = 0, uses_anonymous_args = 0
 636              		@ link register save eliminated.
 637 0000 21B9     		cbnz	r1, .L96
 638 0002 C368     		ldr	r3, [r0, #12]
 639 0004 43F02003 		orr	r3, r3, #32
 640 0008 C360     		str	r3, [r0, #12]
 641 000a 7047     		bx	lr
 642              	.L96:
 643 000c 0369     		ldr	r3, [r0, #16]
 644 000e 43F02003 		orr	r3, r3, #32
 645 0012 0361     		str	r3, [r0, #16]
 646 0014 7047     		bx	lr
 648              		.section	.text.CAN_MessagePending,"ax",%progbits
 649              		.align	1
 650              		.global	CAN_MessagePending
 651              		.thumb
 652              		.thumb_func
 654              	CAN_MessagePending:
 655              		@ args = 0, pretend = 0, frame = 0
 656              		@ frame_needed = 0, uses_anonymous_args = 0
 657              		@ link register save eliminated.
 658 0000 09B9     		cbnz	r1, .L99
 659 0002 C068     		ldr	r0, [r0, #12]
 660 0004 02E0     		b	.L102
 661              	.L99:
 662 0006 0129     		cmp	r1, #1
 663 0008 03D1     		bne	.L101
 664 000a 0069     		ldr	r0, [r0, #16]
 665              	.L102:
 666 000c 00F00300 		and	r0, r0, #3
 667 0010 7047     		bx	lr
 668              	.L101:
 669 0012 0020     		movs	r0, #0
 670 0014 7047     		bx	lr
 672              		.section	.text.CAN_OperatingModeRequest,"ax",%progbits
 673              		.align	1
 674              		.global	CAN_OperatingModeRequest
 675              		.thumb
 676              		.thumb_func
 678              	CAN_OperatingModeRequest:
 679              		@ args = 0, pretend = 0, frame = 0
 680              		@ frame_needed = 0, uses_anonymous_args = 0
 681              		@ link register save eliminated.
 682 0000 99B9     		cbnz	r1, .L104
 683 0002 0368     		ldr	r3, [r0, #0]
 684 0004 23F00303 		bic	r3, r3, #3
 685 0008 43F00103 		orr	r3, r3, #1
 686 000c 0360     		str	r3, [r0, #0]
 687 000e 4FF08073 		mov	r3, #16777216
 688              	.L106:
 689 0012 4268     		ldr	r2, [r0, #4]
 690 0014 02F00302 		and	r2, r2, #3
 691 0018 012A     		cmp	r2, #1
 692 001a 01D0     		beq	.L105
 693 001c 013B     		subs	r3, r3, #1
 694 001e F8D1     		bne	.L106
 695              	.L105:
 696 0020 4068     		ldr	r0, [r0, #4]
 697 0022 00F00300 		and	r0, r0, #3
 698 0026 0128     		cmp	r0, #1
 699 0028 28E0     		b	.L126
 700              	.L104:
 701 002a 0129     		cmp	r1, #1
 702 002c 11D1     		bne	.L108
 703 002e 0368     		ldr	r3, [r0, #0]
 704 0030 23F00303 		bic	r3, r3, #3
 705 0034 0360     		str	r3, [r0, #0]
 706 0036 4FF08073 		mov	r3, #16777216
 707              	.L110:
 708 003a 4268     		ldr	r2, [r0, #4]
 709 003c 9207     		lsls	r2, r2, #30
 710 003e 01D0     		beq	.L109
 711 0040 013B     		subs	r3, r3, #1
 712 0042 FAD1     		bne	.L110
 713              	.L109:
 714 0044 4368     		ldr	r3, [r0, #4]
 715 0046 13F0030F 		tst	r3, #3
 716 004a 14BF     		ite	ne
 717 004c 0020     		movne	r0, #0
 718 004e 0120     		moveq	r0, #1
 719 0050 7047     		bx	lr
 720              	.L108:
 721 0052 0229     		cmp	r1, #2
 722 0054 16D1     		bne	.L113
 723 0056 0368     		ldr	r3, [r0, #0]
 724 0058 23F00303 		bic	r3, r3, #3
 725 005c 43F00203 		orr	r3, r3, #2
 726 0060 0360     		str	r3, [r0, #0]
 727 0062 4FF08073 		mov	r3, #16777216
 728              	.L112:
 729 0066 4268     		ldr	r2, [r0, #4]
 730 0068 02F00302 		and	r2, r2, #3
 731 006c 022A     		cmp	r2, #2
 732 006e 01D0     		beq	.L111
 733 0070 013B     		subs	r3, r3, #1
 734 0072 F8D1     		bne	.L112
 735              	.L111:
 736 0074 4068     		ldr	r0, [r0, #4]
 737 0076 00F00300 		and	r0, r0, #3
 738 007a 0228     		cmp	r0, #2
 739              	.L126:
 740 007c 14BF     		ite	ne
 741 007e 0020     		movne	r0, #0
 742 0080 0120     		moveq	r0, #1
 743 0082 7047     		bx	lr
 744              	.L113:
 745 0084 0020     		movs	r0, #0
 746 0086 7047     		bx	lr
 748              		.section	.text.CAN_Sleep,"ax",%progbits
 749              		.align	1
 750              		.global	CAN_Sleep
 751              		.thumb
 752              		.thumb_func
 754              	CAN_Sleep:
 755              		@ args = 0, pretend = 0, frame = 0
 756              		@ frame_needed = 0, uses_anonymous_args = 0
 757              		@ link register save eliminated.
 758 0000 0368     		ldr	r3, [r0, #0]
 759 0002 23F00303 		bic	r3, r3, #3
 760 0006 43F00203 		orr	r3, r3, #2
 761 000a 0360     		str	r3, [r0, #0]
 762 000c 4068     		ldr	r0, [r0, #4]
 763 000e 00F00300 		and	r0, r0, #3
 764 0012 811E     		subs	r1, r0, #2
 765 0014 4842     		rsbs	r0, r1, #0
 766 0016 4841     		adcs	r0, r0, r1
 767 0018 7047     		bx	lr
 769              		.section	.text.CAN_WakeUp,"ax",%progbits
 770              		.align	1
 771              		.global	CAN_WakeUp
 772              		.thumb
 773              		.thumb_func
 775              	CAN_WakeUp:
 776              		@ args = 0, pretend = 0, frame = 0
 777              		@ frame_needed = 0, uses_anonymous_args = 0
 778              		@ link register save eliminated.
 779 0000 0368     		ldr	r3, [r0, #0]
 780 0002 23F00203 		bic	r3, r3, #2
 781 0006 0360     		str	r3, [r0, #0]
 782 0008 4FF08073 		mov	r3, #16777216
 783              	.L130:
 784 000c 4268     		ldr	r2, [r0, #4]
 785 000e 9207     		lsls	r2, r2, #30
 786 0010 01D5     		bpl	.L129
 787 0012 013B     		subs	r3, r3, #1
 788 0014 FAD1     		bne	.L130
 789              	.L129:
 790 0016 4068     		ldr	r0, [r0, #4]
 791 0018 80F00200 		eor	r0, r0, #2
 792 001c C0F34000 		ubfx	r0, r0, #1, #1
 793 0020 7047     		bx	lr
 795              		.section	.text.CAN_GetLastErrorCode,"ax",%progbits
 796              		.align	1
 797              		.global	CAN_GetLastErrorCode
 798              		.thumb
 799              		.thumb_func
 801              	CAN_GetLastErrorCode:
 802              		@ args = 0, pretend = 0, frame = 0
 803              		@ frame_needed = 0, uses_anonymous_args = 0
 804              		@ link register save eliminated.
 805 0000 8069     		ldr	r0, [r0, #24]
 806 0002 00F07000 		and	r0, r0, #112
 807 0006 7047     		bx	lr
 809              		.section	.text.CAN_GetReceiveErrorCounter,"ax",%progbits
 810              		.align	1
 811              		.global	CAN_GetReceiveErrorCounter
 812              		.thumb
 813              		.thumb_func
 815              	CAN_GetReceiveErrorCounter:
 816              		@ args = 0, pretend = 0, frame = 0
 817              		@ frame_needed = 0, uses_anonymous_args = 0
 818              		@ link register save eliminated.
 819 0000 8069     		ldr	r0, [r0, #24]
 820 0002 000E     		lsrs	r0, r0, #24
 821 0004 7047     		bx	lr
 823              		.section	.text.CAN_GetLSBTransmitErrorCounter,"ax",%progbits
 824              		.align	1
 825              		.global	CAN_GetLSBTransmitErrorCounter
 826              		.thumb
 827              		.thumb_func
 829              	CAN_GetLSBTransmitErrorCounter:
 830              		@ args = 0, pretend = 0, frame = 0
 831              		@ frame_needed = 0, uses_anonymous_args = 0
 832              		@ link register save eliminated.
 833 0000 8069     		ldr	r0, [r0, #24]
 834 0002 C0F30740 		ubfx	r0, r0, #16, #8
 835 0006 7047     		bx	lr
 837              		.section	.text.CAN_ITConfig,"ax",%progbits
 838              		.align	1
 839              		.global	CAN_ITConfig
 840              		.thumb
 841              		.thumb_func
 843              	CAN_ITConfig:
 844              		@ args = 0, pretend = 0, frame = 0
 845              		@ frame_needed = 0, uses_anonymous_args = 0
 846              		@ link register save eliminated.
 847 0000 4369     		ldr	r3, [r0, #20]
 848 0002 0AB1     		cbz	r2, .L139
 849 0004 1943     		orrs	r1, r1, r3
 850 0006 01E0     		b	.L141
 851              	.L139:
 852 0008 23EA0101 		bic	r1, r3, r1
 853              	.L141:
 854 000c 4161     		str	r1, [r0, #20]
 855 000e 7047     		bx	lr
 857              		.section	.text.CAN_GetFlagStatus,"ax",%progbits
 858              		.align	1
 859              		.global	CAN_GetFlagStatus
 860              		.thumb
 861              		.thumb_func
 863              	CAN_GetFlagStatus:
 864              		@ args = 0, pretend = 0, frame = 0
 865              		@ frame_needed = 0, uses_anonymous_args = 0
 866              		@ link register save eliminated.
 867 0000 11F4700F 		tst	r1, #15728640
 868 0004 01D0     		beq	.L143
 869 0006 8369     		ldr	r3, [r0, #24]
 870 0008 0BE0     		b	.L148
 871              	.L143:
 872 000a CB01     		lsls	r3, r1, #7
 873 000c 01D5     		bpl	.L145
 874 000e 4368     		ldr	r3, [r0, #4]
 875 0010 07E0     		b	.L148
 876              	.L145:
 877 0012 0A01     		lsls	r2, r1, #4
 878 0014 01D5     		bpl	.L146
 879 0016 8368     		ldr	r3, [r0, #8]
 880 0018 03E0     		b	.L148
 881              	.L146:
 882 001a 8B01     		lsls	r3, r1, #6
 883 001c 4CBF     		ite	mi
 884 001e C368     		ldrmi	r3, [r0, #12]
 885 0020 0369     		ldrpl	r3, [r0, #16]
 886              	.L148:
 887 0022 23F07F43 		bic	r3, r3, #-16777216
 888 0026 23F47003 		bic	r3, r3, #15728640
 889 002a 0B42     		tst	r3, r1
 890 002c 0CBF     		ite	eq
 891 002e 0020     		moveq	r0, #0
 892 0030 0120     		movne	r0, #1
 893 0032 7047     		bx	lr
 895              		.section	.text.CAN_ClearFlag,"ax",%progbits
 896              		.align	1
 897              		.global	CAN_ClearFlag
 898              		.thumb
 899              		.thumb_func
 901              	CAN_ClearFlag:
 902              		@ args = 0, pretend = 0, frame = 0
 903              		@ frame_needed = 0, uses_anonymous_args = 0
 904              		@ link register save eliminated.
 905 0000 0B4B     		ldr	r3, .L155
 906 0002 9942     		cmp	r1, r3
 907 0004 02D1     		bne	.L150
 908 0006 0023     		movs	r3, #0
 909 0008 8361     		str	r3, [r0, #24]
 910 000a 7047     		bx	lr
 911              	.L150:
 912 000c 21F07F43 		bic	r3, r1, #-16777216
 913 0010 8A01     		lsls	r2, r1, #6
 914 0012 23F47003 		bic	r3, r3, #15728640
 915 0016 01D5     		bpl	.L152
 916 0018 C360     		str	r3, [r0, #12]
 917 001a 7047     		bx	lr
 918              	.L152:
 919 001c 4A01     		lsls	r2, r1, #5
 920 001e 01D5     		bpl	.L153
 921 0020 0361     		str	r3, [r0, #16]
 922 0022 7047     		bx	lr
 923              	.L153:
 924 0024 0A01     		lsls	r2, r1, #4
 925 0026 4CBF     		ite	mi
 926 0028 8360     		strmi	r3, [r0, #8]
 927 002a 4360     		strpl	r3, [r0, #4]
 928 002c 7047     		bx	lr
 929              	.L156:
 930 002e 00BF     		.align	2
 931              	.L155:
 932 0030 7000F030 		.word	821035120
 934              		.section	.text.CAN_GetITStatus,"ax",%progbits
 935              		.align	1
 936              		.global	CAN_GetITStatus
 937              		.thumb
 938              		.thumb_func
 940              	CAN_GetITStatus:
 941              		@ args = 0, pretend = 0, frame = 0
 942              		@ frame_needed = 0, uses_anonymous_args = 0
 943              		@ link register save eliminated.
 944 0000 4369     		ldr	r3, [r0, #20]
 945 0002 0B40     		ands	r3, r1, r3
 946 0004 5FD0     		beq	.L176
 947 0006 4029     		cmp	r1, #64
 948 0008 40D0     		beq	.L165
 949 000a 0ED8     		bhi	.L173
 950 000c 0429     		cmp	r1, #4
 951 000e 2FD0     		beq	.L161
 952 0010 04D8     		bhi	.L174
 953 0012 0129     		cmp	r1, #1
 954 0014 21D0     		beq	.L159
 955 0016 0229     		cmp	r1, #2
 956 0018 57D1     		bne	.L177
 957 001a 27E0     		b	.L160
 958              	.L174:
 959 001c 1029     		cmp	r1, #16
 960 001e 2BD0     		beq	.L163
 961 0020 2029     		cmp	r1, #32
 962 0022 2FD0     		beq	.L164
 963 0024 0829     		cmp	r1, #8
 964 0026 50D1     		bne	.L177
 965 0028 24E0     		b	.L162
 966              	.L173:
 967 002a B1F5006F 		cmp	r1, #2048
 968 002e 3FD0     		beq	.L169
 969 0030 09D8     		bhi	.L175
 970 0032 B1F5007F 		cmp	r1, #512
 971 0036 35D0     		beq	.L167
 972 0038 B1F5806F 		cmp	r1, #1024
 973 003c 36D0     		beq	.L168
 974 003e B1F5807F 		cmp	r1, #256
 975 0042 42D1     		bne	.L177
 976 0044 2AE0     		b	.L166
 977              	.L175:
 978 0046 B1F5803F 		cmp	r1, #65536
 979 004a 21D0     		beq	.L171
 980 004c B1F5003F 		cmp	r1, #131072
 981 0050 20D0     		beq	.L172
 982 0052 B1F5004F 		cmp	r1, #32768
 983 0056 38D1     		bne	.L177
 984 0058 31E0     		b	.L170
 985              	.L159:
 986 005a 8068     		ldr	r0, [r0, #8]
 987 005c 00F00130 		and	r0, r0, #16843009
 988 0060 20F08070 		bic	r0, r0, #16777216
 989 0064 0030     		adds	r0, r0, #0
 990 0066 18BF     		it	ne
 991 0068 0120     		movne	r0, #1
 992 006a 7047     		bx	lr
 993              	.L160:
 994 006c C068     		ldr	r0, [r0, #12]
 995 006e 04E0     		b	.L179
 996              	.L161:
 997 0070 C068     		ldr	r0, [r0, #12]
 998 0072 08E0     		b	.L180
 999              	.L162:
 1000 0074 C068     		ldr	r0, [r0, #12]
 1001 0076 0EE0     		b	.L181
 1002              	.L163:
 1003 0078 0069     		ldr	r0, [r0, #16]
 1004              	.L179:
 1005 007a 10F00300 		ands	r0, r0, #3
 1006 007e 18BF     		it	ne
 1007 0080 0120     		movne	r0, #1
 1008 0082 7047     		bx	lr
 1009              	.L164:
 1010 0084 0069     		ldr	r0, [r0, #16]
 1011              	.L180:
 1012 0086 C0F3C000 		ubfx	r0, r0, #3, #1
 1013 008a 7047     		bx	lr
 1014              	.L165:
 1015 008c 0069     		ldr	r0, [r0, #16]
 1016 008e 02E0     		b	.L181
 1017              	.L171:
 1018 0090 4068     		ldr	r0, [r0, #4]
 1019 0092 F8E7     		b	.L180
 1020              	.L172:
 1021 0094 4068     		ldr	r0, [r0, #4]
 1022              	.L181:
 1023 0096 C0F30010 		ubfx	r0, r0, #4, #1
 1024 009a 7047     		bx	lr
 1025              	.L166:
 1026 009c 8069     		ldr	r0, [r0, #24]
 1027 009e 00F00100 		and	r0, r0, #1
 1028 00a2 7047     		bx	lr
 1029              	.L167:
 1030 00a4 8069     		ldr	r0, [r0, #24]
 1031 00a6 C0F34000 		ubfx	r0, r0, #1, #1
 1032 00aa 7047     		bx	lr
 1033              	.L168:
 1034 00ac 8069     		ldr	r0, [r0, #24]
 1035 00ae 07E0     		b	.L178
 1036              	.L169:
 1037 00b0 8369     		ldr	r3, [r0, #24]
 1038 00b2 13F0700F 		tst	r3, #112
 1039 00b6 0CBF     		ite	eq
 1040 00b8 0020     		moveq	r0, #0
 1041 00ba 0120     		movne	r0, #1
 1042 00bc 7047     		bx	lr
 1043              	.L170:
 1044 00be 4068     		ldr	r0, [r0, #4]
 1045              	.L178:
 1046 00c0 C0F38000 		ubfx	r0, r0, #2, #1
 1047 00c4 7047     		bx	lr
 1048              	.L176:
 1049 00c6 1846     		mov	r0, r3
 1050 00c8 7047     		bx	lr
 1051              	.L177:
 1052 00ca 0020     		movs	r0, #0
 1053 00cc 7047     		bx	lr
 1055              		.section	.text.CAN_ClearITPendingBit,"ax",%progbits
 1056              		.align	1
 1057              		.global	CAN_ClearITPendingBit
 1058              		.thumb
 1059              		.thumb_func
 1061              	CAN_ClearITPendingBit:
 1062              		@ args = 0, pretend = 0, frame = 0
 1063              		@ frame_needed = 0, uses_anonymous_args = 0
 1064              		@ link register save eliminated.
 1065 0000 B1F5807F 		cmp	r1, #256
 1066 0004 35D0     		beq	.L199
 1067 0006 0CD8     		bhi	.L196
 1068 0008 0829     		cmp	r1, #8
 1069 000a 24D0     		beq	.L186
 1070 000c 04D8     		bhi	.L197
 1071 000e 0129     		cmp	r1, #1
 1072 0010 1CD0     		beq	.L184
 1073 0012 0429     		cmp	r1, #4
 1074 0014 2FD1     		bne	.L182
 1075 0016 1CE0     		b	.L185
 1076              	.L197:
 1077 0018 2029     		cmp	r1, #32
 1078 001a 1FD0     		beq	.L187
 1079 001c 4029     		cmp	r1, #64
 1080 001e 2AD1     		bne	.L182
 1081 0020 1EE0     		b	.L188
 1082              	.L196:
 1083 0022 B1F5006F 		cmp	r1, #2048
 1084 0026 22D0     		beq	.L193
 1085 0028 06D8     		bhi	.L198
 1086 002a B1F5007F 		cmp	r1, #512
 1087 002e 20D0     		beq	.L199
 1088 0030 B1F5806F 		cmp	r1, #1024
 1089 0034 1FD1     		bne	.L182
 1090 0036 1CE0     		b	.L199
 1091              	.L198:
 1092 0038 B1F5803F 		cmp	r1, #65536
 1093 003c 13D0     		beq	.L194
 1094 003e B1F5003F 		cmp	r1, #131072
 1095 0042 12D0     		beq	.L195
 1096 0044 B1F5004F 		cmp	r1, #32768
 1097 0048 15D1     		bne	.L182
 1098 004a 10E0     		b	.L193
 1099              	.L184:
 1100 004c 0A4B     		ldr	r3, .L203
 1101 004e 8360     		str	r3, [r0, #8]
 1102 0050 7047     		bx	lr
 1103              	.L185:
 1104 0052 0823     		movs	r3, #8
 1105 0054 00E0     		b	.L201
 1106              	.L186:
 1107 0056 1023     		movs	r3, #16
 1108              	.L201:
 1109 0058 C360     		str	r3, [r0, #12]
 1110 005a 7047     		bx	lr
 1111              	.L187:
 1112 005c 0823     		movs	r3, #8
 1113 005e 00E0     		b	.L202
 1114              	.L188:
 1115 0060 1023     		movs	r3, #16
 1116              	.L202:
 1117 0062 0361     		str	r3, [r0, #16]
 1118 0064 7047     		bx	lr
 1119              	.L194:
 1120 0066 0823     		movs	r3, #8
 1121 0068 04E0     		b	.L200
 1122              	.L195:
 1123 006a 1023     		movs	r3, #16
 1124 006c 02E0     		b	.L200
 1125              	.L193:
 1126 006e 0023     		movs	r3, #0
 1127 0070 8361     		str	r3, [r0, #24]
 1128              	.L199:
 1129 0072 0423     		movs	r3, #4
 1130              	.L200:
 1131 0074 4360     		str	r3, [r0, #4]
 1132              	.L182:
 1133 0076 7047     		bx	lr
 1134              	.L204:
 1135              		.align	2
 1136              	.L203:
 1137 0078 01010100 		.word	65793
 1139              		.ident	"GCC: (Sourcery CodeBench Lite 2012.09-63) 4.7.2"
DEFINED SYMBOLS
                            *ABS*:00000000 stm32f30x_can.c
C:\Users\THANGN~1\AppData\Local\Temp\ccFEt4vh.s:16     .text.CAN_DeInit:00000000 $t
C:\Users\THANGN~1\AppData\Local\Temp\ccFEt4vh.s:21     .text.CAN_DeInit:00000000 CAN_DeInit
C:\Users\THANGN~1\AppData\Local\Temp\ccFEt4vh.s:34     .text.CAN_Init:00000000 $t
C:\Users\THANGN~1\AppData\Local\Temp\ccFEt4vh.s:39     .text.CAN_Init:00000000 CAN_Init
C:\Users\THANGN~1\AppData\Local\Temp\ccFEt4vh.s:153    .text.CAN_FilterInit:00000000 $t
C:\Users\THANGN~1\AppData\Local\Temp\ccFEt4vh.s:158    .text.CAN_FilterInit:00000000 CAN_FilterInit
C:\Users\THANGN~1\AppData\Local\Temp\ccFEt4vh.s:254    .text.CAN_FilterInit:000000e0 $d
C:\Users\THANGN~1\AppData\Local\Temp\ccFEt4vh.s:258    .text.CAN_StructInit:00000000 $t
C:\Users\THANGN~1\AppData\Local\Temp\ccFEt4vh.s:263    .text.CAN_StructInit:00000000 CAN_StructInit
C:\Users\THANGN~1\AppData\Local\Temp\ccFEt4vh.s:285    .text.CAN_SlaveStartBank:00000000 $t
C:\Users\THANGN~1\AppData\Local\Temp\ccFEt4vh.s:290    .text.CAN_SlaveStartBank:00000000 CAN_SlaveStartBank
C:\Users\THANGN~1\AppData\Local\Temp\ccFEt4vh.s:312    .text.CAN_SlaveStartBank:00000038 $d
C:\Users\THANGN~1\AppData\Local\Temp\ccFEt4vh.s:315    .text.CAN_DBGFreeze:00000000 $t
C:\Users\THANGN~1\AppData\Local\Temp\ccFEt4vh.s:320    .text.CAN_DBGFreeze:00000000 CAN_DBGFreeze
C:\Users\THANGN~1\AppData\Local\Temp\ccFEt4vh.s:335    .text.CAN_TTComModeCmd:00000000 $t
C:\Users\THANGN~1\AppData\Local\Temp\ccFEt4vh.s:340    .text.CAN_TTComModeCmd:00000000 CAN_TTComModeCmd
C:\Users\THANGN~1\AppData\Local\Temp\ccFEt4vh.s:373    .text.CAN_Transmit:00000000 $t
C:\Users\THANGN~1\AppData\Local\Temp\ccFEt4vh.s:378    .text.CAN_Transmit:00000000 CAN_Transmit
C:\Users\THANGN~1\AppData\Local\Temp\ccFEt4vh.s:467    .text.CAN_TransmitStatus:00000000 $t
C:\Users\THANGN~1\AppData\Local\Temp\ccFEt4vh.s:472    .text.CAN_TransmitStatus:00000000 CAN_TransmitStatus
C:\Users\THANGN~1\AppData\Local\Temp\ccFEt4vh.s:520    .text.CAN_TransmitStatus:00000044 $d
C:\Users\THANGN~1\AppData\Local\Temp\ccFEt4vh.s:525    .text.CAN_CancelTransmit:00000000 $t
C:\Users\THANGN~1\AppData\Local\Temp\ccFEt4vh.s:530    .text.CAN_CancelTransmit:00000000 CAN_CancelTransmit
C:\Users\THANGN~1\AppData\Local\Temp\ccFEt4vh.s:557    .text.CAN_Receive:00000000 $t
C:\Users\THANGN~1\AppData\Local\Temp\ccFEt4vh.s:562    .text.CAN_Receive:00000000 CAN_Receive
C:\Users\THANGN~1\AppData\Local\Temp\ccFEt4vh.s:628    .text.CAN_FIFORelease:00000000 $t
C:\Users\THANGN~1\AppData\Local\Temp\ccFEt4vh.s:633    .text.CAN_FIFORelease:00000000 CAN_FIFORelease
C:\Users\THANGN~1\AppData\Local\Temp\ccFEt4vh.s:649    .text.CAN_MessagePending:00000000 $t
C:\Users\THANGN~1\AppData\Local\Temp\ccFEt4vh.s:654    .text.CAN_MessagePending:00000000 CAN_MessagePending
C:\Users\THANGN~1\AppData\Local\Temp\ccFEt4vh.s:673    .text.CAN_OperatingModeRequest:00000000 $t
C:\Users\THANGN~1\AppData\Local\Temp\ccFEt4vh.s:678    .text.CAN_OperatingModeRequest:00000000 CAN_OperatingModeRequest
C:\Users\THANGN~1\AppData\Local\Temp\ccFEt4vh.s:749    .text.CAN_Sleep:00000000 $t
C:\Users\THANGN~1\AppData\Local\Temp\ccFEt4vh.s:754    .text.CAN_Sleep:00000000 CAN_Sleep
C:\Users\THANGN~1\AppData\Local\Temp\ccFEt4vh.s:770    .text.CAN_WakeUp:00000000 $t
C:\Users\THANGN~1\AppData\Local\Temp\ccFEt4vh.s:775    .text.CAN_WakeUp:00000000 CAN_WakeUp
C:\Users\THANGN~1\AppData\Local\Temp\ccFEt4vh.s:796    .text.CAN_GetLastErrorCode:00000000 $t
C:\Users\THANGN~1\AppData\Local\Temp\ccFEt4vh.s:801    .text.CAN_GetLastErrorCode:00000000 CAN_GetLastErrorCode
C:\Users\THANGN~1\AppData\Local\Temp\ccFEt4vh.s:810    .text.CAN_GetReceiveErrorCounter:00000000 $t
C:\Users\THANGN~1\AppData\Local\Temp\ccFEt4vh.s:815    .text.CAN_GetReceiveErrorCounter:00000000 CAN_GetReceiveErrorCounter
C:\Users\THANGN~1\AppData\Local\Temp\ccFEt4vh.s:824    .text.CAN_GetLSBTransmitErrorCounter:00000000 $t
C:\Users\THANGN~1\AppData\Local\Temp\ccFEt4vh.s:829    .text.CAN_GetLSBTransmitErrorCounter:00000000 CAN_GetLSBTransmitErrorCounter
C:\Users\THANGN~1\AppData\Local\Temp\ccFEt4vh.s:838    .text.CAN_ITConfig:00000000 $t
C:\Users\THANGN~1\AppData\Local\Temp\ccFEt4vh.s:843    .text.CAN_ITConfig:00000000 CAN_ITConfig
C:\Users\THANGN~1\AppData\Local\Temp\ccFEt4vh.s:858    .text.CAN_GetFlagStatus:00000000 $t
C:\Users\THANGN~1\AppData\Local\Temp\ccFEt4vh.s:863    .text.CAN_GetFlagStatus:00000000 CAN_GetFlagStatus
C:\Users\THANGN~1\AppData\Local\Temp\ccFEt4vh.s:896    .text.CAN_ClearFlag:00000000 $t
C:\Users\THANGN~1\AppData\Local\Temp\ccFEt4vh.s:901    .text.CAN_ClearFlag:00000000 CAN_ClearFlag
C:\Users\THANGN~1\AppData\Local\Temp\ccFEt4vh.s:932    .text.CAN_ClearFlag:00000030 $d
C:\Users\THANGN~1\AppData\Local\Temp\ccFEt4vh.s:935    .text.CAN_GetITStatus:00000000 $t
C:\Users\THANGN~1\AppData\Local\Temp\ccFEt4vh.s:940    .text.CAN_GetITStatus:00000000 CAN_GetITStatus
C:\Users\THANGN~1\AppData\Local\Temp\ccFEt4vh.s:1056   .text.CAN_ClearITPendingBit:00000000 $t
C:\Users\THANGN~1\AppData\Local\Temp\ccFEt4vh.s:1061   .text.CAN_ClearITPendingBit:00000000 CAN_ClearITPendingBit
C:\Users\THANGN~1\AppData\Local\Temp\ccFEt4vh.s:1137   .text.CAN_ClearITPendingBit:00000078 $d

UNDEFINED SYMBOLS
RCC_APB1PeriphResetCmd
