   1              		.syntax unified
   2              		.cpu cortex-m4
   3              		.fpu softvfp
   4              		.eabi_attribute 20, 1
   5              		.eabi_attribute 21, 1
   6              		.eabi_attribute 23, 3
   7              		.eabi_attribute 24, 1
   8              		.eabi_attribute 25, 1
   9              		.eabi_attribute 26, 1
  10              		.eabi_attribute 30, 4
  11              		.eabi_attribute 34, 1
  12              		.eabi_attribute 18, 4
  13              		.thumb
  14              		.file	"stm32f30x_usart.c"
  15              		.section	.text.USART_DeInit,"ax",%progbits
  16              		.align	1
  17              		.global	USART_DeInit
  18              		.thumb
  19              		.thumb_func
  21              	USART_DeInit:
  22              		@ args = 0, pretend = 0, frame = 0
  23              		@ frame_needed = 0, uses_anonymous_args = 0
  24 0000 08B5     		push	{r3, lr}
  25 0002 204B     		ldr	r3, .L8
  26 0004 9842     		cmp	r0, r3
  27 0006 0BD1     		bne	.L2
  28 0008 0121     		movs	r1, #1
  29 000a 4FF48040 		mov	r0, #16384
  30 000e FFF7FEFF 		bl	RCC_APB2PeriphResetCmd
  31 0012 4FF48040 		mov	r0, #16384
  32 0016 0021     		movs	r1, #0
  33 0018 BDE80840 		pop	{r3, lr}
  34 001c FFF7FEBF 		b	RCC_APB2PeriphResetCmd
  35              	.L2:
  36 0020 194B     		ldr	r3, .L8+4
  37 0022 9842     		cmp	r0, r3
  38 0024 07D1     		bne	.L3
  39 0026 4FF40030 		mov	r0, #131072
  40 002a 0121     		movs	r1, #1
  41 002c FFF7FEFF 		bl	RCC_APB1PeriphResetCmd
  42 0030 4FF40030 		mov	r0, #131072
  43 0034 1FE0     		b	.L7
  44              	.L3:
  45 0036 154B     		ldr	r3, .L8+8
  46 0038 9842     		cmp	r0, r3
  47 003a 07D1     		bne	.L4
  48 003c 4FF48020 		mov	r0, #262144
  49 0040 0121     		movs	r1, #1
  50 0042 FFF7FEFF 		bl	RCC_APB1PeriphResetCmd
  51 0046 4FF48020 		mov	r0, #262144
  52 004a 14E0     		b	.L7
  53              	.L4:
  54 004c 104B     		ldr	r3, .L8+12
  55 004e 9842     		cmp	r0, r3
  56 0050 07D1     		bne	.L5
  57 0052 4FF40020 		mov	r0, #524288
  58 0056 0121     		movs	r1, #1
  59 0058 FFF7FEFF 		bl	RCC_APB1PeriphResetCmd
  60 005c 4FF40020 		mov	r0, #524288
  61 0060 09E0     		b	.L7
  62              	.L5:
  63 0062 0C4B     		ldr	r3, .L8+16
  64 0064 9842     		cmp	r0, r3
  65 0066 0BD1     		bne	.L1
  66 0068 4FF48010 		mov	r0, #1048576
  67 006c 0121     		movs	r1, #1
  68 006e FFF7FEFF 		bl	RCC_APB1PeriphResetCmd
  69 0072 4FF48010 		mov	r0, #1048576
  70              	.L7:
  71 0076 0021     		movs	r1, #0
  72 0078 BDE80840 		pop	{r3, lr}
  73 007c FFF7FEBF 		b	RCC_APB1PeriphResetCmd
  74              	.L1:
  75 0080 08BD     		pop	{r3, pc}
  76              	.L9:
  77 0082 00BF     		.align	2
  78              	.L8:
  79 0084 00380140 		.word	1073821696
  80 0088 00440040 		.word	1073759232
  81 008c 00480040 		.word	1073760256
  82 0090 004C0040 		.word	1073761280
  83 0094 00500040 		.word	1073762304
  85              		.section	.text.USART_Init,"ax",%progbits
  86              		.align	1
  87              		.global	USART_Init
  88              		.thumb
  89              		.thumb_func
  91              	USART_Init:
  92              		@ args = 0, pretend = 0, frame = 96
  93              		@ frame_needed = 0, uses_anonymous_args = 0
  94 0000 0368     		ldr	r3, [r0, #0]
  95 0002 23F00103 		bic	r3, r3, #1
  96 0006 30B5     		push	{r4, r5, lr}
  97 0008 0360     		str	r3, [r0, #0]
  98 000a 4268     		ldr	r2, [r0, #4]
  99 000c 8B68     		ldr	r3, [r1, #8]
 100 000e 0D46     		mov	r5, r1
 101 0010 22F44052 		bic	r2, r2, #12288
 102 0014 1343     		orrs	r3, r3, r2
 103 0016 4360     		str	r3, [r0, #4]
 104 0018 6A68     		ldr	r2, [r5, #4]
 105 001a EB68     		ldr	r3, [r5, #12]
 106 001c 0168     		ldr	r1, [r0, #0]
 107 001e 1A43     		orrs	r2, r2, r3
 108 0020 2B69     		ldr	r3, [r5, #16]
 109 0022 21F4B051 		bic	r1, r1, #5632
 110 0026 21F00C01 		bic	r1, r1, #12
 111 002a 1343     		orrs	r3, r3, r2
 112 002c 0B43     		orrs	r3, r3, r1
 113 002e 0360     		str	r3, [r0, #0]
 114 0030 8268     		ldr	r2, [r0, #8]
 115 0032 6B69     		ldr	r3, [r5, #20]
 116 0034 22F44072 		bic	r2, r2, #768
 117 0038 1343     		orrs	r3, r3, r2
 118 003a 99B0     		sub	sp, sp, #100
 119 003c 8360     		str	r3, [r0, #8]
 120 003e 0446     		mov	r4, r0
 121 0040 01A8     		add	r0, sp, #4
 122 0042 FFF7FEFF 		bl	RCC_GetClocksFreq
 123 0046 184B     		ldr	r3, .L23
 124 0048 9C42     		cmp	r4, r3
 125 004a 01D1     		bne	.L11
 126 004c 0F9A     		ldr	r2, [sp, #60]
 127 004e 0EE0     		b	.L12
 128              	.L11:
 129 0050 164B     		ldr	r3, .L23+4
 130 0052 9C42     		cmp	r4, r3
 131 0054 01D1     		bne	.L13
 132 0056 109A     		ldr	r2, [sp, #64]
 133 0058 09E0     		b	.L12
 134              	.L13:
 135 005a 154B     		ldr	r3, .L23+8
 136 005c 9C42     		cmp	r4, r3
 137 005e 01D1     		bne	.L14
 138 0060 119A     		ldr	r2, [sp, #68]
 139 0062 04E0     		b	.L12
 140              	.L14:
 141 0064 134B     		ldr	r3, .L23+12
 142 0066 9C42     		cmp	r4, r3
 143 0068 0CBF     		ite	eq
 144 006a 129A     		ldreq	r2, [sp, #72]
 145 006c 139A     		ldrne	r2, [sp, #76]
 146              	.L12:
 147 006e 2368     		ldr	r3, [r4, #0]
 148 0070 2968     		ldr	r1, [r5, #0]
 149 0072 13F4004F 		tst	r3, #32768
 150 0076 18BF     		it	ne
 151 0078 5200     		lslne	r2, r2, #1
 152 007a B2FBF1F3 		udiv	r3, r2, r1
 153 007e 01FB1321 		mls	r1, r1, r3, r2
 154 0082 2A68     		ldr	r2, [r5, #0]
 155 0084 B1EB520F 		cmp	r1, r2, lsr #1
 156 0088 2268     		ldr	r2, [r4, #0]
 157 008a 28BF     		it	cs
 158 008c 0133     		addcs	r3, r3, #1
 159 008e 1204     		lsls	r2, r2, #16
 160 0090 06D5     		bpl	.L19
 161 0092 4FF6F072 		movw	r2, #65520
 162 0096 C3F34201 		ubfx	r1, r3, #1, #3
 163 009a 1A40     		ands	r2, r2, r3
 164 009c 41EA0203 		orr	r3, r1, r2
 165              	.L19:
 166 00a0 A381     		strh	r3, [r4, #12]	@ movhi
 167 00a2 19B0     		add	sp, sp, #100
 168 00a4 30BD     		pop	{r4, r5, pc}
 169              	.L24:
 170 00a6 00BF     		.align	2
 171              	.L23:
 172 00a8 00380140 		.word	1073821696
 173 00ac 00440040 		.word	1073759232
 174 00b0 00480040 		.word	1073760256
 175 00b4 004C0040 		.word	1073761280
 177              		.section	.text.USART_StructInit,"ax",%progbits
 178              		.align	1
 179              		.global	USART_StructInit
 180              		.thumb
 181              		.thumb_func
 183              	USART_StructInit:
 184              		@ args = 0, pretend = 0, frame = 0
 185              		@ frame_needed = 0, uses_anonymous_args = 0
 186              		@ link register save eliminated.
 187 0000 4FF41653 		mov	r3, #9600
 188 0004 0360     		str	r3, [r0, #0]
 189 0006 0C22     		movs	r2, #12
 190 0008 0023     		movs	r3, #0
 191 000a 4360     		str	r3, [r0, #4]
 192 000c 8360     		str	r3, [r0, #8]
 193 000e C360     		str	r3, [r0, #12]
 194 0010 0261     		str	r2, [r0, #16]
 195 0012 4361     		str	r3, [r0, #20]
 196 0014 7047     		bx	lr
 198              		.section	.text.USART_ClockInit,"ax",%progbits
 199              		.align	1
 200              		.global	USART_ClockInit
 201              		.thumb
 202              		.thumb_func
 204              	USART_ClockInit:
 205              		@ args = 0, pretend = 0, frame = 0
 206              		@ frame_needed = 0, uses_anonymous_args = 0
 207 0000 91E80C00 		ldmia	r1, {r2, r3}
 208 0004 1A43     		orrs	r2, r2, r3
 209 0006 8B68     		ldr	r3, [r1, #8]
 210 0008 C968     		ldr	r1, [r1, #12]
 211 000a 10B5     		push	{r4, lr}
 212 000c 4468     		ldr	r4, [r0, #4]
 213 000e 1343     		orrs	r3, r3, r2
 214 0010 24F47064 		bic	r4, r4, #3840
 215 0014 0B43     		orrs	r3, r3, r1
 216 0016 2343     		orrs	r3, r3, r4
 217 0018 4360     		str	r3, [r0, #4]
 218 001a 10BD     		pop	{r4, pc}
 220              		.section	.text.USART_ClockStructInit,"ax",%progbits
 221              		.align	1
 222              		.global	USART_ClockStructInit
 223              		.thumb
 224              		.thumb_func
 226              	USART_ClockStructInit:
 227              		@ args = 0, pretend = 0, frame = 0
 228              		@ frame_needed = 0, uses_anonymous_args = 0
 229              		@ link register save eliminated.
 230 0000 0023     		movs	r3, #0
 231 0002 0360     		str	r3, [r0, #0]
 232 0004 4360     		str	r3, [r0, #4]
 233 0006 8360     		str	r3, [r0, #8]
 234 0008 C360     		str	r3, [r0, #12]
 235 000a 7047     		bx	lr
 237              		.section	.text.USART_Cmd,"ax",%progbits
 238              		.align	1
 239              		.global	USART_Cmd
 240              		.thumb
 241              		.thumb_func
 243              	USART_Cmd:
 244              		@ args = 0, pretend = 0, frame = 0
 245              		@ frame_needed = 0, uses_anonymous_args = 0
 246              		@ link register save eliminated.
 247 0000 0368     		ldr	r3, [r0, #0]
 248 0002 11B1     		cbz	r1, .L29
 249 0004 43F00103 		orr	r3, r3, #1
 250 0008 01E0     		b	.L31
 251              	.L29:
 252 000a 23F00103 		bic	r3, r3, #1
 253              	.L31:
 254 000e 0360     		str	r3, [r0, #0]
 255 0010 7047     		bx	lr
 257              		.section	.text.USART_DirectionModeCmd,"ax",%progbits
 258              		.align	1
 259              		.global	USART_DirectionModeCmd
 260              		.thumb
 261              		.thumb_func
 263              	USART_DirectionModeCmd:
 264              		@ args = 0, pretend = 0, frame = 0
 265              		@ frame_needed = 0, uses_anonymous_args = 0
 266              		@ link register save eliminated.
 267 0000 0368     		ldr	r3, [r0, #0]
 268 0002 0AB1     		cbz	r2, .L33
 269 0004 1943     		orrs	r1, r1, r3
 270 0006 01E0     		b	.L35
 271              	.L33:
 272 0008 23EA0101 		bic	r1, r3, r1
 273              	.L35:
 274 000c 0160     		str	r1, [r0, #0]
 275 000e 7047     		bx	lr
 277              		.section	.text.USART_OverSampling8Cmd,"ax",%progbits
 278              		.align	1
 279              		.global	USART_OverSampling8Cmd
 280              		.thumb
 281              		.thumb_func
 283              	USART_OverSampling8Cmd:
 284              		@ args = 0, pretend = 0, frame = 0
 285              		@ frame_needed = 0, uses_anonymous_args = 0
 286              		@ link register save eliminated.
 287 0000 0368     		ldr	r3, [r0, #0]
 288 0002 11B1     		cbz	r1, .L37
 289 0004 43F40043 		orr	r3, r3, #32768
 290 0008 01E0     		b	.L39
 291              	.L37:
 292 000a 23F40043 		bic	r3, r3, #32768
 293              	.L39:
 294 000e 0360     		str	r3, [r0, #0]
 295 0010 7047     		bx	lr
 297              		.section	.text.USART_OneBitMethodCmd,"ax",%progbits
 298              		.align	1
 299              		.global	USART_OneBitMethodCmd
 300              		.thumb
 301              		.thumb_func
 303              	USART_OneBitMethodCmd:
 304              		@ args = 0, pretend = 0, frame = 0
 305              		@ frame_needed = 0, uses_anonymous_args = 0
 306              		@ link register save eliminated.
 307 0000 8368     		ldr	r3, [r0, #8]
 308 0002 11B1     		cbz	r1, .L41
 309 0004 43F40063 		orr	r3, r3, #2048
 310 0008 01E0     		b	.L43
 311              	.L41:
 312 000a 23F40063 		bic	r3, r3, #2048
 313              	.L43:
 314 000e 8360     		str	r3, [r0, #8]
 315 0010 7047     		bx	lr
 317              		.section	.text.USART_MSBFirstCmd,"ax",%progbits
 318              		.align	1
 319              		.global	USART_MSBFirstCmd
 320              		.thumb
 321              		.thumb_func
 323              	USART_MSBFirstCmd:
 324              		@ args = 0, pretend = 0, frame = 0
 325              		@ frame_needed = 0, uses_anonymous_args = 0
 326              		@ link register save eliminated.
 327 0000 4368     		ldr	r3, [r0, #4]
 328 0002 11B1     		cbz	r1, .L45
 329 0004 43F40023 		orr	r3, r3, #524288
 330 0008 01E0     		b	.L47
 331              	.L45:
 332 000a 23F40023 		bic	r3, r3, #524288
 333              	.L47:
 334 000e 4360     		str	r3, [r0, #4]
 335 0010 7047     		bx	lr
 337              		.section	.text.USART_DataInvCmd,"ax",%progbits
 338              		.align	1
 339              		.global	USART_DataInvCmd
 340              		.thumb
 341              		.thumb_func
 343              	USART_DataInvCmd:
 344              		@ args = 0, pretend = 0, frame = 0
 345              		@ frame_needed = 0, uses_anonymous_args = 0
 346              		@ link register save eliminated.
 347 0000 4368     		ldr	r3, [r0, #4]
 348 0002 11B1     		cbz	r1, .L49
 349 0004 43F48023 		orr	r3, r3, #262144
 350 0008 01E0     		b	.L51
 351              	.L49:
 352 000a 23F48023 		bic	r3, r3, #262144
 353              	.L51:
 354 000e 4360     		str	r3, [r0, #4]
 355 0010 7047     		bx	lr
 357              		.section	.text.USART_InvPinCmd,"ax",%progbits
 358              		.align	1
 359              		.global	USART_InvPinCmd
 360              		.thumb
 361              		.thumb_func
 363              	USART_InvPinCmd:
 364              		@ args = 0, pretend = 0, frame = 0
 365              		@ frame_needed = 0, uses_anonymous_args = 0
 366              		@ link register save eliminated.
 367 0000 4368     		ldr	r3, [r0, #4]
 368 0002 0AB1     		cbz	r2, .L53
 369 0004 1943     		orrs	r1, r1, r3
 370 0006 01E0     		b	.L55
 371              	.L53:
 372 0008 23EA0101 		bic	r1, r3, r1
 373              	.L55:
 374 000c 4160     		str	r1, [r0, #4]
 375 000e 7047     		bx	lr
 377              		.section	.text.USART_SWAPPinCmd,"ax",%progbits
 378              		.align	1
 379              		.global	USART_SWAPPinCmd
 380              		.thumb
 381              		.thumb_func
 383              	USART_SWAPPinCmd:
 384              		@ args = 0, pretend = 0, frame = 0
 385              		@ frame_needed = 0, uses_anonymous_args = 0
 386              		@ link register save eliminated.
 387 0000 4368     		ldr	r3, [r0, #4]
 388 0002 11B1     		cbz	r1, .L57
 389 0004 43F40043 		orr	r3, r3, #32768
 390 0008 01E0     		b	.L59
 391              	.L57:
 392 000a 23F40043 		bic	r3, r3, #32768
 393              	.L59:
 394 000e 4360     		str	r3, [r0, #4]
 395 0010 7047     		bx	lr
 397              		.section	.text.USART_ReceiverTimeOutCmd,"ax",%progbits
 398              		.align	1
 399              		.global	USART_ReceiverTimeOutCmd
 400              		.thumb
 401              		.thumb_func
 403              	USART_ReceiverTimeOutCmd:
 404              		@ args = 0, pretend = 0, frame = 0
 405              		@ frame_needed = 0, uses_anonymous_args = 0
 406              		@ link register save eliminated.
 407 0000 4368     		ldr	r3, [r0, #4]
 408 0002 11B1     		cbz	r1, .L61
 409 0004 43F40003 		orr	r3, r3, #8388608
 410 0008 01E0     		b	.L63
 411              	.L61:
 412 000a 23F40003 		bic	r3, r3, #8388608
 413              	.L63:
 414 000e 4360     		str	r3, [r0, #4]
 415 0010 7047     		bx	lr
 417              		.section	.text.USART_SetReceiverTimeOut,"ax",%progbits
 418              		.align	1
 419              		.global	USART_SetReceiverTimeOut
 420              		.thumb
 421              		.thumb_func
 423              	USART_SetReceiverTimeOut:
 424              		@ args = 0, pretend = 0, frame = 0
 425              		@ frame_needed = 0, uses_anonymous_args = 0
 426              		@ link register save eliminated.
 427 0000 4369     		ldr	r3, [r0, #20]
 428 0002 03F07F43 		and	r3, r3, #-16777216
 429 0006 4361     		str	r3, [r0, #20]
 430 0008 4369     		ldr	r3, [r0, #20]
 431 000a 1943     		orrs	r1, r1, r3
 432 000c 4161     		str	r1, [r0, #20]
 433 000e 7047     		bx	lr
 435              		.section	.text.USART_SetPrescaler,"ax",%progbits
 436              		.align	1
 437              		.global	USART_SetPrescaler
 438              		.thumb
 439              		.thumb_func
 441              	USART_SetPrescaler:
 442              		@ args = 0, pretend = 0, frame = 0
 443              		@ frame_needed = 0, uses_anonymous_args = 0
 444              		@ link register save eliminated.
 445 0000 038A     		ldrh	r3, [r0, #16]
 446 0002 03F47F43 		and	r3, r3, #65280
 447 0006 0382     		strh	r3, [r0, #16]	@ movhi
 448 0008 038A     		ldrh	r3, [r0, #16]
 449 000a 9BB2     		uxth	r3, r3
 450 000c 1943     		orrs	r1, r1, r3
 451 000e 0182     		strh	r1, [r0, #16]	@ movhi
 452 0010 7047     		bx	lr
 454              		.section	.text.USART_STOPModeCmd,"ax",%progbits
 455              		.align	1
 456              		.global	USART_STOPModeCmd
 457              		.thumb
 458              		.thumb_func
 460              	USART_STOPModeCmd:
 461              		@ args = 0, pretend = 0, frame = 0
 462              		@ frame_needed = 0, uses_anonymous_args = 0
 463              		@ link register save eliminated.
 464 0000 0368     		ldr	r3, [r0, #0]
 465 0002 11B1     		cbz	r1, .L67
 466 0004 43F00203 		orr	r3, r3, #2
 467 0008 01E0     		b	.L69
 468              	.L67:
 469 000a 23F00203 		bic	r3, r3, #2
 470              	.L69:
 471 000e 0360     		str	r3, [r0, #0]
 472 0010 7047     		bx	lr
 474              		.section	.text.USART_StopModeWakeUpSourceConfig,"ax",%progbits
 475              		.align	1
 476              		.global	USART_StopModeWakeUpSourceConfig
 477              		.thumb
 478              		.thumb_func
 480              	USART_StopModeWakeUpSourceConfig:
 481              		@ args = 0, pretend = 0, frame = 0
 482              		@ frame_needed = 0, uses_anonymous_args = 0
 483              		@ link register save eliminated.
 484 0000 8368     		ldr	r3, [r0, #8]
 485 0002 23F44013 		bic	r3, r3, #3145728
 486 0006 8360     		str	r3, [r0, #8]
 487 0008 8368     		ldr	r3, [r0, #8]
 488 000a 1943     		orrs	r1, r1, r3
 489 000c 8160     		str	r1, [r0, #8]
 490 000e 7047     		bx	lr
 492              		.section	.text.USART_AutoBaudRateCmd,"ax",%progbits
 493              		.align	1
 494              		.global	USART_AutoBaudRateCmd
 495              		.thumb
 496              		.thumb_func
 498              	USART_AutoBaudRateCmd:
 499              		@ args = 0, pretend = 0, frame = 0
 500              		@ frame_needed = 0, uses_anonymous_args = 0
 501              		@ link register save eliminated.
 502 0000 4368     		ldr	r3, [r0, #4]
 503 0002 11B1     		cbz	r1, .L72
 504 0004 43F48013 		orr	r3, r3, #1048576
 505 0008 01E0     		b	.L74
 506              	.L72:
 507 000a 23F48013 		bic	r3, r3, #1048576
 508              	.L74:
 509 000e 4360     		str	r3, [r0, #4]
 510 0010 7047     		bx	lr
 512              		.section	.text.USART_AutoBaudRateConfig,"ax",%progbits
 513              		.align	1
 514              		.global	USART_AutoBaudRateConfig
 515              		.thumb
 516              		.thumb_func
 518              	USART_AutoBaudRateConfig:
 519              		@ args = 0, pretend = 0, frame = 0
 520              		@ frame_needed = 0, uses_anonymous_args = 0
 521              		@ link register save eliminated.
 522 0000 4368     		ldr	r3, [r0, #4]
 523 0002 23F4C003 		bic	r3, r3, #6291456
 524 0006 4360     		str	r3, [r0, #4]
 525 0008 4368     		ldr	r3, [r0, #4]
 526 000a 1943     		orrs	r1, r1, r3
 527 000c 4160     		str	r1, [r0, #4]
 528 000e 7047     		bx	lr
 530              		.section	.text.USART_SendData,"ax",%progbits
 531              		.align	1
 532              		.global	USART_SendData
 533              		.thumb
 534              		.thumb_func
 536              	USART_SendData:
 537              		@ args = 0, pretend = 0, frame = 0
 538              		@ frame_needed = 0, uses_anonymous_args = 0
 539              		@ link register save eliminated.
 540 0000 C905     		lsls	r1, r1, #23
 541 0002 C90D     		lsrs	r1, r1, #23
 542 0004 0185     		strh	r1, [r0, #40]	@ movhi
 543 0006 7047     		bx	lr
 545              		.section	.text.USART_ReceiveData,"ax",%progbits
 546              		.align	1
 547              		.global	USART_ReceiveData
 548              		.thumb
 549              		.thumb_func
 551              	USART_ReceiveData:
 552              		@ args = 0, pretend = 0, frame = 0
 553              		@ frame_needed = 0, uses_anonymous_args = 0
 554              		@ link register save eliminated.
 555 0000 808C     		ldrh	r0, [r0, #36]
 556 0002 C005     		lsls	r0, r0, #23
 557 0004 C00D     		lsrs	r0, r0, #23
 558 0006 7047     		bx	lr
 560              		.section	.text.USART_SetAddress,"ax",%progbits
 561              		.align	1
 562              		.global	USART_SetAddress
 563              		.thumb
 564              		.thumb_func
 566              	USART_SetAddress:
 567              		@ args = 0, pretend = 0, frame = 0
 568              		@ frame_needed = 0, uses_anonymous_args = 0
 569              		@ link register save eliminated.
 570 0000 4368     		ldr	r3, [r0, #4]
 571 0002 23F07F43 		bic	r3, r3, #-16777216
 572 0006 4360     		str	r3, [r0, #4]
 573 0008 4368     		ldr	r3, [r0, #4]
 574 000a 43EA0161 		orr	r1, r3, r1, lsl #24
 575 000e 4160     		str	r1, [r0, #4]
 576 0010 7047     		bx	lr
 578              		.section	.text.USART_MuteModeCmd,"ax",%progbits
 579              		.align	1
 580              		.global	USART_MuteModeCmd
 581              		.thumb
 582              		.thumb_func
 584              	USART_MuteModeCmd:
 585              		@ args = 0, pretend = 0, frame = 0
 586              		@ frame_needed = 0, uses_anonymous_args = 0
 587              		@ link register save eliminated.
 588 0000 0368     		ldr	r3, [r0, #0]
 589 0002 11B1     		cbz	r1, .L80
 590 0004 43F40053 		orr	r3, r3, #8192
 591 0008 01E0     		b	.L82
 592              	.L80:
 593 000a 23F40053 		bic	r3, r3, #8192
 594              	.L82:
 595 000e 0360     		str	r3, [r0, #0]
 596 0010 7047     		bx	lr
 598              		.section	.text.USART_MuteModeWakeUpConfig,"ax",%progbits
 599              		.align	1
 600              		.global	USART_MuteModeWakeUpConfig
 601              		.thumb
 602              		.thumb_func
 604              	USART_MuteModeWakeUpConfig:
 605              		@ args = 0, pretend = 0, frame = 0
 606              		@ frame_needed = 0, uses_anonymous_args = 0
 607              		@ link register save eliminated.
 608 0000 0368     		ldr	r3, [r0, #0]
 609 0002 23F40063 		bic	r3, r3, #2048
 610 0006 0360     		str	r3, [r0, #0]
 611 0008 0368     		ldr	r3, [r0, #0]
 612 000a 1943     		orrs	r1, r1, r3
 613 000c 0160     		str	r1, [r0, #0]
 614 000e 7047     		bx	lr
 616              		.section	.text.USART_AddressDetectionConfig,"ax",%progbits
 617              		.align	1
 618              		.global	USART_AddressDetectionConfig
 619              		.thumb
 620              		.thumb_func
 622              	USART_AddressDetectionConfig:
 623              		@ args = 0, pretend = 0, frame = 0
 624              		@ frame_needed = 0, uses_anonymous_args = 0
 625              		@ link register save eliminated.
 626 0000 4368     		ldr	r3, [r0, #4]
 627 0002 23F01003 		bic	r3, r3, #16
 628 0006 4360     		str	r3, [r0, #4]
 629 0008 4368     		ldr	r3, [r0, #4]
 630 000a 1943     		orrs	r1, r1, r3
 631 000c 4160     		str	r1, [r0, #4]
 632 000e 7047     		bx	lr
 634              		.section	.text.USART_LINBreakDetectLengthConfig,"ax",%progbits
 635              		.align	1
 636              		.global	USART_LINBreakDetectLengthConfig
 637              		.thumb
 638              		.thumb_func
 640              	USART_LINBreakDetectLengthConfig:
 641              		@ args = 0, pretend = 0, frame = 0
 642              		@ frame_needed = 0, uses_anonymous_args = 0
 643              		@ link register save eliminated.
 644 0000 4368     		ldr	r3, [r0, #4]
 645 0002 23F02003 		bic	r3, r3, #32
 646 0006 4360     		str	r3, [r0, #4]
 647 0008 4368     		ldr	r3, [r0, #4]
 648 000a 1943     		orrs	r1, r1, r3
 649 000c 4160     		str	r1, [r0, #4]
 650 000e 7047     		bx	lr
 652              		.section	.text.USART_LINCmd,"ax",%progbits
 653              		.align	1
 654              		.global	USART_LINCmd
 655              		.thumb
 656              		.thumb_func
 658              	USART_LINCmd:
 659              		@ args = 0, pretend = 0, frame = 0
 660              		@ frame_needed = 0, uses_anonymous_args = 0
 661              		@ link register save eliminated.
 662 0000 4368     		ldr	r3, [r0, #4]
 663 0002 11B1     		cbz	r1, .L87
 664 0004 43F48043 		orr	r3, r3, #16384
 665 0008 01E0     		b	.L89
 666              	.L87:
 667 000a 23F48043 		bic	r3, r3, #16384
 668              	.L89:
 669 000e 4360     		str	r3, [r0, #4]
 670 0010 7047     		bx	lr
 672              		.section	.text.USART_HalfDuplexCmd,"ax",%progbits
 673              		.align	1
 674              		.global	USART_HalfDuplexCmd
 675              		.thumb
 676              		.thumb_func
 678              	USART_HalfDuplexCmd:
 679              		@ args = 0, pretend = 0, frame = 0
 680              		@ frame_needed = 0, uses_anonymous_args = 0
 681              		@ link register save eliminated.
 682 0000 8368     		ldr	r3, [r0, #8]
 683 0002 11B1     		cbz	r1, .L91
 684 0004 43F00803 		orr	r3, r3, #8
 685 0008 01E0     		b	.L93
 686              	.L91:
 687 000a 23F00803 		bic	r3, r3, #8
 688              	.L93:
 689 000e 8360     		str	r3, [r0, #8]
 690 0010 7047     		bx	lr
 692              		.section	.text.USART_SetGuardTime,"ax",%progbits
 693              		.align	1
 694              		.global	USART_SetGuardTime
 695              		.thumb
 696              		.thumb_func
 698              	USART_SetGuardTime:
 699              		@ args = 0, pretend = 0, frame = 0
 700              		@ frame_needed = 0, uses_anonymous_args = 0
 701              		@ link register save eliminated.
 702 0000 038A     		ldrh	r3, [r0, #16]
 703 0002 DBB2     		uxtb	r3, r3
 704 0004 0382     		strh	r3, [r0, #16]	@ movhi
 705 0006 038A     		ldrh	r3, [r0, #16]
 706 0008 9BB2     		uxth	r3, r3
 707 000a 43EA0121 		orr	r1, r3, r1, lsl #8
 708 000e 0182     		strh	r1, [r0, #16]	@ movhi
 709 0010 7047     		bx	lr
 711              		.section	.text.USART_SmartCardCmd,"ax",%progbits
 712              		.align	1
 713              		.global	USART_SmartCardCmd
 714              		.thumb
 715              		.thumb_func
 717              	USART_SmartCardCmd:
 718              		@ args = 0, pretend = 0, frame = 0
 719              		@ frame_needed = 0, uses_anonymous_args = 0
 720              		@ link register save eliminated.
 721 0000 8368     		ldr	r3, [r0, #8]
 722 0002 11B1     		cbz	r1, .L96
 723 0004 43F02003 		orr	r3, r3, #32
 724 0008 01E0     		b	.L98
 725              	.L96:
 726 000a 23F02003 		bic	r3, r3, #32
 727              	.L98:
 728 000e 8360     		str	r3, [r0, #8]
 729 0010 7047     		bx	lr
 731              		.section	.text.USART_SmartCardNACKCmd,"ax",%progbits
 732              		.align	1
 733              		.global	USART_SmartCardNACKCmd
 734              		.thumb
 735              		.thumb_func
 737              	USART_SmartCardNACKCmd:
 738              		@ args = 0, pretend = 0, frame = 0
 739              		@ frame_needed = 0, uses_anonymous_args = 0
 740              		@ link register save eliminated.
 741 0000 8368     		ldr	r3, [r0, #8]
 742 0002 11B1     		cbz	r1, .L100
 743 0004 43F01003 		orr	r3, r3, #16
 744 0008 01E0     		b	.L102
 745              	.L100:
 746 000a 23F01003 		bic	r3, r3, #16
 747              	.L102:
 748 000e 8360     		str	r3, [r0, #8]
 749 0010 7047     		bx	lr
 751              		.section	.text.USART_SetAutoRetryCount,"ax",%progbits
 752              		.align	1
 753              		.global	USART_SetAutoRetryCount
 754              		.thumb
 755              		.thumb_func
 757              	USART_SetAutoRetryCount:
 758              		@ args = 0, pretend = 0, frame = 0
 759              		@ frame_needed = 0, uses_anonymous_args = 0
 760              		@ link register save eliminated.
 761 0000 8368     		ldr	r3, [r0, #8]
 762 0002 23F46023 		bic	r3, r3, #917504
 763 0006 8360     		str	r3, [r0, #8]
 764 0008 8368     		ldr	r3, [r0, #8]
 765 000a 43EA4141 		orr	r1, r3, r1, lsl #17
 766 000e 8160     		str	r1, [r0, #8]
 767 0010 7047     		bx	lr
 769              		.section	.text.USART_SetBlockLength,"ax",%progbits
 770              		.align	1
 771              		.global	USART_SetBlockLength
 772              		.thumb
 773              		.thumb_func
 775              	USART_SetBlockLength:
 776              		@ args = 0, pretend = 0, frame = 0
 777              		@ frame_needed = 0, uses_anonymous_args = 0
 778              		@ link register save eliminated.
 779 0000 4369     		ldr	r3, [r0, #20]
 780 0002 23F07F43 		bic	r3, r3, #-16777216
 781 0006 4361     		str	r3, [r0, #20]
 782 0008 4369     		ldr	r3, [r0, #20]
 783 000a 43EA0161 		orr	r1, r3, r1, lsl #24
 784 000e 4161     		str	r1, [r0, #20]
 785 0010 7047     		bx	lr
 787              		.section	.text.USART_IrDAConfig,"ax",%progbits
 788              		.align	1
 789              		.global	USART_IrDAConfig
 790              		.thumb
 791              		.thumb_func
 793              	USART_IrDAConfig:
 794              		@ args = 0, pretend = 0, frame = 0
 795              		@ frame_needed = 0, uses_anonymous_args = 0
 796              		@ link register save eliminated.
 797 0000 8368     		ldr	r3, [r0, #8]
 798 0002 23F00403 		bic	r3, r3, #4
 799 0006 8360     		str	r3, [r0, #8]
 800 0008 8368     		ldr	r3, [r0, #8]
 801 000a 1943     		orrs	r1, r1, r3
 802 000c 8160     		str	r1, [r0, #8]
 803 000e 7047     		bx	lr
 805              		.section	.text.USART_IrDACmd,"ax",%progbits
 806              		.align	1
 807              		.global	USART_IrDACmd
 808              		.thumb
 809              		.thumb_func
 811              	USART_IrDACmd:
 812              		@ args = 0, pretend = 0, frame = 0
 813              		@ frame_needed = 0, uses_anonymous_args = 0
 814              		@ link register save eliminated.
 815 0000 8368     		ldr	r3, [r0, #8]
 816 0002 11B1     		cbz	r1, .L107
 817 0004 43F00203 		orr	r3, r3, #2
 818 0008 01E0     		b	.L109
 819              	.L107:
 820 000a 23F00203 		bic	r3, r3, #2
 821              	.L109:
 822 000e 8360     		str	r3, [r0, #8]
 823 0010 7047     		bx	lr
 825              		.section	.text.USART_DECmd,"ax",%progbits
 826              		.align	1
 827              		.global	USART_DECmd
 828              		.thumb
 829              		.thumb_func
 831              	USART_DECmd:
 832              		@ args = 0, pretend = 0, frame = 0
 833              		@ frame_needed = 0, uses_anonymous_args = 0
 834              		@ link register save eliminated.
 835 0000 8368     		ldr	r3, [r0, #8]
 836 0002 11B1     		cbz	r1, .L111
 837 0004 43F48043 		orr	r3, r3, #16384
 838 0008 01E0     		b	.L113
 839              	.L111:
 840 000a 23F48043 		bic	r3, r3, #16384
 841              	.L113:
 842 000e 8360     		str	r3, [r0, #8]
 843 0010 7047     		bx	lr
 845              		.section	.text.USART_DEPolarityConfig,"ax",%progbits
 846              		.align	1
 847              		.global	USART_DEPolarityConfig
 848              		.thumb
 849              		.thumb_func
 851              	USART_DEPolarityConfig:
 852              		@ args = 0, pretend = 0, frame = 0
 853              		@ frame_needed = 0, uses_anonymous_args = 0
 854              		@ link register save eliminated.
 855 0000 8368     		ldr	r3, [r0, #8]
 856 0002 23F40043 		bic	r3, r3, #32768
 857 0006 8360     		str	r3, [r0, #8]
 858 0008 8368     		ldr	r3, [r0, #8]
 859 000a 1943     		orrs	r1, r1, r3
 860 000c 8160     		str	r1, [r0, #8]
 861 000e 7047     		bx	lr
 863              		.section	.text.USART_SetDEAssertionTime,"ax",%progbits
 864              		.align	1
 865              		.global	USART_SetDEAssertionTime
 866              		.thumb
 867              		.thumb_func
 869              	USART_SetDEAssertionTime:
 870              		@ args = 0, pretend = 0, frame = 0
 871              		@ frame_needed = 0, uses_anonymous_args = 0
 872              		@ link register save eliminated.
 873 0000 0368     		ldr	r3, [r0, #0]
 874 0002 23F07873 		bic	r3, r3, #65011712
 875 0006 0360     		str	r3, [r0, #0]
 876 0008 0368     		ldr	r3, [r0, #0]
 877 000a 43EA4151 		orr	r1, r3, r1, lsl #21
 878 000e 0160     		str	r1, [r0, #0]
 879 0010 7047     		bx	lr
 881              		.section	.text.USART_SetDEDeassertionTime,"ax",%progbits
 882              		.align	1
 883              		.global	USART_SetDEDeassertionTime
 884              		.thumb
 885              		.thumb_func
 887              	USART_SetDEDeassertionTime:
 888              		@ args = 0, pretend = 0, frame = 0
 889              		@ frame_needed = 0, uses_anonymous_args = 0
 890              		@ link register save eliminated.
 891 0000 0368     		ldr	r3, [r0, #0]
 892 0002 23F4F813 		bic	r3, r3, #2031616
 893 0006 0360     		str	r3, [r0, #0]
 894 0008 0368     		ldr	r3, [r0, #0]
 895 000a 43EA0141 		orr	r1, r3, r1, lsl #16
 896 000e 0160     		str	r1, [r0, #0]
 897 0010 7047     		bx	lr
 899              		.section	.text.USART_DMACmd,"ax",%progbits
 900              		.align	1
 901              		.global	USART_DMACmd
 902              		.thumb
 903              		.thumb_func
 905              	USART_DMACmd:
 906              		@ args = 0, pretend = 0, frame = 0
 907              		@ frame_needed = 0, uses_anonymous_args = 0
 908              		@ link register save eliminated.
 909 0000 8368     		ldr	r3, [r0, #8]
 910 0002 0AB1     		cbz	r2, .L118
 911 0004 1943     		orrs	r1, r1, r3
 912 0006 01E0     		b	.L120
 913              	.L118:
 914 0008 23EA0101 		bic	r1, r3, r1
 915              	.L120:
 916 000c 8160     		str	r1, [r0, #8]
 917 000e 7047     		bx	lr
 919              		.section	.text.USART_DMAReceptionErrorConfig,"ax",%progbits
 920              		.align	1
 921              		.global	USART_DMAReceptionErrorConfig
 922              		.thumb
 923              		.thumb_func
 925              	USART_DMAReceptionErrorConfig:
 926              		@ args = 0, pretend = 0, frame = 0
 927              		@ frame_needed = 0, uses_anonymous_args = 0
 928              		@ link register save eliminated.
 929 0000 8368     		ldr	r3, [r0, #8]
 930 0002 23F40053 		bic	r3, r3, #8192
 931 0006 8360     		str	r3, [r0, #8]
 932 0008 8368     		ldr	r3, [r0, #8]
 933 000a 1943     		orrs	r1, r1, r3
 934 000c 8160     		str	r1, [r0, #8]
 935 000e 7047     		bx	lr
 937              		.section	.text.USART_ITConfig,"ax",%progbits
 938              		.align	1
 939              		.global	USART_ITConfig
 940              		.thumb
 941              		.thumb_func
 943              	USART_ITConfig:
 944              		@ args = 0, pretend = 0, frame = 0
 945              		@ frame_needed = 0, uses_anonymous_args = 0
 946 0000 C1F30723 		ubfx	r3, r1, #8, #8
 947 0004 10B5     		push	{r4, lr}
 948 0006 C9B2     		uxtb	r1, r1
 949 0008 0124     		movs	r4, #1
 950 000a 022B     		cmp	r3, #2
 951 000c 04FA01F1 		lsl	r1, r4, r1
 952 0010 01D1     		bne	.L123
 953 0012 0430     		adds	r0, r0, #4
 954 0014 02E0     		b	.L124
 955              	.L123:
 956 0016 032B     		cmp	r3, #3
 957 0018 08BF     		it	eq
 958 001a 0830     		addeq	r0, r0, #8
 959              	.L124:
 960 001c 0368     		ldr	r3, [r0, #0]
 961 001e 0AB1     		cbz	r2, .L125
 962 0020 1943     		orrs	r1, r1, r3
 963 0022 01E0     		b	.L127
 964              	.L125:
 965 0024 23EA0101 		bic	r1, r3, r1
 966              	.L127:
 967 0028 0160     		str	r1, [r0, #0]
 968 002a 10BD     		pop	{r4, pc}
 970              		.section	.text.USART_RequestCmd,"ax",%progbits
 971              		.align	1
 972              		.global	USART_RequestCmd
 973              		.thumb
 974              		.thumb_func
 976              	USART_RequestCmd:
 977              		@ args = 0, pretend = 0, frame = 0
 978              		@ frame_needed = 0, uses_anonymous_args = 0
 979              		@ link register save eliminated.
 980 0000 038B     		ldrh	r3, [r0, #24]
 981 0002 0AB1     		cbz	r2, .L129
 982 0004 1943     		orrs	r1, r1, r3
 983 0006 02E0     		b	.L131
 984              	.L129:
 985 0008 9BB2     		uxth	r3, r3
 986 000a 23EA0101 		bic	r1, r3, r1
 987              	.L131:
 988 000e 0183     		strh	r1, [r0, #24]	@ movhi
 989 0010 7047     		bx	lr
 991              		.section	.text.USART_OverrunDetectionConfig,"ax",%progbits
 992              		.align	1
 993              		.global	USART_OverrunDetectionConfig
 994              		.thumb
 995              		.thumb_func
 997              	USART_OverrunDetectionConfig:
 998              		@ args = 0, pretend = 0, frame = 0
 999              		@ frame_needed = 0, uses_anonymous_args = 0
 1000              		@ link register save eliminated.
 1001 0000 8368     		ldr	r3, [r0, #8]
 1002 0002 23F48053 		bic	r3, r3, #4096
 1003 0006 8360     		str	r3, [r0, #8]
 1004 0008 8368     		ldr	r3, [r0, #8]
 1005 000a 1943     		orrs	r1, r1, r3
 1006 000c 8160     		str	r1, [r0, #8]
 1007 000e 7047     		bx	lr
 1009              		.section	.text.USART_GetFlagStatus,"ax",%progbits
 1010              		.align	1
 1011              		.global	USART_GetFlagStatus
 1012              		.thumb
 1013              		.thumb_func
 1015              	USART_GetFlagStatus:
 1016              		@ args = 0, pretend = 0, frame = 0
 1017              		@ frame_needed = 0, uses_anonymous_args = 0
 1018              		@ link register save eliminated.
 1019 0000 C369     		ldr	r3, [r0, #28]
 1020 0002 1942     		tst	r1, r3
 1021 0004 0CBF     		ite	eq
 1022 0006 0020     		moveq	r0, #0
 1023 0008 0120     		movne	r0, #1
 1024 000a 7047     		bx	lr
 1026              		.section	.text.USART_ClearFlag,"ax",%progbits
 1027              		.align	1
 1028              		.global	USART_ClearFlag
 1029              		.thumb
 1030              		.thumb_func
 1032              	USART_ClearFlag:
 1033              		@ args = 0, pretend = 0, frame = 0
 1034              		@ frame_needed = 0, uses_anonymous_args = 0
 1035              		@ link register save eliminated.
 1036 0000 0162     		str	r1, [r0, #32]
 1037 0002 7047     		bx	lr
 1039              		.section	.text.USART_GetITStatus,"ax",%progbits
 1040              		.align	1
 1041              		.global	USART_GetITStatus
 1042              		.thumb
 1043              		.thumb_func
 1045              	USART_GetITStatus:
 1046              		@ args = 0, pretend = 0, frame = 0
 1047              		@ frame_needed = 0, uses_anonymous_args = 0
 1048 0000 10B5     		push	{r4, lr}
 1049 0002 C1F30722 		ubfx	r2, r1, #8, #8
 1050 0006 0124     		movs	r4, #1
 1051 0008 CBB2     		uxtb	r3, r1
 1052 000a A242     		cmp	r2, r4
 1053 000c 04FA03F3 		lsl	r3, r4, r3
 1054 0010 01D1     		bne	.L136
 1055 0012 0268     		ldr	r2, [r0, #0]
 1056 0014 03E0     		b	.L141
 1057              	.L136:
 1058 0016 022A     		cmp	r2, #2
 1059 0018 0CBF     		ite	eq
 1060 001a 4268     		ldreq	r2, [r0, #4]
 1061 001c 8268     		ldrne	r2, [r0, #8]
 1062              	.L141:
 1063 001e 1340     		ands	r3, r3, r2
 1064 0020 C269     		ldr	r2, [r0, #28]
 1065 0022 43B1     		cbz	r3, .L140
 1066 0024 0123     		movs	r3, #1
 1067 0026 090C     		lsrs	r1, r1, #16
 1068 0028 03FA01F1 		lsl	r1, r3, r1
 1069 002c 1142     		tst	r1, r2
 1070 002e 0CBF     		ite	eq
 1071 0030 0020     		moveq	r0, #0
 1072 0032 0120     		movne	r0, #1
 1073 0034 10BD     		pop	{r4, pc}
 1074              	.L140:
 1075 0036 1846     		mov	r0, r3
 1076 0038 10BD     		pop	{r4, pc}
 1078              		.section	.text.USART_ClearITPendingBit,"ax",%progbits
 1079              		.align	1
 1080              		.global	USART_ClearITPendingBit
 1081              		.thumb
 1082              		.thumb_func
 1084              	USART_ClearITPendingBit:
 1085              		@ args = 0, pretend = 0, frame = 0
 1086              		@ frame_needed = 0, uses_anonymous_args = 0
 1087              		@ link register save eliminated.
 1088 0000 090C     		lsrs	r1, r1, #16
 1089 0002 0123     		movs	r3, #1
 1090 0004 03FA01F1 		lsl	r1, r3, r1
 1091 0008 0162     		str	r1, [r0, #32]
 1092 000a 7047     		bx	lr
 1094              		.ident	"GCC: (Sourcery CodeBench Lite 2012.09-63) 4.7.2"
DEFINED SYMBOLS
                            *ABS*:00000000 stm32f30x_usart.c
C:\Users\THANGN~1\AppData\Local\Temp\cc4pWAoa.s:16     .text.USART_DeInit:00000000 $t
C:\Users\THANGN~1\AppData\Local\Temp\cc4pWAoa.s:21     .text.USART_DeInit:00000000 USART_DeInit
C:\Users\THANGN~1\AppData\Local\Temp\cc4pWAoa.s:79     .text.USART_DeInit:00000084 $d
C:\Users\THANGN~1\AppData\Local\Temp\cc4pWAoa.s:86     .text.USART_Init:00000000 $t
C:\Users\THANGN~1\AppData\Local\Temp\cc4pWAoa.s:91     .text.USART_Init:00000000 USART_Init
C:\Users\THANGN~1\AppData\Local\Temp\cc4pWAoa.s:172    .text.USART_Init:000000a8 $d
C:\Users\THANGN~1\AppData\Local\Temp\cc4pWAoa.s:178    .text.USART_StructInit:00000000 $t
C:\Users\THANGN~1\AppData\Local\Temp\cc4pWAoa.s:183    .text.USART_StructInit:00000000 USART_StructInit
C:\Users\THANGN~1\AppData\Local\Temp\cc4pWAoa.s:199    .text.USART_ClockInit:00000000 $t
C:\Users\THANGN~1\AppData\Local\Temp\cc4pWAoa.s:204    .text.USART_ClockInit:00000000 USART_ClockInit
C:\Users\THANGN~1\AppData\Local\Temp\cc4pWAoa.s:221    .text.USART_ClockStructInit:00000000 $t
C:\Users\THANGN~1\AppData\Local\Temp\cc4pWAoa.s:226    .text.USART_ClockStructInit:00000000 USART_ClockStructInit
C:\Users\THANGN~1\AppData\Local\Temp\cc4pWAoa.s:238    .text.USART_Cmd:00000000 $t
C:\Users\THANGN~1\AppData\Local\Temp\cc4pWAoa.s:243    .text.USART_Cmd:00000000 USART_Cmd
C:\Users\THANGN~1\AppData\Local\Temp\cc4pWAoa.s:258    .text.USART_DirectionModeCmd:00000000 $t
C:\Users\THANGN~1\AppData\Local\Temp\cc4pWAoa.s:263    .text.USART_DirectionModeCmd:00000000 USART_DirectionModeCmd
C:\Users\THANGN~1\AppData\Local\Temp\cc4pWAoa.s:278    .text.USART_OverSampling8Cmd:00000000 $t
C:\Users\THANGN~1\AppData\Local\Temp\cc4pWAoa.s:283    .text.USART_OverSampling8Cmd:00000000 USART_OverSampling8Cmd
C:\Users\THANGN~1\AppData\Local\Temp\cc4pWAoa.s:298    .text.USART_OneBitMethodCmd:00000000 $t
C:\Users\THANGN~1\AppData\Local\Temp\cc4pWAoa.s:303    .text.USART_OneBitMethodCmd:00000000 USART_OneBitMethodCmd
C:\Users\THANGN~1\AppData\Local\Temp\cc4pWAoa.s:318    .text.USART_MSBFirstCmd:00000000 $t
C:\Users\THANGN~1\AppData\Local\Temp\cc4pWAoa.s:323    .text.USART_MSBFirstCmd:00000000 USART_MSBFirstCmd
C:\Users\THANGN~1\AppData\Local\Temp\cc4pWAoa.s:338    .text.USART_DataInvCmd:00000000 $t
C:\Users\THANGN~1\AppData\Local\Temp\cc4pWAoa.s:343    .text.USART_DataInvCmd:00000000 USART_DataInvCmd
C:\Users\THANGN~1\AppData\Local\Temp\cc4pWAoa.s:358    .text.USART_InvPinCmd:00000000 $t
C:\Users\THANGN~1\AppData\Local\Temp\cc4pWAoa.s:363    .text.USART_InvPinCmd:00000000 USART_InvPinCmd
C:\Users\THANGN~1\AppData\Local\Temp\cc4pWAoa.s:378    .text.USART_SWAPPinCmd:00000000 $t
C:\Users\THANGN~1\AppData\Local\Temp\cc4pWAoa.s:383    .text.USART_SWAPPinCmd:00000000 USART_SWAPPinCmd
C:\Users\THANGN~1\AppData\Local\Temp\cc4pWAoa.s:398    .text.USART_ReceiverTimeOutCmd:00000000 $t
C:\Users\THANGN~1\AppData\Local\Temp\cc4pWAoa.s:403    .text.USART_ReceiverTimeOutCmd:00000000 USART_ReceiverTimeOutCmd
C:\Users\THANGN~1\AppData\Local\Temp\cc4pWAoa.s:418    .text.USART_SetReceiverTimeOut:00000000 $t
C:\Users\THANGN~1\AppData\Local\Temp\cc4pWAoa.s:423    .text.USART_SetReceiverTimeOut:00000000 USART_SetReceiverTimeOut
C:\Users\THANGN~1\AppData\Local\Temp\cc4pWAoa.s:436    .text.USART_SetPrescaler:00000000 $t
C:\Users\THANGN~1\AppData\Local\Temp\cc4pWAoa.s:441    .text.USART_SetPrescaler:00000000 USART_SetPrescaler
C:\Users\THANGN~1\AppData\Local\Temp\cc4pWAoa.s:455    .text.USART_STOPModeCmd:00000000 $t
C:\Users\THANGN~1\AppData\Local\Temp\cc4pWAoa.s:460    .text.USART_STOPModeCmd:00000000 USART_STOPModeCmd
C:\Users\THANGN~1\AppData\Local\Temp\cc4pWAoa.s:475    .text.USART_StopModeWakeUpSourceConfig:00000000 $t
C:\Users\THANGN~1\AppData\Local\Temp\cc4pWAoa.s:480    .text.USART_StopModeWakeUpSourceConfig:00000000 USART_StopModeWakeUpSourceConfig
C:\Users\THANGN~1\AppData\Local\Temp\cc4pWAoa.s:493    .text.USART_AutoBaudRateCmd:00000000 $t
C:\Users\THANGN~1\AppData\Local\Temp\cc4pWAoa.s:498    .text.USART_AutoBaudRateCmd:00000000 USART_AutoBaudRateCmd
C:\Users\THANGN~1\AppData\Local\Temp\cc4pWAoa.s:513    .text.USART_AutoBaudRateConfig:00000000 $t
C:\Users\THANGN~1\AppData\Local\Temp\cc4pWAoa.s:518    .text.USART_AutoBaudRateConfig:00000000 USART_AutoBaudRateConfig
C:\Users\THANGN~1\AppData\Local\Temp\cc4pWAoa.s:531    .text.USART_SendData:00000000 $t
C:\Users\THANGN~1\AppData\Local\Temp\cc4pWAoa.s:536    .text.USART_SendData:00000000 USART_SendData
C:\Users\THANGN~1\AppData\Local\Temp\cc4pWAoa.s:546    .text.USART_ReceiveData:00000000 $t
C:\Users\THANGN~1\AppData\Local\Temp\cc4pWAoa.s:551    .text.USART_ReceiveData:00000000 USART_ReceiveData
C:\Users\THANGN~1\AppData\Local\Temp\cc4pWAoa.s:561    .text.USART_SetAddress:00000000 $t
C:\Users\THANGN~1\AppData\Local\Temp\cc4pWAoa.s:566    .text.USART_SetAddress:00000000 USART_SetAddress
C:\Users\THANGN~1\AppData\Local\Temp\cc4pWAoa.s:579    .text.USART_MuteModeCmd:00000000 $t
C:\Users\THANGN~1\AppData\Local\Temp\cc4pWAoa.s:584    .text.USART_MuteModeCmd:00000000 USART_MuteModeCmd
C:\Users\THANGN~1\AppData\Local\Temp\cc4pWAoa.s:599    .text.USART_MuteModeWakeUpConfig:00000000 $t
C:\Users\THANGN~1\AppData\Local\Temp\cc4pWAoa.s:604    .text.USART_MuteModeWakeUpConfig:00000000 USART_MuteModeWakeUpConfig
C:\Users\THANGN~1\AppData\Local\Temp\cc4pWAoa.s:617    .text.USART_AddressDetectionConfig:00000000 $t
C:\Users\THANGN~1\AppData\Local\Temp\cc4pWAoa.s:622    .text.USART_AddressDetectionConfig:00000000 USART_AddressDetectionConfig
C:\Users\THANGN~1\AppData\Local\Temp\cc4pWAoa.s:635    .text.USART_LINBreakDetectLengthConfig:00000000 $t
C:\Users\THANGN~1\AppData\Local\Temp\cc4pWAoa.s:640    .text.USART_LINBreakDetectLengthConfig:00000000 USART_LINBreakDetectLengthConfig
C:\Users\THANGN~1\AppData\Local\Temp\cc4pWAoa.s:653    .text.USART_LINCmd:00000000 $t
C:\Users\THANGN~1\AppData\Local\Temp\cc4pWAoa.s:658    .text.USART_LINCmd:00000000 USART_LINCmd
C:\Users\THANGN~1\AppData\Local\Temp\cc4pWAoa.s:673    .text.USART_HalfDuplexCmd:00000000 $t
C:\Users\THANGN~1\AppData\Local\Temp\cc4pWAoa.s:678    .text.USART_HalfDuplexCmd:00000000 USART_HalfDuplexCmd
C:\Users\THANGN~1\AppData\Local\Temp\cc4pWAoa.s:693    .text.USART_SetGuardTime:00000000 $t
C:\Users\THANGN~1\AppData\Local\Temp\cc4pWAoa.s:698    .text.USART_SetGuardTime:00000000 USART_SetGuardTime
C:\Users\THANGN~1\AppData\Local\Temp\cc4pWAoa.s:712    .text.USART_SmartCardCmd:00000000 $t
C:\Users\THANGN~1\AppData\Local\Temp\cc4pWAoa.s:717    .text.USART_SmartCardCmd:00000000 USART_SmartCardCmd
C:\Users\THANGN~1\AppData\Local\Temp\cc4pWAoa.s:732    .text.USART_SmartCardNACKCmd:00000000 $t
C:\Users\THANGN~1\AppData\Local\Temp\cc4pWAoa.s:737    .text.USART_SmartCardNACKCmd:00000000 USART_SmartCardNACKCmd
C:\Users\THANGN~1\AppData\Local\Temp\cc4pWAoa.s:752    .text.USART_SetAutoRetryCount:00000000 $t
C:\Users\THANGN~1\AppData\Local\Temp\cc4pWAoa.s:757    .text.USART_SetAutoRetryCount:00000000 USART_SetAutoRetryCount
C:\Users\THANGN~1\AppData\Local\Temp\cc4pWAoa.s:770    .text.USART_SetBlockLength:00000000 $t
C:\Users\THANGN~1\AppData\Local\Temp\cc4pWAoa.s:775    .text.USART_SetBlockLength:00000000 USART_SetBlockLength
C:\Users\THANGN~1\AppData\Local\Temp\cc4pWAoa.s:788    .text.USART_IrDAConfig:00000000 $t
C:\Users\THANGN~1\AppData\Local\Temp\cc4pWAoa.s:793    .text.USART_IrDAConfig:00000000 USART_IrDAConfig
C:\Users\THANGN~1\AppData\Local\Temp\cc4pWAoa.s:806    .text.USART_IrDACmd:00000000 $t
C:\Users\THANGN~1\AppData\Local\Temp\cc4pWAoa.s:811    .text.USART_IrDACmd:00000000 USART_IrDACmd
C:\Users\THANGN~1\AppData\Local\Temp\cc4pWAoa.s:826    .text.USART_DECmd:00000000 $t
C:\Users\THANGN~1\AppData\Local\Temp\cc4pWAoa.s:831    .text.USART_DECmd:00000000 USART_DECmd
C:\Users\THANGN~1\AppData\Local\Temp\cc4pWAoa.s:846    .text.USART_DEPolarityConfig:00000000 $t
C:\Users\THANGN~1\AppData\Local\Temp\cc4pWAoa.s:851    .text.USART_DEPolarityConfig:00000000 USART_DEPolarityConfig
C:\Users\THANGN~1\AppData\Local\Temp\cc4pWAoa.s:864    .text.USART_SetDEAssertionTime:00000000 $t
C:\Users\THANGN~1\AppData\Local\Temp\cc4pWAoa.s:869    .text.USART_SetDEAssertionTime:00000000 USART_SetDEAssertionTime
C:\Users\THANGN~1\AppData\Local\Temp\cc4pWAoa.s:882    .text.USART_SetDEDeassertionTime:00000000 $t
C:\Users\THANGN~1\AppData\Local\Temp\cc4pWAoa.s:887    .text.USART_SetDEDeassertionTime:00000000 USART_SetDEDeassertionTime
C:\Users\THANGN~1\AppData\Local\Temp\cc4pWAoa.s:900    .text.USART_DMACmd:00000000 $t
C:\Users\THANGN~1\AppData\Local\Temp\cc4pWAoa.s:905    .text.USART_DMACmd:00000000 USART_DMACmd
C:\Users\THANGN~1\AppData\Local\Temp\cc4pWAoa.s:920    .text.USART_DMAReceptionErrorConfig:00000000 $t
C:\Users\THANGN~1\AppData\Local\Temp\cc4pWAoa.s:925    .text.USART_DMAReceptionErrorConfig:00000000 USART_DMAReceptionErrorConfig
C:\Users\THANGN~1\AppData\Local\Temp\cc4pWAoa.s:938    .text.USART_ITConfig:00000000 $t
C:\Users\THANGN~1\AppData\Local\Temp\cc4pWAoa.s:943    .text.USART_ITConfig:00000000 USART_ITConfig
C:\Users\THANGN~1\AppData\Local\Temp\cc4pWAoa.s:971    .text.USART_RequestCmd:00000000 $t
C:\Users\THANGN~1\AppData\Local\Temp\cc4pWAoa.s:976    .text.USART_RequestCmd:00000000 USART_RequestCmd
C:\Users\THANGN~1\AppData\Local\Temp\cc4pWAoa.s:992    .text.USART_OverrunDetectionConfig:00000000 $t
C:\Users\THANGN~1\AppData\Local\Temp\cc4pWAoa.s:997    .text.USART_OverrunDetectionConfig:00000000 USART_OverrunDetectionConfig
C:\Users\THANGN~1\AppData\Local\Temp\cc4pWAoa.s:1010   .text.USART_GetFlagStatus:00000000 $t
C:\Users\THANGN~1\AppData\Local\Temp\cc4pWAoa.s:1015   .text.USART_GetFlagStatus:00000000 USART_GetFlagStatus
C:\Users\THANGN~1\AppData\Local\Temp\cc4pWAoa.s:1027   .text.USART_ClearFlag:00000000 $t
C:\Users\THANGN~1\AppData\Local\Temp\cc4pWAoa.s:1032   .text.USART_ClearFlag:00000000 USART_ClearFlag
C:\Users\THANGN~1\AppData\Local\Temp\cc4pWAoa.s:1040   .text.USART_GetITStatus:00000000 $t
C:\Users\THANGN~1\AppData\Local\Temp\cc4pWAoa.s:1045   .text.USART_GetITStatus:00000000 USART_GetITStatus
C:\Users\THANGN~1\AppData\Local\Temp\cc4pWAoa.s:1079   .text.USART_ClearITPendingBit:00000000 $t
C:\Users\THANGN~1\AppData\Local\Temp\cc4pWAoa.s:1084   .text.USART_ClearITPendingBit:00000000 USART_ClearITPendingBit

UNDEFINED SYMBOLS
RCC_APB2PeriphResetCmd
RCC_APB1PeriphResetCmd
RCC_GetClocksFreq
