   1              		.syntax unified
   2              		.cpu cortex-m4
   3              		.fpu softvfp
   4              		.eabi_attribute 20, 1
   5              		.eabi_attribute 21, 1
   6              		.eabi_attribute 23, 3
   7              		.eabi_attribute 24, 1
   8              		.eabi_attribute 25, 1
   9              		.eabi_attribute 26, 1
  10              		.eabi_attribute 30, 4
  11              		.eabi_attribute 34, 1
  12              		.eabi_attribute 18, 4
  13              		.thumb
  14              		.file	"stm32f30x_iwdg.c"
  15              		.section	.text.IWDG_WriteAccessCmd,"ax",%progbits
  16              		.align	1
  17              		.global	IWDG_WriteAccessCmd
  18              		.thumb
  19              		.thumb_func
  21              	IWDG_WriteAccessCmd:
  22              		@ args = 0, pretend = 0, frame = 0
  23              		@ frame_needed = 0, uses_anonymous_args = 0
  24              		@ link register save eliminated.
  25 0000 014B     		ldr	r3, .L2
  26 0002 1860     		str	r0, [r3, #0]
  27 0004 7047     		bx	lr
  28              	.L3:
  29 0006 00BF     		.align	2
  30              	.L2:
  31 0008 00300040 		.word	1073754112
  33              		.section	.text.IWDG_SetPrescaler,"ax",%progbits
  34              		.align	1
  35              		.global	IWDG_SetPrescaler
  36              		.thumb
  37              		.thumb_func
  39              	IWDG_SetPrescaler:
  40              		@ args = 0, pretend = 0, frame = 0
  41              		@ frame_needed = 0, uses_anonymous_args = 0
  42              		@ link register save eliminated.
  43 0000 014B     		ldr	r3, .L5
  44 0002 5860     		str	r0, [r3, #4]
  45 0004 7047     		bx	lr
  46              	.L6:
  47 0006 00BF     		.align	2
  48              	.L5:
  49 0008 00300040 		.word	1073754112
  51              		.section	.text.IWDG_SetReload,"ax",%progbits
  52              		.align	1
  53              		.global	IWDG_SetReload
  54              		.thumb
  55              		.thumb_func
  57              	IWDG_SetReload:
  58              		@ args = 0, pretend = 0, frame = 0
  59              		@ frame_needed = 0, uses_anonymous_args = 0
  60              		@ link register save eliminated.
  61 0000 014B     		ldr	r3, .L8
  62 0002 9860     		str	r0, [r3, #8]
  63 0004 7047     		bx	lr
  64              	.L9:
  65 0006 00BF     		.align	2
  66              	.L8:
  67 0008 00300040 		.word	1073754112
  69              		.section	.text.IWDG_ReloadCounter,"ax",%progbits
  70              		.align	1
  71              		.global	IWDG_ReloadCounter
  72              		.thumb
  73              		.thumb_func
  75              	IWDG_ReloadCounter:
  76              		@ args = 0, pretend = 0, frame = 0
  77              		@ frame_needed = 0, uses_anonymous_args = 0
  78              		@ link register save eliminated.
  79 0000 024B     		ldr	r3, .L11
  80 0002 4AF6AA22 		movw	r2, #43690
  81 0006 1A60     		str	r2, [r3, #0]
  82 0008 7047     		bx	lr
  83              	.L12:
  84 000a 00BF     		.align	2
  85              	.L11:
  86 000c 00300040 		.word	1073754112
  88              		.section	.text.IWDG_SetWindowValue,"ax",%progbits
  89              		.align	1
  90              		.global	IWDG_SetWindowValue
  91              		.thumb
  92              		.thumb_func
  94              	IWDG_SetWindowValue:
  95              		@ args = 0, pretend = 0, frame = 0
  96              		@ frame_needed = 0, uses_anonymous_args = 0
  97              		@ link register save eliminated.
  98 0000 014B     		ldr	r3, .L14
  99 0002 1861     		str	r0, [r3, #16]
 100 0004 7047     		bx	lr
 101              	.L15:
 102 0006 00BF     		.align	2
 103              	.L14:
 104 0008 00300040 		.word	1073754112
 106              		.section	.text.IWDG_Enable,"ax",%progbits
 107              		.align	1
 108              		.global	IWDG_Enable
 109              		.thumb
 110              		.thumb_func
 112              	IWDG_Enable:
 113              		@ args = 0, pretend = 0, frame = 0
 114              		@ frame_needed = 0, uses_anonymous_args = 0
 115              		@ link register save eliminated.
 116 0000 024B     		ldr	r3, .L17
 117 0002 4CF6CC42 		movw	r2, #52428
 118 0006 1A60     		str	r2, [r3, #0]
 119 0008 7047     		bx	lr
 120              	.L18:
 121 000a 00BF     		.align	2
 122              	.L17:
 123 000c 00300040 		.word	1073754112
 125              		.section	.text.IWDG_GetFlagStatus,"ax",%progbits
 126              		.align	1
 127              		.global	IWDG_GetFlagStatus
 128              		.thumb
 129              		.thumb_func
 131              	IWDG_GetFlagStatus:
 132              		@ args = 0, pretend = 0, frame = 0
 133              		@ frame_needed = 0, uses_anonymous_args = 0
 134              		@ link register save eliminated.
 135 0000 034B     		ldr	r3, .L20
 136 0002 DB68     		ldr	r3, [r3, #12]
 137 0004 1842     		tst	r0, r3
 138 0006 0CBF     		ite	eq
 139 0008 0020     		moveq	r0, #0
 140 000a 0120     		movne	r0, #1
 141 000c 7047     		bx	lr
 142              	.L21:
 143 000e 00BF     		.align	2
 144              	.L20:
 145 0010 00300040 		.word	1073754112
 147              		.ident	"GCC: (Sourcery CodeBench Lite 2012.09-63) 4.7.2"
DEFINED SYMBOLS
                            *ABS*:00000000 stm32f30x_iwdg.c
C:\Users\THANGN~1\AppData\Local\Temp\cclNKzhT.s:16     .text.IWDG_WriteAccessCmd:00000000 $t
C:\Users\THANGN~1\AppData\Local\Temp\cclNKzhT.s:21     .text.IWDG_WriteAccessCmd:00000000 IWDG_WriteAccessCmd
C:\Users\THANGN~1\AppData\Local\Temp\cclNKzhT.s:31     .text.IWDG_WriteAccessCmd:00000008 $d
C:\Users\THANGN~1\AppData\Local\Temp\cclNKzhT.s:34     .text.IWDG_SetPrescaler:00000000 $t
C:\Users\THANGN~1\AppData\Local\Temp\cclNKzhT.s:39     .text.IWDG_SetPrescaler:00000000 IWDG_SetPrescaler
C:\Users\THANGN~1\AppData\Local\Temp\cclNKzhT.s:49     .text.IWDG_SetPrescaler:00000008 $d
C:\Users\THANGN~1\AppData\Local\Temp\cclNKzhT.s:52     .text.IWDG_SetReload:00000000 $t
C:\Users\THANGN~1\AppData\Local\Temp\cclNKzhT.s:57     .text.IWDG_SetReload:00000000 IWDG_SetReload
C:\Users\THANGN~1\AppData\Local\Temp\cclNKzhT.s:67     .text.IWDG_SetReload:00000008 $d
C:\Users\THANGN~1\AppData\Local\Temp\cclNKzhT.s:70     .text.IWDG_ReloadCounter:00000000 $t
C:\Users\THANGN~1\AppData\Local\Temp\cclNKzhT.s:75     .text.IWDG_ReloadCounter:00000000 IWDG_ReloadCounter
C:\Users\THANGN~1\AppData\Local\Temp\cclNKzhT.s:86     .text.IWDG_ReloadCounter:0000000c $d
C:\Users\THANGN~1\AppData\Local\Temp\cclNKzhT.s:89     .text.IWDG_SetWindowValue:00000000 $t
C:\Users\THANGN~1\AppData\Local\Temp\cclNKzhT.s:94     .text.IWDG_SetWindowValue:00000000 IWDG_SetWindowValue
C:\Users\THANGN~1\AppData\Local\Temp\cclNKzhT.s:104    .text.IWDG_SetWindowValue:00000008 $d
C:\Users\THANGN~1\AppData\Local\Temp\cclNKzhT.s:107    .text.IWDG_Enable:00000000 $t
C:\Users\THANGN~1\AppData\Local\Temp\cclNKzhT.s:112    .text.IWDG_Enable:00000000 IWDG_Enable
C:\Users\THANGN~1\AppData\Local\Temp\cclNKzhT.s:123    .text.IWDG_Enable:0000000c $d
C:\Users\THANGN~1\AppData\Local\Temp\cclNKzhT.s:126    .text.IWDG_GetFlagStatus:00000000 $t
C:\Users\THANGN~1\AppData\Local\Temp\cclNKzhT.s:131    .text.IWDG_GetFlagStatus:00000000 IWDG_GetFlagStatus
C:\Users\THANGN~1\AppData\Local\Temp\cclNKzhT.s:145    .text.IWDG_GetFlagStatus:00000010 $d

NO UNDEFINED SYMBOLS
