   1              		.cpu cortex-m0
   2              		.fpu softvfp
   3              		.eabi_attribute 20, 1
   4              		.eabi_attribute 21, 1
   5              		.eabi_attribute 23, 3
   6              		.eabi_attribute 24, 1
   7              		.eabi_attribute 25, 1
   8              		.eabi_attribute 26, 1
   9              		.eabi_attribute 30, 4
  10              		.eabi_attribute 34, 0
  11              		.eabi_attribute 18, 4
  12              		.code	16
  13              		.file	"stm32f0xx_cec.c"
  14              		.text
  15              	.Ltext0:
  16              		.cfi_sections	.debug_frame
  17              		.section	.text.CEC_DeInit,"ax",%progbits
  18              		.align	1
  19              		.global	CEC_DeInit
  20              		.code	16
  21              		.thumb_func
  23              	CEC_DeInit:
  24              	.LFB33:
  25              		.file 1 "../Libraries/STM32F0xx_StdPeriph_Driver/src/stm32f0xx_cec.c"
   1:../Libraries/STM32F0xx_StdPeriph_Driver/src/stm32f0xx_cec.c **** /**
   2:../Libraries/STM32F0xx_StdPeriph_Driver/src/stm32f0xx_cec.c ****   ******************************************************************************
   3:../Libraries/STM32F0xx_StdPeriph_Driver/src/stm32f0xx_cec.c ****   * @file    stm32f0xx_cec.c
   4:../Libraries/STM32F0xx_StdPeriph_Driver/src/stm32f0xx_cec.c ****   * @author  MCD Application Team
   5:../Libraries/STM32F0xx_StdPeriph_Driver/src/stm32f0xx_cec.c ****   * @version V1.5.0
   6:../Libraries/STM32F0xx_StdPeriph_Driver/src/stm32f0xx_cec.c ****   * @date    05-December-2014
   7:../Libraries/STM32F0xx_StdPeriph_Driver/src/stm32f0xx_cec.c ****   * @brief   This file provides firmware functions to manage the following 
   8:../Libraries/STM32F0xx_StdPeriph_Driver/src/stm32f0xx_cec.c ****   *          functionalities of the Consumer Electronics Control (CEC) peripheral
   9:../Libraries/STM32F0xx_StdPeriph_Driver/src/stm32f0xx_cec.c ****   *          applicable only on STM32F051, STM32F042 and STM32F072 devices:
  10:../Libraries/STM32F0xx_StdPeriph_Driver/src/stm32f0xx_cec.c ****   *            + Initialization and Configuration
  11:../Libraries/STM32F0xx_StdPeriph_Driver/src/stm32f0xx_cec.c ****   *            + Data transfers functions
  12:../Libraries/STM32F0xx_StdPeriph_Driver/src/stm32f0xx_cec.c ****   *            + Interrupts and flags management
  13:../Libraries/STM32F0xx_StdPeriph_Driver/src/stm32f0xx_cec.c ****   *               
  14:../Libraries/STM32F0xx_StdPeriph_Driver/src/stm32f0xx_cec.c ****   *  @verbatim
  15:../Libraries/STM32F0xx_StdPeriph_Driver/src/stm32f0xx_cec.c ****   ==============================================================================
  16:../Libraries/STM32F0xx_StdPeriph_Driver/src/stm32f0xx_cec.c ****                             ##### CEC features #####
  17:../Libraries/STM32F0xx_StdPeriph_Driver/src/stm32f0xx_cec.c ****   ==============================================================================
  18:../Libraries/STM32F0xx_StdPeriph_Driver/src/stm32f0xx_cec.c ****       [..] This device provides some features:
  19:../Libraries/STM32F0xx_StdPeriph_Driver/src/stm32f0xx_cec.c ****            (#) Supports HDMI-CEC specification 1.4.
  20:../Libraries/STM32F0xx_StdPeriph_Driver/src/stm32f0xx_cec.c ****            (#) Supports two source clocks(HSI/244 or LSE).
  21:../Libraries/STM32F0xx_StdPeriph_Driver/src/stm32f0xx_cec.c ****            (#) Works in stop mode(without APB clock, but with CEC clock 32KHz).
  22:../Libraries/STM32F0xx_StdPeriph_Driver/src/stm32f0xx_cec.c ****                It can genarate an interrupt in the CEC clock domain that the CPU 
  23:../Libraries/STM32F0xx_StdPeriph_Driver/src/stm32f0xx_cec.c ****                wakes up from the low power mode.
  24:../Libraries/STM32F0xx_StdPeriph_Driver/src/stm32f0xx_cec.c ****            (#) Configurable Signal Free Time before of transmission start. The 
  25:../Libraries/STM32F0xx_StdPeriph_Driver/src/stm32f0xx_cec.c ****                number of nominal data bit periods waited before transmission can be
  26:../Libraries/STM32F0xx_StdPeriph_Driver/src/stm32f0xx_cec.c ****                ruled by Hardware or Software.
  27:../Libraries/STM32F0xx_StdPeriph_Driver/src/stm32f0xx_cec.c ****            (#) Configurable Peripheral Address (multi-addressing configuration).
  28:../Libraries/STM32F0xx_StdPeriph_Driver/src/stm32f0xx_cec.c ****            (#) Supports listen mode.The CEC Messages addressed to different destination
  29:../Libraries/STM32F0xx_StdPeriph_Driver/src/stm32f0xx_cec.c ****                can be received without interfering with CEC bus when Listen mode option is enabled.
  30:../Libraries/STM32F0xx_StdPeriph_Driver/src/stm32f0xx_cec.c ****            (#) Configurable Rx-Tolerance(Standard and Extended tolerance margin).
  31:../Libraries/STM32F0xx_StdPeriph_Driver/src/stm32f0xx_cec.c ****            (#) Error detection with configurable error bit generation.
  32:../Libraries/STM32F0xx_StdPeriph_Driver/src/stm32f0xx_cec.c ****            (#) Arbitration lost error in the case of two CEC devices starting at the same time.
  33:../Libraries/STM32F0xx_StdPeriph_Driver/src/stm32f0xx_cec.c **** 
  34:../Libraries/STM32F0xx_StdPeriph_Driver/src/stm32f0xx_cec.c ****                             ##### How to use this driver ##### 
  35:../Libraries/STM32F0xx_StdPeriph_Driver/src/stm32f0xx_cec.c ****   ==============================================================================
  36:../Libraries/STM32F0xx_StdPeriph_Driver/src/stm32f0xx_cec.c ****       [..] This driver provides functions to configure and program the CEC device,
  37:../Libraries/STM32F0xx_StdPeriph_Driver/src/stm32f0xx_cec.c ****        follow steps below:
  38:../Libraries/STM32F0xx_StdPeriph_Driver/src/stm32f0xx_cec.c ****            (#) The source clock can be configured using:
  39:../Libraries/STM32F0xx_StdPeriph_Driver/src/stm32f0xx_cec.c ****                (++) RCC_CECCLKConfig(RCC_CECCLK_HSI_Div244) for HSI(Default) 
  40:../Libraries/STM32F0xx_StdPeriph_Driver/src/stm32f0xx_cec.c ****                (++) RCC_CECCLKConfig(RCC_CECCLK_LSE) for LSE.
  41:../Libraries/STM32F0xx_StdPeriph_Driver/src/stm32f0xx_cec.c ****            (#) Enable CEC peripheral clock using RCC_APBPeriphClockCmd(RCC_APBPeriph_CEC, ENABLE).
  42:../Libraries/STM32F0xx_StdPeriph_Driver/src/stm32f0xx_cec.c ****            (#) Peripherals alternate function.
  43:../Libraries/STM32F0xx_StdPeriph_Driver/src/stm32f0xx_cec.c ****                (++) Connect the pin to the desired peripherals' Alternate Function (AF) using 
  44:../Libraries/STM32F0xx_StdPeriph_Driver/src/stm32f0xx_cec.c ****                GPIO_PinAFConfig() function.
  45:../Libraries/STM32F0xx_StdPeriph_Driver/src/stm32f0xx_cec.c ****                (++) Configure the desired pin in alternate function by:
  46:../Libraries/STM32F0xx_StdPeriph_Driver/src/stm32f0xx_cec.c ****                GPIO_InitStruct->GPIO_Mode = GPIO_Mode_AF.
  47:../Libraries/STM32F0xx_StdPeriph_Driver/src/stm32f0xx_cec.c ****                (++) Select the type open-drain and output speed via GPIO_OType 
  48:../Libraries/STM32F0xx_StdPeriph_Driver/src/stm32f0xx_cec.c ****                and GPIO_Speed members.
  49:../Libraries/STM32F0xx_StdPeriph_Driver/src/stm32f0xx_cec.c ****                (++) Call GPIO_Init() function.
  50:../Libraries/STM32F0xx_StdPeriph_Driver/src/stm32f0xx_cec.c ****            (#) Configure the Signal Free Time, Rx Tolerance, Stop reception generation 
  51:../Libraries/STM32F0xx_StdPeriph_Driver/src/stm32f0xx_cec.c ****                and Bit error generation using the CEC_Init() function.
  52:../Libraries/STM32F0xx_StdPeriph_Driver/src/stm32f0xx_cec.c ****                The function CEC_Init() must be called when the CEC peripheral is disabled.
  53:../Libraries/STM32F0xx_StdPeriph_Driver/src/stm32f0xx_cec.c ****            (#) Configure the CEC own address by calling the fuction CEC_OwnAddressConfig().
  54:../Libraries/STM32F0xx_StdPeriph_Driver/src/stm32f0xx_cec.c ****            (#) Optionally, you can configure the Listen mode using the function CEC_ListenModeCmd()
  55:../Libraries/STM32F0xx_StdPeriph_Driver/src/stm32f0xx_cec.c ****            (#) Enable the NVIC and the corresponding interrupt using the function 
  56:../Libraries/STM32F0xx_StdPeriph_Driver/src/stm32f0xx_cec.c ****                CEC_ITConfig() if you need to use interrupt mode.
  57:../Libraries/STM32F0xx_StdPeriph_Driver/src/stm32f0xx_cec.c ****                CEC_ITConfig() must be called before enabling the CEC peripheral.
  58:../Libraries/STM32F0xx_StdPeriph_Driver/src/stm32f0xx_cec.c ****            (#) Enable the CEC using the CEC_Cmd() function.
  59:../Libraries/STM32F0xx_StdPeriph_Driver/src/stm32f0xx_cec.c ****            (#) Charge the first data byte in the TXDR register using CEC_SendDataByte().
  60:../Libraries/STM32F0xx_StdPeriph_Driver/src/stm32f0xx_cec.c ****            (#) Enable the transmission of the Byte of a CEC message using CEC_StartOfMessage() 
  61:../Libraries/STM32F0xx_StdPeriph_Driver/src/stm32f0xx_cec.c ****            (#) Transmit single data through the CEC peripheral using CEC_SendDataByte() 
  62:../Libraries/STM32F0xx_StdPeriph_Driver/src/stm32f0xx_cec.c ****                and Receive the last transmitted byte using CEC_ReceiveDataByte().
  63:../Libraries/STM32F0xx_StdPeriph_Driver/src/stm32f0xx_cec.c ****            (#) Enable the CEC_EndOfMessage() in order to indicate the last byte of the message.
  64:../Libraries/STM32F0xx_StdPeriph_Driver/src/stm32f0xx_cec.c ****       [..]
  65:../Libraries/STM32F0xx_StdPeriph_Driver/src/stm32f0xx_cec.c ****            (@) If the listen mode is enabled, Stop reception generation and Bit error generation 
  66:../Libraries/STM32F0xx_StdPeriph_Driver/src/stm32f0xx_cec.c ****                must be in reset state.
  67:../Libraries/STM32F0xx_StdPeriph_Driver/src/stm32f0xx_cec.c ****            (@) If the CEC message consists of only 1 byte, the function CEC_EndOfMessage()
  68:../Libraries/STM32F0xx_StdPeriph_Driver/src/stm32f0xx_cec.c ****                must be called before CEC_StartOfMessage().
  69:../Libraries/STM32F0xx_StdPeriph_Driver/src/stm32f0xx_cec.c ****   
  70:../Libraries/STM32F0xx_StdPeriph_Driver/src/stm32f0xx_cec.c ****    @endverbatim
  71:../Libraries/STM32F0xx_StdPeriph_Driver/src/stm32f0xx_cec.c ****   *
  72:../Libraries/STM32F0xx_StdPeriph_Driver/src/stm32f0xx_cec.c ****   ******************************************************************************
  73:../Libraries/STM32F0xx_StdPeriph_Driver/src/stm32f0xx_cec.c ****   * @attention
  74:../Libraries/STM32F0xx_StdPeriph_Driver/src/stm32f0xx_cec.c ****   *
  75:../Libraries/STM32F0xx_StdPeriph_Driver/src/stm32f0xx_cec.c ****   * <h2><center>&copy; COPYRIGHT 2014 STMicroelectronics</center></h2>
  76:../Libraries/STM32F0xx_StdPeriph_Driver/src/stm32f0xx_cec.c ****   *
  77:../Libraries/STM32F0xx_StdPeriph_Driver/src/stm32f0xx_cec.c ****   * Licensed under MCD-ST Liberty SW License Agreement V2, (the "License");
  78:../Libraries/STM32F0xx_StdPeriph_Driver/src/stm32f0xx_cec.c ****   * You may not use this file except in compliance with the License.
  79:../Libraries/STM32F0xx_StdPeriph_Driver/src/stm32f0xx_cec.c ****   * You may obtain a copy of the License at:
  80:../Libraries/STM32F0xx_StdPeriph_Driver/src/stm32f0xx_cec.c ****   *
  81:../Libraries/STM32F0xx_StdPeriph_Driver/src/stm32f0xx_cec.c ****   *        http://www.st.com/software_license_agreement_liberty_v2
  82:../Libraries/STM32F0xx_StdPeriph_Driver/src/stm32f0xx_cec.c ****   *
  83:../Libraries/STM32F0xx_StdPeriph_Driver/src/stm32f0xx_cec.c ****   * Unless required by applicable law or agreed to in writing, software 
  84:../Libraries/STM32F0xx_StdPeriph_Driver/src/stm32f0xx_cec.c ****   * distributed under the License is distributed on an "AS IS" BASIS, 
  85:../Libraries/STM32F0xx_StdPeriph_Driver/src/stm32f0xx_cec.c ****   * WITHOUT WARRANTIES OR CONDITIONS OF ANY KIND, either express or implied.
  86:../Libraries/STM32F0xx_StdPeriph_Driver/src/stm32f0xx_cec.c ****   * See the License for the specific language governing permissions and
  87:../Libraries/STM32F0xx_StdPeriph_Driver/src/stm32f0xx_cec.c ****   * limitations under the License.
  88:../Libraries/STM32F0xx_StdPeriph_Driver/src/stm32f0xx_cec.c ****   *
  89:../Libraries/STM32F0xx_StdPeriph_Driver/src/stm32f0xx_cec.c ****   ******************************************************************************
  90:../Libraries/STM32F0xx_StdPeriph_Driver/src/stm32f0xx_cec.c ****   */
  91:../Libraries/STM32F0xx_StdPeriph_Driver/src/stm32f0xx_cec.c **** 
  92:../Libraries/STM32F0xx_StdPeriph_Driver/src/stm32f0xx_cec.c **** /* Includes ------------------------------------------------------------------*/
  93:../Libraries/STM32F0xx_StdPeriph_Driver/src/stm32f0xx_cec.c **** #include "stm32f0xx_cec.h"
  94:../Libraries/STM32F0xx_StdPeriph_Driver/src/stm32f0xx_cec.c **** #include "stm32f0xx_rcc.h"
  95:../Libraries/STM32F0xx_StdPeriph_Driver/src/stm32f0xx_cec.c **** 
  96:../Libraries/STM32F0xx_StdPeriph_Driver/src/stm32f0xx_cec.c **** /** @addtogroup STM32F0xx_StdPeriph_Driver
  97:../Libraries/STM32F0xx_StdPeriph_Driver/src/stm32f0xx_cec.c ****   * @{
  98:../Libraries/STM32F0xx_StdPeriph_Driver/src/stm32f0xx_cec.c ****   */
  99:../Libraries/STM32F0xx_StdPeriph_Driver/src/stm32f0xx_cec.c **** 
 100:../Libraries/STM32F0xx_StdPeriph_Driver/src/stm32f0xx_cec.c **** /** @defgroup CEC 
 101:../Libraries/STM32F0xx_StdPeriph_Driver/src/stm32f0xx_cec.c ****   * @brief CEC driver modules
 102:../Libraries/STM32F0xx_StdPeriph_Driver/src/stm32f0xx_cec.c ****   * @{
 103:../Libraries/STM32F0xx_StdPeriph_Driver/src/stm32f0xx_cec.c ****   */
 104:../Libraries/STM32F0xx_StdPeriph_Driver/src/stm32f0xx_cec.c **** 
 105:../Libraries/STM32F0xx_StdPeriph_Driver/src/stm32f0xx_cec.c **** /* Private typedef -----------------------------------------------------------*/
 106:../Libraries/STM32F0xx_StdPeriph_Driver/src/stm32f0xx_cec.c **** /* Private define ------------------------------------------------------------*/
 107:../Libraries/STM32F0xx_StdPeriph_Driver/src/stm32f0xx_cec.c **** #define BROADCAST_ADDRESS      ((uint32_t)0x0000F)
 108:../Libraries/STM32F0xx_StdPeriph_Driver/src/stm32f0xx_cec.c **** #define CFGR_CLEAR_MASK        ((uint32_t)0x7000FE00)   /* CFGR register Mask */
 109:../Libraries/STM32F0xx_StdPeriph_Driver/src/stm32f0xx_cec.c **** 
 110:../Libraries/STM32F0xx_StdPeriph_Driver/src/stm32f0xx_cec.c **** /* Private macro -------------------------------------------------------------*/
 111:../Libraries/STM32F0xx_StdPeriph_Driver/src/stm32f0xx_cec.c **** /* Private variables ---------------------------------------------------------*/
 112:../Libraries/STM32F0xx_StdPeriph_Driver/src/stm32f0xx_cec.c **** /* Private function prototypes -----------------------------------------------*/
 113:../Libraries/STM32F0xx_StdPeriph_Driver/src/stm32f0xx_cec.c **** /* Private functions ---------------------------------------------------------*/
 114:../Libraries/STM32F0xx_StdPeriph_Driver/src/stm32f0xx_cec.c **** 
 115:../Libraries/STM32F0xx_StdPeriph_Driver/src/stm32f0xx_cec.c **** /** @defgroup CEC_Private_Functions 
 116:../Libraries/STM32F0xx_StdPeriph_Driver/src/stm32f0xx_cec.c ****   * @{
 117:../Libraries/STM32F0xx_StdPeriph_Driver/src/stm32f0xx_cec.c ****   */
 118:../Libraries/STM32F0xx_StdPeriph_Driver/src/stm32f0xx_cec.c **** 
 119:../Libraries/STM32F0xx_StdPeriph_Driver/src/stm32f0xx_cec.c **** /** @defgroup CEC_Group1 Initialization and Configuration functions
 120:../Libraries/STM32F0xx_StdPeriph_Driver/src/stm32f0xx_cec.c ****  *  @brief   Initialization and Configuration functions
 121:../Libraries/STM32F0xx_StdPeriph_Driver/src/stm32f0xx_cec.c ****  *
 122:../Libraries/STM32F0xx_StdPeriph_Driver/src/stm32f0xx_cec.c **** @verbatim  
 123:../Libraries/STM32F0xx_StdPeriph_Driver/src/stm32f0xx_cec.c ****  ===============================================================================
 124:../Libraries/STM32F0xx_StdPeriph_Driver/src/stm32f0xx_cec.c ****                             ##### Initialization and Configuration functions #####
 125:../Libraries/STM32F0xx_StdPeriph_Driver/src/stm32f0xx_cec.c ****  ===============================================================================
 126:../Libraries/STM32F0xx_StdPeriph_Driver/src/stm32f0xx_cec.c ****       [..] This section provides functions allowing to initialize:
 127:../Libraries/STM32F0xx_StdPeriph_Driver/src/stm32f0xx_cec.c ****             (+) CEC own addresses
 128:../Libraries/STM32F0xx_StdPeriph_Driver/src/stm32f0xx_cec.c ****             (+) CEC Signal Free Time
 129:../Libraries/STM32F0xx_StdPeriph_Driver/src/stm32f0xx_cec.c ****             (+) CEC Rx Tolerance
 130:../Libraries/STM32F0xx_StdPeriph_Driver/src/stm32f0xx_cec.c ****             (+) CEC Stop Reception
 131:../Libraries/STM32F0xx_StdPeriph_Driver/src/stm32f0xx_cec.c ****             (+) CEC Bit Rising Error
 132:../Libraries/STM32F0xx_StdPeriph_Driver/src/stm32f0xx_cec.c ****             (+) CEC Long Bit Period Error
 133:../Libraries/STM32F0xx_StdPeriph_Driver/src/stm32f0xx_cec.c ****       [..] This section provides also a function to configure the CEC peripheral in Listen Mode.
 134:../Libraries/STM32F0xx_StdPeriph_Driver/src/stm32f0xx_cec.c ****            Messages addressed to different destination can be received when Listen mode is 
 135:../Libraries/STM32F0xx_StdPeriph_Driver/src/stm32f0xx_cec.c ****            enabled without interfering with CEC bus.
 136:../Libraries/STM32F0xx_StdPeriph_Driver/src/stm32f0xx_cec.c **** @endverbatim
 137:../Libraries/STM32F0xx_StdPeriph_Driver/src/stm32f0xx_cec.c ****   * @{
 138:../Libraries/STM32F0xx_StdPeriph_Driver/src/stm32f0xx_cec.c ****   */
 139:../Libraries/STM32F0xx_StdPeriph_Driver/src/stm32f0xx_cec.c **** 
 140:../Libraries/STM32F0xx_StdPeriph_Driver/src/stm32f0xx_cec.c **** /**
 141:../Libraries/STM32F0xx_StdPeriph_Driver/src/stm32f0xx_cec.c ****   * @brief  Deinitializes the CEC peripheral registers to their default reset values.
 142:../Libraries/STM32F0xx_StdPeriph_Driver/src/stm32f0xx_cec.c ****   * @param  None
 143:../Libraries/STM32F0xx_StdPeriph_Driver/src/stm32f0xx_cec.c ****   * @retval None
 144:../Libraries/STM32F0xx_StdPeriph_Driver/src/stm32f0xx_cec.c ****   */
 145:../Libraries/STM32F0xx_StdPeriph_Driver/src/stm32f0xx_cec.c **** void CEC_DeInit(void)
 146:../Libraries/STM32F0xx_StdPeriph_Driver/src/stm32f0xx_cec.c **** {
  26              		.loc 1 146 0
  27              		.cfi_startproc
  28 0000 10B5     		push	{r4, lr}
  29              	.LCFI0:
  30              		.cfi_def_cfa_offset 8
  31              		.cfi_offset 4, -8
  32              		.cfi_offset 14, -4
 147:../Libraries/STM32F0xx_StdPeriph_Driver/src/stm32f0xx_cec.c ****   RCC_APB1PeriphResetCmd(RCC_APB1Periph_CEC, ENABLE);
  33              		.loc 1 147 0
  34 0002 8024     		mov	r4, #128
  35 0004 E405     		lsl	r4, r4, #23
  36 0006 201C     		mov	r0, r4
  37 0008 0121     		mov	r1, #1
  38 000a FFF7FEFF 		bl	RCC_APB1PeriphResetCmd
  39              	.LVL0:
 148:../Libraries/STM32F0xx_StdPeriph_Driver/src/stm32f0xx_cec.c ****   RCC_APB1PeriphResetCmd(RCC_APB1Periph_CEC, DISABLE);
  40              		.loc 1 148 0
  41 000e 201C     		mov	r0, r4
  42 0010 0021     		mov	r1, #0
  43 0012 FFF7FEFF 		bl	RCC_APB1PeriphResetCmd
  44              	.LVL1:
 149:../Libraries/STM32F0xx_StdPeriph_Driver/src/stm32f0xx_cec.c **** }
  45              		.loc 1 149 0
  46              		@ sp needed for prologue
  47 0016 10BD     		pop	{r4, pc}
  48              		.cfi_endproc
  49              	.LFE33:
  51              		.section	.text.CEC_Init,"ax",%progbits
  52              		.align	1
  53              		.global	CEC_Init
  54              		.code	16
  55              		.thumb_func
  57              	CEC_Init:
  58              	.LFB34:
 150:../Libraries/STM32F0xx_StdPeriph_Driver/src/stm32f0xx_cec.c **** 
 151:../Libraries/STM32F0xx_StdPeriph_Driver/src/stm32f0xx_cec.c **** /**
 152:../Libraries/STM32F0xx_StdPeriph_Driver/src/stm32f0xx_cec.c ****   * @brief  Initializes the CEC peripheral according to the specified parameters
 153:../Libraries/STM32F0xx_StdPeriph_Driver/src/stm32f0xx_cec.c ****   *         in the CEC_InitStruct.
 154:../Libraries/STM32F0xx_StdPeriph_Driver/src/stm32f0xx_cec.c ****   * @note   The CEC parameters must be configured before enabling the CEC peripheral.
 155:../Libraries/STM32F0xx_StdPeriph_Driver/src/stm32f0xx_cec.c ****   * @param  CEC_InitStruct: pointer to an CEC_InitTypeDef structure that contains
 156:../Libraries/STM32F0xx_StdPeriph_Driver/src/stm32f0xx_cec.c ****   *         the configuration information for the specified CEC peripheral.
 157:../Libraries/STM32F0xx_StdPeriph_Driver/src/stm32f0xx_cec.c ****   * @retval None
 158:../Libraries/STM32F0xx_StdPeriph_Driver/src/stm32f0xx_cec.c ****   */
 159:../Libraries/STM32F0xx_StdPeriph_Driver/src/stm32f0xx_cec.c **** void CEC_Init(CEC_InitTypeDef* CEC_InitStruct)
 160:../Libraries/STM32F0xx_StdPeriph_Driver/src/stm32f0xx_cec.c **** {
  59              		.loc 1 160 0
  60              		.cfi_startproc
  61              	.LVL2:
 161:../Libraries/STM32F0xx_StdPeriph_Driver/src/stm32f0xx_cec.c ****   uint32_t tmpreg = 0;
 162:../Libraries/STM32F0xx_StdPeriph_Driver/src/stm32f0xx_cec.c **** 
 163:../Libraries/STM32F0xx_StdPeriph_Driver/src/stm32f0xx_cec.c ****   /* Check the parameters */
 164:../Libraries/STM32F0xx_StdPeriph_Driver/src/stm32f0xx_cec.c ****   assert_param(IS_CEC_SIGNAL_FREE_TIME(CEC_InitStruct->CEC_SignalFreeTime));
 165:../Libraries/STM32F0xx_StdPeriph_Driver/src/stm32f0xx_cec.c ****   assert_param(IS_CEC_RX_TOLERANCE(CEC_InitStruct->CEC_RxTolerance));
 166:../Libraries/STM32F0xx_StdPeriph_Driver/src/stm32f0xx_cec.c ****   assert_param(IS_CEC_STOP_RECEPTION(CEC_InitStruct->CEC_StopReception));
 167:../Libraries/STM32F0xx_StdPeriph_Driver/src/stm32f0xx_cec.c ****   assert_param(IS_CEC_BIT_RISING_ERROR(CEC_InitStruct->CEC_BitRisingError));
 168:../Libraries/STM32F0xx_StdPeriph_Driver/src/stm32f0xx_cec.c ****   assert_param(IS_CEC_LONG_BIT_PERIOD_ERROR(CEC_InitStruct->CEC_LongBitPeriodError));
 169:../Libraries/STM32F0xx_StdPeriph_Driver/src/stm32f0xx_cec.c ****   assert_param(IS_CEC_BDR_NO_GEN_ERROR(CEC_InitStruct->CEC_BRDNoGen));
 170:../Libraries/STM32F0xx_StdPeriph_Driver/src/stm32f0xx_cec.c ****   assert_param(IS_CEC_SFT_OPTION(CEC_InitStruct->CEC_SFTOption));
 171:../Libraries/STM32F0xx_StdPeriph_Driver/src/stm32f0xx_cec.c **** 
 172:../Libraries/STM32F0xx_StdPeriph_Driver/src/stm32f0xx_cec.c ****   /* Get the CEC CFGR value */
 173:../Libraries/STM32F0xx_StdPeriph_Driver/src/stm32f0xx_cec.c ****   tmpreg = CEC->CFGR;
  62              		.loc 1 173 0
  63 0000 0A4B     		ldr	r3, .L3
 174:../Libraries/STM32F0xx_StdPeriph_Driver/src/stm32f0xx_cec.c **** 
 175:../Libraries/STM32F0xx_StdPeriph_Driver/src/stm32f0xx_cec.c ****   /* Clear CFGR bits */
 176:../Libraries/STM32F0xx_StdPeriph_Driver/src/stm32f0xx_cec.c ****   tmpreg &= CFGR_CLEAR_MASK;
  64              		.loc 1 176 0
  65 0002 0B4A     		ldr	r2, .L3+4
 173:../Libraries/STM32F0xx_StdPeriph_Driver/src/stm32f0xx_cec.c ****   tmpreg = CEC->CFGR;
  66              		.loc 1 173 0
  67 0004 5968     		ldr	r1, [r3, #4]
  68              	.LVL3:
 160:../Libraries/STM32F0xx_StdPeriph_Driver/src/stm32f0xx_cec.c **** {
  69              		.loc 1 160 0
  70 0006 10B5     		push	{r4, lr}
  71              	.LCFI1:
  72              		.cfi_def_cfa_offset 8
  73              		.cfi_offset 4, -8
  74              		.cfi_offset 14, -4
  75              		.loc 1 176 0
  76 0008 1140     		and	r1, r2
  77              	.LVL4:
 177:../Libraries/STM32F0xx_StdPeriph_Driver/src/stm32f0xx_cec.c **** 
 178:../Libraries/STM32F0xx_StdPeriph_Driver/src/stm32f0xx_cec.c ****   /* Configure the CEC peripheral */
 179:../Libraries/STM32F0xx_StdPeriph_Driver/src/stm32f0xx_cec.c ****   tmpreg |= (CEC_InitStruct->CEC_SignalFreeTime | CEC_InitStruct->CEC_RxTolerance |
  78              		.loc 1 179 0
  79 000a 0468     		ldr	r4, [r0]
  80 000c 4268     		ldr	r2, [r0, #4]
 180:../Libraries/STM32F0xx_StdPeriph_Driver/src/stm32f0xx_cec.c ****              CEC_InitStruct->CEC_StopReception  | CEC_InitStruct->CEC_BitRisingError |
 181:../Libraries/STM32F0xx_StdPeriph_Driver/src/stm32f0xx_cec.c ****              CEC_InitStruct->CEC_LongBitPeriodError| CEC_InitStruct->CEC_BRDNoGen |
 182:../Libraries/STM32F0xx_StdPeriph_Driver/src/stm32f0xx_cec.c ****              CEC_InitStruct->CEC_SFTOption);
 183:../Libraries/STM32F0xx_StdPeriph_Driver/src/stm32f0xx_cec.c **** 
 184:../Libraries/STM32F0xx_StdPeriph_Driver/src/stm32f0xx_cec.c ****   /* Write to CEC CFGR  register */
 185:../Libraries/STM32F0xx_StdPeriph_Driver/src/stm32f0xx_cec.c ****   CEC->CFGR = tmpreg;
 186:../Libraries/STM32F0xx_StdPeriph_Driver/src/stm32f0xx_cec.c **** }
  81              		.loc 1 186 0
  82              		@ sp needed for prologue
 179:../Libraries/STM32F0xx_StdPeriph_Driver/src/stm32f0xx_cec.c ****   tmpreg |= (CEC_InitStruct->CEC_SignalFreeTime | CEC_InitStruct->CEC_RxTolerance |
  83              		.loc 1 179 0
  84 000e 2243     		orr	r2, r4
  85 0010 8468     		ldr	r4, [r0, #8]
  86 0012 2243     		orr	r2, r4
 180:../Libraries/STM32F0xx_StdPeriph_Driver/src/stm32f0xx_cec.c ****              CEC_InitStruct->CEC_StopReception  | CEC_InitStruct->CEC_BitRisingError |
  87              		.loc 1 180 0
  88 0014 C468     		ldr	r4, [r0, #12]
  89 0016 2243     		orr	r2, r4
  90 0018 0469     		ldr	r4, [r0, #16]
  91 001a 2243     		orr	r2, r4
 181:../Libraries/STM32F0xx_StdPeriph_Driver/src/stm32f0xx_cec.c ****              CEC_InitStruct->CEC_LongBitPeriodError| CEC_InitStruct->CEC_BRDNoGen |
  92              		.loc 1 181 0
  93 001c 4469     		ldr	r4, [r0, #20]
  94 001e 8069     		ldr	r0, [r0, #24]
  95              	.LVL5:
  96 0020 2243     		orr	r2, r4
  97 0022 0243     		orr	r2, r0
 179:../Libraries/STM32F0xx_StdPeriph_Driver/src/stm32f0xx_cec.c ****   tmpreg |= (CEC_InitStruct->CEC_SignalFreeTime | CEC_InitStruct->CEC_RxTolerance |
  98              		.loc 1 179 0
  99 0024 0A43     		orr	r2, r1
 100              	.LVL6:
 185:../Libraries/STM32F0xx_StdPeriph_Driver/src/stm32f0xx_cec.c ****   CEC->CFGR = tmpreg;
 101              		.loc 1 185 0
 102 0026 5A60     		str	r2, [r3, #4]
 103              		.loc 1 186 0
 104 0028 10BD     		pop	{r4, pc}
 105              	.L4:
 106 002a C046     		.align	2
 107              	.L3:
 108 002c 00780040 		.word	1073772544
 109 0030 00FE0070 		.word	1879113216
 110              		.cfi_endproc
 111              	.LFE34:
 113              		.section	.text.CEC_StructInit,"ax",%progbits
 114              		.align	1
 115              		.global	CEC_StructInit
 116              		.code	16
 117              		.thumb_func
 119              	CEC_StructInit:
 120              	.LFB35:
 187:../Libraries/STM32F0xx_StdPeriph_Driver/src/stm32f0xx_cec.c **** 
 188:../Libraries/STM32F0xx_StdPeriph_Driver/src/stm32f0xx_cec.c **** /**
 189:../Libraries/STM32F0xx_StdPeriph_Driver/src/stm32f0xx_cec.c ****   * @brief  Fills each CEC_InitStruct member with its default value.
 190:../Libraries/STM32F0xx_StdPeriph_Driver/src/stm32f0xx_cec.c ****   * @param  CEC_InitStruct: pointer to a CEC_InitTypeDef structure which will 
 191:../Libraries/STM32F0xx_StdPeriph_Driver/src/stm32f0xx_cec.c ****   *         be initialized.
 192:../Libraries/STM32F0xx_StdPeriph_Driver/src/stm32f0xx_cec.c ****   * @retval None
 193:../Libraries/STM32F0xx_StdPeriph_Driver/src/stm32f0xx_cec.c ****   */
 194:../Libraries/STM32F0xx_StdPeriph_Driver/src/stm32f0xx_cec.c **** void CEC_StructInit(CEC_InitTypeDef* CEC_InitStruct)
 195:../Libraries/STM32F0xx_StdPeriph_Driver/src/stm32f0xx_cec.c **** {
 121              		.loc 1 195 0
 122              		.cfi_startproc
 123              	.LVL7:
 196:../Libraries/STM32F0xx_StdPeriph_Driver/src/stm32f0xx_cec.c ****   CEC_InitStruct->CEC_SignalFreeTime = CEC_SignalFreeTime_Standard;
 124              		.loc 1 196 0
 125 0000 0023     		mov	r3, #0
 126 0002 0360     		str	r3, [r0]
 197:../Libraries/STM32F0xx_StdPeriph_Driver/src/stm32f0xx_cec.c ****   CEC_InitStruct->CEC_RxTolerance = CEC_RxTolerance_Standard;
 127              		.loc 1 197 0
 128 0004 4360     		str	r3, [r0, #4]
 198:../Libraries/STM32F0xx_StdPeriph_Driver/src/stm32f0xx_cec.c ****   CEC_InitStruct->CEC_StopReception = CEC_StopReception_Off;
 129              		.loc 1 198 0
 130 0006 8360     		str	r3, [r0, #8]
 199:../Libraries/STM32F0xx_StdPeriph_Driver/src/stm32f0xx_cec.c ****   CEC_InitStruct->CEC_BitRisingError = CEC_BitRisingError_Off;
 131              		.loc 1 199 0
 132 0008 C360     		str	r3, [r0, #12]
 200:../Libraries/STM32F0xx_StdPeriph_Driver/src/stm32f0xx_cec.c ****   CEC_InitStruct->CEC_LongBitPeriodError = CEC_LongBitPeriodError_Off;
 133              		.loc 1 200 0
 134 000a 0361     		str	r3, [r0, #16]
 201:../Libraries/STM32F0xx_StdPeriph_Driver/src/stm32f0xx_cec.c ****   CEC_InitStruct->CEC_BRDNoGen = CEC_BRDNoGen_Off;
 135              		.loc 1 201 0
 136 000c 4361     		str	r3, [r0, #20]
 202:../Libraries/STM32F0xx_StdPeriph_Driver/src/stm32f0xx_cec.c ****   CEC_InitStruct->CEC_SFTOption = CEC_SFTOption_Off;
 137              		.loc 1 202 0
 138 000e 8361     		str	r3, [r0, #24]
 203:../Libraries/STM32F0xx_StdPeriph_Driver/src/stm32f0xx_cec.c **** }
 139              		.loc 1 203 0
 140              		@ sp needed for prologue
 141 0010 7047     		bx	lr
 142              		.cfi_endproc
 143              	.LFE35:
 145              		.section	.text.CEC_Cmd,"ax",%progbits
 146              		.align	1
 147              		.global	CEC_Cmd
 148              		.code	16
 149              		.thumb_func
 151              	CEC_Cmd:
 152              	.LFB36:
 204:../Libraries/STM32F0xx_StdPeriph_Driver/src/stm32f0xx_cec.c **** 
 205:../Libraries/STM32F0xx_StdPeriph_Driver/src/stm32f0xx_cec.c **** /**
 206:../Libraries/STM32F0xx_StdPeriph_Driver/src/stm32f0xx_cec.c ****   * @brief  Enables or disables the CEC peripheral.
 207:../Libraries/STM32F0xx_StdPeriph_Driver/src/stm32f0xx_cec.c ****   * @param  NewState: new state of the CEC peripheral.
 208:../Libraries/STM32F0xx_StdPeriph_Driver/src/stm32f0xx_cec.c ****   *          This parameter can be: ENABLE or DISABLE.
 209:../Libraries/STM32F0xx_StdPeriph_Driver/src/stm32f0xx_cec.c ****   * @retval None
 210:../Libraries/STM32F0xx_StdPeriph_Driver/src/stm32f0xx_cec.c ****   */
 211:../Libraries/STM32F0xx_StdPeriph_Driver/src/stm32f0xx_cec.c **** void CEC_Cmd(FunctionalState NewState)
 212:../Libraries/STM32F0xx_StdPeriph_Driver/src/stm32f0xx_cec.c **** {
 153              		.loc 1 212 0
 154              		.cfi_startproc
 155              	.LVL8:
 156 0000 054B     		ldr	r3, .L10
 157 0002 00B5     		push	{lr}
 158              	.LCFI2:
 159              		.cfi_def_cfa_offset 4
 160              		.cfi_offset 14, -4
 161 0004 0122     		mov	r2, #1
 213:../Libraries/STM32F0xx_StdPeriph_Driver/src/stm32f0xx_cec.c ****   assert_param(IS_FUNCTIONAL_STATE(NewState));
 214:../Libraries/STM32F0xx_StdPeriph_Driver/src/stm32f0xx_cec.c **** 
 215:../Libraries/STM32F0xx_StdPeriph_Driver/src/stm32f0xx_cec.c ****   if (NewState != DISABLE)
 216:../Libraries/STM32F0xx_StdPeriph_Driver/src/stm32f0xx_cec.c ****   {
 217:../Libraries/STM32F0xx_StdPeriph_Driver/src/stm32f0xx_cec.c ****     /* Enable the CEC peripheral */
 218:../Libraries/STM32F0xx_StdPeriph_Driver/src/stm32f0xx_cec.c ****     CEC->CR |= CEC_CR_CECEN;
 162              		.loc 1 218 0
 163 0006 1968     		ldr	r1, [r3]
 215:../Libraries/STM32F0xx_StdPeriph_Driver/src/stm32f0xx_cec.c ****   if (NewState != DISABLE)
 164              		.loc 1 215 0
 165 0008 0028     		cmp	r0, #0
 166 000a 01D0     		beq	.L7
 167              		.loc 1 218 0
 168 000c 0A43     		orr	r2, r1
 169 000e 01E0     		b	.L9
 170              	.L7:
 219:../Libraries/STM32F0xx_StdPeriph_Driver/src/stm32f0xx_cec.c ****   }
 220:../Libraries/STM32F0xx_StdPeriph_Driver/src/stm32f0xx_cec.c ****   else
 221:../Libraries/STM32F0xx_StdPeriph_Driver/src/stm32f0xx_cec.c ****   {
 222:../Libraries/STM32F0xx_StdPeriph_Driver/src/stm32f0xx_cec.c ****     /* Disable the CEC peripheral */
 223:../Libraries/STM32F0xx_StdPeriph_Driver/src/stm32f0xx_cec.c ****     CEC->CR &= ~CEC_CR_CECEN;
 171              		.loc 1 223 0
 172 0010 9143     		bic	r1, r2
 173 0012 0A1C     		mov	r2, r1
 174              	.L9:
 175 0014 1A60     		str	r2, [r3]
 224:../Libraries/STM32F0xx_StdPeriph_Driver/src/stm32f0xx_cec.c ****   }
 225:../Libraries/STM32F0xx_StdPeriph_Driver/src/stm32f0xx_cec.c **** }
 176              		.loc 1 225 0
 177              		@ sp needed for prologue
 178 0016 00BD     		pop	{pc}
 179              	.L11:
 180              		.align	2
 181              	.L10:
 182 0018 00780040 		.word	1073772544
 183              		.cfi_endproc
 184              	.LFE36:
 186              		.section	.text.CEC_ListenModeCmd,"ax",%progbits
 187              		.align	1
 188              		.global	CEC_ListenModeCmd
 189              		.code	16
 190              		.thumb_func
 192              	CEC_ListenModeCmd:
 193              	.LFB37:
 226:../Libraries/STM32F0xx_StdPeriph_Driver/src/stm32f0xx_cec.c **** 
 227:../Libraries/STM32F0xx_StdPeriph_Driver/src/stm32f0xx_cec.c **** /**
 228:../Libraries/STM32F0xx_StdPeriph_Driver/src/stm32f0xx_cec.c ****   * @brief  Enables or disables the CEC Listen Mode.
 229:../Libraries/STM32F0xx_StdPeriph_Driver/src/stm32f0xx_cec.c ****   * @param  NewState: new state of the Listen Mode.
 230:../Libraries/STM32F0xx_StdPeriph_Driver/src/stm32f0xx_cec.c ****   *          This parameter can be: ENABLE or DISABLE.
 231:../Libraries/STM32F0xx_StdPeriph_Driver/src/stm32f0xx_cec.c ****   * @retval None
 232:../Libraries/STM32F0xx_StdPeriph_Driver/src/stm32f0xx_cec.c ****   */
 233:../Libraries/STM32F0xx_StdPeriph_Driver/src/stm32f0xx_cec.c **** void CEC_ListenModeCmd(FunctionalState NewState)
 234:../Libraries/STM32F0xx_StdPeriph_Driver/src/stm32f0xx_cec.c **** {
 194              		.loc 1 234 0
 195              		.cfi_startproc
 196              	.LVL9:
 197 0000 00B5     		push	{lr}
 198              	.LCFI3:
 199              		.cfi_def_cfa_offset 4
 200              		.cfi_offset 14, -4
 201 0002 064B     		ldr	r3, .L16
 235:../Libraries/STM32F0xx_StdPeriph_Driver/src/stm32f0xx_cec.c ****   assert_param(IS_FUNCTIONAL_STATE(NewState));
 236:../Libraries/STM32F0xx_StdPeriph_Driver/src/stm32f0xx_cec.c **** 
 237:../Libraries/STM32F0xx_StdPeriph_Driver/src/stm32f0xx_cec.c ****   if (NewState != DISABLE)
 202              		.loc 1 237 0
 203 0004 0028     		cmp	r0, #0
 204 0006 04D0     		beq	.L13
 238:../Libraries/STM32F0xx_StdPeriph_Driver/src/stm32f0xx_cec.c ****   {
 239:../Libraries/STM32F0xx_StdPeriph_Driver/src/stm32f0xx_cec.c ****     /* Enable the Listen Mode */
 240:../Libraries/STM32F0xx_StdPeriph_Driver/src/stm32f0xx_cec.c ****     CEC->CFGR |= CEC_CFGR_LSTN;
 205              		.loc 1 240 0
 206 0008 5968     		ldr	r1, [r3, #4]
 207 000a 8022     		mov	r2, #128
 208 000c 1206     		lsl	r2, r2, #24
 209 000e 0A43     		orr	r2, r1
 210 0010 02E0     		b	.L15
 211              	.L13:
 241:../Libraries/STM32F0xx_StdPeriph_Driver/src/stm32f0xx_cec.c ****   }
 242:../Libraries/STM32F0xx_StdPeriph_Driver/src/stm32f0xx_cec.c ****   else
 243:../Libraries/STM32F0xx_StdPeriph_Driver/src/stm32f0xx_cec.c ****   {
 244:../Libraries/STM32F0xx_StdPeriph_Driver/src/stm32f0xx_cec.c ****     /* Disable the Listen Mode */
 245:../Libraries/STM32F0xx_StdPeriph_Driver/src/stm32f0xx_cec.c ****     CEC->CFGR &= ~CEC_CFGR_LSTN;
 212              		.loc 1 245 0
 213 0012 5A68     		ldr	r2, [r3, #4]
 214 0014 5200     		lsl	r2, r2, #1
 215 0016 5208     		lsr	r2, r2, #1
 216              	.L15:
 217 0018 5A60     		str	r2, [r3, #4]
 246:../Libraries/STM32F0xx_StdPeriph_Driver/src/stm32f0xx_cec.c ****   }
 247:../Libraries/STM32F0xx_StdPeriph_Driver/src/stm32f0xx_cec.c **** }
 218              		.loc 1 247 0
 219              		@ sp needed for prologue
 220 001a 00BD     		pop	{pc}
 221              	.L17:
 222              		.align	2
 223              	.L16:
 224 001c 00780040 		.word	1073772544
 225              		.cfi_endproc
 226              	.LFE37:
 228              		.section	.text.CEC_OwnAddressConfig,"ax",%progbits
 229              		.align	1
 230              		.global	CEC_OwnAddressConfig
 231              		.code	16
 232              		.thumb_func
 234              	CEC_OwnAddressConfig:
 235              	.LFB38:
 248:../Libraries/STM32F0xx_StdPeriph_Driver/src/stm32f0xx_cec.c **** 
 249:../Libraries/STM32F0xx_StdPeriph_Driver/src/stm32f0xx_cec.c **** /**
 250:../Libraries/STM32F0xx_StdPeriph_Driver/src/stm32f0xx_cec.c ****   * @brief  Defines the Own Address of the CEC device.
 251:../Libraries/STM32F0xx_StdPeriph_Driver/src/stm32f0xx_cec.c ****   * @param  CEC_OwnAddress: The CEC own address.
 252:../Libraries/STM32F0xx_StdPeriph_Driver/src/stm32f0xx_cec.c ****   * @retval None
 253:../Libraries/STM32F0xx_StdPeriph_Driver/src/stm32f0xx_cec.c ****   */
 254:../Libraries/STM32F0xx_StdPeriph_Driver/src/stm32f0xx_cec.c **** void CEC_OwnAddressConfig(uint8_t CEC_OwnAddress)
 255:../Libraries/STM32F0xx_StdPeriph_Driver/src/stm32f0xx_cec.c **** {
 236              		.loc 1 255 0
 237              		.cfi_startproc
 238              	.LVL10:
 256:../Libraries/STM32F0xx_StdPeriph_Driver/src/stm32f0xx_cec.c ****   uint32_t tmp =0x00;
 257:../Libraries/STM32F0xx_StdPeriph_Driver/src/stm32f0xx_cec.c ****   /* Check the parameters */
 258:../Libraries/STM32F0xx_StdPeriph_Driver/src/stm32f0xx_cec.c ****   assert_param(IS_CEC_ADDRESS(CEC_OwnAddress));
 259:../Libraries/STM32F0xx_StdPeriph_Driver/src/stm32f0xx_cec.c ****   tmp = 1 <<(CEC_OwnAddress + 16);
 260:../Libraries/STM32F0xx_StdPeriph_Driver/src/stm32f0xx_cec.c ****   /* Set the CEC own address */
 261:../Libraries/STM32F0xx_StdPeriph_Driver/src/stm32f0xx_cec.c ****   CEC->CFGR |= tmp;
 239              		.loc 1 261 0
 240 0000 044B     		ldr	r3, .L19
 259:../Libraries/STM32F0xx_StdPeriph_Driver/src/stm32f0xx_cec.c ****   tmp = 1 <<(CEC_OwnAddress + 16);
 241              		.loc 1 259 0
 242 0002 1030     		add	r0, r0, #16
 243              	.LVL11:
 244 0004 0121     		mov	r1, #1
 245              		.loc 1 261 0
 246 0006 5A68     		ldr	r2, [r3, #4]
 259:../Libraries/STM32F0xx_StdPeriph_Driver/src/stm32f0xx_cec.c ****   tmp = 1 <<(CEC_OwnAddress + 16);
 247              		.loc 1 259 0
 248 0008 8140     		lsl	r1, r1, r0
 249 000a 081C     		mov	r0, r1
 250              	.LVL12:
 251              		.loc 1 261 0
 252 000c 1043     		orr	r0, r2
 253 000e 5860     		str	r0, [r3, #4]
 262:../Libraries/STM32F0xx_StdPeriph_Driver/src/stm32f0xx_cec.c **** }
 254              		.loc 1 262 0
 255              		@ sp needed for prologue
 256 0010 7047     		bx	lr
 257              	.L20:
 258 0012 C046     		.align	2
 259              	.L19:
 260 0014 00780040 		.word	1073772544
 261              		.cfi_endproc
 262              	.LFE38:
 264              		.section	.text.CEC_OwnAddressClear,"ax",%progbits
 265              		.align	1
 266              		.global	CEC_OwnAddressClear
 267              		.code	16
 268              		.thumb_func
 270              	CEC_OwnAddressClear:
 271              	.LFB39:
 263:../Libraries/STM32F0xx_StdPeriph_Driver/src/stm32f0xx_cec.c **** 
 264:../Libraries/STM32F0xx_StdPeriph_Driver/src/stm32f0xx_cec.c **** /**
 265:../Libraries/STM32F0xx_StdPeriph_Driver/src/stm32f0xx_cec.c ****   * @brief  Clears the Own Address of the CEC device.
 266:../Libraries/STM32F0xx_StdPeriph_Driver/src/stm32f0xx_cec.c ****   * @param  CEC_OwnAddress: The CEC own address.
 267:../Libraries/STM32F0xx_StdPeriph_Driver/src/stm32f0xx_cec.c ****   * @retval None
 268:../Libraries/STM32F0xx_StdPeriph_Driver/src/stm32f0xx_cec.c ****   */
 269:../Libraries/STM32F0xx_StdPeriph_Driver/src/stm32f0xx_cec.c **** void CEC_OwnAddressClear(void)
 270:../Libraries/STM32F0xx_StdPeriph_Driver/src/stm32f0xx_cec.c **** {
 272              		.loc 1 270 0
 273              		.cfi_startproc
 271:../Libraries/STM32F0xx_StdPeriph_Driver/src/stm32f0xx_cec.c ****   /* Set the CEC own address */
 272:../Libraries/STM32F0xx_StdPeriph_Driver/src/stm32f0xx_cec.c ****   CEC->CFGR = 0x0;
 274              		.loc 1 272 0
 275 0000 014B     		ldr	r3, .L22
 276 0002 0022     		mov	r2, #0
 277 0004 5A60     		str	r2, [r3, #4]
 273:../Libraries/STM32F0xx_StdPeriph_Driver/src/stm32f0xx_cec.c **** }
 278              		.loc 1 273 0
 279              		@ sp needed for prologue
 280 0006 7047     		bx	lr
 281              	.L23:
 282              		.align	2
 283              	.L22:
 284 0008 00780040 		.word	1073772544
 285              		.cfi_endproc
 286              	.LFE39:
 288              		.section	.text.CEC_SendData,"ax",%progbits
 289              		.align	1
 290              		.global	CEC_SendData
 291              		.code	16
 292              		.thumb_func
 294              	CEC_SendData:
 295              	.LFB40:
 274:../Libraries/STM32F0xx_StdPeriph_Driver/src/stm32f0xx_cec.c **** 
 275:../Libraries/STM32F0xx_StdPeriph_Driver/src/stm32f0xx_cec.c **** /**
 276:../Libraries/STM32F0xx_StdPeriph_Driver/src/stm32f0xx_cec.c ****   * @}
 277:../Libraries/STM32F0xx_StdPeriph_Driver/src/stm32f0xx_cec.c ****   */
 278:../Libraries/STM32F0xx_StdPeriph_Driver/src/stm32f0xx_cec.c **** 
 279:../Libraries/STM32F0xx_StdPeriph_Driver/src/stm32f0xx_cec.c **** /** @defgroup CEC_Group2 Data transfers functions
 280:../Libraries/STM32F0xx_StdPeriph_Driver/src/stm32f0xx_cec.c ****  *  @brief    Data transfers functions
 281:../Libraries/STM32F0xx_StdPeriph_Driver/src/stm32f0xx_cec.c ****  *
 282:../Libraries/STM32F0xx_StdPeriph_Driver/src/stm32f0xx_cec.c **** @verbatim
 283:../Libraries/STM32F0xx_StdPeriph_Driver/src/stm32f0xx_cec.c ****  ===============================================================================
 284:../Libraries/STM32F0xx_StdPeriph_Driver/src/stm32f0xx_cec.c ****                             ##### Data transfers functions #####
 285:../Libraries/STM32F0xx_StdPeriph_Driver/src/stm32f0xx_cec.c ****  ===============================================================================
 286:../Libraries/STM32F0xx_StdPeriph_Driver/src/stm32f0xx_cec.c ****     [..] This section provides functions allowing the CEC data transfers.The read 
 287:../Libraries/STM32F0xx_StdPeriph_Driver/src/stm32f0xx_cec.c ****          access of the CEC_RXDR register can be done using the CEC_ReceiveData()function 
 288:../Libraries/STM32F0xx_StdPeriph_Driver/src/stm32f0xx_cec.c ****          and returns the Rx buffered value. Whereas a write access to the CEC_TXDR can be 
 289:../Libraries/STM32F0xx_StdPeriph_Driver/src/stm32f0xx_cec.c ****          done using CEC_SendData() function.
 290:../Libraries/STM32F0xx_StdPeriph_Driver/src/stm32f0xx_cec.c **** @endverbatim
 291:../Libraries/STM32F0xx_StdPeriph_Driver/src/stm32f0xx_cec.c ****   * @{
 292:../Libraries/STM32F0xx_StdPeriph_Driver/src/stm32f0xx_cec.c ****   */
 293:../Libraries/STM32F0xx_StdPeriph_Driver/src/stm32f0xx_cec.c **** 
 294:../Libraries/STM32F0xx_StdPeriph_Driver/src/stm32f0xx_cec.c **** /**
 295:../Libraries/STM32F0xx_StdPeriph_Driver/src/stm32f0xx_cec.c ****   * @brief  Transmits single data through the CEC peripheral.
 296:../Libraries/STM32F0xx_StdPeriph_Driver/src/stm32f0xx_cec.c ****   * @param  Data: the data to transmit.
 297:../Libraries/STM32F0xx_StdPeriph_Driver/src/stm32f0xx_cec.c ****   * @retval None
 298:../Libraries/STM32F0xx_StdPeriph_Driver/src/stm32f0xx_cec.c ****   */
 299:../Libraries/STM32F0xx_StdPeriph_Driver/src/stm32f0xx_cec.c **** void CEC_SendData(uint8_t Data)
 300:../Libraries/STM32F0xx_StdPeriph_Driver/src/stm32f0xx_cec.c **** {
 296              		.loc 1 300 0
 297              		.cfi_startproc
 298              	.LVL13:
 301:../Libraries/STM32F0xx_StdPeriph_Driver/src/stm32f0xx_cec.c ****   /* Transmit Data */
 302:../Libraries/STM32F0xx_StdPeriph_Driver/src/stm32f0xx_cec.c ****   CEC->TXDR = Data;
 299              		.loc 1 302 0
 300 0000 014B     		ldr	r3, .L25
 303:../Libraries/STM32F0xx_StdPeriph_Driver/src/stm32f0xx_cec.c **** }
 301              		.loc 1 303 0
 302              		@ sp needed for prologue
 302:../Libraries/STM32F0xx_StdPeriph_Driver/src/stm32f0xx_cec.c ****   CEC->TXDR = Data;
 303              		.loc 1 302 0
 304 0002 9860     		str	r0, [r3, #8]
 305              		.loc 1 303 0
 306 0004 7047     		bx	lr
 307              	.L26:
 308 0006 C046     		.align	2
 309              	.L25:
 310 0008 00780040 		.word	1073772544
 311              		.cfi_endproc
 312              	.LFE40:
 314              		.section	.text.CEC_ReceiveData,"ax",%progbits
 315              		.align	1
 316              		.global	CEC_ReceiveData
 317              		.code	16
 318              		.thumb_func
 320              	CEC_ReceiveData:
 321              	.LFB41:
 304:../Libraries/STM32F0xx_StdPeriph_Driver/src/stm32f0xx_cec.c **** 
 305:../Libraries/STM32F0xx_StdPeriph_Driver/src/stm32f0xx_cec.c **** /**
 306:../Libraries/STM32F0xx_StdPeriph_Driver/src/stm32f0xx_cec.c ****   * @brief  Returns the most recent received data by the CEC peripheral.
 307:../Libraries/STM32F0xx_StdPeriph_Driver/src/stm32f0xx_cec.c ****   * @param  None
 308:../Libraries/STM32F0xx_StdPeriph_Driver/src/stm32f0xx_cec.c ****   * @retval The received data.
 309:../Libraries/STM32F0xx_StdPeriph_Driver/src/stm32f0xx_cec.c ****   */
 310:../Libraries/STM32F0xx_StdPeriph_Driver/src/stm32f0xx_cec.c **** uint8_t CEC_ReceiveData(void)
 311:../Libraries/STM32F0xx_StdPeriph_Driver/src/stm32f0xx_cec.c **** {
 322              		.loc 1 311 0
 323              		.cfi_startproc
 312:../Libraries/STM32F0xx_StdPeriph_Driver/src/stm32f0xx_cec.c ****   /* Receive Data */
 313:../Libraries/STM32F0xx_StdPeriph_Driver/src/stm32f0xx_cec.c ****   return (uint8_t)(CEC->RXDR);
 324              		.loc 1 313 0
 325 0000 014B     		ldr	r3, .L28
 314:../Libraries/STM32F0xx_StdPeriph_Driver/src/stm32f0xx_cec.c **** }
 326              		.loc 1 314 0
 327              		@ sp needed for prologue
 313:../Libraries/STM32F0xx_StdPeriph_Driver/src/stm32f0xx_cec.c ****   return (uint8_t)(CEC->RXDR);
 328              		.loc 1 313 0
 329 0002 D868     		ldr	r0, [r3, #12]
 330 0004 C0B2     		uxtb	r0, r0
 331              		.loc 1 314 0
 332 0006 7047     		bx	lr
 333              	.L29:
 334              		.align	2
 335              	.L28:
 336 0008 00780040 		.word	1073772544
 337              		.cfi_endproc
 338              	.LFE41:
 340              		.section	.text.CEC_StartOfMessage,"ax",%progbits
 341              		.align	1
 342              		.global	CEC_StartOfMessage
 343              		.code	16
 344              		.thumb_func
 346              	CEC_StartOfMessage:
 347              	.LFB42:
 315:../Libraries/STM32F0xx_StdPeriph_Driver/src/stm32f0xx_cec.c **** 
 316:../Libraries/STM32F0xx_StdPeriph_Driver/src/stm32f0xx_cec.c **** /**
 317:../Libraries/STM32F0xx_StdPeriph_Driver/src/stm32f0xx_cec.c ****   * @brief  Starts a new message.
 318:../Libraries/STM32F0xx_StdPeriph_Driver/src/stm32f0xx_cec.c ****   * @param  None
 319:../Libraries/STM32F0xx_StdPeriph_Driver/src/stm32f0xx_cec.c ****   * @retval None
 320:../Libraries/STM32F0xx_StdPeriph_Driver/src/stm32f0xx_cec.c ****   */
 321:../Libraries/STM32F0xx_StdPeriph_Driver/src/stm32f0xx_cec.c **** void CEC_StartOfMessage(void)
 322:../Libraries/STM32F0xx_StdPeriph_Driver/src/stm32f0xx_cec.c **** {
 348              		.loc 1 322 0
 349              		.cfi_startproc
 323:../Libraries/STM32F0xx_StdPeriph_Driver/src/stm32f0xx_cec.c ****   /* Starts of new message */
 324:../Libraries/STM32F0xx_StdPeriph_Driver/src/stm32f0xx_cec.c ****   CEC->CR |= CEC_CR_TXSOM; 
 350              		.loc 1 324 0
 351 0000 024B     		ldr	r3, .L31
 352 0002 0221     		mov	r1, #2
 353 0004 1A68     		ldr	r2, [r3]
 325:../Libraries/STM32F0xx_StdPeriph_Driver/src/stm32f0xx_cec.c **** }
 354              		.loc 1 325 0
 355              		@ sp needed for prologue
 324:../Libraries/STM32F0xx_StdPeriph_Driver/src/stm32f0xx_cec.c ****   CEC->CR |= CEC_CR_TXSOM; 
 356              		.loc 1 324 0
 357 0006 0A43     		orr	r2, r1
 358 0008 1A60     		str	r2, [r3]
 359              		.loc 1 325 0
 360 000a 7047     		bx	lr
 361              	.L32:
 362              		.align	2
 363              	.L31:
 364 000c 00780040 		.word	1073772544
 365              		.cfi_endproc
 366              	.LFE42:
 368              		.section	.text.CEC_EndOfMessage,"ax",%progbits
 369              		.align	1
 370              		.global	CEC_EndOfMessage
 371              		.code	16
 372              		.thumb_func
 374              	CEC_EndOfMessage:
 375              	.LFB43:
 326:../Libraries/STM32F0xx_StdPeriph_Driver/src/stm32f0xx_cec.c **** 
 327:../Libraries/STM32F0xx_StdPeriph_Driver/src/stm32f0xx_cec.c **** /**
 328:../Libraries/STM32F0xx_StdPeriph_Driver/src/stm32f0xx_cec.c ****   * @brief  Transmits message with an EOM bit.
 329:../Libraries/STM32F0xx_StdPeriph_Driver/src/stm32f0xx_cec.c ****   * @param  None
 330:../Libraries/STM32F0xx_StdPeriph_Driver/src/stm32f0xx_cec.c ****   * @retval None
 331:../Libraries/STM32F0xx_StdPeriph_Driver/src/stm32f0xx_cec.c ****   */
 332:../Libraries/STM32F0xx_StdPeriph_Driver/src/stm32f0xx_cec.c **** void CEC_EndOfMessage(void)
 333:../Libraries/STM32F0xx_StdPeriph_Driver/src/stm32f0xx_cec.c **** {
 376              		.loc 1 333 0
 377              		.cfi_startproc
 334:../Libraries/STM32F0xx_StdPeriph_Driver/src/stm32f0xx_cec.c ****   /* The data byte will be transmitted with an EOM bit */
 335:../Libraries/STM32F0xx_StdPeriph_Driver/src/stm32f0xx_cec.c ****   CEC->CR |= CEC_CR_TXEOM;
 378              		.loc 1 335 0
 379 0000 024B     		ldr	r3, .L34
 380 0002 0421     		mov	r1, #4
 381 0004 1A68     		ldr	r2, [r3]
 336:../Libraries/STM32F0xx_StdPeriph_Driver/src/stm32f0xx_cec.c **** }
 382              		.loc 1 336 0
 383              		@ sp needed for prologue
 335:../Libraries/STM32F0xx_StdPeriph_Driver/src/stm32f0xx_cec.c ****   CEC->CR |= CEC_CR_TXEOM;
 384              		.loc 1 335 0
 385 0006 0A43     		orr	r2, r1
 386 0008 1A60     		str	r2, [r3]
 387              		.loc 1 336 0
 388 000a 7047     		bx	lr
 389              	.L35:
 390              		.align	2
 391              	.L34:
 392 000c 00780040 		.word	1073772544
 393              		.cfi_endproc
 394              	.LFE43:
 396              		.section	.text.CEC_ITConfig,"ax",%progbits
 397              		.align	1
 398              		.global	CEC_ITConfig
 399              		.code	16
 400              		.thumb_func
 402              	CEC_ITConfig:
 403              	.LFB44:
 337:../Libraries/STM32F0xx_StdPeriph_Driver/src/stm32f0xx_cec.c **** 
 338:../Libraries/STM32F0xx_StdPeriph_Driver/src/stm32f0xx_cec.c **** /**
 339:../Libraries/STM32F0xx_StdPeriph_Driver/src/stm32f0xx_cec.c ****   * @}
 340:../Libraries/STM32F0xx_StdPeriph_Driver/src/stm32f0xx_cec.c ****   */
 341:../Libraries/STM32F0xx_StdPeriph_Driver/src/stm32f0xx_cec.c **** 
 342:../Libraries/STM32F0xx_StdPeriph_Driver/src/stm32f0xx_cec.c **** /** @defgroup CEC_Group3 Interrupts and flags management functions
 343:../Libraries/STM32F0xx_StdPeriph_Driver/src/stm32f0xx_cec.c ****  *  @brief    Interrupts and flags management functions
 344:../Libraries/STM32F0xx_StdPeriph_Driver/src/stm32f0xx_cec.c **** *
 345:../Libraries/STM32F0xx_StdPeriph_Driver/src/stm32f0xx_cec.c **** @verbatim
 346:../Libraries/STM32F0xx_StdPeriph_Driver/src/stm32f0xx_cec.c ****  ===============================================================================
 347:../Libraries/STM32F0xx_StdPeriph_Driver/src/stm32f0xx_cec.c ****                             ##### Interrupts and flags management functions ##### 
 348:../Libraries/STM32F0xx_StdPeriph_Driver/src/stm32f0xx_cec.c ****  ===============================================================================
 349:../Libraries/STM32F0xx_StdPeriph_Driver/src/stm32f0xx_cec.c ****     [..] This section provides functions allowing to configure the CEC Interrupts
 350:../Libraries/STM32F0xx_StdPeriph_Driver/src/stm32f0xx_cec.c ****          sources and check or clear the flags or pending bits status.
 351:../Libraries/STM32F0xx_StdPeriph_Driver/src/stm32f0xx_cec.c ****     [..] The user should identify which mode will be used in his application to manage
 352:../Libraries/STM32F0xx_StdPeriph_Driver/src/stm32f0xx_cec.c ****          the communication: Polling mode or Interrupt mode.
 353:../Libraries/STM32F0xx_StdPeriph_Driver/src/stm32f0xx_cec.c ****   
 354:../Libraries/STM32F0xx_StdPeriph_Driver/src/stm32f0xx_cec.c ****     [..] In polling mode, the CEC can be managed by the following flags:
 355:../Libraries/STM32F0xx_StdPeriph_Driver/src/stm32f0xx_cec.c ****             (+) CEC_FLAG_TXACKE : to indicate a missing acknowledge in transmission mode.
 356:../Libraries/STM32F0xx_StdPeriph_Driver/src/stm32f0xx_cec.c ****             (+) CEC_FLAG_TXERR  : to indicate an error occurs during transmission mode.
 357:../Libraries/STM32F0xx_StdPeriph_Driver/src/stm32f0xx_cec.c ****                                   The initiator detects low impedance in the CEC line.
 358:../Libraries/STM32F0xx_StdPeriph_Driver/src/stm32f0xx_cec.c ****             (+) CEC_FLAG_TXUDR  : to indicate if an underrun error occurs in transmission mode.
 359:../Libraries/STM32F0xx_StdPeriph_Driver/src/stm32f0xx_cec.c ****                                   The transmission is enabled while the software has not yet 
 360:../Libraries/STM32F0xx_StdPeriph_Driver/src/stm32f0xx_cec.c ****                                   loaded any value into the TXDR register.
 361:../Libraries/STM32F0xx_StdPeriph_Driver/src/stm32f0xx_cec.c ****             (+) CEC_FLAG_TXEND  : to indicate the end of successful transmission.
 362:../Libraries/STM32F0xx_StdPeriph_Driver/src/stm32f0xx_cec.c ****             (+) CEC_FLAG_TXBR   : to indicate the next transmission data has to be written to TXDR.
 363:../Libraries/STM32F0xx_StdPeriph_Driver/src/stm32f0xx_cec.c ****             (+) CEC_FLAG_ARBLST : to indicate arbitration lost in the case of two CEC devices
 364:../Libraries/STM32F0xx_StdPeriph_Driver/src/stm32f0xx_cec.c ****                                   starting at the same time.
 365:../Libraries/STM32F0xx_StdPeriph_Driver/src/stm32f0xx_cec.c ****             (+) CEC_FLAG_RXACKE : to indicate a missing acknowledge in receive mode.
 366:../Libraries/STM32F0xx_StdPeriph_Driver/src/stm32f0xx_cec.c ****             (+) CEC_FLAG_LBPE   : to indicate a long bit period error generated during receive mode
 367:../Libraries/STM32F0xx_StdPeriph_Driver/src/stm32f0xx_cec.c ****             (+) CEC_FLAG_SBPE   : to indicate a short bit period error generated during receive mod
 368:../Libraries/STM32F0xx_StdPeriph_Driver/src/stm32f0xx_cec.c ****             (+) CEC_FLAG_BRE    : to indicate a bit rising error generated during receive mode.
 369:../Libraries/STM32F0xx_StdPeriph_Driver/src/stm32f0xx_cec.c ****             (+) CEC_FLAG_RXOVR  : to indicate if an overrun error occur while receiving a CEC messa
 370:../Libraries/STM32F0xx_StdPeriph_Driver/src/stm32f0xx_cec.c ****                                   A byte is not yet received while a new byte is stored in the RXDR
 371:../Libraries/STM32F0xx_StdPeriph_Driver/src/stm32f0xx_cec.c ****             (+) CEC_FLAG_RXEND  : to indicate the end Of reception
 372:../Libraries/STM32F0xx_StdPeriph_Driver/src/stm32f0xx_cec.c ****             (+) CEC_FLAG_RXBR   : to indicate a new byte has been received from the CEC line and 
 373:../Libraries/STM32F0xx_StdPeriph_Driver/src/stm32f0xx_cec.c ****                                   stored into the RXDR buffer.
 374:../Libraries/STM32F0xx_StdPeriph_Driver/src/stm32f0xx_cec.c ****     [..]
 375:../Libraries/STM32F0xx_StdPeriph_Driver/src/stm32f0xx_cec.c ****            (@)In this Mode, it is advised to use the following functions:
 376:../Libraries/STM32F0xx_StdPeriph_Driver/src/stm32f0xx_cec.c ****               FlagStatus CEC_GetFlagStatus(uint16_t CEC_FLAG);
 377:../Libraries/STM32F0xx_StdPeriph_Driver/src/stm32f0xx_cec.c ****               void CEC_ClearFlag(uint16_t CEC_FLAG);
 378:../Libraries/STM32F0xx_StdPeriph_Driver/src/stm32f0xx_cec.c **** 
 379:../Libraries/STM32F0xx_StdPeriph_Driver/src/stm32f0xx_cec.c ****     [..] In Interrupt mode, the CEC can be managed by the following interrupt sources:
 380:../Libraries/STM32F0xx_StdPeriph_Driver/src/stm32f0xx_cec.c ****            (+) CEC_IT_TXACKE : to indicate a TX Missing acknowledge 
 381:../Libraries/STM32F0xx_StdPeriph_Driver/src/stm32f0xx_cec.c ****            (+) CEC_IT_TXACKE : to indicate a missing acknowledge in transmission mode.
 382:../Libraries/STM32F0xx_StdPeriph_Driver/src/stm32f0xx_cec.c ****            (+) CEC_IT_TXERR  : to indicate an error occurs during transmission mode.
 383:../Libraries/STM32F0xx_StdPeriph_Driver/src/stm32f0xx_cec.c ****                                The initiator detects low impedance in the CEC line.
 384:../Libraries/STM32F0xx_StdPeriph_Driver/src/stm32f0xx_cec.c ****            (+) CEC_IT_TXUDR  : to indicate if an underrun error occurs in transmission mode.
 385:../Libraries/STM32F0xx_StdPeriph_Driver/src/stm32f0xx_cec.c ****                                The transmission is enabled while the software has not yet 
 386:../Libraries/STM32F0xx_StdPeriph_Driver/src/stm32f0xx_cec.c ****                                loaded any value into the TXDR register.
 387:../Libraries/STM32F0xx_StdPeriph_Driver/src/stm32f0xx_cec.c ****            (+) CEC_IT_TXEND  : to indicate the end of successful transmission.
 388:../Libraries/STM32F0xx_StdPeriph_Driver/src/stm32f0xx_cec.c ****            (+) CEC_IT_TXBR   : to indicate the next transmission data has to be written to TXDR reg
 389:../Libraries/STM32F0xx_StdPeriph_Driver/src/stm32f0xx_cec.c ****            (+) CEC_IT_ARBLST : to indicate arbitration lost in the case of two CEC devices
 390:../Libraries/STM32F0xx_StdPeriph_Driver/src/stm32f0xx_cec.c ****                                 starting at the same time.
 391:../Libraries/STM32F0xx_StdPeriph_Driver/src/stm32f0xx_cec.c ****            (+) CEC_IT_RXACKE : to indicate a missing acknowledge in receive mode.
 392:../Libraries/STM32F0xx_StdPeriph_Driver/src/stm32f0xx_cec.c ****            (+) CEC_IT_LBPE   : to indicate a long bit period error generated during receive mode.
 393:../Libraries/STM32F0xx_StdPeriph_Driver/src/stm32f0xx_cec.c ****            (+) CEC_IT_SBPE   : to indicate a short bit period error generated during receive mode.
 394:../Libraries/STM32F0xx_StdPeriph_Driver/src/stm32f0xx_cec.c ****            (+) CEC_IT_BRE    : to indicate a bit rising error generated during receive mode.
 395:../Libraries/STM32F0xx_StdPeriph_Driver/src/stm32f0xx_cec.c ****            (+) CEC_IT_RXOVR  : to indicate if an overrun error occur while receiving a CEC message.
 396:../Libraries/STM32F0xx_StdPeriph_Driver/src/stm32f0xx_cec.c ****                                A byte is not yet received while a new byte is stored in the RXDR re
 397:../Libraries/STM32F0xx_StdPeriph_Driver/src/stm32f0xx_cec.c ****            (+) CEC_IT_RXEND  : to indicate the end Of reception
 398:../Libraries/STM32F0xx_StdPeriph_Driver/src/stm32f0xx_cec.c ****            (+) CEC_IT_RXBR   : to indicate a new byte has been received from the CEC line and 
 399:../Libraries/STM32F0xx_StdPeriph_Driver/src/stm32f0xx_cec.c ****                                 stored into the RXDR buffer.
 400:../Libraries/STM32F0xx_StdPeriph_Driver/src/stm32f0xx_cec.c ****     [..]
 401:../Libraries/STM32F0xx_StdPeriph_Driver/src/stm32f0xx_cec.c ****            (@)In this Mode it is advised to use the following functions:
 402:../Libraries/STM32F0xx_StdPeriph_Driver/src/stm32f0xx_cec.c ****               void CEC_ITConfig( uint16_t CEC_IT, FunctionalState NewState);
 403:../Libraries/STM32F0xx_StdPeriph_Driver/src/stm32f0xx_cec.c ****               ITStatus CEC_GetITStatus(uint16_t CEC_IT);
 404:../Libraries/STM32F0xx_StdPeriph_Driver/src/stm32f0xx_cec.c ****               void CEC_ClearITPendingBit(uint16_t CEC_IT);
 405:../Libraries/STM32F0xx_StdPeriph_Driver/src/stm32f0xx_cec.c ****               
 406:../Libraries/STM32F0xx_StdPeriph_Driver/src/stm32f0xx_cec.c **** 
 407:../Libraries/STM32F0xx_StdPeriph_Driver/src/stm32f0xx_cec.c **** @endverbatim
 408:../Libraries/STM32F0xx_StdPeriph_Driver/src/stm32f0xx_cec.c ****   * @{
 409:../Libraries/STM32F0xx_StdPeriph_Driver/src/stm32f0xx_cec.c ****   */
 410:../Libraries/STM32F0xx_StdPeriph_Driver/src/stm32f0xx_cec.c **** 
 411:../Libraries/STM32F0xx_StdPeriph_Driver/src/stm32f0xx_cec.c **** /**
 412:../Libraries/STM32F0xx_StdPeriph_Driver/src/stm32f0xx_cec.c ****   * @brief  Enables or disables the selected CEC interrupts.
 413:../Libraries/STM32F0xx_StdPeriph_Driver/src/stm32f0xx_cec.c ****   * @param  CEC_IT: specifies the CEC interrupt source to be enabled.
 414:../Libraries/STM32F0xx_StdPeriph_Driver/src/stm32f0xx_cec.c ****   *          This parameter can be any combination of the following values:
 415:../Libraries/STM32F0xx_StdPeriph_Driver/src/stm32f0xx_cec.c ****   *            @arg CEC_IT_TXACKE: Tx Missing acknowledge Error
 416:../Libraries/STM32F0xx_StdPeriph_Driver/src/stm32f0xx_cec.c ****   *            @arg CEC_IT_TXERR: Tx Error.
 417:../Libraries/STM32F0xx_StdPeriph_Driver/src/stm32f0xx_cec.c ****   *            @arg CEC_IT_TXUDR: Tx-Buffer Underrun.
 418:../Libraries/STM32F0xx_StdPeriph_Driver/src/stm32f0xx_cec.c ****   *            @arg CEC_IT_TXEND: End of Transmission (successful transmission of the last byte).
 419:../Libraries/STM32F0xx_StdPeriph_Driver/src/stm32f0xx_cec.c ****   *            @arg CEC_IT_TXBR: Tx-Byte Request.
 420:../Libraries/STM32F0xx_StdPeriph_Driver/src/stm32f0xx_cec.c ****   *            @arg CEC_IT_ARBLST: Arbitration Lost
 421:../Libraries/STM32F0xx_StdPeriph_Driver/src/stm32f0xx_cec.c ****   *            @arg CEC_IT_RXACKE: Rx-Missing Acknowledge
 422:../Libraries/STM32F0xx_StdPeriph_Driver/src/stm32f0xx_cec.c ****   *            @arg CEC_IT_LBPE: Rx Long period Error
 423:../Libraries/STM32F0xx_StdPeriph_Driver/src/stm32f0xx_cec.c ****   *            @arg CEC_IT_SBPE: Rx Short period Error
 424:../Libraries/STM32F0xx_StdPeriph_Driver/src/stm32f0xx_cec.c ****   *            @arg CEC_IT_BRE: Rx Bit Rising Error
 425:../Libraries/STM32F0xx_StdPeriph_Driver/src/stm32f0xx_cec.c ****   *            @arg CEC_IT_RXOVR: Rx Overrun.
 426:../Libraries/STM32F0xx_StdPeriph_Driver/src/stm32f0xx_cec.c ****   *            @arg CEC_IT_RXEND: End Of Reception
 427:../Libraries/STM32F0xx_StdPeriph_Driver/src/stm32f0xx_cec.c ****   *            @arg CEC_IT_RXBR: Rx-Byte Received
 428:../Libraries/STM32F0xx_StdPeriph_Driver/src/stm32f0xx_cec.c ****   * @param  NewState: new state of the selected CEC interrupts.
 429:../Libraries/STM32F0xx_StdPeriph_Driver/src/stm32f0xx_cec.c ****   *          This parameter can be: ENABLE or DISABLE.
 430:../Libraries/STM32F0xx_StdPeriph_Driver/src/stm32f0xx_cec.c ****   * @retval None
 431:../Libraries/STM32F0xx_StdPeriph_Driver/src/stm32f0xx_cec.c ****   */
 432:../Libraries/STM32F0xx_StdPeriph_Driver/src/stm32f0xx_cec.c **** void CEC_ITConfig(uint16_t CEC_IT, FunctionalState NewState)
 433:../Libraries/STM32F0xx_StdPeriph_Driver/src/stm32f0xx_cec.c **** {
 404              		.loc 1 433 0
 405              		.cfi_startproc
 406              	.LVL14:
 407 0000 054B     		ldr	r3, .L40
 408 0002 00B5     		push	{lr}
 409              	.LCFI4:
 410              		.cfi_def_cfa_offset 4
 411              		.cfi_offset 14, -4
 434:../Libraries/STM32F0xx_StdPeriph_Driver/src/stm32f0xx_cec.c ****   assert_param(IS_FUNCTIONAL_STATE(NewState));
 435:../Libraries/STM32F0xx_StdPeriph_Driver/src/stm32f0xx_cec.c ****   assert_param(IS_CEC_IT(CEC_IT));
 436:../Libraries/STM32F0xx_StdPeriph_Driver/src/stm32f0xx_cec.c **** 
 437:../Libraries/STM32F0xx_StdPeriph_Driver/src/stm32f0xx_cec.c ****   if (NewState != DISABLE)
 438:../Libraries/STM32F0xx_StdPeriph_Driver/src/stm32f0xx_cec.c ****   {
 439:../Libraries/STM32F0xx_StdPeriph_Driver/src/stm32f0xx_cec.c ****     /* Enable the selected CEC interrupt */
 440:../Libraries/STM32F0xx_StdPeriph_Driver/src/stm32f0xx_cec.c ****     CEC->IER |= CEC_IT;
 412              		.loc 1 440 0
 413 0004 5A69     		ldr	r2, [r3, #20]
 437:../Libraries/STM32F0xx_StdPeriph_Driver/src/stm32f0xx_cec.c ****   if (NewState != DISABLE)
 414              		.loc 1 437 0
 415 0006 0029     		cmp	r1, #0
 416 0008 01D0     		beq	.L37
 417              		.loc 1 440 0
 418 000a 1043     		orr	r0, r2
 419              	.LVL15:
 420 000c 02E0     		b	.L39
 421              	.LVL16:
 422              	.L37:
 441:../Libraries/STM32F0xx_StdPeriph_Driver/src/stm32f0xx_cec.c ****   }
 442:../Libraries/STM32F0xx_StdPeriph_Driver/src/stm32f0xx_cec.c ****   else
 443:../Libraries/STM32F0xx_StdPeriph_Driver/src/stm32f0xx_cec.c ****   {
 444:../Libraries/STM32F0xx_StdPeriph_Driver/src/stm32f0xx_cec.c ****     CEC_IT =~CEC_IT;
 423              		.loc 1 444 0
 424 000e C043     		mvn	r0, r0
 425              	.LVL17:
 445:../Libraries/STM32F0xx_StdPeriph_Driver/src/stm32f0xx_cec.c ****     /* Disable the selected CEC interrupt */
 446:../Libraries/STM32F0xx_StdPeriph_Driver/src/stm32f0xx_cec.c ****     CEC->IER &= CEC_IT;
 426              		.loc 1 446 0
 427 0010 80B2     		uxth	r0, r0
 428              	.LVL18:
 429 0012 1040     		and	r0, r2
 430              	.L39:
 431 0014 5861     		str	r0, [r3, #20]
 447:../Libraries/STM32F0xx_StdPeriph_Driver/src/stm32f0xx_cec.c ****   }
 448:../Libraries/STM32F0xx_StdPeriph_Driver/src/stm32f0xx_cec.c **** }
 432              		.loc 1 448 0
 433              		@ sp needed for prologue
 434 0016 00BD     		pop	{pc}
 435              	.L41:
 436              		.align	2
 437              	.L40:
 438 0018 00780040 		.word	1073772544
 439              		.cfi_endproc
 440              	.LFE44:
 442              		.section	.text.CEC_GetFlagStatus,"ax",%progbits
 443              		.align	1
 444              		.global	CEC_GetFlagStatus
 445              		.code	16
 446              		.thumb_func
 448              	CEC_GetFlagStatus:
 449              	.LFB45:
 449:../Libraries/STM32F0xx_StdPeriph_Driver/src/stm32f0xx_cec.c **** 
 450:../Libraries/STM32F0xx_StdPeriph_Driver/src/stm32f0xx_cec.c **** /**
 451:../Libraries/STM32F0xx_StdPeriph_Driver/src/stm32f0xx_cec.c ****   * @brief  Gets the CEC flag status.
 452:../Libraries/STM32F0xx_StdPeriph_Driver/src/stm32f0xx_cec.c ****   * @param  CEC_FLAG: specifies the CEC flag to check.
 453:../Libraries/STM32F0xx_StdPeriph_Driver/src/stm32f0xx_cec.c ****   *     This parameter can be one of the following values:
 454:../Libraries/STM32F0xx_StdPeriph_Driver/src/stm32f0xx_cec.c ****   *            @arg CEC_FLAG_TXACKE: Tx Missing acknowledge Error
 455:../Libraries/STM32F0xx_StdPeriph_Driver/src/stm32f0xx_cec.c ****   *            @arg CEC_FLAG_TXERR: Tx Error.
 456:../Libraries/STM32F0xx_StdPeriph_Driver/src/stm32f0xx_cec.c ****   *            @arg CEC_FLAG_TXUDR: Tx-Buffer Underrun.
 457:../Libraries/STM32F0xx_StdPeriph_Driver/src/stm32f0xx_cec.c ****   *            @arg CEC_FLAG_TXEND: End of transmission (successful transmission of the last byte).
 458:../Libraries/STM32F0xx_StdPeriph_Driver/src/stm32f0xx_cec.c ****   *            @arg CEC_FLAG_TXBR: Tx-Byte Request.
 459:../Libraries/STM32F0xx_StdPeriph_Driver/src/stm32f0xx_cec.c ****   *            @arg CEC_FLAG_ARBLST: Arbitration Lost
 460:../Libraries/STM32F0xx_StdPeriph_Driver/src/stm32f0xx_cec.c ****   *            @arg CEC_FLAG_RXACKE: Rx-Missing Acknowledge 
 461:../Libraries/STM32F0xx_StdPeriph_Driver/src/stm32f0xx_cec.c ****   *            @arg CEC_FLAG_LBPE: Rx Long period Error
 462:../Libraries/STM32F0xx_StdPeriph_Driver/src/stm32f0xx_cec.c ****   *            @arg CEC_FLAG_SBPE: Rx Short period Error
 463:../Libraries/STM32F0xx_StdPeriph_Driver/src/stm32f0xx_cec.c ****   *            @arg CEC_FLAG_BRE: Rx Bit Rissing Error
 464:../Libraries/STM32F0xx_StdPeriph_Driver/src/stm32f0xx_cec.c ****   *            @arg CEC_FLAG_RXOVR: Rx Overrun.
 465:../Libraries/STM32F0xx_StdPeriph_Driver/src/stm32f0xx_cec.c ****   *            @arg CEC_FLAG_RXEND: End Of Reception.
 466:../Libraries/STM32F0xx_StdPeriph_Driver/src/stm32f0xx_cec.c ****   *            @arg CEC_FLAG_RXBR: Rx-Byte Received.
 467:../Libraries/STM32F0xx_StdPeriph_Driver/src/stm32f0xx_cec.c ****   * @retval The new state of CEC_FLAG (SET or RESET)
 468:../Libraries/STM32F0xx_StdPeriph_Driver/src/stm32f0xx_cec.c ****   */
 469:../Libraries/STM32F0xx_StdPeriph_Driver/src/stm32f0xx_cec.c **** FlagStatus CEC_GetFlagStatus(uint16_t CEC_FLAG) 
 470:../Libraries/STM32F0xx_StdPeriph_Driver/src/stm32f0xx_cec.c **** {
 450              		.loc 1 470 0
 451              		.cfi_startproc
 452              	.LVL19:
 471:../Libraries/STM32F0xx_StdPeriph_Driver/src/stm32f0xx_cec.c ****   FlagStatus bitstatus = RESET;
 472:../Libraries/STM32F0xx_StdPeriph_Driver/src/stm32f0xx_cec.c ****   
 473:../Libraries/STM32F0xx_StdPeriph_Driver/src/stm32f0xx_cec.c ****   assert_param(IS_CEC_GET_FLAG(CEC_FLAG));
 474:../Libraries/STM32F0xx_StdPeriph_Driver/src/stm32f0xx_cec.c ****   
 475:../Libraries/STM32F0xx_StdPeriph_Driver/src/stm32f0xx_cec.c ****   /* Check the status of the specified CEC flag */
 476:../Libraries/STM32F0xx_StdPeriph_Driver/src/stm32f0xx_cec.c ****   if ((CEC->ISR & CEC_FLAG) != (uint16_t)RESET)
 453              		.loc 1 476 0
 454 0000 024B     		ldr	r3, .L43
 477:../Libraries/STM32F0xx_StdPeriph_Driver/src/stm32f0xx_cec.c ****   {
 478:../Libraries/STM32F0xx_StdPeriph_Driver/src/stm32f0xx_cec.c ****     /* CEC flag is set */
 479:../Libraries/STM32F0xx_StdPeriph_Driver/src/stm32f0xx_cec.c ****     bitstatus = SET;
 480:../Libraries/STM32F0xx_StdPeriph_Driver/src/stm32f0xx_cec.c ****   }
 481:../Libraries/STM32F0xx_StdPeriph_Driver/src/stm32f0xx_cec.c ****   else
 482:../Libraries/STM32F0xx_StdPeriph_Driver/src/stm32f0xx_cec.c ****   {
 483:../Libraries/STM32F0xx_StdPeriph_Driver/src/stm32f0xx_cec.c ****     /* CEC flag is reset */
 484:../Libraries/STM32F0xx_StdPeriph_Driver/src/stm32f0xx_cec.c ****     bitstatus = RESET;
 485:../Libraries/STM32F0xx_StdPeriph_Driver/src/stm32f0xx_cec.c ****   }
 486:../Libraries/STM32F0xx_StdPeriph_Driver/src/stm32f0xx_cec.c **** 
 487:../Libraries/STM32F0xx_StdPeriph_Driver/src/stm32f0xx_cec.c ****   /* Return the CEC flag status */
 488:../Libraries/STM32F0xx_StdPeriph_Driver/src/stm32f0xx_cec.c ****   return  bitstatus;
 489:../Libraries/STM32F0xx_StdPeriph_Driver/src/stm32f0xx_cec.c **** }
 455              		.loc 1 489 0
 456              		@ sp needed for prologue
 476:../Libraries/STM32F0xx_StdPeriph_Driver/src/stm32f0xx_cec.c ****   if ((CEC->ISR & CEC_FLAG) != (uint16_t)RESET)
 457              		.loc 1 476 0
 458 0002 1B69     		ldr	r3, [r3, #16]
 459              	.LVL20:
 460 0004 1840     		and	r0, r3
 461              	.LVL21:
 488:../Libraries/STM32F0xx_StdPeriph_Driver/src/stm32f0xx_cec.c ****   return  bitstatus;
 462              		.loc 1 488 0
 463 0006 431E     		sub	r3, r0, #1
 464 0008 9841     		sbc	r0, r0, r3
 465              		.loc 1 489 0
 466 000a 7047     		bx	lr
 467              	.L44:
 468              		.align	2
 469              	.L43:
 470 000c 00780040 		.word	1073772544
 471              		.cfi_endproc
 472              	.LFE45:
 474              		.section	.text.CEC_ClearFlag,"ax",%progbits
 475              		.align	1
 476              		.global	CEC_ClearFlag
 477              		.code	16
 478              		.thumb_func
 480              	CEC_ClearFlag:
 481              	.LFB46:
 490:../Libraries/STM32F0xx_StdPeriph_Driver/src/stm32f0xx_cec.c **** 
 491:../Libraries/STM32F0xx_StdPeriph_Driver/src/stm32f0xx_cec.c **** /**
 492:../Libraries/STM32F0xx_StdPeriph_Driver/src/stm32f0xx_cec.c ****   * @brief  Clears the CEC's pending flags.
 493:../Libraries/STM32F0xx_StdPeriph_Driver/src/stm32f0xx_cec.c ****   * @param  CEC_FLAG: specifies the flag to clear. 
 494:../Libraries/STM32F0xx_StdPeriph_Driver/src/stm32f0xx_cec.c ****   *          This parameter can be any combination of the following values:
 495:../Libraries/STM32F0xx_StdPeriph_Driver/src/stm32f0xx_cec.c ****   *            @arg CEC_FLAG_TXACKE: Tx Missing acknowledge Error
 496:../Libraries/STM32F0xx_StdPeriph_Driver/src/stm32f0xx_cec.c ****   *            @arg CEC_FLAG_TXERR: Tx Error
 497:../Libraries/STM32F0xx_StdPeriph_Driver/src/stm32f0xx_cec.c ****   *            @arg CEC_FLAG_TXUDR: Tx-Buffer Underrun
 498:../Libraries/STM32F0xx_StdPeriph_Driver/src/stm32f0xx_cec.c ****   *            @arg CEC_FLAG_TXEND: End of transmission (successful transmission of the last byte).
 499:../Libraries/STM32F0xx_StdPeriph_Driver/src/stm32f0xx_cec.c ****   *            @arg CEC_FLAG_TXBR: Tx-Byte Request
 500:../Libraries/STM32F0xx_StdPeriph_Driver/src/stm32f0xx_cec.c ****   *            @arg CEC_FLAG_ARBLST: Arbitration Lost
 501:../Libraries/STM32F0xx_StdPeriph_Driver/src/stm32f0xx_cec.c ****   *            @arg CEC_FLAG_RXACKE: Rx Missing Acknowledge 
 502:../Libraries/STM32F0xx_StdPeriph_Driver/src/stm32f0xx_cec.c ****   *            @arg CEC_FLAG_LBPE: Rx Long period Error
 503:../Libraries/STM32F0xx_StdPeriph_Driver/src/stm32f0xx_cec.c ****   *            @arg CEC_FLAG_SBPE: Rx Short period Error
 504:../Libraries/STM32F0xx_StdPeriph_Driver/src/stm32f0xx_cec.c ****   *            @arg CEC_FLAG_BRE: Rx Bit Rising Error
 505:../Libraries/STM32F0xx_StdPeriph_Driver/src/stm32f0xx_cec.c ****   *            @arg CEC_FLAG_RXOVR: Rx Overrun
 506:../Libraries/STM32F0xx_StdPeriph_Driver/src/stm32f0xx_cec.c ****   *            @arg CEC_FLAG_RXEND: End Of Reception
 507:../Libraries/STM32F0xx_StdPeriph_Driver/src/stm32f0xx_cec.c ****   *            @arg CEC_FLAG_RXBR: Rx-Byte Received
 508:../Libraries/STM32F0xx_StdPeriph_Driver/src/stm32f0xx_cec.c ****   * @retval None
 509:../Libraries/STM32F0xx_StdPeriph_Driver/src/stm32f0xx_cec.c ****   */
 510:../Libraries/STM32F0xx_StdPeriph_Driver/src/stm32f0xx_cec.c **** void CEC_ClearFlag(uint32_t CEC_FLAG)
 511:../Libraries/STM32F0xx_StdPeriph_Driver/src/stm32f0xx_cec.c **** {
 482              		.loc 1 511 0
 483              		.cfi_startproc
 484              	.LVL22:
 512:../Libraries/STM32F0xx_StdPeriph_Driver/src/stm32f0xx_cec.c ****   assert_param(IS_CEC_CLEAR_FLAG(CEC_FLAG));
 513:../Libraries/STM32F0xx_StdPeriph_Driver/src/stm32f0xx_cec.c **** 
 514:../Libraries/STM32F0xx_StdPeriph_Driver/src/stm32f0xx_cec.c ****   /* Clear the selected CEC flag */
 515:../Libraries/STM32F0xx_StdPeriph_Driver/src/stm32f0xx_cec.c ****   CEC->ISR = CEC_FLAG;
 485              		.loc 1 515 0
 486 0000 014B     		ldr	r3, .L46
 516:../Libraries/STM32F0xx_StdPeriph_Driver/src/stm32f0xx_cec.c **** }
 487              		.loc 1 516 0
 488              		@ sp needed for prologue
 515:../Libraries/STM32F0xx_StdPeriph_Driver/src/stm32f0xx_cec.c ****   CEC->ISR = CEC_FLAG;
 489              		.loc 1 515 0
 490 0002 1861     		str	r0, [r3, #16]
 491              		.loc 1 516 0
 492 0004 7047     		bx	lr
 493              	.L47:
 494 0006 C046     		.align	2
 495              	.L46:
 496 0008 00780040 		.word	1073772544
 497              		.cfi_endproc
 498              	.LFE46:
 500              		.section	.text.CEC_GetITStatus,"ax",%progbits
 501              		.align	1
 502              		.global	CEC_GetITStatus
 503              		.code	16
 504              		.thumb_func
 506              	CEC_GetITStatus:
 507              	.LFB47:
 517:../Libraries/STM32F0xx_StdPeriph_Driver/src/stm32f0xx_cec.c **** 
 518:../Libraries/STM32F0xx_StdPeriph_Driver/src/stm32f0xx_cec.c **** /**
 519:../Libraries/STM32F0xx_StdPeriph_Driver/src/stm32f0xx_cec.c ****   * @brief  Checks whether the specified CEC interrupt has occurred or not.
 520:../Libraries/STM32F0xx_StdPeriph_Driver/src/stm32f0xx_cec.c ****   * @param  CEC_IT: specifies the CEC interrupt source to check. 
 521:../Libraries/STM32F0xx_StdPeriph_Driver/src/stm32f0xx_cec.c ****   *          This parameter can be one of the following values:
 522:../Libraries/STM32F0xx_StdPeriph_Driver/src/stm32f0xx_cec.c ****   *            @arg CEC_IT_TXACKE: Tx Missing acknowledge Error
 523:../Libraries/STM32F0xx_StdPeriph_Driver/src/stm32f0xx_cec.c ****   *            @arg CEC_IT_TXERR: Tx Error.
 524:../Libraries/STM32F0xx_StdPeriph_Driver/src/stm32f0xx_cec.c ****   *            @arg CEC_IT_TXUDR: Tx-Buffer Underrun.
 525:../Libraries/STM32F0xx_StdPeriph_Driver/src/stm32f0xx_cec.c ****   *            @arg CEC_IT_TXEND: End of transmission (successful transmission of the last byte).
 526:../Libraries/STM32F0xx_StdPeriph_Driver/src/stm32f0xx_cec.c ****   *            @arg CEC_IT_TXBR: Tx-Byte Request.
 527:../Libraries/STM32F0xx_StdPeriph_Driver/src/stm32f0xx_cec.c ****   *            @arg CEC_IT_ARBLST: Arbitration Lost.
 528:../Libraries/STM32F0xx_StdPeriph_Driver/src/stm32f0xx_cec.c ****   *            @arg CEC_IT_RXACKE: Rx-Missing Acknowledge.
 529:../Libraries/STM32F0xx_StdPeriph_Driver/src/stm32f0xx_cec.c ****   *            @arg CEC_IT_LBPE: Rx Long period Error.
 530:../Libraries/STM32F0xx_StdPeriph_Driver/src/stm32f0xx_cec.c ****   *            @arg CEC_IT_SBPE: Rx Short period Error.
 531:../Libraries/STM32F0xx_StdPeriph_Driver/src/stm32f0xx_cec.c ****   *            @arg CEC_IT_BRE: Rx Bit Rising Error.
 532:../Libraries/STM32F0xx_StdPeriph_Driver/src/stm32f0xx_cec.c ****   *            @arg CEC_IT_RXOVR: Rx Overrun.
 533:../Libraries/STM32F0xx_StdPeriph_Driver/src/stm32f0xx_cec.c ****   *            @arg CEC_IT_RXEND: End Of Reception.
 534:../Libraries/STM32F0xx_StdPeriph_Driver/src/stm32f0xx_cec.c ****   *            @arg CEC_IT_RXBR: Rx-Byte Received 
 535:../Libraries/STM32F0xx_StdPeriph_Driver/src/stm32f0xx_cec.c ****   * @retval The new state of CEC_IT (SET or RESET).
 536:../Libraries/STM32F0xx_StdPeriph_Driver/src/stm32f0xx_cec.c ****   */
 537:../Libraries/STM32F0xx_StdPeriph_Driver/src/stm32f0xx_cec.c **** ITStatus CEC_GetITStatus(uint16_t CEC_IT)
 538:../Libraries/STM32F0xx_StdPeriph_Driver/src/stm32f0xx_cec.c **** {
 508              		.loc 1 538 0
 509              		.cfi_startproc
 510              	.LVL23:
 539:../Libraries/STM32F0xx_StdPeriph_Driver/src/stm32f0xx_cec.c ****   ITStatus bitstatus = RESET;
 540:../Libraries/STM32F0xx_StdPeriph_Driver/src/stm32f0xx_cec.c ****   uint32_t enablestatus = 0;
 541:../Libraries/STM32F0xx_StdPeriph_Driver/src/stm32f0xx_cec.c **** 
 542:../Libraries/STM32F0xx_StdPeriph_Driver/src/stm32f0xx_cec.c ****   /* Check the parameters */
 543:../Libraries/STM32F0xx_StdPeriph_Driver/src/stm32f0xx_cec.c ****   assert_param(IS_CEC_GET_IT(CEC_IT));
 544:../Libraries/STM32F0xx_StdPeriph_Driver/src/stm32f0xx_cec.c **** 
 545:../Libraries/STM32F0xx_StdPeriph_Driver/src/stm32f0xx_cec.c ****   /* Get the CEC IT enable bit status */
 546:../Libraries/STM32F0xx_StdPeriph_Driver/src/stm32f0xx_cec.c ****   enablestatus = (CEC->IER & CEC_IT);
 511              		.loc 1 546 0
 512 0000 064A     		ldr	r2, .L52
 538:../Libraries/STM32F0xx_StdPeriph_Driver/src/stm32f0xx_cec.c **** {
 513              		.loc 1 538 0
 514 0002 00B5     		push	{lr}
 515              	.LCFI5:
 516              		.cfi_def_cfa_offset 4
 517              		.cfi_offset 14, -4
 518              		.loc 1 546 0
 519 0004 5169     		ldr	r1, [r2, #20]
 520              	.LVL24:
 547:../Libraries/STM32F0xx_StdPeriph_Driver/src/stm32f0xx_cec.c **** 
 548:../Libraries/STM32F0xx_StdPeriph_Driver/src/stm32f0xx_cec.c ****   /* Check the status of the specified CEC interrupt */
 549:../Libraries/STM32F0xx_StdPeriph_Driver/src/stm32f0xx_cec.c ****   if (((CEC->ISR & CEC_IT) != (uint32_t)RESET) && enablestatus)
 521              		.loc 1 549 0
 522 0006 1269     		ldr	r2, [r2, #16]
 550:../Libraries/STM32F0xx_StdPeriph_Driver/src/stm32f0xx_cec.c ****   {
 551:../Libraries/STM32F0xx_StdPeriph_Driver/src/stm32f0xx_cec.c ****     /* CEC interrupt is set */
 552:../Libraries/STM32F0xx_StdPeriph_Driver/src/stm32f0xx_cec.c ****     bitstatus = SET;
 553:../Libraries/STM32F0xx_StdPeriph_Driver/src/stm32f0xx_cec.c ****   }
 554:../Libraries/STM32F0xx_StdPeriph_Driver/src/stm32f0xx_cec.c ****   else
 555:../Libraries/STM32F0xx_StdPeriph_Driver/src/stm32f0xx_cec.c ****   {
 556:../Libraries/STM32F0xx_StdPeriph_Driver/src/stm32f0xx_cec.c ****     /* CEC interrupt is reset */
 557:../Libraries/STM32F0xx_StdPeriph_Driver/src/stm32f0xx_cec.c ****     bitstatus = RESET;
 523              		.loc 1 557 0
 524 0008 0023     		mov	r3, #0
 549:../Libraries/STM32F0xx_StdPeriph_Driver/src/stm32f0xx_cec.c ****   if (((CEC->ISR & CEC_IT) != (uint32_t)RESET) && enablestatus)
 525              		.loc 1 549 0
 526 000a 0242     		tst	r2, r0
 527 000c 03D0     		beq	.L49
 546:../Libraries/STM32F0xx_StdPeriph_Driver/src/stm32f0xx_cec.c ****   enablestatus = (CEC->IER & CEC_IT);
 528              		.loc 1 546 0 discriminator 1
 529 000e 0B1C     		mov	r3, r1
 530 0010 0340     		and	r3, r0
 531              	.LVL25:
 552:../Libraries/STM32F0xx_StdPeriph_Driver/src/stm32f0xx_cec.c ****     bitstatus = SET;
 532              		.loc 1 552 0 discriminator 1
 533 0012 581E     		sub	r0, r3, #1
 534 0014 8341     		sbc	r3, r3, r0
 535              	.LVL26:
 536              	.L49:
 558:../Libraries/STM32F0xx_StdPeriph_Driver/src/stm32f0xx_cec.c ****   }
 559:../Libraries/STM32F0xx_StdPeriph_Driver/src/stm32f0xx_cec.c **** 
 560:../Libraries/STM32F0xx_StdPeriph_Driver/src/stm32f0xx_cec.c ****   /* Return the CEC interrupt status */
 561:../Libraries/STM32F0xx_StdPeriph_Driver/src/stm32f0xx_cec.c ****   return  bitstatus;
 562:../Libraries/STM32F0xx_StdPeriph_Driver/src/stm32f0xx_cec.c **** }
 537              		.loc 1 562 0
 538 0016 181C     		mov	r0, r3
 539              		@ sp needed for prologue
 540 0018 00BD     		pop	{pc}
 541              	.L53:
 542 001a C046     		.align	2
 543              	.L52:
 544 001c 00780040 		.word	1073772544
 545              		.cfi_endproc
 546              	.LFE47:
 548              		.section	.text.CEC_ClearITPendingBit,"ax",%progbits
 549              		.align	1
 550              		.global	CEC_ClearITPendingBit
 551              		.code	16
 552              		.thumb_func
 554              	CEC_ClearITPendingBit:
 555              	.LFB48:
 563:../Libraries/STM32F0xx_StdPeriph_Driver/src/stm32f0xx_cec.c **** 
 564:../Libraries/STM32F0xx_StdPeriph_Driver/src/stm32f0xx_cec.c **** /**
 565:../Libraries/STM32F0xx_StdPeriph_Driver/src/stm32f0xx_cec.c ****   * @brief  Clears the CEC's interrupt pending bits.
 566:../Libraries/STM32F0xx_StdPeriph_Driver/src/stm32f0xx_cec.c ****   * @param  CEC_IT: specifies the CEC interrupt pending bit to clear.
 567:../Libraries/STM32F0xx_StdPeriph_Driver/src/stm32f0xx_cec.c ****   *          This parameter can be any combination of the following values:
 568:../Libraries/STM32F0xx_StdPeriph_Driver/src/stm32f0xx_cec.c ****   *            @arg CEC_IT_TXACKE: Tx Missing acknowledge Error
 569:../Libraries/STM32F0xx_StdPeriph_Driver/src/stm32f0xx_cec.c ****   *            @arg CEC_IT_TXERR: Tx Error
 570:../Libraries/STM32F0xx_StdPeriph_Driver/src/stm32f0xx_cec.c ****   *            @arg CEC_IT_TXUDR: Tx-Buffer Underrun
 571:../Libraries/STM32F0xx_StdPeriph_Driver/src/stm32f0xx_cec.c ****   *            @arg CEC_IT_TXEND: End of Transmission
 572:../Libraries/STM32F0xx_StdPeriph_Driver/src/stm32f0xx_cec.c ****   *            @arg CEC_IT_TXBR: Tx-Byte Request
 573:../Libraries/STM32F0xx_StdPeriph_Driver/src/stm32f0xx_cec.c ****   *            @arg CEC_IT_ARBLST: Arbitration Lost
 574:../Libraries/STM32F0xx_StdPeriph_Driver/src/stm32f0xx_cec.c ****   *            @arg CEC_IT_RXACKE: Rx-Missing Acknowledge
 575:../Libraries/STM32F0xx_StdPeriph_Driver/src/stm32f0xx_cec.c ****   *            @arg CEC_IT_LBPE: Rx Long period Error
 576:../Libraries/STM32F0xx_StdPeriph_Driver/src/stm32f0xx_cec.c ****   *            @arg CEC_IT_SBPE: Rx Short period Error
 577:../Libraries/STM32F0xx_StdPeriph_Driver/src/stm32f0xx_cec.c ****   *            @arg CEC_IT_BRE: Rx Bit Rising Error
 578:../Libraries/STM32F0xx_StdPeriph_Driver/src/stm32f0xx_cec.c ****   *            @arg CEC_IT_RXOVR: Rx Overrun
 579:../Libraries/STM32F0xx_StdPeriph_Driver/src/stm32f0xx_cec.c ****   *            @arg CEC_IT_RXEND: End Of Reception
 580:../Libraries/STM32F0xx_StdPeriph_Driver/src/stm32f0xx_cec.c ****   *            @arg CEC_IT_RXBR: Rx-Byte Received
 581:../Libraries/STM32F0xx_StdPeriph_Driver/src/stm32f0xx_cec.c ****   * @retval None
 582:../Libraries/STM32F0xx_StdPeriph_Driver/src/stm32f0xx_cec.c ****   */
 583:../Libraries/STM32F0xx_StdPeriph_Driver/src/stm32f0xx_cec.c **** void CEC_ClearITPendingBit(uint16_t CEC_IT)
 584:../Libraries/STM32F0xx_StdPeriph_Driver/src/stm32f0xx_cec.c **** {
 556              		.loc 1 584 0
 557              		.cfi_startproc
 558              	.LVL27:
 585:../Libraries/STM32F0xx_StdPeriph_Driver/src/stm32f0xx_cec.c ****   assert_param(IS_CEC_IT(CEC_IT));
 586:../Libraries/STM32F0xx_StdPeriph_Driver/src/stm32f0xx_cec.c **** 
 587:../Libraries/STM32F0xx_StdPeriph_Driver/src/stm32f0xx_cec.c ****   /* Clear the selected CEC interrupt pending bits */
 588:../Libraries/STM32F0xx_StdPeriph_Driver/src/stm32f0xx_cec.c ****   CEC->ISR = CEC_IT;
 559              		.loc 1 588 0
 560 0000 014B     		ldr	r3, .L55
 589:../Libraries/STM32F0xx_StdPeriph_Driver/src/stm32f0xx_cec.c **** }
 561              		.loc 1 589 0
 562              		@ sp needed for prologue
 588:../Libraries/STM32F0xx_StdPeriph_Driver/src/stm32f0xx_cec.c ****   CEC->ISR = CEC_IT;
 563              		.loc 1 588 0
 564 0002 1861     		str	r0, [r3, #16]
 565              		.loc 1 589 0
 566 0004 7047     		bx	lr
 567              	.L56:
 568 0006 C046     		.align	2
 569              	.L55:
 570 0008 00780040 		.word	1073772544
 571              		.cfi_endproc
 572              	.LFE48:
 574              		.text
 575              	.Letext0:
 576              		.file 2 "c:\\program files (x86)\\codesourcery\\sourcery_codebench_lite_for_arm_eabi\\bin\\../lib/
 577              		.file 3 "D:\\EclipseIndigo\\workspace\\cam_hub\\scr/stm32f0xx.h"
 578              		.file 4 "D:\\EclipseIndigo\\workspace\\cam_hub\\Libraries\\STM32F0xx_StdPeriph_Driver\\inc/stm32f0
 579              		.file 5 "D:\\EclipseIndigo\\workspace\\cam_hub\\Libraries\\STM32F0xx_StdPeriph_Driver\\inc/stm32f0
DEFINED SYMBOLS
                            *ABS*:00000000 stm32f0xx_cec.c
C:\Users\THANGN~1\AppData\Local\Temp\ccO6Tn5c.s:18     .text.CEC_DeInit:00000000 $t
C:\Users\THANGN~1\AppData\Local\Temp\ccO6Tn5c.s:23     .text.CEC_DeInit:00000000 CEC_DeInit
C:\Users\THANGN~1\AppData\Local\Temp\ccO6Tn5c.s:52     .text.CEC_Init:00000000 $t
C:\Users\THANGN~1\AppData\Local\Temp\ccO6Tn5c.s:57     .text.CEC_Init:00000000 CEC_Init
C:\Users\THANGN~1\AppData\Local\Temp\ccO6Tn5c.s:108    .text.CEC_Init:0000002c $d
C:\Users\THANGN~1\AppData\Local\Temp\ccO6Tn5c.s:114    .text.CEC_StructInit:00000000 $t
C:\Users\THANGN~1\AppData\Local\Temp\ccO6Tn5c.s:119    .text.CEC_StructInit:00000000 CEC_StructInit
C:\Users\THANGN~1\AppData\Local\Temp\ccO6Tn5c.s:146    .text.CEC_Cmd:00000000 $t
C:\Users\THANGN~1\AppData\Local\Temp\ccO6Tn5c.s:151    .text.CEC_Cmd:00000000 CEC_Cmd
C:\Users\THANGN~1\AppData\Local\Temp\ccO6Tn5c.s:182    .text.CEC_Cmd:00000018 $d
C:\Users\THANGN~1\AppData\Local\Temp\ccO6Tn5c.s:187    .text.CEC_ListenModeCmd:00000000 $t
C:\Users\THANGN~1\AppData\Local\Temp\ccO6Tn5c.s:192    .text.CEC_ListenModeCmd:00000000 CEC_ListenModeCmd
C:\Users\THANGN~1\AppData\Local\Temp\ccO6Tn5c.s:224    .text.CEC_ListenModeCmd:0000001c $d
C:\Users\THANGN~1\AppData\Local\Temp\ccO6Tn5c.s:229    .text.CEC_OwnAddressConfig:00000000 $t
C:\Users\THANGN~1\AppData\Local\Temp\ccO6Tn5c.s:234    .text.CEC_OwnAddressConfig:00000000 CEC_OwnAddressConfig
C:\Users\THANGN~1\AppData\Local\Temp\ccO6Tn5c.s:260    .text.CEC_OwnAddressConfig:00000014 $d
C:\Users\THANGN~1\AppData\Local\Temp\ccO6Tn5c.s:265    .text.CEC_OwnAddressClear:00000000 $t
C:\Users\THANGN~1\AppData\Local\Temp\ccO6Tn5c.s:270    .text.CEC_OwnAddressClear:00000000 CEC_OwnAddressClear
C:\Users\THANGN~1\AppData\Local\Temp\ccO6Tn5c.s:284    .text.CEC_OwnAddressClear:00000008 $d
C:\Users\THANGN~1\AppData\Local\Temp\ccO6Tn5c.s:289    .text.CEC_SendData:00000000 $t
C:\Users\THANGN~1\AppData\Local\Temp\ccO6Tn5c.s:294    .text.CEC_SendData:00000000 CEC_SendData
C:\Users\THANGN~1\AppData\Local\Temp\ccO6Tn5c.s:310    .text.CEC_SendData:00000008 $d
C:\Users\THANGN~1\AppData\Local\Temp\ccO6Tn5c.s:315    .text.CEC_ReceiveData:00000000 $t
C:\Users\THANGN~1\AppData\Local\Temp\ccO6Tn5c.s:320    .text.CEC_ReceiveData:00000000 CEC_ReceiveData
C:\Users\THANGN~1\AppData\Local\Temp\ccO6Tn5c.s:336    .text.CEC_ReceiveData:00000008 $d
C:\Users\THANGN~1\AppData\Local\Temp\ccO6Tn5c.s:341    .text.CEC_StartOfMessage:00000000 $t
C:\Users\THANGN~1\AppData\Local\Temp\ccO6Tn5c.s:346    .text.CEC_StartOfMessage:00000000 CEC_StartOfMessage
C:\Users\THANGN~1\AppData\Local\Temp\ccO6Tn5c.s:364    .text.CEC_StartOfMessage:0000000c $d
C:\Users\THANGN~1\AppData\Local\Temp\ccO6Tn5c.s:369    .text.CEC_EndOfMessage:00000000 $t
C:\Users\THANGN~1\AppData\Local\Temp\ccO6Tn5c.s:374    .text.CEC_EndOfMessage:00000000 CEC_EndOfMessage
C:\Users\THANGN~1\AppData\Local\Temp\ccO6Tn5c.s:392    .text.CEC_EndOfMessage:0000000c $d
C:\Users\THANGN~1\AppData\Local\Temp\ccO6Tn5c.s:397    .text.CEC_ITConfig:00000000 $t
C:\Users\THANGN~1\AppData\Local\Temp\ccO6Tn5c.s:402    .text.CEC_ITConfig:00000000 CEC_ITConfig
C:\Users\THANGN~1\AppData\Local\Temp\ccO6Tn5c.s:438    .text.CEC_ITConfig:00000018 $d
C:\Users\THANGN~1\AppData\Local\Temp\ccO6Tn5c.s:443    .text.CEC_GetFlagStatus:00000000 $t
C:\Users\THANGN~1\AppData\Local\Temp\ccO6Tn5c.s:448    .text.CEC_GetFlagStatus:00000000 CEC_GetFlagStatus
C:\Users\THANGN~1\AppData\Local\Temp\ccO6Tn5c.s:470    .text.CEC_GetFlagStatus:0000000c $d
C:\Users\THANGN~1\AppData\Local\Temp\ccO6Tn5c.s:475    .text.CEC_ClearFlag:00000000 $t
C:\Users\THANGN~1\AppData\Local\Temp\ccO6Tn5c.s:480    .text.CEC_ClearFlag:00000000 CEC_ClearFlag
C:\Users\THANGN~1\AppData\Local\Temp\ccO6Tn5c.s:496    .text.CEC_ClearFlag:00000008 $d
C:\Users\THANGN~1\AppData\Local\Temp\ccO6Tn5c.s:501    .text.CEC_GetITStatus:00000000 $t
C:\Users\THANGN~1\AppData\Local\Temp\ccO6Tn5c.s:506    .text.CEC_GetITStatus:00000000 CEC_GetITStatus
C:\Users\THANGN~1\AppData\Local\Temp\ccO6Tn5c.s:544    .text.CEC_GetITStatus:0000001c $d
C:\Users\THANGN~1\AppData\Local\Temp\ccO6Tn5c.s:549    .text.CEC_ClearITPendingBit:00000000 $t
C:\Users\THANGN~1\AppData\Local\Temp\ccO6Tn5c.s:554    .text.CEC_ClearITPendingBit:00000000 CEC_ClearITPendingBit
C:\Users\THANGN~1\AppData\Local\Temp\ccO6Tn5c.s:570    .text.CEC_ClearITPendingBit:00000008 $d
                     .debug_frame:00000010 $d
                           .group:00000000 wm4.1.90b54cb79624a05a6a75538133d4ee2f
                           .group:00000000 wm4.stm32f0xx.h.54.2936c65ea497e2b9f6697d244f204f4f
                           .group:00000000 wm4.core_cm0.h.47.022e66414e77714da7c4b30b3ad99fe8
                           .group:00000000 wm4.stdint.h.10.90b695f550ca6cc3fb08fa83baf01e05
                           .group:00000000 wm4.core_cmInstr.h.39.b7b6650bdd2316848d940915272d75b8
                           .group:00000000 wm4.core_cm0.h.135.ca70469f87e143609670bb393bfa6518
                           .group:00000000 wm4.stm32f0xx.h.491.56b995fdd6b34ccece7fa7ee90a03d09
                           .group:00000000 wm4.stm32f0xx_adc.h.31.deffd6417c7f5b0940228cd2f9270807
                           .group:00000000 wm4.stm32f0xx_can.h.31.a43838c2d1a571e6bd63f34d4d38f77a
                           .group:00000000 wm4.stm32f0xx_crc.h.31.657756bbefdf42347508251cbea9a2cc
                           .group:00000000 wm4.stm32f0xx_crs.h.31.22b5372509752121d772a6317b79e691
                           .group:00000000 wm4.stm32f0xx_comp.h.31.505a77c0cb787dfeca9e3c2b1da31ed9
                           .group:00000000 wm4.stm32f0xx_dac.h.31.3d3aa9b22e91ba1b1cfddfa53a7af016
                           .group:00000000 wm4.stm32f0xx_dbgmcu.h.31.43e4f2e77b6aa0d00808044a3e1d0d83
                           .group:00000000 wm4.stm32f0xx_dma.h.31.d3df6d3d0192193cb53f5c34738fc5a2
                           .group:00000000 wm4.stm32f0xx_exti.h.31.6d7f5d51fe1eff0809a232d0301b7244
                           .group:00000000 wm4.stm32f0xx_flash.h.31.ff204b27217b5926452ab2f52b527ff3
                           .group:00000000 wm4.stm32f0xx_gpio.h.31.0378cd9a2c4cea0ca3c3e917acce56e1
                           .group:00000000 wm4.stm32f0xx_syscfg.h.31.6e8ab03c61462545bc84446ab81da274
                           .group:00000000 wm4.stm32f0xx_i2c.h.31.83969866ec38bbcc1bff9238f01a1954
                           .group:00000000 wm4.stm32f0xx_iwdg.h.31.bb16f7e18e54df66bf9bd0e2b29bdc93
                           .group:00000000 wm4.stm32f0xx_pwr.h.31.6dd56e642e4a5657857c16e695f196ff
                           .group:00000000 wm4.stm32f0xx_rcc.h.31.02fa02b24c01ae505c73e46ccbb612cf
                           .group:00000000 wm4.stm32f0xx_rtc.h.31.bd5ec8997d6af4752bb55b75cb717765
                           .group:00000000 wm4.stm32f0xx_spi.h.31.6c629d36cb6d36ac31583d2d427e887a
                           .group:00000000 wm4.stm32f0xx_tim.h.31.265cfb150d9b3c280816e67e49205128
                           .group:00000000 wm4.stm32f0xx_usart.h.31.81196cb2de47d9dd879446831830753a
                           .group:00000000 wm4.stm32f0xx_wwdg.h.31.0cf1a9b3d89d147c688025fdd33d9c49
                           .group:00000000 wm4.stm32f0xx_misc.h.31.d5c08c37e69b8a852dbb75e9252454c6
                           .group:00000000 wm4.stm32f0xx_cec.h.80.d17e4ea90700c26010f339885be92ac0

UNDEFINED SYMBOLS
RCC_APB1PeriphResetCmd
