   1              		.cpu cortex-m0
   2              		.fpu softvfp
   3              		.eabi_attribute 20, 1
   4              		.eabi_attribute 21, 1
   5              		.eabi_attribute 23, 3
   6              		.eabi_attribute 24, 1
   7              		.eabi_attribute 25, 1
   8              		.eabi_attribute 26, 1
   9              		.eabi_attribute 30, 4
  10              		.eabi_attribute 34, 0
  11              		.eabi_attribute 18, 4
  12              		.code	16
  13              		.file	"stm32f0xx_gpio.c"
  14              		.text
  15              	.Ltext0:
  16              		.cfi_sections	.debug_frame
  17              		.section	.text.GPIO_DeInit,"ax",%progbits
  18              		.align	1
  19              		.global	GPIO_DeInit
  20              		.code	16
  21              		.thumb_func
  23              	GPIO_DeInit:
  24              	.LFB33:
  25              		.file 1 "../Libraries/STM32F0xx_StdPeriph_Driver/src/stm32f0xx_gpio.c"
   1:../Libraries/STM32F0xx_StdPeriph_Driver/src/stm32f0xx_gpio.c **** /**
   2:../Libraries/STM32F0xx_StdPeriph_Driver/src/stm32f0xx_gpio.c ****   ******************************************************************************
   3:../Libraries/STM32F0xx_StdPeriph_Driver/src/stm32f0xx_gpio.c ****   * @file    stm32f0xx_gpio.c
   4:../Libraries/STM32F0xx_StdPeriph_Driver/src/stm32f0xx_gpio.c ****   * @author  MCD Application Team
   5:../Libraries/STM32F0xx_StdPeriph_Driver/src/stm32f0xx_gpio.c ****   * @version V1.5.0
   6:../Libraries/STM32F0xx_StdPeriph_Driver/src/stm32f0xx_gpio.c ****   * @date    05-December-2014
   7:../Libraries/STM32F0xx_StdPeriph_Driver/src/stm32f0xx_gpio.c ****   * @brief   This file provides firmware functions to manage the following 
   8:../Libraries/STM32F0xx_StdPeriph_Driver/src/stm32f0xx_gpio.c ****   *          functionalities of the GPIO peripheral:
   9:../Libraries/STM32F0xx_StdPeriph_Driver/src/stm32f0xx_gpio.c ****   *           + Initialization and Configuration functions
  10:../Libraries/STM32F0xx_StdPeriph_Driver/src/stm32f0xx_gpio.c ****   *           + GPIO Read and Write functions
  11:../Libraries/STM32F0xx_StdPeriph_Driver/src/stm32f0xx_gpio.c ****   *           + GPIO Alternate functions configuration functions
  12:../Libraries/STM32F0xx_StdPeriph_Driver/src/stm32f0xx_gpio.c ****   *
  13:../Libraries/STM32F0xx_StdPeriph_Driver/src/stm32f0xx_gpio.c ****   *  @verbatim
  14:../Libraries/STM32F0xx_StdPeriph_Driver/src/stm32f0xx_gpio.c ****   *
  15:../Libraries/STM32F0xx_StdPeriph_Driver/src/stm32f0xx_gpio.c ****   *
  16:../Libraries/STM32F0xx_StdPeriph_Driver/src/stm32f0xx_gpio.c ****     ===========================================================================
  17:../Libraries/STM32F0xx_StdPeriph_Driver/src/stm32f0xx_gpio.c ****                          ##### How to use this driver #####
  18:../Libraries/STM32F0xx_StdPeriph_Driver/src/stm32f0xx_gpio.c ****     ===========================================================================
  19:../Libraries/STM32F0xx_StdPeriph_Driver/src/stm32f0xx_gpio.c ****       [..]
  20:../Libraries/STM32F0xx_StdPeriph_Driver/src/stm32f0xx_gpio.c ****       (#) Enable the GPIO AHB clock using RCC_AHBPeriphClockCmd()
  21:../Libraries/STM32F0xx_StdPeriph_Driver/src/stm32f0xx_gpio.c ****       (#) Configure the GPIO pin(s) using GPIO_Init()
  22:../Libraries/STM32F0xx_StdPeriph_Driver/src/stm32f0xx_gpio.c ****           Four possible configuration are available for each pin:
  23:../Libraries/STM32F0xx_StdPeriph_Driver/src/stm32f0xx_gpio.c ****          (++) Input: Floating, Pull-up, Pull-down.
  24:../Libraries/STM32F0xx_StdPeriph_Driver/src/stm32f0xx_gpio.c ****          (++) Output: Push-Pull (Pull-up, Pull-down or no Pull)
  25:../Libraries/STM32F0xx_StdPeriph_Driver/src/stm32f0xx_gpio.c ****                       Open Drain (Pull-up, Pull-down or no Pull).
  26:../Libraries/STM32F0xx_StdPeriph_Driver/src/stm32f0xx_gpio.c ****               In output mode, the speed is configurable: Low, Medium, Fast or High.
  27:../Libraries/STM32F0xx_StdPeriph_Driver/src/stm32f0xx_gpio.c ****          (++) Alternate Function: Push-Pull (Pull-up, Pull-down or no Pull)
  28:../Libraries/STM32F0xx_StdPeriph_Driver/src/stm32f0xx_gpio.c ****                                   Open Drain (Pull-up, Pull-down or no Pull).
  29:../Libraries/STM32F0xx_StdPeriph_Driver/src/stm32f0xx_gpio.c ****          (++) Analog: required mode when a pin is to be used as ADC channel,
  30:../Libraries/STM32F0xx_StdPeriph_Driver/src/stm32f0xx_gpio.c ****               DAC output or comparator input.
  31:../Libraries/STM32F0xx_StdPeriph_Driver/src/stm32f0xx_gpio.c ****       (#) Peripherals alternate function:
  32:../Libraries/STM32F0xx_StdPeriph_Driver/src/stm32f0xx_gpio.c ****          (++) For ADC, DAC and comparators, configure the desired pin in analog 
  33:../Libraries/STM32F0xx_StdPeriph_Driver/src/stm32f0xx_gpio.c ****               mode using GPIO_InitStruct->GPIO_Mode = GPIO_Mode_AN
  34:../Libraries/STM32F0xx_StdPeriph_Driver/src/stm32f0xx_gpio.c ****          (++) For other peripherals (TIM, USART...):
  35:../Libraries/STM32F0xx_StdPeriph_Driver/src/stm32f0xx_gpio.c ****               (+++) Connect the pin to the desired peripherals' Alternate 
  36:../Libraries/STM32F0xx_StdPeriph_Driver/src/stm32f0xx_gpio.c ****                     Function (AF) using GPIO_PinAFConfig() function. For PortC, 
  37:../Libraries/STM32F0xx_StdPeriph_Driver/src/stm32f0xx_gpio.c ****                     PortD and PortF, no configuration is needed.
  38:../Libraries/STM32F0xx_StdPeriph_Driver/src/stm32f0xx_gpio.c ****               (+++) Configure the desired pin in alternate function mode using
  39:../Libraries/STM32F0xx_StdPeriph_Driver/src/stm32f0xx_gpio.c ****                     GPIO_InitStruct->GPIO_Mode = GPIO_Mode_AF
  40:../Libraries/STM32F0xx_StdPeriph_Driver/src/stm32f0xx_gpio.c ****               (+++) Select the type, pull-up/pull-down and output speed via 
  41:../Libraries/STM32F0xx_StdPeriph_Driver/src/stm32f0xx_gpio.c ****                     GPIO_PuPd, GPIO_OType and GPIO_Speed members
  42:../Libraries/STM32F0xx_StdPeriph_Driver/src/stm32f0xx_gpio.c ****               (+++) Call GPIO_Init() function
  43:../Libraries/STM32F0xx_StdPeriph_Driver/src/stm32f0xx_gpio.c ****       (#) To get the level of a pin configured in input mode use GPIO_ReadInputDataBit()
  44:../Libraries/STM32F0xx_StdPeriph_Driver/src/stm32f0xx_gpio.c ****       (#) To set/reset the level of a pin configured in output mode use
  45:../Libraries/STM32F0xx_StdPeriph_Driver/src/stm32f0xx_gpio.c ****           GPIO_SetBits()/GPIO_ResetBits()
  46:../Libraries/STM32F0xx_StdPeriph_Driver/src/stm32f0xx_gpio.c ****       (#) During and just after reset, the alternate functions are not active and 
  47:../Libraries/STM32F0xx_StdPeriph_Driver/src/stm32f0xx_gpio.c ****           the GPIO pins are configured in input floating mode (except JTAG pins).
  48:../Libraries/STM32F0xx_StdPeriph_Driver/src/stm32f0xx_gpio.c ****       (#) The LSE oscillator pins OSC32_IN and OSC32_OUT can be used as 
  49:../Libraries/STM32F0xx_StdPeriph_Driver/src/stm32f0xx_gpio.c ****           general-purpose (PC14 and PC15, respectively) when the LSE oscillator 
  50:../Libraries/STM32F0xx_StdPeriph_Driver/src/stm32f0xx_gpio.c ****           is off. The LSE has priority over the GPIO function.
  51:../Libraries/STM32F0xx_StdPeriph_Driver/src/stm32f0xx_gpio.c ****       (#) The HSE oscillator pins OSC_IN/OSC_OUT can be used as general-purpose 
  52:../Libraries/STM32F0xx_StdPeriph_Driver/src/stm32f0xx_gpio.c ****           PD0 and PD1, respectively, when the HSE oscillator is off. The HSE has 
  53:../Libraries/STM32F0xx_StdPeriph_Driver/src/stm32f0xx_gpio.c ****           priority over the GPIO function.
  54:../Libraries/STM32F0xx_StdPeriph_Driver/src/stm32f0xx_gpio.c ****     @endverbatim
  55:../Libraries/STM32F0xx_StdPeriph_Driver/src/stm32f0xx_gpio.c ****   ******************************************************************************
  56:../Libraries/STM32F0xx_StdPeriph_Driver/src/stm32f0xx_gpio.c ****   * @attention
  57:../Libraries/STM32F0xx_StdPeriph_Driver/src/stm32f0xx_gpio.c ****   *
  58:../Libraries/STM32F0xx_StdPeriph_Driver/src/stm32f0xx_gpio.c ****   * <h2><center>&copy; COPYRIGHT 2014 STMicroelectronics</center></h2>
  59:../Libraries/STM32F0xx_StdPeriph_Driver/src/stm32f0xx_gpio.c ****   *
  60:../Libraries/STM32F0xx_StdPeriph_Driver/src/stm32f0xx_gpio.c ****   * Licensed under MCD-ST Liberty SW License Agreement V2, (the "License");
  61:../Libraries/STM32F0xx_StdPeriph_Driver/src/stm32f0xx_gpio.c ****   * You may not use this file except in compliance with the License.
  62:../Libraries/STM32F0xx_StdPeriph_Driver/src/stm32f0xx_gpio.c ****   * You may obtain a copy of the License at:
  63:../Libraries/STM32F0xx_StdPeriph_Driver/src/stm32f0xx_gpio.c ****   *
  64:../Libraries/STM32F0xx_StdPeriph_Driver/src/stm32f0xx_gpio.c ****   *        http://www.st.com/software_license_agreement_liberty_v2
  65:../Libraries/STM32F0xx_StdPeriph_Driver/src/stm32f0xx_gpio.c ****   *
  66:../Libraries/STM32F0xx_StdPeriph_Driver/src/stm32f0xx_gpio.c ****   * Unless required by applicable law or agreed to in writing, software 
  67:../Libraries/STM32F0xx_StdPeriph_Driver/src/stm32f0xx_gpio.c ****   * distributed under the License is distributed on an "AS IS" BASIS, 
  68:../Libraries/STM32F0xx_StdPeriph_Driver/src/stm32f0xx_gpio.c ****   * WITHOUT WARRANTIES OR CONDITIONS OF ANY KIND, either express or implied.
  69:../Libraries/STM32F0xx_StdPeriph_Driver/src/stm32f0xx_gpio.c ****   * See the License for the specific language governing permissions and
  70:../Libraries/STM32F0xx_StdPeriph_Driver/src/stm32f0xx_gpio.c ****   * limitations under the License.
  71:../Libraries/STM32F0xx_StdPeriph_Driver/src/stm32f0xx_gpio.c ****   *
  72:../Libraries/STM32F0xx_StdPeriph_Driver/src/stm32f0xx_gpio.c ****   ******************************************************************************
  73:../Libraries/STM32F0xx_StdPeriph_Driver/src/stm32f0xx_gpio.c ****   */
  74:../Libraries/STM32F0xx_StdPeriph_Driver/src/stm32f0xx_gpio.c **** 
  75:../Libraries/STM32F0xx_StdPeriph_Driver/src/stm32f0xx_gpio.c **** /* Includes ------------------------------------------------------------------*/
  76:../Libraries/STM32F0xx_StdPeriph_Driver/src/stm32f0xx_gpio.c **** #include "stm32f0xx_gpio.h"
  77:../Libraries/STM32F0xx_StdPeriph_Driver/src/stm32f0xx_gpio.c **** #include "stm32f0xx_rcc.h"
  78:../Libraries/STM32F0xx_StdPeriph_Driver/src/stm32f0xx_gpio.c **** 
  79:../Libraries/STM32F0xx_StdPeriph_Driver/src/stm32f0xx_gpio.c **** /** @addtogroup STM32F0xx_StdPeriph_Driver
  80:../Libraries/STM32F0xx_StdPeriph_Driver/src/stm32f0xx_gpio.c ****   * @{
  81:../Libraries/STM32F0xx_StdPeriph_Driver/src/stm32f0xx_gpio.c ****   */
  82:../Libraries/STM32F0xx_StdPeriph_Driver/src/stm32f0xx_gpio.c **** 
  83:../Libraries/STM32F0xx_StdPeriph_Driver/src/stm32f0xx_gpio.c **** /** @defgroup GPIO 
  84:../Libraries/STM32F0xx_StdPeriph_Driver/src/stm32f0xx_gpio.c ****   * @brief GPIO driver modules
  85:../Libraries/STM32F0xx_StdPeriph_Driver/src/stm32f0xx_gpio.c ****   * @{
  86:../Libraries/STM32F0xx_StdPeriph_Driver/src/stm32f0xx_gpio.c ****   */
  87:../Libraries/STM32F0xx_StdPeriph_Driver/src/stm32f0xx_gpio.c **** 
  88:../Libraries/STM32F0xx_StdPeriph_Driver/src/stm32f0xx_gpio.c **** /* Private typedef -----------------------------------------------------------*/
  89:../Libraries/STM32F0xx_StdPeriph_Driver/src/stm32f0xx_gpio.c **** /* Private define ------------------------------------------------------------*/
  90:../Libraries/STM32F0xx_StdPeriph_Driver/src/stm32f0xx_gpio.c **** /* Private macro -------------------------------------------------------------*/
  91:../Libraries/STM32F0xx_StdPeriph_Driver/src/stm32f0xx_gpio.c **** /* Private variables ---------------------------------------------------------*/
  92:../Libraries/STM32F0xx_StdPeriph_Driver/src/stm32f0xx_gpio.c **** /* Private function prototypes -----------------------------------------------*/
  93:../Libraries/STM32F0xx_StdPeriph_Driver/src/stm32f0xx_gpio.c **** /* Private functions ---------------------------------------------------------*/
  94:../Libraries/STM32F0xx_StdPeriph_Driver/src/stm32f0xx_gpio.c **** 
  95:../Libraries/STM32F0xx_StdPeriph_Driver/src/stm32f0xx_gpio.c **** /** @defgroup GPIO_Private_Functions 
  96:../Libraries/STM32F0xx_StdPeriph_Driver/src/stm32f0xx_gpio.c ****   * @{
  97:../Libraries/STM32F0xx_StdPeriph_Driver/src/stm32f0xx_gpio.c ****   */
  98:../Libraries/STM32F0xx_StdPeriph_Driver/src/stm32f0xx_gpio.c **** 
  99:../Libraries/STM32F0xx_StdPeriph_Driver/src/stm32f0xx_gpio.c **** /** @defgroup GPIO_Group1 Initialization and Configuration
 100:../Libraries/STM32F0xx_StdPeriph_Driver/src/stm32f0xx_gpio.c ****  *  @brief   Initialization and Configuration
 101:../Libraries/STM32F0xx_StdPeriph_Driver/src/stm32f0xx_gpio.c ****  *
 102:../Libraries/STM32F0xx_StdPeriph_Driver/src/stm32f0xx_gpio.c **** @verbatim
 103:../Libraries/STM32F0xx_StdPeriph_Driver/src/stm32f0xx_gpio.c ****  ===============================================================================
 104:../Libraries/STM32F0xx_StdPeriph_Driver/src/stm32f0xx_gpio.c ****                     ##### Initialization and Configuration #####
 105:../Libraries/STM32F0xx_StdPeriph_Driver/src/stm32f0xx_gpio.c ****  ===============================================================================
 106:../Libraries/STM32F0xx_StdPeriph_Driver/src/stm32f0xx_gpio.c **** 
 107:../Libraries/STM32F0xx_StdPeriph_Driver/src/stm32f0xx_gpio.c **** @endverbatim
 108:../Libraries/STM32F0xx_StdPeriph_Driver/src/stm32f0xx_gpio.c ****   * @{
 109:../Libraries/STM32F0xx_StdPeriph_Driver/src/stm32f0xx_gpio.c ****   */
 110:../Libraries/STM32F0xx_StdPeriph_Driver/src/stm32f0xx_gpio.c **** 
 111:../Libraries/STM32F0xx_StdPeriph_Driver/src/stm32f0xx_gpio.c **** /**
 112:../Libraries/STM32F0xx_StdPeriph_Driver/src/stm32f0xx_gpio.c ****   * @brief  Deinitializes the GPIOx peripheral registers to their default reset 
 113:../Libraries/STM32F0xx_StdPeriph_Driver/src/stm32f0xx_gpio.c ****   *         values.
 114:../Libraries/STM32F0xx_StdPeriph_Driver/src/stm32f0xx_gpio.c ****   * @param  GPIOx: where x can be (A, B, C, D, E or F) to select the GPIO peripheral.
 115:../Libraries/STM32F0xx_StdPeriph_Driver/src/stm32f0xx_gpio.c ****   * @note   GPIOE is available only for STM32F072.
 116:../Libraries/STM32F0xx_StdPeriph_Driver/src/stm32f0xx_gpio.c ****   * @note   GPIOD is not available for STM32F031.    
 117:../Libraries/STM32F0xx_StdPeriph_Driver/src/stm32f0xx_gpio.c ****   * @retval None
 118:../Libraries/STM32F0xx_StdPeriph_Driver/src/stm32f0xx_gpio.c ****   */
 119:../Libraries/STM32F0xx_StdPeriph_Driver/src/stm32f0xx_gpio.c **** void GPIO_DeInit(GPIO_TypeDef* GPIOx)
 120:../Libraries/STM32F0xx_StdPeriph_Driver/src/stm32f0xx_gpio.c **** {
  26              		.loc 1 120 0
  27              		.cfi_startproc
  28              	.LVL0:
  29 0000 08B5     		push	{r3, lr}
  30              	.LCFI0:
  31              		.cfi_def_cfa_offset 8
  32              		.cfi_offset 3, -8
  33              		.cfi_offset 14, -4
 121:../Libraries/STM32F0xx_StdPeriph_Driver/src/stm32f0xx_gpio.c ****   /* Check the parameters */
 122:../Libraries/STM32F0xx_StdPeriph_Driver/src/stm32f0xx_gpio.c ****   assert_param(IS_GPIO_ALL_PERIPH(GPIOx));
 123:../Libraries/STM32F0xx_StdPeriph_Driver/src/stm32f0xx_gpio.c **** 
 124:../Libraries/STM32F0xx_StdPeriph_Driver/src/stm32f0xx_gpio.c ****   if(GPIOx == GPIOA)
  34              		.loc 1 124 0
  35 0002 9023     		mov	r3, #144
  36 0004 DB05     		lsl	r3, r3, #23
  37 0006 9842     		cmp	r0, r3
  38 0008 07D1     		bne	.L2
 125:../Libraries/STM32F0xx_StdPeriph_Driver/src/stm32f0xx_gpio.c ****   {
 126:../Libraries/STM32F0xx_StdPeriph_Driver/src/stm32f0xx_gpio.c ****     RCC_AHBPeriphResetCmd(RCC_AHBPeriph_GPIOA, ENABLE);
  39              		.loc 1 126 0
  40 000a 8020     		mov	r0, #128
  41              	.LVL1:
  42 000c 8002     		lsl	r0, r0, #10
  43 000e 0121     		mov	r1, #1
  44 0010 FFF7FEFF 		bl	RCC_AHBPeriphResetCmd
  45              	.LVL2:
 127:../Libraries/STM32F0xx_StdPeriph_Driver/src/stm32f0xx_gpio.c ****     RCC_AHBPeriphResetCmd(RCC_AHBPeriph_GPIOA, DISABLE);
  46              		.loc 1 127 0
  47 0014 8020     		mov	r0, #128
  48 0016 8002     		lsl	r0, r0, #10
  49 0018 35E0     		b	.L8
  50              	.LVL3:
  51              	.L2:
 128:../Libraries/STM32F0xx_StdPeriph_Driver/src/stm32f0xx_gpio.c ****   }
 129:../Libraries/STM32F0xx_StdPeriph_Driver/src/stm32f0xx_gpio.c ****   else if(GPIOx == GPIOB)
  52              		.loc 1 129 0
  53 001a 1D4B     		ldr	r3, .L9
  54 001c 9842     		cmp	r0, r3
  55 001e 07D1     		bne	.L4
 130:../Libraries/STM32F0xx_StdPeriph_Driver/src/stm32f0xx_gpio.c ****   {
 131:../Libraries/STM32F0xx_StdPeriph_Driver/src/stm32f0xx_gpio.c ****     RCC_AHBPeriphResetCmd(RCC_AHBPeriph_GPIOB, ENABLE);
  56              		.loc 1 131 0
  57 0020 8020     		mov	r0, #128
  58              	.LVL4:
  59 0022 C002     		lsl	r0, r0, #11
  60 0024 0121     		mov	r1, #1
  61 0026 FFF7FEFF 		bl	RCC_AHBPeriphResetCmd
  62              	.LVL5:
 132:../Libraries/STM32F0xx_StdPeriph_Driver/src/stm32f0xx_gpio.c ****     RCC_AHBPeriphResetCmd(RCC_AHBPeriph_GPIOB, DISABLE);
  63              		.loc 1 132 0
  64 002a 8020     		mov	r0, #128
  65 002c C002     		lsl	r0, r0, #11
  66 002e 2AE0     		b	.L8
  67              	.LVL6:
  68              	.L4:
 133:../Libraries/STM32F0xx_StdPeriph_Driver/src/stm32f0xx_gpio.c ****   }
 134:../Libraries/STM32F0xx_StdPeriph_Driver/src/stm32f0xx_gpio.c ****   else if(GPIOx == GPIOC)
  69              		.loc 1 134 0
  70 0030 184B     		ldr	r3, .L9+4
  71 0032 9842     		cmp	r0, r3
  72 0034 07D1     		bne	.L5
 135:../Libraries/STM32F0xx_StdPeriph_Driver/src/stm32f0xx_gpio.c ****   {
 136:../Libraries/STM32F0xx_StdPeriph_Driver/src/stm32f0xx_gpio.c ****     RCC_AHBPeriphResetCmd(RCC_AHBPeriph_GPIOC, ENABLE);
  73              		.loc 1 136 0
  74 0036 8020     		mov	r0, #128
  75              	.LVL7:
  76 0038 0003     		lsl	r0, r0, #12
  77 003a 0121     		mov	r1, #1
  78 003c FFF7FEFF 		bl	RCC_AHBPeriphResetCmd
  79              	.LVL8:
 137:../Libraries/STM32F0xx_StdPeriph_Driver/src/stm32f0xx_gpio.c ****     RCC_AHBPeriphResetCmd(RCC_AHBPeriph_GPIOC, DISABLE);
  80              		.loc 1 137 0
  81 0040 8020     		mov	r0, #128
  82 0042 0003     		lsl	r0, r0, #12
  83 0044 1FE0     		b	.L8
  84              	.LVL9:
  85              	.L5:
 138:../Libraries/STM32F0xx_StdPeriph_Driver/src/stm32f0xx_gpio.c ****   }
 139:../Libraries/STM32F0xx_StdPeriph_Driver/src/stm32f0xx_gpio.c ****   else if(GPIOx == GPIOD)
  86              		.loc 1 139 0
  87 0046 144B     		ldr	r3, .L9+8
  88 0048 9842     		cmp	r0, r3
  89 004a 07D1     		bne	.L6
 140:../Libraries/STM32F0xx_StdPeriph_Driver/src/stm32f0xx_gpio.c ****   {
 141:../Libraries/STM32F0xx_StdPeriph_Driver/src/stm32f0xx_gpio.c ****     RCC_AHBPeriphResetCmd(RCC_AHBPeriph_GPIOD, ENABLE);
  90              		.loc 1 141 0
  91 004c 8020     		mov	r0, #128
  92              	.LVL10:
  93 004e 4003     		lsl	r0, r0, #13
  94 0050 0121     		mov	r1, #1
  95 0052 FFF7FEFF 		bl	RCC_AHBPeriphResetCmd
  96              	.LVL11:
 142:../Libraries/STM32F0xx_StdPeriph_Driver/src/stm32f0xx_gpio.c ****     RCC_AHBPeriphResetCmd(RCC_AHBPeriph_GPIOD, DISABLE);
  97              		.loc 1 142 0
  98 0056 8020     		mov	r0, #128
  99 0058 4003     		lsl	r0, r0, #13
 100 005a 14E0     		b	.L8
 101              	.LVL12:
 102              	.L6:
 143:../Libraries/STM32F0xx_StdPeriph_Driver/src/stm32f0xx_gpio.c ****   }
 144:../Libraries/STM32F0xx_StdPeriph_Driver/src/stm32f0xx_gpio.c ****   else if(GPIOx == GPIOE)
 103              		.loc 1 144 0
 104 005c 0F4B     		ldr	r3, .L9+12
 105 005e 9842     		cmp	r0, r3
 106 0060 07D1     		bne	.L7
 145:../Libraries/STM32F0xx_StdPeriph_Driver/src/stm32f0xx_gpio.c ****   {
 146:../Libraries/STM32F0xx_StdPeriph_Driver/src/stm32f0xx_gpio.c ****     RCC_AHBPeriphResetCmd(RCC_AHBPeriph_GPIOE, ENABLE);
 107              		.loc 1 146 0
 108 0062 8020     		mov	r0, #128
 109              	.LVL13:
 110 0064 8003     		lsl	r0, r0, #14
 111 0066 0121     		mov	r1, #1
 112 0068 FFF7FEFF 		bl	RCC_AHBPeriphResetCmd
 113              	.LVL14:
 147:../Libraries/STM32F0xx_StdPeriph_Driver/src/stm32f0xx_gpio.c ****     RCC_AHBPeriphResetCmd(RCC_AHBPeriph_GPIOE, DISABLE);
 114              		.loc 1 147 0
 115 006c 8020     		mov	r0, #128
 116 006e 8003     		lsl	r0, r0, #14
 117 0070 09E0     		b	.L8
 118              	.LVL15:
 119              	.L7:
 148:../Libraries/STM32F0xx_StdPeriph_Driver/src/stm32f0xx_gpio.c ****   }
 149:../Libraries/STM32F0xx_StdPeriph_Driver/src/stm32f0xx_gpio.c ****   else
 150:../Libraries/STM32F0xx_StdPeriph_Driver/src/stm32f0xx_gpio.c ****   {
 151:../Libraries/STM32F0xx_StdPeriph_Driver/src/stm32f0xx_gpio.c ****     if(GPIOx == GPIOF)
 120              		.loc 1 151 0
 121 0072 0B4B     		ldr	r3, .L9+16
 122 0074 9842     		cmp	r0, r3
 123 0076 09D1     		bne	.L1
 152:../Libraries/STM32F0xx_StdPeriph_Driver/src/stm32f0xx_gpio.c ****     {
 153:../Libraries/STM32F0xx_StdPeriph_Driver/src/stm32f0xx_gpio.c ****       RCC_AHBPeriphResetCmd(RCC_AHBPeriph_GPIOF, ENABLE);
 124              		.loc 1 153 0
 125 0078 8020     		mov	r0, #128
 126              	.LVL16:
 127 007a C003     		lsl	r0, r0, #15
 128 007c 0121     		mov	r1, #1
 129 007e FFF7FEFF 		bl	RCC_AHBPeriphResetCmd
 130              	.LVL17:
 154:../Libraries/STM32F0xx_StdPeriph_Driver/src/stm32f0xx_gpio.c ****       RCC_AHBPeriphResetCmd(RCC_AHBPeriph_GPIOF, DISABLE);
 131              		.loc 1 154 0
 132 0082 8020     		mov	r0, #128
 133 0084 C003     		lsl	r0, r0, #15
 134              	.L8:
 135 0086 0021     		mov	r1, #0
 136 0088 FFF7FEFF 		bl	RCC_AHBPeriphResetCmd
 137              	.LVL18:
 138              	.L1:
 155:../Libraries/STM32F0xx_StdPeriph_Driver/src/stm32f0xx_gpio.c ****     }
 156:../Libraries/STM32F0xx_StdPeriph_Driver/src/stm32f0xx_gpio.c ****   }
 157:../Libraries/STM32F0xx_StdPeriph_Driver/src/stm32f0xx_gpio.c **** }
 139              		.loc 1 157 0
 140              		@ sp needed for prologue
 141 008c 08BD     		pop	{r3, pc}
 142              	.L10:
 143 008e C046     		.align	2
 144              	.L9:
 145 0090 00040048 		.word	1207960576
 146 0094 00080048 		.word	1207961600
 147 0098 000C0048 		.word	1207962624
 148 009c 00100048 		.word	1207963648
 149 00a0 00140048 		.word	1207964672
 150              		.cfi_endproc
 151              	.LFE33:
 153              		.section	.text.GPIO_Init,"ax",%progbits
 154              		.align	1
 155              		.global	GPIO_Init
 156              		.code	16
 157              		.thumb_func
 159              	GPIO_Init:
 160              	.LFB34:
 158:../Libraries/STM32F0xx_StdPeriph_Driver/src/stm32f0xx_gpio.c **** 
 159:../Libraries/STM32F0xx_StdPeriph_Driver/src/stm32f0xx_gpio.c **** /**
 160:../Libraries/STM32F0xx_StdPeriph_Driver/src/stm32f0xx_gpio.c ****   * @brief  Initializes the GPIOx peripheral according to the specified 
 161:../Libraries/STM32F0xx_StdPeriph_Driver/src/stm32f0xx_gpio.c ****   *         parameters in the GPIO_InitStruct.
 162:../Libraries/STM32F0xx_StdPeriph_Driver/src/stm32f0xx_gpio.c ****   * @param  GPIOx: where x can be (A, B, C, D, E or F) to select the GPIO peripheral.
 163:../Libraries/STM32F0xx_StdPeriph_Driver/src/stm32f0xx_gpio.c ****   * @note   GPIOE is available only for STM32F072.
 164:../Libraries/STM32F0xx_StdPeriph_Driver/src/stm32f0xx_gpio.c ****   * @note   GPIOD is not available for STM32F031.   
 165:../Libraries/STM32F0xx_StdPeriph_Driver/src/stm32f0xx_gpio.c ****   * @param  GPIO_InitStruct: pointer to a GPIO_InitTypeDef structure that contains
 166:../Libraries/STM32F0xx_StdPeriph_Driver/src/stm32f0xx_gpio.c ****   *         the configuration information for the specified GPIO peripheral.
 167:../Libraries/STM32F0xx_StdPeriph_Driver/src/stm32f0xx_gpio.c ****   * @retval None
 168:../Libraries/STM32F0xx_StdPeriph_Driver/src/stm32f0xx_gpio.c ****   */
 169:../Libraries/STM32F0xx_StdPeriph_Driver/src/stm32f0xx_gpio.c **** void GPIO_Init(GPIO_TypeDef* GPIOx, GPIO_InitTypeDef* GPIO_InitStruct)
 170:../Libraries/STM32F0xx_StdPeriph_Driver/src/stm32f0xx_gpio.c **** {
 161              		.loc 1 170 0
 162              		.cfi_startproc
 163              	.LVL19:
 164 0000 F7B5     		push	{r0, r1, r2, r4, r5, r6, r7, lr}
 165              	.LCFI1:
 166              		.cfi_def_cfa_offset 32
 167              		.cfi_offset 0, -32
 168              		.cfi_offset 1, -28
 169              		.cfi_offset 2, -24
 170              		.cfi_offset 4, -20
 171              		.cfi_offset 5, -16
 172              		.cfi_offset 6, -12
 173              		.cfi_offset 7, -8
 174              		.cfi_offset 14, -4
 171:../Libraries/STM32F0xx_StdPeriph_Driver/src/stm32f0xx_gpio.c ****   uint32_t pinpos = 0x00, pos = 0x00 , currentpin = 0x00;
 172:../Libraries/STM32F0xx_StdPeriph_Driver/src/stm32f0xx_gpio.c **** 
 173:../Libraries/STM32F0xx_StdPeriph_Driver/src/stm32f0xx_gpio.c ****   /* Check the parameters */
 174:../Libraries/STM32F0xx_StdPeriph_Driver/src/stm32f0xx_gpio.c ****   assert_param(IS_GPIO_ALL_PERIPH(GPIOx));
 175:../Libraries/STM32F0xx_StdPeriph_Driver/src/stm32f0xx_gpio.c ****   assert_param(IS_GPIO_PIN(GPIO_InitStruct->GPIO_Pin));
 176:../Libraries/STM32F0xx_StdPeriph_Driver/src/stm32f0xx_gpio.c ****   assert_param(IS_GPIO_MODE(GPIO_InitStruct->GPIO_Mode));
 177:../Libraries/STM32F0xx_StdPeriph_Driver/src/stm32f0xx_gpio.c ****   assert_param(IS_GPIO_PUPD(GPIO_InitStruct->GPIO_PuPd));
 178:../Libraries/STM32F0xx_StdPeriph_Driver/src/stm32f0xx_gpio.c **** 
 179:../Libraries/STM32F0xx_StdPeriph_Driver/src/stm32f0xx_gpio.c ****   /*-------------------------- Configure the port pins -----------------------*/
 180:../Libraries/STM32F0xx_StdPeriph_Driver/src/stm32f0xx_gpio.c ****   /*-- GPIO Mode Configuration --*/
 181:../Libraries/STM32F0xx_StdPeriph_Driver/src/stm32f0xx_gpio.c ****   for (pinpos = 0x00; pinpos < 0x10; pinpos++)
 182:../Libraries/STM32F0xx_StdPeriph_Driver/src/stm32f0xx_gpio.c ****   {
 183:../Libraries/STM32F0xx_StdPeriph_Driver/src/stm32f0xx_gpio.c ****     pos = ((uint32_t)0x01) << pinpos;
 184:../Libraries/STM32F0xx_StdPeriph_Driver/src/stm32f0xx_gpio.c **** 
 185:../Libraries/STM32F0xx_StdPeriph_Driver/src/stm32f0xx_gpio.c ****     /* Get the port pins position */
 186:../Libraries/STM32F0xx_StdPeriph_Driver/src/stm32f0xx_gpio.c ****     currentpin = (GPIO_InitStruct->GPIO_Pin) & pos;
 175              		.loc 1 186 0
 176 0002 0A68     		ldr	r2, [r1]
 181:../Libraries/STM32F0xx_StdPeriph_Driver/src/stm32f0xx_gpio.c ****   for (pinpos = 0x00; pinpos < 0x10; pinpos++)
 177              		.loc 1 181 0
 178 0004 0023     		mov	r3, #0
 179              		.loc 1 186 0
 180 0006 0192     		str	r2, [sp, #4]
 181              	.LVL20:
 182              	.L14:
 183:../Libraries/STM32F0xx_StdPeriph_Driver/src/stm32f0xx_gpio.c ****     pos = ((uint32_t)0x01) << pinpos;
 183              		.loc 1 183 0
 184 0008 0124     		mov	r4, #1
 185              		.loc 1 186 0
 186 000a 019D     		ldr	r5, [sp, #4]
 183:../Libraries/STM32F0xx_StdPeriph_Driver/src/stm32f0xx_gpio.c ****     pos = ((uint32_t)0x01) << pinpos;
 187              		.loc 1 183 0
 188 000c 9C40     		lsl	r4, r4, r3
 189              	.LVL21:
 190              		.loc 1 186 0
 191 000e 2540     		and	r5, r4
 192              	.LVL22:
 187:../Libraries/STM32F0xx_StdPeriph_Driver/src/stm32f0xx_gpio.c **** 
 188:../Libraries/STM32F0xx_StdPeriph_Driver/src/stm32f0xx_gpio.c ****     if (currentpin == pos)
 193              		.loc 1 188 0
 194 0010 A542     		cmp	r5, r4
 195 0012 2DD1     		bne	.L12
 189:../Libraries/STM32F0xx_StdPeriph_Driver/src/stm32f0xx_gpio.c ****     {
 190:../Libraries/STM32F0xx_StdPeriph_Driver/src/stm32f0xx_gpio.c ****       if ((GPIO_InitStruct->GPIO_Mode == GPIO_Mode_OUT) || (GPIO_InitStruct->GPIO_Mode == GPIO_Mode
 196              		.loc 1 190 0
 197 0014 0C79     		ldrb	r4, [r1, #4]
 198              	.LVL23:
 199 0016 661E     		sub	r6, r4, #1
 200 0018 012E     		cmp	r6, #1
 201 001a 15D8     		bhi	.L13
 191:../Libraries/STM32F0xx_StdPeriph_Driver/src/stm32f0xx_gpio.c ****       {
 192:../Libraries/STM32F0xx_StdPeriph_Driver/src/stm32f0xx_gpio.c ****         /* Check Speed mode parameters */
 193:../Libraries/STM32F0xx_StdPeriph_Driver/src/stm32f0xx_gpio.c ****         assert_param(IS_GPIO_SPEED(GPIO_InitStruct->GPIO_Speed));
 194:../Libraries/STM32F0xx_StdPeriph_Driver/src/stm32f0xx_gpio.c **** 
 195:../Libraries/STM32F0xx_StdPeriph_Driver/src/stm32f0xx_gpio.c ****         /* Speed mode configuration */
 196:../Libraries/STM32F0xx_StdPeriph_Driver/src/stm32f0xx_gpio.c ****         GPIOx->OSPEEDR &= ~(GPIO_OSPEEDER_OSPEEDR0 << (pinpos * 2));
 202              		.loc 1 196 0
 203 001c 8668     		ldr	r6, [r0, #8]
 204 001e 0327     		mov	r7, #3
 205 0020 0096     		str	r6, [sp]
 206 0022 009A     		ldr	r2, [sp]
 169:../Libraries/STM32F0xx_StdPeriph_Driver/src/stm32f0xx_gpio.c **** void GPIO_Init(GPIO_TypeDef* GPIOx, GPIO_InitTypeDef* GPIO_InitStruct)
 207              		.loc 1 169 0
 208 0024 5E00     		lsl	r6, r3, #1
 209              		.loc 1 196 0
 210 0026 B740     		lsl	r7, r7, r6
 211 0028 BA43     		bic	r2, r7
 212 002a 8260     		str	r2, [r0, #8]
 197:../Libraries/STM32F0xx_StdPeriph_Driver/src/stm32f0xx_gpio.c ****         GPIOx->OSPEEDR |= ((uint32_t)(GPIO_InitStruct->GPIO_Speed) << (pinpos * 2));
 213              		.loc 1 197 0
 214 002c 4A79     		ldrb	r2, [r1, #5]
 215 002e 8768     		ldr	r7, [r0, #8]
 216 0030 B240     		lsl	r2, r2, r6
 217 0032 161C     		mov	r6, r2
 218 0034 3E43     		orr	r6, r7
 219 0036 8660     		str	r6, [r0, #8]
 198:../Libraries/STM32F0xx_StdPeriph_Driver/src/stm32f0xx_gpio.c **** 
 199:../Libraries/STM32F0xx_StdPeriph_Driver/src/stm32f0xx_gpio.c ****         /* Check Output mode parameters */
 200:../Libraries/STM32F0xx_StdPeriph_Driver/src/stm32f0xx_gpio.c ****         assert_param(IS_GPIO_OTYPE(GPIO_InitStruct->GPIO_OType));
 201:../Libraries/STM32F0xx_StdPeriph_Driver/src/stm32f0xx_gpio.c **** 
 202:../Libraries/STM32F0xx_StdPeriph_Driver/src/stm32f0xx_gpio.c ****         /* Output mode configuration */
 203:../Libraries/STM32F0xx_StdPeriph_Driver/src/stm32f0xx_gpio.c ****         GPIOx->OTYPER &= ~((GPIO_OTYPER_OT_0) << ((uint16_t)pinpos));
 220              		.loc 1 203 0
 221 0038 8688     		ldrh	r6, [r0, #4]
 222 003a AE43     		bic	r6, r5
 223 003c 8680     		strh	r6, [r0, #4]
 204:../Libraries/STM32F0xx_StdPeriph_Driver/src/stm32f0xx_gpio.c ****         GPIOx->OTYPER |= (uint16_t)(((uint16_t)GPIO_InitStruct->GPIO_OType) << ((uint16_t)pinpos));
 224              		.loc 1 204 0
 225 003e 8D79     		ldrb	r5, [r1, #6]
 226              	.LVL24:
 227 0040 8688     		ldrh	r6, [r0, #4]
 228 0042 9D40     		lsl	r5, r5, r3
 229 0044 3543     		orr	r5, r6
 230 0046 8580     		strh	r5, [r0, #4]
 231              	.L13:
 169:../Libraries/STM32F0xx_StdPeriph_Driver/src/stm32f0xx_gpio.c **** void GPIO_Init(GPIO_TypeDef* GPIOx, GPIO_InitTypeDef* GPIO_InitStruct)
 232              		.loc 1 169 0
 233 0048 5D00     		lsl	r5, r3, #1
 205:../Libraries/STM32F0xx_StdPeriph_Driver/src/stm32f0xx_gpio.c ****       }
 206:../Libraries/STM32F0xx_StdPeriph_Driver/src/stm32f0xx_gpio.c **** 
 207:../Libraries/STM32F0xx_StdPeriph_Driver/src/stm32f0xx_gpio.c ****       GPIOx->MODER  &= ~(GPIO_MODER_MODER0 << (pinpos * 2));
 234              		.loc 1 207 0
 235 004a 0326     		mov	r6, #3
 236 004c 0768     		ldr	r7, [r0]
 237 004e AE40     		lsl	r6, r6, r5
 238 0050 F643     		mvn	r6, r6
 239 0052 3740     		and	r7, r6
 240 0054 0760     		str	r7, [r0]
 208:../Libraries/STM32F0xx_StdPeriph_Driver/src/stm32f0xx_gpio.c **** 
 209:../Libraries/STM32F0xx_StdPeriph_Driver/src/stm32f0xx_gpio.c ****       GPIOx->MODER |= (((uint32_t)GPIO_InitStruct->GPIO_Mode) << (pinpos * 2));
 241              		.loc 1 209 0
 242 0056 0768     		ldr	r7, [r0]
 243 0058 AC40     		lsl	r4, r4, r5
 244 005a 3C43     		orr	r4, r7
 245 005c 0460     		str	r4, [r0]
 210:../Libraries/STM32F0xx_StdPeriph_Driver/src/stm32f0xx_gpio.c **** 
 211:../Libraries/STM32F0xx_StdPeriph_Driver/src/stm32f0xx_gpio.c ****       /* Pull-up Pull down resistor configuration */
 212:../Libraries/STM32F0xx_StdPeriph_Driver/src/stm32f0xx_gpio.c ****       GPIOx->PUPDR &= ~(GPIO_PUPDR_PUPDR0 << ((uint16_t)pinpos * 2));
 246              		.loc 1 212 0
 247 005e C468     		ldr	r4, [r0, #12]
 248 0060 2640     		and	r6, r4
 249 0062 C660     		str	r6, [r0, #12]
 213:../Libraries/STM32F0xx_StdPeriph_Driver/src/stm32f0xx_gpio.c ****       GPIOx->PUPDR |= (((uint32_t)GPIO_InitStruct->GPIO_PuPd) << (pinpos * 2));
 250              		.loc 1 213 0
 251 0064 CE79     		ldrb	r6, [r1, #7]
 252 0066 C468     		ldr	r4, [r0, #12]
 253 0068 AE40     		lsl	r6, r6, r5
 254 006a 351C     		mov	r5, r6
 255 006c 2543     		orr	r5, r4
 256 006e C560     		str	r5, [r0, #12]
 257              	.L12:
 181:../Libraries/STM32F0xx_StdPeriph_Driver/src/stm32f0xx_gpio.c ****   for (pinpos = 0x00; pinpos < 0x10; pinpos++)
 258              		.loc 1 181 0
 259 0070 0133     		add	r3, r3, #1
 260              	.LVL25:
 261 0072 102B     		cmp	r3, #16
 262 0074 C8D1     		bne	.L14
 214:../Libraries/STM32F0xx_StdPeriph_Driver/src/stm32f0xx_gpio.c ****     }
 215:../Libraries/STM32F0xx_StdPeriph_Driver/src/stm32f0xx_gpio.c ****   }
 216:../Libraries/STM32F0xx_StdPeriph_Driver/src/stm32f0xx_gpio.c **** }
 263              		.loc 1 216 0
 264              		@ sp needed for prologue
 265 0076 F7BD     		pop	{r0, r1, r2, r4, r5, r6, r7, pc}
 266              		.cfi_endproc
 267              	.LFE34:
 269              		.section	.text.GPIO_StructInit,"ax",%progbits
 270              		.align	1
 271              		.global	GPIO_StructInit
 272              		.code	16
 273              		.thumb_func
 275              	GPIO_StructInit:
 276              	.LFB35:
 217:../Libraries/STM32F0xx_StdPeriph_Driver/src/stm32f0xx_gpio.c **** 
 218:../Libraries/STM32F0xx_StdPeriph_Driver/src/stm32f0xx_gpio.c **** /**
 219:../Libraries/STM32F0xx_StdPeriph_Driver/src/stm32f0xx_gpio.c ****   * @brief  Fills each GPIO_InitStruct member with its default value.
 220:../Libraries/STM32F0xx_StdPeriph_Driver/src/stm32f0xx_gpio.c ****   * @param  GPIO_InitStruct: pointer to a GPIO_InitTypeDef structure which will 
 221:../Libraries/STM32F0xx_StdPeriph_Driver/src/stm32f0xx_gpio.c ****   *         be initialized.
 222:../Libraries/STM32F0xx_StdPeriph_Driver/src/stm32f0xx_gpio.c ****   * @retval None
 223:../Libraries/STM32F0xx_StdPeriph_Driver/src/stm32f0xx_gpio.c ****   */
 224:../Libraries/STM32F0xx_StdPeriph_Driver/src/stm32f0xx_gpio.c **** void GPIO_StructInit(GPIO_InitTypeDef* GPIO_InitStruct)
 225:../Libraries/STM32F0xx_StdPeriph_Driver/src/stm32f0xx_gpio.c **** {
 277              		.loc 1 225 0
 278              		.cfi_startproc
 279              	.LVL26:
 226:../Libraries/STM32F0xx_StdPeriph_Driver/src/stm32f0xx_gpio.c ****   /* Reset GPIO init structure parameters values */
 227:../Libraries/STM32F0xx_StdPeriph_Driver/src/stm32f0xx_gpio.c ****   GPIO_InitStruct->GPIO_Pin  = GPIO_Pin_All;
 280              		.loc 1 227 0
 281 0000 044B     		ldr	r3, .L17
 228:../Libraries/STM32F0xx_StdPeriph_Driver/src/stm32f0xx_gpio.c ****   GPIO_InitStruct->GPIO_Mode = GPIO_Mode_IN;
 229:../Libraries/STM32F0xx_StdPeriph_Driver/src/stm32f0xx_gpio.c ****   GPIO_InitStruct->GPIO_Speed = GPIO_Speed_Level_2;
 282              		.loc 1 229 0
 283 0002 0122     		mov	r2, #1
 227:../Libraries/STM32F0xx_StdPeriph_Driver/src/stm32f0xx_gpio.c ****   GPIO_InitStruct->GPIO_Pin  = GPIO_Pin_All;
 284              		.loc 1 227 0
 285 0004 0360     		str	r3, [r0]
 228:../Libraries/STM32F0xx_StdPeriph_Driver/src/stm32f0xx_gpio.c ****   GPIO_InitStruct->GPIO_Mode = GPIO_Mode_IN;
 286              		.loc 1 228 0
 287 0006 0023     		mov	r3, #0
 288 0008 0371     		strb	r3, [r0, #4]
 289              		.loc 1 229 0
 290 000a 4271     		strb	r2, [r0, #5]
 230:../Libraries/STM32F0xx_StdPeriph_Driver/src/stm32f0xx_gpio.c ****   GPIO_InitStruct->GPIO_OType = GPIO_OType_PP;
 291              		.loc 1 230 0
 292 000c 8371     		strb	r3, [r0, #6]
 231:../Libraries/STM32F0xx_StdPeriph_Driver/src/stm32f0xx_gpio.c ****   GPIO_InitStruct->GPIO_PuPd = GPIO_PuPd_NOPULL;
 293              		.loc 1 231 0
 294 000e C371     		strb	r3, [r0, #7]
 232:../Libraries/STM32F0xx_StdPeriph_Driver/src/stm32f0xx_gpio.c **** }
 295              		.loc 1 232 0
 296              		@ sp needed for prologue
 297 0010 7047     		bx	lr
 298              	.L18:
 299 0012 C046     		.align	2
 300              	.L17:
 301 0014 FFFF0000 		.word	65535
 302              		.cfi_endproc
 303              	.LFE35:
 305              		.section	.text.GPIO_PinLockConfig,"ax",%progbits
 306              		.align	1
 307              		.global	GPIO_PinLockConfig
 308              		.code	16
 309              		.thumb_func
 311              	GPIO_PinLockConfig:
 312              	.LFB36:
 233:../Libraries/STM32F0xx_StdPeriph_Driver/src/stm32f0xx_gpio.c **** 
 234:../Libraries/STM32F0xx_StdPeriph_Driver/src/stm32f0xx_gpio.c **** /**
 235:../Libraries/STM32F0xx_StdPeriph_Driver/src/stm32f0xx_gpio.c ****   * @brief  Locks GPIO Pins configuration registers.
 236:../Libraries/STM32F0xx_StdPeriph_Driver/src/stm32f0xx_gpio.c ****   * @note   The locked registers are GPIOx_MODER, GPIOx_OTYPER, GPIOx_OSPEEDR,
 237:../Libraries/STM32F0xx_StdPeriph_Driver/src/stm32f0xx_gpio.c ****   *         GPIOx_PUPDR, GPIOx_AFRL and GPIOx_AFRH.
 238:../Libraries/STM32F0xx_StdPeriph_Driver/src/stm32f0xx_gpio.c ****   * @note   The configuration of the locked GPIO pins can no longer be modified
 239:../Libraries/STM32F0xx_StdPeriph_Driver/src/stm32f0xx_gpio.c ****   *         until the next device reset.
 240:../Libraries/STM32F0xx_StdPeriph_Driver/src/stm32f0xx_gpio.c ****   * @param  GPIOx: where x can be (A or B) to select the GPIO peripheral.
 241:../Libraries/STM32F0xx_StdPeriph_Driver/src/stm32f0xx_gpio.c ****   * @param  GPIO_Pin: specifies the port bit to be written.
 242:../Libraries/STM32F0xx_StdPeriph_Driver/src/stm32f0xx_gpio.c ****   *          This parameter can be any combination of GPIO_Pin_x where x can be (0..15).
 243:../Libraries/STM32F0xx_StdPeriph_Driver/src/stm32f0xx_gpio.c ****   * @retval None
 244:../Libraries/STM32F0xx_StdPeriph_Driver/src/stm32f0xx_gpio.c ****   */
 245:../Libraries/STM32F0xx_StdPeriph_Driver/src/stm32f0xx_gpio.c **** void GPIO_PinLockConfig(GPIO_TypeDef* GPIOx, uint16_t GPIO_Pin)
 246:../Libraries/STM32F0xx_StdPeriph_Driver/src/stm32f0xx_gpio.c **** {
 313              		.loc 1 246 0
 314              		.cfi_startproc
 315              	.LVL27:
 247:../Libraries/STM32F0xx_StdPeriph_Driver/src/stm32f0xx_gpio.c ****   __IO uint32_t tmp = 0x00010000;
 316              		.loc 1 247 0
 317 0000 8023     		mov	r3, #128
 246:../Libraries/STM32F0xx_StdPeriph_Driver/src/stm32f0xx_gpio.c **** {
 318              		.loc 1 246 0
 319 0002 82B0     		sub	sp, sp, #8
 320              	.LCFI2:
 321              		.cfi_def_cfa_offset 8
 322              		.loc 1 247 0
 323 0004 5B02     		lsl	r3, r3, #9
 324 0006 0193     		str	r3, [sp, #4]
 325              	.LVL28:
 248:../Libraries/STM32F0xx_StdPeriph_Driver/src/stm32f0xx_gpio.c **** 
 249:../Libraries/STM32F0xx_StdPeriph_Driver/src/stm32f0xx_gpio.c ****   /* Check the parameters */
 250:../Libraries/STM32F0xx_StdPeriph_Driver/src/stm32f0xx_gpio.c ****   assert_param(IS_GPIO_LIST_PERIPH(GPIOx));
 251:../Libraries/STM32F0xx_StdPeriph_Driver/src/stm32f0xx_gpio.c ****   assert_param(IS_GPIO_PIN(GPIO_Pin));
 252:../Libraries/STM32F0xx_StdPeriph_Driver/src/stm32f0xx_gpio.c **** 
 253:../Libraries/STM32F0xx_StdPeriph_Driver/src/stm32f0xx_gpio.c ****   tmp |= GPIO_Pin;
 326              		.loc 1 253 0
 327 0008 019B     		ldr	r3, [sp, #4]
 328 000a 0B43     		orr	r3, r1
 329              	.LVL29:
 330 000c 0193     		str	r3, [sp, #4]
 331              	.LVL30:
 254:../Libraries/STM32F0xx_StdPeriph_Driver/src/stm32f0xx_gpio.c ****   /* Set LCKK bit */
 255:../Libraries/STM32F0xx_StdPeriph_Driver/src/stm32f0xx_gpio.c ****   GPIOx->LCKR = tmp;
 332              		.loc 1 255 0
 333 000e 019B     		ldr	r3, [sp, #4]
 334              	.LVL31:
 335 0010 C361     		str	r3, [r0, #28]
 256:../Libraries/STM32F0xx_StdPeriph_Driver/src/stm32f0xx_gpio.c ****   /* Reset LCKK bit */
 257:../Libraries/STM32F0xx_StdPeriph_Driver/src/stm32f0xx_gpio.c ****   GPIOx->LCKR =  GPIO_Pin;
 336              		.loc 1 257 0
 337 0012 C161     		str	r1, [r0, #28]
 258:../Libraries/STM32F0xx_StdPeriph_Driver/src/stm32f0xx_gpio.c ****   /* Set LCKK bit */
 259:../Libraries/STM32F0xx_StdPeriph_Driver/src/stm32f0xx_gpio.c ****   GPIOx->LCKR = tmp;
 338              		.loc 1 259 0
 339 0014 019B     		ldr	r3, [sp, #4]
 340 0016 C361     		str	r3, [r0, #28]
 260:../Libraries/STM32F0xx_StdPeriph_Driver/src/stm32f0xx_gpio.c ****   /* Read LCKK bit */
 261:../Libraries/STM32F0xx_StdPeriph_Driver/src/stm32f0xx_gpio.c ****   tmp = GPIOx->LCKR;
 341              		.loc 1 261 0
 342 0018 C369     		ldr	r3, [r0, #28]
 343              	.LVL32:
 344 001a 0193     		str	r3, [sp, #4]
 262:../Libraries/STM32F0xx_StdPeriph_Driver/src/stm32f0xx_gpio.c ****   /* Read LCKK bit */
 263:../Libraries/STM32F0xx_StdPeriph_Driver/src/stm32f0xx_gpio.c ****   tmp = GPIOx->LCKR;
 345              		.loc 1 263 0
 346 001c C369     		ldr	r3, [r0, #28]
 347 001e 0193     		str	r3, [sp, #4]
 264:../Libraries/STM32F0xx_StdPeriph_Driver/src/stm32f0xx_gpio.c **** }
 348              		.loc 1 264 0
 349 0020 02B0     		add	sp, sp, #8
 350              		@ sp needed for prologue
 351 0022 7047     		bx	lr
 352              		.cfi_endproc
 353              	.LFE36:
 355              		.section	.text.GPIO_ReadInputDataBit,"ax",%progbits
 356              		.align	1
 357              		.global	GPIO_ReadInputDataBit
 358              		.code	16
 359              		.thumb_func
 361              	GPIO_ReadInputDataBit:
 362              	.LFB37:
 265:../Libraries/STM32F0xx_StdPeriph_Driver/src/stm32f0xx_gpio.c **** 
 266:../Libraries/STM32F0xx_StdPeriph_Driver/src/stm32f0xx_gpio.c **** /**
 267:../Libraries/STM32F0xx_StdPeriph_Driver/src/stm32f0xx_gpio.c ****   * @}
 268:../Libraries/STM32F0xx_StdPeriph_Driver/src/stm32f0xx_gpio.c ****   */
 269:../Libraries/STM32F0xx_StdPeriph_Driver/src/stm32f0xx_gpio.c **** 
 270:../Libraries/STM32F0xx_StdPeriph_Driver/src/stm32f0xx_gpio.c **** /** @defgroup GPIO_Group2 GPIO Read and Write
 271:../Libraries/STM32F0xx_StdPeriph_Driver/src/stm32f0xx_gpio.c ****  *  @brief   GPIO Read and Write
 272:../Libraries/STM32F0xx_StdPeriph_Driver/src/stm32f0xx_gpio.c ****  *
 273:../Libraries/STM32F0xx_StdPeriph_Driver/src/stm32f0xx_gpio.c **** @verbatim   
 274:../Libraries/STM32F0xx_StdPeriph_Driver/src/stm32f0xx_gpio.c ****  ===============================================================================
 275:../Libraries/STM32F0xx_StdPeriph_Driver/src/stm32f0xx_gpio.c ****                       ##### GPIO Read and Write #####
 276:../Libraries/STM32F0xx_StdPeriph_Driver/src/stm32f0xx_gpio.c ****  ===============================================================================  
 277:../Libraries/STM32F0xx_StdPeriph_Driver/src/stm32f0xx_gpio.c **** 
 278:../Libraries/STM32F0xx_StdPeriph_Driver/src/stm32f0xx_gpio.c **** @endverbatim
 279:../Libraries/STM32F0xx_StdPeriph_Driver/src/stm32f0xx_gpio.c ****   * @{
 280:../Libraries/STM32F0xx_StdPeriph_Driver/src/stm32f0xx_gpio.c ****   */
 281:../Libraries/STM32F0xx_StdPeriph_Driver/src/stm32f0xx_gpio.c **** 
 282:../Libraries/STM32F0xx_StdPeriph_Driver/src/stm32f0xx_gpio.c **** /**
 283:../Libraries/STM32F0xx_StdPeriph_Driver/src/stm32f0xx_gpio.c ****   * @brief  Reads the specified input port pin.
 284:../Libraries/STM32F0xx_StdPeriph_Driver/src/stm32f0xx_gpio.c ****   * @param  GPIOx: where x can be (A, B, C, D, E or F) to select the GPIO peripheral.
 285:../Libraries/STM32F0xx_StdPeriph_Driver/src/stm32f0xx_gpio.c ****   * @note   GPIOE is available only for STM32F072.
 286:../Libraries/STM32F0xx_StdPeriph_Driver/src/stm32f0xx_gpio.c ****   * @note   GPIOD is not available for STM32F031.   
 287:../Libraries/STM32F0xx_StdPeriph_Driver/src/stm32f0xx_gpio.c ****   * @param  GPIO_Pin: specifies the port bit to read.
 288:../Libraries/STM32F0xx_StdPeriph_Driver/src/stm32f0xx_gpio.c ****   * @note   This parameter can be GPIO_Pin_x where x can be:
 289:../Libraries/STM32F0xx_StdPeriph_Driver/src/stm32f0xx_gpio.c ****   *         For STM32F051 and STM32F030: (0..15) for GPIOA, GPIOB, GPIOC, (2) for GPIOD and (0..1, 
 290:../Libraries/STM32F0xx_StdPeriph_Driver/src/stm32f0xx_gpio.c ****   *         For STM32F072: (0..15) for GPIOA, GPIOB, GPIOC, GPIOD, GPIOE, (0..10) for GPIOF.
 291:../Libraries/STM32F0xx_StdPeriph_Driver/src/stm32f0xx_gpio.c ****   *         For STM32F031: (0..15) for GPIOA, GPIOB, (13..15) for GPIOC and (0..1, 6..7) for GPIOF.
 292:../Libraries/STM32F0xx_StdPeriph_Driver/src/stm32f0xx_gpio.c ****   * @retval The input port pin value.
 293:../Libraries/STM32F0xx_StdPeriph_Driver/src/stm32f0xx_gpio.c ****   */
 294:../Libraries/STM32F0xx_StdPeriph_Driver/src/stm32f0xx_gpio.c **** uint8_t GPIO_ReadInputDataBit(GPIO_TypeDef* GPIOx, uint16_t GPIO_Pin)
 295:../Libraries/STM32F0xx_StdPeriph_Driver/src/stm32f0xx_gpio.c **** {
 363              		.loc 1 295 0
 364              		.cfi_startproc
 365              	.LVL33:
 296:../Libraries/STM32F0xx_StdPeriph_Driver/src/stm32f0xx_gpio.c ****   uint8_t bitstatus = 0x00;
 297:../Libraries/STM32F0xx_StdPeriph_Driver/src/stm32f0xx_gpio.c **** 
 298:../Libraries/STM32F0xx_StdPeriph_Driver/src/stm32f0xx_gpio.c ****   /* Check the parameters */
 299:../Libraries/STM32F0xx_StdPeriph_Driver/src/stm32f0xx_gpio.c ****   assert_param(IS_GPIO_ALL_PERIPH(GPIOx));
 300:../Libraries/STM32F0xx_StdPeriph_Driver/src/stm32f0xx_gpio.c ****   assert_param(IS_GET_GPIO_PIN(GPIO_Pin));
 301:../Libraries/STM32F0xx_StdPeriph_Driver/src/stm32f0xx_gpio.c **** 
 302:../Libraries/STM32F0xx_StdPeriph_Driver/src/stm32f0xx_gpio.c ****   if ((GPIOx->IDR & GPIO_Pin) != (uint32_t)Bit_RESET)
 366              		.loc 1 302 0
 367 0000 008A     		ldrh	r0, [r0, #16]
 368              	.LVL34:
 303:../Libraries/STM32F0xx_StdPeriph_Driver/src/stm32f0xx_gpio.c ****   {
 304:../Libraries/STM32F0xx_StdPeriph_Driver/src/stm32f0xx_gpio.c ****     bitstatus = (uint8_t)Bit_SET;
 305:../Libraries/STM32F0xx_StdPeriph_Driver/src/stm32f0xx_gpio.c ****   }
 306:../Libraries/STM32F0xx_StdPeriph_Driver/src/stm32f0xx_gpio.c ****   else
 307:../Libraries/STM32F0xx_StdPeriph_Driver/src/stm32f0xx_gpio.c ****   {
 308:../Libraries/STM32F0xx_StdPeriph_Driver/src/stm32f0xx_gpio.c ****     bitstatus = (uint8_t)Bit_RESET;
 309:../Libraries/STM32F0xx_StdPeriph_Driver/src/stm32f0xx_gpio.c ****   }
 310:../Libraries/STM32F0xx_StdPeriph_Driver/src/stm32f0xx_gpio.c ****   return bitstatus;
 311:../Libraries/STM32F0xx_StdPeriph_Driver/src/stm32f0xx_gpio.c **** }
 369              		.loc 1 311 0
 370              		@ sp needed for prologue
 302:../Libraries/STM32F0xx_StdPeriph_Driver/src/stm32f0xx_gpio.c ****   if ((GPIOx->IDR & GPIO_Pin) != (uint32_t)Bit_RESET)
 371              		.loc 1 302 0
 372 0002 0840     		and	r0, r1
 373              	.LVL35:
 310:../Libraries/STM32F0xx_StdPeriph_Driver/src/stm32f0xx_gpio.c ****   return bitstatus;
 374              		.loc 1 310 0
 375 0004 431E     		sub	r3, r0, #1
 376 0006 9841     		sbc	r0, r0, r3
 377              		.loc 1 311 0
 378 0008 7047     		bx	lr
 379              		.cfi_endproc
 380              	.LFE37:
 382              		.section	.text.GPIO_ReadInputData,"ax",%progbits
 383              		.align	1
 384              		.global	GPIO_ReadInputData
 385              		.code	16
 386              		.thumb_func
 388              	GPIO_ReadInputData:
 389              	.LFB38:
 312:../Libraries/STM32F0xx_StdPeriph_Driver/src/stm32f0xx_gpio.c **** 
 313:../Libraries/STM32F0xx_StdPeriph_Driver/src/stm32f0xx_gpio.c **** /**
 314:../Libraries/STM32F0xx_StdPeriph_Driver/src/stm32f0xx_gpio.c ****   * @brief  Reads the specified input port pin.
 315:../Libraries/STM32F0xx_StdPeriph_Driver/src/stm32f0xx_gpio.c ****   * @param  GPIOx: where x can be (A, B, C, D, E or F) to select the GPIO peripheral.
 316:../Libraries/STM32F0xx_StdPeriph_Driver/src/stm32f0xx_gpio.c ****   * @note   GPIOE is available only for STM32F072.
 317:../Libraries/STM32F0xx_StdPeriph_Driver/src/stm32f0xx_gpio.c ****   * @note   GPIOD is not available for STM32F031.   
 318:../Libraries/STM32F0xx_StdPeriph_Driver/src/stm32f0xx_gpio.c ****   * @retval The input port pin value.
 319:../Libraries/STM32F0xx_StdPeriph_Driver/src/stm32f0xx_gpio.c ****   */
 320:../Libraries/STM32F0xx_StdPeriph_Driver/src/stm32f0xx_gpio.c **** uint16_t GPIO_ReadInputData(GPIO_TypeDef* GPIOx)
 321:../Libraries/STM32F0xx_StdPeriph_Driver/src/stm32f0xx_gpio.c **** {
 390              		.loc 1 321 0
 391              		.cfi_startproc
 392              	.LVL36:
 322:../Libraries/STM32F0xx_StdPeriph_Driver/src/stm32f0xx_gpio.c ****   /* Check the parameters */
 323:../Libraries/STM32F0xx_StdPeriph_Driver/src/stm32f0xx_gpio.c ****   assert_param(IS_GPIO_ALL_PERIPH(GPIOx));
 324:../Libraries/STM32F0xx_StdPeriph_Driver/src/stm32f0xx_gpio.c **** 
 325:../Libraries/STM32F0xx_StdPeriph_Driver/src/stm32f0xx_gpio.c ****   return ((uint16_t)GPIOx->IDR);
 393              		.loc 1 325 0
 394 0000 008A     		ldrh	r0, [r0, #16]
 395              	.LVL37:
 326:../Libraries/STM32F0xx_StdPeriph_Driver/src/stm32f0xx_gpio.c **** }
 396              		.loc 1 326 0
 397              		@ sp needed for prologue
 398 0002 7047     		bx	lr
 399              		.cfi_endproc
 400              	.LFE38:
 402              		.section	.text.GPIO_ReadOutputDataBit,"ax",%progbits
 403              		.align	1
 404              		.global	GPIO_ReadOutputDataBit
 405              		.code	16
 406              		.thumb_func
 408              	GPIO_ReadOutputDataBit:
 409              	.LFB39:
 327:../Libraries/STM32F0xx_StdPeriph_Driver/src/stm32f0xx_gpio.c **** 
 328:../Libraries/STM32F0xx_StdPeriph_Driver/src/stm32f0xx_gpio.c **** /**
 329:../Libraries/STM32F0xx_StdPeriph_Driver/src/stm32f0xx_gpio.c ****   * @brief  Reads the specified output data port bit.
 330:../Libraries/STM32F0xx_StdPeriph_Driver/src/stm32f0xx_gpio.c ****   * @param  GPIOx: where x can be (A, B, C, D, E or F) to select the GPIO peripheral.
 331:../Libraries/STM32F0xx_StdPeriph_Driver/src/stm32f0xx_gpio.c ****   * @note   GPIOE is available only for STM32F072.
 332:../Libraries/STM32F0xx_StdPeriph_Driver/src/stm32f0xx_gpio.c ****   * @note   GPIOD is not available for STM32F031.   
 333:../Libraries/STM32F0xx_StdPeriph_Driver/src/stm32f0xx_gpio.c ****   * @param  GPIO_Pin: Specifies the port bit to read.
 334:../Libraries/STM32F0xx_StdPeriph_Driver/src/stm32f0xx_gpio.c ****   * @note   This parameter can be GPIO_Pin_x where x can be:
 335:../Libraries/STM32F0xx_StdPeriph_Driver/src/stm32f0xx_gpio.c ****   *         For STM32F051 and STM32F030: (0..15) for GPIOA, GPIOB, GPIOC, (2) for GPIOD and (0..1, 
 336:../Libraries/STM32F0xx_StdPeriph_Driver/src/stm32f0xx_gpio.c ****   *         For STM32F072: (0..15) for GPIOA, GPIOB, GPIOC, GPIOD, GPIOE, (0..10) for GPIOF.
 337:../Libraries/STM32F0xx_StdPeriph_Driver/src/stm32f0xx_gpio.c ****   *         For STM32F031: (0..15) for GPIOA, GPIOB, (13..15) for GPIOC and (0..1, 6..7) for GPIOF.
 338:../Libraries/STM32F0xx_StdPeriph_Driver/src/stm32f0xx_gpio.c ****   * @retval The output port pin value.
 339:../Libraries/STM32F0xx_StdPeriph_Driver/src/stm32f0xx_gpio.c ****   */
 340:../Libraries/STM32F0xx_StdPeriph_Driver/src/stm32f0xx_gpio.c **** uint8_t GPIO_ReadOutputDataBit(GPIO_TypeDef* GPIOx, uint16_t GPIO_Pin)
 341:../Libraries/STM32F0xx_StdPeriph_Driver/src/stm32f0xx_gpio.c **** {
 410              		.loc 1 341 0
 411              		.cfi_startproc
 412              	.LVL38:
 342:../Libraries/STM32F0xx_StdPeriph_Driver/src/stm32f0xx_gpio.c ****   uint8_t bitstatus = 0x00;
 343:../Libraries/STM32F0xx_StdPeriph_Driver/src/stm32f0xx_gpio.c **** 
 344:../Libraries/STM32F0xx_StdPeriph_Driver/src/stm32f0xx_gpio.c ****   /* Check the parameters */
 345:../Libraries/STM32F0xx_StdPeriph_Driver/src/stm32f0xx_gpio.c ****   assert_param(IS_GPIO_ALL_PERIPH(GPIOx));
 346:../Libraries/STM32F0xx_StdPeriph_Driver/src/stm32f0xx_gpio.c ****   assert_param(IS_GET_GPIO_PIN(GPIO_Pin));
 347:../Libraries/STM32F0xx_StdPeriph_Driver/src/stm32f0xx_gpio.c **** 
 348:../Libraries/STM32F0xx_StdPeriph_Driver/src/stm32f0xx_gpio.c ****   if ((GPIOx->ODR & GPIO_Pin) != (uint32_t)Bit_RESET)
 413              		.loc 1 348 0
 414 0000 808A     		ldrh	r0, [r0, #20]
 415              	.LVL39:
 349:../Libraries/STM32F0xx_StdPeriph_Driver/src/stm32f0xx_gpio.c ****   {
 350:../Libraries/STM32F0xx_StdPeriph_Driver/src/stm32f0xx_gpio.c ****     bitstatus = (uint8_t)Bit_SET;
 351:../Libraries/STM32F0xx_StdPeriph_Driver/src/stm32f0xx_gpio.c ****   }
 352:../Libraries/STM32F0xx_StdPeriph_Driver/src/stm32f0xx_gpio.c ****   else
 353:../Libraries/STM32F0xx_StdPeriph_Driver/src/stm32f0xx_gpio.c ****   {
 354:../Libraries/STM32F0xx_StdPeriph_Driver/src/stm32f0xx_gpio.c ****     bitstatus = (uint8_t)Bit_RESET;
 355:../Libraries/STM32F0xx_StdPeriph_Driver/src/stm32f0xx_gpio.c ****   }
 356:../Libraries/STM32F0xx_StdPeriph_Driver/src/stm32f0xx_gpio.c ****   return bitstatus;
 357:../Libraries/STM32F0xx_StdPeriph_Driver/src/stm32f0xx_gpio.c **** }
 416              		.loc 1 357 0
 417              		@ sp needed for prologue
 348:../Libraries/STM32F0xx_StdPeriph_Driver/src/stm32f0xx_gpio.c ****   if ((GPIOx->ODR & GPIO_Pin) != (uint32_t)Bit_RESET)
 418              		.loc 1 348 0
 419 0002 0840     		and	r0, r1
 420              	.LVL40:
 356:../Libraries/STM32F0xx_StdPeriph_Driver/src/stm32f0xx_gpio.c ****   return bitstatus;
 421              		.loc 1 356 0
 422 0004 431E     		sub	r3, r0, #1
 423 0006 9841     		sbc	r0, r0, r3
 424              		.loc 1 357 0
 425 0008 7047     		bx	lr
 426              		.cfi_endproc
 427              	.LFE39:
 429              		.section	.text.GPIO_ReadOutputData,"ax",%progbits
 430              		.align	1
 431              		.global	GPIO_ReadOutputData
 432              		.code	16
 433              		.thumb_func
 435              	GPIO_ReadOutputData:
 436              	.LFB40:
 358:../Libraries/STM32F0xx_StdPeriph_Driver/src/stm32f0xx_gpio.c **** 
 359:../Libraries/STM32F0xx_StdPeriph_Driver/src/stm32f0xx_gpio.c **** /**
 360:../Libraries/STM32F0xx_StdPeriph_Driver/src/stm32f0xx_gpio.c ****   * @brief  Reads the specified GPIO output data port.
 361:../Libraries/STM32F0xx_StdPeriph_Driver/src/stm32f0xx_gpio.c ****   * @param  GPIOx: where x can be (A, B, C, D, E or F) to select the GPIO peripheral.
 362:../Libraries/STM32F0xx_StdPeriph_Driver/src/stm32f0xx_gpio.c ****   * @note   GPIOE is available only for STM32F072.
 363:../Libraries/STM32F0xx_StdPeriph_Driver/src/stm32f0xx_gpio.c ****   * @note   GPIOD is not available for STM32F031.    
 364:../Libraries/STM32F0xx_StdPeriph_Driver/src/stm32f0xx_gpio.c ****   * @retval GPIO output data port value.
 365:../Libraries/STM32F0xx_StdPeriph_Driver/src/stm32f0xx_gpio.c ****   */
 366:../Libraries/STM32F0xx_StdPeriph_Driver/src/stm32f0xx_gpio.c **** uint16_t GPIO_ReadOutputData(GPIO_TypeDef* GPIOx)
 367:../Libraries/STM32F0xx_StdPeriph_Driver/src/stm32f0xx_gpio.c **** {
 437              		.loc 1 367 0
 438              		.cfi_startproc
 439              	.LVL41:
 368:../Libraries/STM32F0xx_StdPeriph_Driver/src/stm32f0xx_gpio.c ****   /* Check the parameters */
 369:../Libraries/STM32F0xx_StdPeriph_Driver/src/stm32f0xx_gpio.c ****   assert_param(IS_GPIO_ALL_PERIPH(GPIOx));
 370:../Libraries/STM32F0xx_StdPeriph_Driver/src/stm32f0xx_gpio.c **** 
 371:../Libraries/STM32F0xx_StdPeriph_Driver/src/stm32f0xx_gpio.c ****   return ((uint16_t)GPIOx->ODR);
 440              		.loc 1 371 0
 441 0000 808A     		ldrh	r0, [r0, #20]
 442              	.LVL42:
 372:../Libraries/STM32F0xx_StdPeriph_Driver/src/stm32f0xx_gpio.c **** }
 443              		.loc 1 372 0
 444              		@ sp needed for prologue
 445 0002 7047     		bx	lr
 446              		.cfi_endproc
 447              	.LFE40:
 449              		.section	.text.GPIO_SetBits,"ax",%progbits
 450              		.align	1
 451              		.global	GPIO_SetBits
 452              		.code	16
 453              		.thumb_func
 455              	GPIO_SetBits:
 456              	.LFB41:
 373:../Libraries/STM32F0xx_StdPeriph_Driver/src/stm32f0xx_gpio.c **** 
 374:../Libraries/STM32F0xx_StdPeriph_Driver/src/stm32f0xx_gpio.c **** /**
 375:../Libraries/STM32F0xx_StdPeriph_Driver/src/stm32f0xx_gpio.c ****   * @brief  Sets the selected data port bits.
 376:../Libraries/STM32F0xx_StdPeriph_Driver/src/stm32f0xx_gpio.c ****   * @param  GPIOx: where x can be (A, B, C, D, E or F) to select the GPIO peripheral.
 377:../Libraries/STM32F0xx_StdPeriph_Driver/src/stm32f0xx_gpio.c ****   * @note   GPIOE is available only for STM32F072.
 378:../Libraries/STM32F0xx_StdPeriph_Driver/src/stm32f0xx_gpio.c ****   * @note   GPIOD is not available for STM32F031.    
 379:../Libraries/STM32F0xx_StdPeriph_Driver/src/stm32f0xx_gpio.c ****   * @param  GPIO_Pin: specifies the port bits to be written.
 380:../Libraries/STM32F0xx_StdPeriph_Driver/src/stm32f0xx_gpio.c ****   * @note   This parameter can be GPIO_Pin_x where x can be:
 381:../Libraries/STM32F0xx_StdPeriph_Driver/src/stm32f0xx_gpio.c ****   *         For STM32F051 and STM32F030: (0..15) for GPIOA, GPIOB, GPIOC, (2) for GPIOD and (0..1, 
 382:../Libraries/STM32F0xx_StdPeriph_Driver/src/stm32f0xx_gpio.c ****   *         For STM32F072: (0..15) for GPIOA, GPIOB, GPIOC, GPIOD, GPIOE, (0..10) for GPIOF.
 383:../Libraries/STM32F0xx_StdPeriph_Driver/src/stm32f0xx_gpio.c ****   *         For STM32F031: (0..15) for GPIOA, GPIOB, (13..15) for GPIOC and (0..1, 6..7) for GPIOF.
 384:../Libraries/STM32F0xx_StdPeriph_Driver/src/stm32f0xx_gpio.c ****   * @retval None
 385:../Libraries/STM32F0xx_StdPeriph_Driver/src/stm32f0xx_gpio.c ****   */
 386:../Libraries/STM32F0xx_StdPeriph_Driver/src/stm32f0xx_gpio.c **** void GPIO_SetBits(GPIO_TypeDef* GPIOx, uint16_t GPIO_Pin)
 387:../Libraries/STM32F0xx_StdPeriph_Driver/src/stm32f0xx_gpio.c **** {
 457              		.loc 1 387 0
 458              		.cfi_startproc
 459              	.LVL43:
 388:../Libraries/STM32F0xx_StdPeriph_Driver/src/stm32f0xx_gpio.c ****   /* Check the parameters */
 389:../Libraries/STM32F0xx_StdPeriph_Driver/src/stm32f0xx_gpio.c ****   assert_param(IS_GPIO_ALL_PERIPH(GPIOx));
 390:../Libraries/STM32F0xx_StdPeriph_Driver/src/stm32f0xx_gpio.c ****   assert_param(IS_GPIO_PIN(GPIO_Pin));
 391:../Libraries/STM32F0xx_StdPeriph_Driver/src/stm32f0xx_gpio.c **** 
 392:../Libraries/STM32F0xx_StdPeriph_Driver/src/stm32f0xx_gpio.c ****   GPIOx->BSRR = GPIO_Pin;
 460              		.loc 1 392 0
 461 0000 8161     		str	r1, [r0, #24]
 393:../Libraries/STM32F0xx_StdPeriph_Driver/src/stm32f0xx_gpio.c **** }
 462              		.loc 1 393 0
 463              		@ sp needed for prologue
 464 0002 7047     		bx	lr
 465              		.cfi_endproc
 466              	.LFE41:
 468              		.section	.text.GPIO_ResetBits,"ax",%progbits
 469              		.align	1
 470              		.global	GPIO_ResetBits
 471              		.code	16
 472              		.thumb_func
 474              	GPIO_ResetBits:
 475              	.LFB42:
 394:../Libraries/STM32F0xx_StdPeriph_Driver/src/stm32f0xx_gpio.c **** 
 395:../Libraries/STM32F0xx_StdPeriph_Driver/src/stm32f0xx_gpio.c **** /**
 396:../Libraries/STM32F0xx_StdPeriph_Driver/src/stm32f0xx_gpio.c ****   * @brief  Clears the selected data port bits.
 397:../Libraries/STM32F0xx_StdPeriph_Driver/src/stm32f0xx_gpio.c ****   * @param  GPIOx: where x can be (A, B, C, D, E or F) to select the GPIO peripheral.
 398:../Libraries/STM32F0xx_StdPeriph_Driver/src/stm32f0xx_gpio.c ****   * @note   GPIOE is available only for STM32F072.
 399:../Libraries/STM32F0xx_StdPeriph_Driver/src/stm32f0xx_gpio.c ****   * @note   GPIOD is not available for STM32F031.
 400:../Libraries/STM32F0xx_StdPeriph_Driver/src/stm32f0xx_gpio.c ****   * @param  GPIO_Pin: specifies the port bits to be written.
 401:../Libraries/STM32F0xx_StdPeriph_Driver/src/stm32f0xx_gpio.c ****   * @note   This parameter can be GPIO_Pin_x where x can be:
 402:../Libraries/STM32F0xx_StdPeriph_Driver/src/stm32f0xx_gpio.c ****   *         For STM32F051 and STM32F030: (0..15) for GPIOA, GPIOB, GPIOC, (2) for GPIOD and (0..1, 
 403:../Libraries/STM32F0xx_StdPeriph_Driver/src/stm32f0xx_gpio.c ****   *         For STM32F072: (0..15) for GPIOA, GPIOB, GPIOC, GPIOD, GPIOE, (0..10) for GPIOF.
 404:../Libraries/STM32F0xx_StdPeriph_Driver/src/stm32f0xx_gpio.c ****   *         For STM32F031: (0..15) for GPIOA, GPIOB, (13..15) for GPIOC and (0..1, 6..7) for GPIOF.
 405:../Libraries/STM32F0xx_StdPeriph_Driver/src/stm32f0xx_gpio.c ****   * @retval None
 406:../Libraries/STM32F0xx_StdPeriph_Driver/src/stm32f0xx_gpio.c ****   */
 407:../Libraries/STM32F0xx_StdPeriph_Driver/src/stm32f0xx_gpio.c **** void GPIO_ResetBits(GPIO_TypeDef* GPIOx, uint16_t GPIO_Pin)
 408:../Libraries/STM32F0xx_StdPeriph_Driver/src/stm32f0xx_gpio.c **** {
 476              		.loc 1 408 0
 477              		.cfi_startproc
 478              	.LVL44:
 409:../Libraries/STM32F0xx_StdPeriph_Driver/src/stm32f0xx_gpio.c ****   /* Check the parameters */
 410:../Libraries/STM32F0xx_StdPeriph_Driver/src/stm32f0xx_gpio.c ****   assert_param(IS_GPIO_ALL_PERIPH(GPIOx));
 411:../Libraries/STM32F0xx_StdPeriph_Driver/src/stm32f0xx_gpio.c ****   assert_param(IS_GPIO_PIN(GPIO_Pin));
 412:../Libraries/STM32F0xx_StdPeriph_Driver/src/stm32f0xx_gpio.c **** 
 413:../Libraries/STM32F0xx_StdPeriph_Driver/src/stm32f0xx_gpio.c ****   GPIOx->BRR = GPIO_Pin;
 479              		.loc 1 413 0
 480 0000 0185     		strh	r1, [r0, #40]
 414:../Libraries/STM32F0xx_StdPeriph_Driver/src/stm32f0xx_gpio.c **** }
 481              		.loc 1 414 0
 482              		@ sp needed for prologue
 483 0002 7047     		bx	lr
 484              		.cfi_endproc
 485              	.LFE42:
 487              		.section	.text.GPIO_WriteBit,"ax",%progbits
 488              		.align	1
 489              		.global	GPIO_WriteBit
 490              		.code	16
 491              		.thumb_func
 493              	GPIO_WriteBit:
 494              	.LFB43:
 415:../Libraries/STM32F0xx_StdPeriph_Driver/src/stm32f0xx_gpio.c **** 
 416:../Libraries/STM32F0xx_StdPeriph_Driver/src/stm32f0xx_gpio.c **** /**
 417:../Libraries/STM32F0xx_StdPeriph_Driver/src/stm32f0xx_gpio.c ****   * @brief  Sets or clears the selected data port bit.
 418:../Libraries/STM32F0xx_StdPeriph_Driver/src/stm32f0xx_gpio.c ****   * @param  GPIOx: where x can be (A, B, C, D, E or F) to select the GPIO peripheral.
 419:../Libraries/STM32F0xx_StdPeriph_Driver/src/stm32f0xx_gpio.c ****   * @note   GPIOE is available only for STM32F072.
 420:../Libraries/STM32F0xx_StdPeriph_Driver/src/stm32f0xx_gpio.c ****   * @note   GPIOD is not available for STM32F031.  
 421:../Libraries/STM32F0xx_StdPeriph_Driver/src/stm32f0xx_gpio.c ****   * @param  GPIO_Pin: specifies the port bit to be written.
 422:../Libraries/STM32F0xx_StdPeriph_Driver/src/stm32f0xx_gpio.c ****   * @param  BitVal: specifies the value to be written to the selected bit.
 423:../Libraries/STM32F0xx_StdPeriph_Driver/src/stm32f0xx_gpio.c ****   *          This parameter can be one of the BitAction enumeration values:
 424:../Libraries/STM32F0xx_StdPeriph_Driver/src/stm32f0xx_gpio.c ****   *            @arg Bit_RESET: to clear the port pin
 425:../Libraries/STM32F0xx_StdPeriph_Driver/src/stm32f0xx_gpio.c ****   *            @arg Bit_SET: to set the port pin
 426:../Libraries/STM32F0xx_StdPeriph_Driver/src/stm32f0xx_gpio.c ****   * @note   This parameter can be GPIO_Pin_x where x can be:
 427:../Libraries/STM32F0xx_StdPeriph_Driver/src/stm32f0xx_gpio.c ****   *         For STM32F051 and STM32F030: (0..15) for GPIOA, GPIOB, GPIOC, (2) for GPIOD and (0..1, 
 428:../Libraries/STM32F0xx_StdPeriph_Driver/src/stm32f0xx_gpio.c ****   *         For STM32F072: (0..15) for GPIOA, GPIOB, GPIOC, GPIOD, GPIOE, (0..10) for GPIOF.
 429:../Libraries/STM32F0xx_StdPeriph_Driver/src/stm32f0xx_gpio.c ****   *         For STM32F031: (0..15) for GPIOA, GPIOB, (13..15) for GPIOC and (0..1, 6..7) for GPIOF.
 430:../Libraries/STM32F0xx_StdPeriph_Driver/src/stm32f0xx_gpio.c ****   * @retval None
 431:../Libraries/STM32F0xx_StdPeriph_Driver/src/stm32f0xx_gpio.c ****   */
 432:../Libraries/STM32F0xx_StdPeriph_Driver/src/stm32f0xx_gpio.c **** void GPIO_WriteBit(GPIO_TypeDef* GPIOx, uint16_t GPIO_Pin, BitAction BitVal)
 433:../Libraries/STM32F0xx_StdPeriph_Driver/src/stm32f0xx_gpio.c **** {
 495              		.loc 1 433 0
 496              		.cfi_startproc
 497              	.LVL45:
 498 0000 00B5     		push	{lr}
 499              	.LCFI3:
 500              		.cfi_def_cfa_offset 4
 501              		.cfi_offset 14, -4
 434:../Libraries/STM32F0xx_StdPeriph_Driver/src/stm32f0xx_gpio.c ****   /* Check the parameters */
 435:../Libraries/STM32F0xx_StdPeriph_Driver/src/stm32f0xx_gpio.c ****   assert_param(IS_GPIO_ALL_PERIPH(GPIOx));
 436:../Libraries/STM32F0xx_StdPeriph_Driver/src/stm32f0xx_gpio.c ****   assert_param(IS_GET_GPIO_PIN(GPIO_Pin));
 437:../Libraries/STM32F0xx_StdPeriph_Driver/src/stm32f0xx_gpio.c ****   assert_param(IS_GPIO_BIT_ACTION(BitVal));
 438:../Libraries/STM32F0xx_StdPeriph_Driver/src/stm32f0xx_gpio.c **** 
 439:../Libraries/STM32F0xx_StdPeriph_Driver/src/stm32f0xx_gpio.c ****   if (BitVal != Bit_RESET)
 502              		.loc 1 439 0
 503 0002 002A     		cmp	r2, #0
 504 0004 01D0     		beq	.L27
 440:../Libraries/STM32F0xx_StdPeriph_Driver/src/stm32f0xx_gpio.c ****   {
 441:../Libraries/STM32F0xx_StdPeriph_Driver/src/stm32f0xx_gpio.c ****     GPIOx->BSRR = GPIO_Pin;
 505              		.loc 1 441 0
 506 0006 8161     		str	r1, [r0, #24]
 507 0008 00E0     		b	.L26
 508              	.L27:
 442:../Libraries/STM32F0xx_StdPeriph_Driver/src/stm32f0xx_gpio.c ****   }
 443:../Libraries/STM32F0xx_StdPeriph_Driver/src/stm32f0xx_gpio.c ****   else
 444:../Libraries/STM32F0xx_StdPeriph_Driver/src/stm32f0xx_gpio.c ****   {
 445:../Libraries/STM32F0xx_StdPeriph_Driver/src/stm32f0xx_gpio.c ****     GPIOx->BRR = GPIO_Pin ;
 509              		.loc 1 445 0
 510 000a 0185     		strh	r1, [r0, #40]
 511              	.L26:
 446:../Libraries/STM32F0xx_StdPeriph_Driver/src/stm32f0xx_gpio.c ****   }
 447:../Libraries/STM32F0xx_StdPeriph_Driver/src/stm32f0xx_gpio.c **** }
 512              		.loc 1 447 0
 513              		@ sp needed for prologue
 514 000c 00BD     		pop	{pc}
 515              		.cfi_endproc
 516              	.LFE43:
 518              		.section	.text.GPIO_Write,"ax",%progbits
 519              		.align	1
 520              		.global	GPIO_Write
 521              		.code	16
 522              		.thumb_func
 524              	GPIO_Write:
 525              	.LFB44:
 448:../Libraries/STM32F0xx_StdPeriph_Driver/src/stm32f0xx_gpio.c **** 
 449:../Libraries/STM32F0xx_StdPeriph_Driver/src/stm32f0xx_gpio.c **** /**
 450:../Libraries/STM32F0xx_StdPeriph_Driver/src/stm32f0xx_gpio.c ****   * @brief  Writes data to the specified GPIO data port.
 451:../Libraries/STM32F0xx_StdPeriph_Driver/src/stm32f0xx_gpio.c ****   * @param  GPIOx: where x can be (A, B, C, D, E or F) to select the GPIO peripheral.
 452:../Libraries/STM32F0xx_StdPeriph_Driver/src/stm32f0xx_gpio.c ****   * @note   GPIOE is available only for STM32F072.
 453:../Libraries/STM32F0xx_StdPeriph_Driver/src/stm32f0xx_gpio.c ****   * @note   GPIOD is not available for STM32F031.  
 454:../Libraries/STM32F0xx_StdPeriph_Driver/src/stm32f0xx_gpio.c ****   * @param  PortVal: specifies the value to be written to the port output data register.
 455:../Libraries/STM32F0xx_StdPeriph_Driver/src/stm32f0xx_gpio.c ****   * @retval None
 456:../Libraries/STM32F0xx_StdPeriph_Driver/src/stm32f0xx_gpio.c ****   */
 457:../Libraries/STM32F0xx_StdPeriph_Driver/src/stm32f0xx_gpio.c **** void GPIO_Write(GPIO_TypeDef* GPIOx, uint16_t PortVal)
 458:../Libraries/STM32F0xx_StdPeriph_Driver/src/stm32f0xx_gpio.c **** {
 526              		.loc 1 458 0
 527              		.cfi_startproc
 528              	.LVL46:
 459:../Libraries/STM32F0xx_StdPeriph_Driver/src/stm32f0xx_gpio.c ****   /* Check the parameters */
 460:../Libraries/STM32F0xx_StdPeriph_Driver/src/stm32f0xx_gpio.c ****   assert_param(IS_GPIO_ALL_PERIPH(GPIOx));
 461:../Libraries/STM32F0xx_StdPeriph_Driver/src/stm32f0xx_gpio.c **** 
 462:../Libraries/STM32F0xx_StdPeriph_Driver/src/stm32f0xx_gpio.c ****   GPIOx->ODR = PortVal;
 529              		.loc 1 462 0
 530 0000 8182     		strh	r1, [r0, #20]
 463:../Libraries/STM32F0xx_StdPeriph_Driver/src/stm32f0xx_gpio.c **** }
 531              		.loc 1 463 0
 532              		@ sp needed for prologue
 533 0002 7047     		bx	lr
 534              		.cfi_endproc
 535              	.LFE44:
 537              		.section	.text.GPIO_PinAFConfig,"ax",%progbits
 538              		.align	1
 539              		.global	GPIO_PinAFConfig
 540              		.code	16
 541              		.thumb_func
 543              	GPIO_PinAFConfig:
 544              	.LFB45:
 464:../Libraries/STM32F0xx_StdPeriph_Driver/src/stm32f0xx_gpio.c **** 
 465:../Libraries/STM32F0xx_StdPeriph_Driver/src/stm32f0xx_gpio.c **** /**
 466:../Libraries/STM32F0xx_StdPeriph_Driver/src/stm32f0xx_gpio.c ****   * @}
 467:../Libraries/STM32F0xx_StdPeriph_Driver/src/stm32f0xx_gpio.c ****   */
 468:../Libraries/STM32F0xx_StdPeriph_Driver/src/stm32f0xx_gpio.c **** 
 469:../Libraries/STM32F0xx_StdPeriph_Driver/src/stm32f0xx_gpio.c **** /** @defgroup GPIO_Group3 GPIO Alternate functions configuration functions
 470:../Libraries/STM32F0xx_StdPeriph_Driver/src/stm32f0xx_gpio.c ****  *  @brief   GPIO Alternate functions configuration functions
 471:../Libraries/STM32F0xx_StdPeriph_Driver/src/stm32f0xx_gpio.c ****  *
 472:../Libraries/STM32F0xx_StdPeriph_Driver/src/stm32f0xx_gpio.c **** @verbatim   
 473:../Libraries/STM32F0xx_StdPeriph_Driver/src/stm32f0xx_gpio.c ****  ===============================================================================
 474:../Libraries/STM32F0xx_StdPeriph_Driver/src/stm32f0xx_gpio.c ****           ##### GPIO Alternate functions configuration functions #####
 475:../Libraries/STM32F0xx_StdPeriph_Driver/src/stm32f0xx_gpio.c ****  ===============================================================================  
 476:../Libraries/STM32F0xx_StdPeriph_Driver/src/stm32f0xx_gpio.c **** 
 477:../Libraries/STM32F0xx_StdPeriph_Driver/src/stm32f0xx_gpio.c **** @endverbatim
 478:../Libraries/STM32F0xx_StdPeriph_Driver/src/stm32f0xx_gpio.c ****   * @{
 479:../Libraries/STM32F0xx_StdPeriph_Driver/src/stm32f0xx_gpio.c ****   */
 480:../Libraries/STM32F0xx_StdPeriph_Driver/src/stm32f0xx_gpio.c **** 
 481:../Libraries/STM32F0xx_StdPeriph_Driver/src/stm32f0xx_gpio.c **** /**
 482:../Libraries/STM32F0xx_StdPeriph_Driver/src/stm32f0xx_gpio.c ****   * @brief  Writes data to the specified GPIO data port.
 483:../Libraries/STM32F0xx_StdPeriph_Driver/src/stm32f0xx_gpio.c ****   * @param  GPIOx: where x can be (A, B, C, D, E or F) to select the GPIO peripheral.
 484:../Libraries/STM32F0xx_StdPeriph_Driver/src/stm32f0xx_gpio.c ****   * @note   GPIOC, GPIOD, GPIOE and GPIOF  are available only for STM32F072 and STM32F091. 
 485:../Libraries/STM32F0xx_StdPeriph_Driver/src/stm32f0xx_gpio.c ****   * @param  GPIO_PinSource: specifies the pin for the Alternate function.
 486:../Libraries/STM32F0xx_StdPeriph_Driver/src/stm32f0xx_gpio.c ****   *          This parameter can be GPIO_PinSourcex where x can be (0..15) for GPIOA, GPIOB, GPIOD, 
 487:../Libraries/STM32F0xx_StdPeriph_Driver/src/stm32f0xx_gpio.c ****   *          and (0..12) for GPIOC and (0, 2..5, 9..10) for GPIOF.    
 488:../Libraries/STM32F0xx_StdPeriph_Driver/src/stm32f0xx_gpio.c ****   * @param  GPIO_AF: selects the pin to used as Alternate function.
 489:../Libraries/STM32F0xx_StdPeriph_Driver/src/stm32f0xx_gpio.c ****   *          This parameter can be one of the following value:
 490:../Libraries/STM32F0xx_StdPeriph_Driver/src/stm32f0xx_gpio.c ****   *            @arg GPIO_AF_0:  WKUP, EVENTOUT, TIM15, SPI1, TIM17, MCO, SWDAT, SWCLK,
 491:../Libraries/STM32F0xx_StdPeriph_Driver/src/stm32f0xx_gpio.c ****   *                             TIM14, BOOT, USART1, CEC, IR_OUT, SPI2, TIM3, USART4,
 492:../Libraries/STM32F0xx_StdPeriph_Driver/src/stm32f0xx_gpio.c ****   *                             CAN, USART2, CRS, TIM16, TIM1, TS, USART8 
 493:../Libraries/STM32F0xx_StdPeriph_Driver/src/stm32f0xx_gpio.c ****   *            @arg GPIO_AF_1: USART2, CEC, TIM3, USART1, USART2, EVENTOUT, I2C1,
 494:../Libraries/STM32F0xx_StdPeriph_Driver/src/stm32f0xx_gpio.c ****   *                            I2C2, TIM15, SPI2, USART3, TS, SPI1, USART7, USART8
 495:../Libraries/STM32F0xx_StdPeriph_Driver/src/stm32f0xx_gpio.c ****   *                            USART5, USART4, USART6, I2C1   
 496:../Libraries/STM32F0xx_StdPeriph_Driver/src/stm32f0xx_gpio.c ****   *            @arg GPIO_AF_2: TIM2, TIM1, EVENTOUT, TIM16, TIM17, USB, USART6, USART5,
 497:../Libraries/STM32F0xx_StdPeriph_Driver/src/stm32f0xx_gpio.c ****   *                            USART8, USART7, USART6  
 498:../Libraries/STM32F0xx_StdPeriph_Driver/src/stm32f0xx_gpio.c ****   *            @arg GPIO_AF_3: TS, I2C1, TIM15, EVENTOUT 
 499:../Libraries/STM32F0xx_StdPeriph_Driver/src/stm32f0xx_gpio.c ****   *            @arg GPIO_AF_4: TIM14, USART4, USART3, CRS, CAN, I2C1, USART5
 500:../Libraries/STM32F0xx_StdPeriph_Driver/src/stm32f0xx_gpio.c ****   *            @arg GPIO_AF_5: TIM16, TIM17, TIM15, SPI2, I2C2, USART6, MCO
 501:../Libraries/STM32F0xx_StdPeriph_Driver/src/stm32f0xx_gpio.c ****   *            @arg GPIO_AF_6: EVENTOUT
 502:../Libraries/STM32F0xx_StdPeriph_Driver/src/stm32f0xx_gpio.c ****   *            @arg GPIO_AF_7: COMP1 OUT, COMP2 OUT 
 503:../Libraries/STM32F0xx_StdPeriph_Driver/src/stm32f0xx_gpio.c ****   * @note   The pin should already been configured in Alternate Function mode(AF)
 504:../Libraries/STM32F0xx_StdPeriph_Driver/src/stm32f0xx_gpio.c ****   *         using GPIO_InitStruct->GPIO_Mode = GPIO_Mode_AF
 505:../Libraries/STM32F0xx_StdPeriph_Driver/src/stm32f0xx_gpio.c ****   * @note   Refer to the Alternate function mapping table in the device datasheet 
 506:../Libraries/STM32F0xx_StdPeriph_Driver/src/stm32f0xx_gpio.c ****   *         for the detailed mapping of the system and peripherals'alternate 
 507:../Libraries/STM32F0xx_StdPeriph_Driver/src/stm32f0xx_gpio.c ****   *         function I/O pins.
 508:../Libraries/STM32F0xx_StdPeriph_Driver/src/stm32f0xx_gpio.c ****   * @retval None
 509:../Libraries/STM32F0xx_StdPeriph_Driver/src/stm32f0xx_gpio.c ****   */
 510:../Libraries/STM32F0xx_StdPeriph_Driver/src/stm32f0xx_gpio.c **** void GPIO_PinAFConfig(GPIO_TypeDef* GPIOx, uint16_t GPIO_PinSource, uint8_t GPIO_AF)
 511:../Libraries/STM32F0xx_StdPeriph_Driver/src/stm32f0xx_gpio.c **** {
 545              		.loc 1 511 0
 546              		.cfi_startproc
 547              	.LVL47:
 512:../Libraries/STM32F0xx_StdPeriph_Driver/src/stm32f0xx_gpio.c ****   uint32_t temp = 0x00;
 513:../Libraries/STM32F0xx_StdPeriph_Driver/src/stm32f0xx_gpio.c ****   uint32_t temp_2 = 0x00;
 514:../Libraries/STM32F0xx_StdPeriph_Driver/src/stm32f0xx_gpio.c **** 
 515:../Libraries/STM32F0xx_StdPeriph_Driver/src/stm32f0xx_gpio.c ****   /* Check the parameters */
 516:../Libraries/STM32F0xx_StdPeriph_Driver/src/stm32f0xx_gpio.c ****   assert_param(IS_GPIO_ALL_PERIPH(GPIOx));
 517:../Libraries/STM32F0xx_StdPeriph_Driver/src/stm32f0xx_gpio.c ****   assert_param(IS_GPIO_PIN_SOURCE(GPIO_PinSource));
 518:../Libraries/STM32F0xx_StdPeriph_Driver/src/stm32f0xx_gpio.c ****   assert_param(IS_GPIO_AF(GPIO_AF));
 519:../Libraries/STM32F0xx_StdPeriph_Driver/src/stm32f0xx_gpio.c **** 
 520:../Libraries/STM32F0xx_StdPeriph_Driver/src/stm32f0xx_gpio.c ****   temp = ((uint32_t)(GPIO_AF) << ((uint32_t)((uint32_t)GPIO_PinSource & (uint32_t)0x07) * 4));
 548              		.loc 1 520 0
 549 0000 0723     		mov	r3, #7
 550 0002 0B40     		and	r3, r1
 521:../Libraries/STM32F0xx_StdPeriph_Driver/src/stm32f0xx_gpio.c ****   GPIOx->AFR[GPIO_PinSource >> 0x03] &= ~((uint32_t)0xF << ((uint32_t)((uint32_t)GPIO_PinSource & (
 551              		.loc 1 521 0
 552 0004 C908     		lsr	r1, r1, #3
 553              	.LVL48:
 554 0006 0831     		add	r1, r1, #8
 555 0008 8900     		lsl	r1, r1, #2
 511:../Libraries/STM32F0xx_StdPeriph_Driver/src/stm32f0xx_gpio.c **** {
 556              		.loc 1 511 0
 557 000a 30B5     		push	{r4, r5, lr}
 558              	.LCFI4:
 559              		.cfi_def_cfa_offset 12
 560              		.cfi_offset 4, -12
 561              		.cfi_offset 5, -8
 562              		.cfi_offset 14, -4
 520:../Libraries/STM32F0xx_StdPeriph_Driver/src/stm32f0xx_gpio.c ****   temp = ((uint32_t)(GPIO_AF) << ((uint32_t)((uint32_t)GPIO_PinSource & (uint32_t)0x07) * 4));
 563              		.loc 1 520 0
 564 000c 9B00     		lsl	r3, r3, #2
 565              	.LVL49:
 566              		.loc 1 521 0
 567 000e 0C58     		ldr	r4, [r1, r0]
 568 0010 0F25     		mov	r5, #15
 569 0012 9D40     		lsl	r5, r5, r3
 570 0014 AC43     		bic	r4, r5
 571 0016 0C50     		str	r4, [r1, r0]
 522:../Libraries/STM32F0xx_StdPeriph_Driver/src/stm32f0xx_gpio.c ****   temp_2 = GPIOx->AFR[GPIO_PinSource >> 0x03] | temp;
 572              		.loc 1 522 0
 573 0018 0C58     		ldr	r4, [r1, r0]
 520:../Libraries/STM32F0xx_StdPeriph_Driver/src/stm32f0xx_gpio.c ****   temp = ((uint32_t)(GPIO_AF) << ((uint32_t)((uint32_t)GPIO_PinSource & (uint32_t)0x07) * 4));
 574              		.loc 1 520 0
 575 001a 9A40     		lsl	r2, r2, r3
 576              	.LVL50:
 577 001c 131C     		mov	r3, r2
 578              		.loc 1 522 0
 579 001e 2343     		orr	r3, r4
 580              	.LVL51:
 523:../Libraries/STM32F0xx_StdPeriph_Driver/src/stm32f0xx_gpio.c ****   GPIOx->AFR[GPIO_PinSource >> 0x03] = temp_2;
 581              		.loc 1 523 0
 582 0020 0B50     		str	r3, [r1, r0]
 524:../Libraries/STM32F0xx_StdPeriph_Driver/src/stm32f0xx_gpio.c **** }
 583              		.loc 1 524 0
 584              		@ sp needed for prologue
 585 0022 30BD     		pop	{r4, r5, pc}
 586              		.cfi_endproc
 587              	.LFE45:
 589              		.text
 590              	.Letext0:
 591              		.file 2 "c:\\program files (x86)\\codesourcery\\sourcery_codebench_lite_for_arm_eabi\\bin\\../lib/
 592              		.file 3 "D:\\EclipseIndigo\\workspace\\cam_hub\\scr/stm32f0xx.h"
 593              		.file 4 "D:\\EclipseIndigo\\workspace\\cam_hub\\Libraries\\STM32F0xx_StdPeriph_Driver\\inc/stm32f0
 594              		.file 5 "D:\\EclipseIndigo\\workspace\\cam_hub\\Libraries\\STM32F0xx_StdPeriph_Driver\\inc/stm32f0
DEFINED SYMBOLS
                            *ABS*:00000000 stm32f0xx_gpio.c
C:\Users\THANGN~1\AppData\Local\Temp\ccy8eva1.s:18     .text.GPIO_DeInit:00000000 $t
C:\Users\THANGN~1\AppData\Local\Temp\ccy8eva1.s:23     .text.GPIO_DeInit:00000000 GPIO_DeInit
C:\Users\THANGN~1\AppData\Local\Temp\ccy8eva1.s:145    .text.GPIO_DeInit:00000090 $d
C:\Users\THANGN~1\AppData\Local\Temp\ccy8eva1.s:154    .text.GPIO_Init:00000000 $t
C:\Users\THANGN~1\AppData\Local\Temp\ccy8eva1.s:159    .text.GPIO_Init:00000000 GPIO_Init
C:\Users\THANGN~1\AppData\Local\Temp\ccy8eva1.s:270    .text.GPIO_StructInit:00000000 $t
C:\Users\THANGN~1\AppData\Local\Temp\ccy8eva1.s:275    .text.GPIO_StructInit:00000000 GPIO_StructInit
C:\Users\THANGN~1\AppData\Local\Temp\ccy8eva1.s:301    .text.GPIO_StructInit:00000014 $d
C:\Users\THANGN~1\AppData\Local\Temp\ccy8eva1.s:306    .text.GPIO_PinLockConfig:00000000 $t
C:\Users\THANGN~1\AppData\Local\Temp\ccy8eva1.s:311    .text.GPIO_PinLockConfig:00000000 GPIO_PinLockConfig
C:\Users\THANGN~1\AppData\Local\Temp\ccy8eva1.s:356    .text.GPIO_ReadInputDataBit:00000000 $t
C:\Users\THANGN~1\AppData\Local\Temp\ccy8eva1.s:361    .text.GPIO_ReadInputDataBit:00000000 GPIO_ReadInputDataBit
C:\Users\THANGN~1\AppData\Local\Temp\ccy8eva1.s:383    .text.GPIO_ReadInputData:00000000 $t
C:\Users\THANGN~1\AppData\Local\Temp\ccy8eva1.s:388    .text.GPIO_ReadInputData:00000000 GPIO_ReadInputData
C:\Users\THANGN~1\AppData\Local\Temp\ccy8eva1.s:403    .text.GPIO_ReadOutputDataBit:00000000 $t
C:\Users\THANGN~1\AppData\Local\Temp\ccy8eva1.s:408    .text.GPIO_ReadOutputDataBit:00000000 GPIO_ReadOutputDataBit
C:\Users\THANGN~1\AppData\Local\Temp\ccy8eva1.s:430    .text.GPIO_ReadOutputData:00000000 $t
C:\Users\THANGN~1\AppData\Local\Temp\ccy8eva1.s:435    .text.GPIO_ReadOutputData:00000000 GPIO_ReadOutputData
C:\Users\THANGN~1\AppData\Local\Temp\ccy8eva1.s:450    .text.GPIO_SetBits:00000000 $t
C:\Users\THANGN~1\AppData\Local\Temp\ccy8eva1.s:455    .text.GPIO_SetBits:00000000 GPIO_SetBits
C:\Users\THANGN~1\AppData\Local\Temp\ccy8eva1.s:469    .text.GPIO_ResetBits:00000000 $t
C:\Users\THANGN~1\AppData\Local\Temp\ccy8eva1.s:474    .text.GPIO_ResetBits:00000000 GPIO_ResetBits
C:\Users\THANGN~1\AppData\Local\Temp\ccy8eva1.s:488    .text.GPIO_WriteBit:00000000 $t
C:\Users\THANGN~1\AppData\Local\Temp\ccy8eva1.s:493    .text.GPIO_WriteBit:00000000 GPIO_WriteBit
C:\Users\THANGN~1\AppData\Local\Temp\ccy8eva1.s:519    .text.GPIO_Write:00000000 $t
C:\Users\THANGN~1\AppData\Local\Temp\ccy8eva1.s:524    .text.GPIO_Write:00000000 GPIO_Write
C:\Users\THANGN~1\AppData\Local\Temp\ccy8eva1.s:538    .text.GPIO_PinAFConfig:00000000 $t
C:\Users\THANGN~1\AppData\Local\Temp\ccy8eva1.s:543    .text.GPIO_PinAFConfig:00000000 GPIO_PinAFConfig
                     .debug_frame:00000010 $d
                           .group:00000000 wm4.1.90b54cb79624a05a6a75538133d4ee2f
                           .group:00000000 wm4.stm32f0xx.h.54.2936c65ea497e2b9f6697d244f204f4f
                           .group:00000000 wm4.core_cm0.h.47.022e66414e77714da7c4b30b3ad99fe8
                           .group:00000000 wm4.stdint.h.10.90b695f550ca6cc3fb08fa83baf01e05
                           .group:00000000 wm4.core_cmInstr.h.39.b7b6650bdd2316848d940915272d75b8
                           .group:00000000 wm4.core_cm0.h.135.ca70469f87e143609670bb393bfa6518
                           .group:00000000 wm4.stm32f0xx.h.491.56b995fdd6b34ccece7fa7ee90a03d09
                           .group:00000000 wm4.stm32f0xx_adc.h.31.deffd6417c7f5b0940228cd2f9270807
                           .group:00000000 wm4.stm32f0xx_can.h.31.a43838c2d1a571e6bd63f34d4d38f77a
                           .group:00000000 wm4.stm32f0xx_cec.h.31.cbead9587d6f5205735191e084956263
                           .group:00000000 wm4.stm32f0xx_crc.h.31.657756bbefdf42347508251cbea9a2cc
                           .group:00000000 wm4.stm32f0xx_crs.h.31.22b5372509752121d772a6317b79e691
                           .group:00000000 wm4.stm32f0xx_comp.h.31.505a77c0cb787dfeca9e3c2b1da31ed9
                           .group:00000000 wm4.stm32f0xx_dac.h.31.3d3aa9b22e91ba1b1cfddfa53a7af016
                           .group:00000000 wm4.stm32f0xx_dbgmcu.h.31.43e4f2e77b6aa0d00808044a3e1d0d83
                           .group:00000000 wm4.stm32f0xx_dma.h.31.d3df6d3d0192193cb53f5c34738fc5a2
                           .group:00000000 wm4.stm32f0xx_exti.h.31.6d7f5d51fe1eff0809a232d0301b7244
                           .group:00000000 wm4.stm32f0xx_flash.h.31.ff204b27217b5926452ab2f52b527ff3
                           .group:00000000 wm4.stm32f0xx_syscfg.h.31.6e8ab03c61462545bc84446ab81da274
                           .group:00000000 wm4.stm32f0xx_i2c.h.31.83969866ec38bbcc1bff9238f01a1954
                           .group:00000000 wm4.stm32f0xx_iwdg.h.31.bb16f7e18e54df66bf9bd0e2b29bdc93
                           .group:00000000 wm4.stm32f0xx_pwr.h.31.6dd56e642e4a5657857c16e695f196ff
                           .group:00000000 wm4.stm32f0xx_rcc.h.31.02fa02b24c01ae505c73e46ccbb612cf
                           .group:00000000 wm4.stm32f0xx_rtc.h.31.bd5ec8997d6af4752bb55b75cb717765
                           .group:00000000 wm4.stm32f0xx_spi.h.31.6c629d36cb6d36ac31583d2d427e887a
                           .group:00000000 wm4.stm32f0xx_tim.h.31.265cfb150d9b3c280816e67e49205128
                           .group:00000000 wm4.stm32f0xx_usart.h.31.81196cb2de47d9dd879446831830753a
                           .group:00000000 wm4.stm32f0xx_wwdg.h.31.0cf1a9b3d89d147c688025fdd33d9c49
                           .group:00000000 wm4.stm32f0xx_misc.h.31.d5c08c37e69b8a852dbb75e9252454c6
                           .group:00000000 wm4.stm32f0xx_gpio.h.49.b3b0068192324d798e6df5ebc46412d2

UNDEFINED SYMBOLS
RCC_AHBPeriphResetCmd
