   1              		.cpu cortex-m0
   2              		.fpu softvfp
   3              		.eabi_attribute 20, 1
   4              		.eabi_attribute 21, 1
   5              		.eabi_attribute 23, 3
   6              		.eabi_attribute 24, 1
   7              		.eabi_attribute 25, 1
   8              		.eabi_attribute 26, 1
   9              		.eabi_attribute 30, 4
  10              		.eabi_attribute 34, 0
  11              		.eabi_attribute 18, 4
  12              		.code	16
  13              		.file	"stm32f0xx_misc.c"
  14              		.text
  15              	.Ltext0:
  16              		.cfi_sections	.debug_frame
  17              		.section	.text.NVIC_Init,"ax",%progbits
  18              		.align	1
  19              		.global	NVIC_Init
  20              		.code	16
  21              		.thumb_func
  23              	NVIC_Init:
  24              	.LFB33:
  25              		.file 1 "../Libraries/STM32F0xx_StdPeriph_Driver/src/stm32f0xx_misc.c"
   1:../Libraries/STM32F0xx_StdPeriph_Driver/src/stm32f0xx_misc.c **** /**
   2:../Libraries/STM32F0xx_StdPeriph_Driver/src/stm32f0xx_misc.c ****   ******************************************************************************
   3:../Libraries/STM32F0xx_StdPeriph_Driver/src/stm32f0xx_misc.c ****   * @file    stm32f0xx_misc.c
   4:../Libraries/STM32F0xx_StdPeriph_Driver/src/stm32f0xx_misc.c ****   * @author  MCD Application Team
   5:../Libraries/STM32F0xx_StdPeriph_Driver/src/stm32f0xx_misc.c ****   * @version V1.5.0
   6:../Libraries/STM32F0xx_StdPeriph_Driver/src/stm32f0xx_misc.c ****   * @date    05-December-2014
   7:../Libraries/STM32F0xx_StdPeriph_Driver/src/stm32f0xx_misc.c ****   * @brief   This file provides all the miscellaneous firmware functions (add-on
   8:../Libraries/STM32F0xx_StdPeriph_Driver/src/stm32f0xx_misc.c ****   *          to CMSIS functions).
   9:../Libraries/STM32F0xx_StdPeriph_Driver/src/stm32f0xx_misc.c ****   ******************************************************************************
  10:../Libraries/STM32F0xx_StdPeriph_Driver/src/stm32f0xx_misc.c ****   * @attention
  11:../Libraries/STM32F0xx_StdPeriph_Driver/src/stm32f0xx_misc.c ****   *
  12:../Libraries/STM32F0xx_StdPeriph_Driver/src/stm32f0xx_misc.c ****   * <h2><center>&copy; COPYRIGHT 2014 STMicroelectronics</center></h2>
  13:../Libraries/STM32F0xx_StdPeriph_Driver/src/stm32f0xx_misc.c ****   *
  14:../Libraries/STM32F0xx_StdPeriph_Driver/src/stm32f0xx_misc.c ****   * Licensed under MCD-ST Liberty SW License Agreement V2, (the "License");
  15:../Libraries/STM32F0xx_StdPeriph_Driver/src/stm32f0xx_misc.c ****   * You may not use this file except in compliance with the License.
  16:../Libraries/STM32F0xx_StdPeriph_Driver/src/stm32f0xx_misc.c ****   * You may obtain a copy of the License at:
  17:../Libraries/STM32F0xx_StdPeriph_Driver/src/stm32f0xx_misc.c ****   *
  18:../Libraries/STM32F0xx_StdPeriph_Driver/src/stm32f0xx_misc.c ****   *        http://www.st.com/software_license_agreement_liberty_v2
  19:../Libraries/STM32F0xx_StdPeriph_Driver/src/stm32f0xx_misc.c ****   *
  20:../Libraries/STM32F0xx_StdPeriph_Driver/src/stm32f0xx_misc.c ****   * Unless required by applicable law or agreed to in writing, software 
  21:../Libraries/STM32F0xx_StdPeriph_Driver/src/stm32f0xx_misc.c ****   * distributed under the License is distributed on an "AS IS" BASIS, 
  22:../Libraries/STM32F0xx_StdPeriph_Driver/src/stm32f0xx_misc.c ****   * WITHOUT WARRANTIES OR CONDITIONS OF ANY KIND, either express or implied.
  23:../Libraries/STM32F0xx_StdPeriph_Driver/src/stm32f0xx_misc.c ****   * See the License for the specific language governing permissions and
  24:../Libraries/STM32F0xx_StdPeriph_Driver/src/stm32f0xx_misc.c ****   * limitations under the License.
  25:../Libraries/STM32F0xx_StdPeriph_Driver/src/stm32f0xx_misc.c ****   *
  26:../Libraries/STM32F0xx_StdPeriph_Driver/src/stm32f0xx_misc.c ****   ******************************************************************************
  27:../Libraries/STM32F0xx_StdPeriph_Driver/src/stm32f0xx_misc.c ****   */
  28:../Libraries/STM32F0xx_StdPeriph_Driver/src/stm32f0xx_misc.c **** 
  29:../Libraries/STM32F0xx_StdPeriph_Driver/src/stm32f0xx_misc.c **** /* Includes ------------------------------------------------------------------*/
  30:../Libraries/STM32F0xx_StdPeriph_Driver/src/stm32f0xx_misc.c **** #include "stm32f0xx_misc.h"
  31:../Libraries/STM32F0xx_StdPeriph_Driver/src/stm32f0xx_misc.c **** 
  32:../Libraries/STM32F0xx_StdPeriph_Driver/src/stm32f0xx_misc.c **** /** @addtogroup STM32F0xx_StdPeriph_Driver
  33:../Libraries/STM32F0xx_StdPeriph_Driver/src/stm32f0xx_misc.c ****   * @{
  34:../Libraries/STM32F0xx_StdPeriph_Driver/src/stm32f0xx_misc.c ****   */
  35:../Libraries/STM32F0xx_StdPeriph_Driver/src/stm32f0xx_misc.c **** 
  36:../Libraries/STM32F0xx_StdPeriph_Driver/src/stm32f0xx_misc.c **** /** @defgroup MISC 
  37:../Libraries/STM32F0xx_StdPeriph_Driver/src/stm32f0xx_misc.c ****   * @brief MISC driver modules
  38:../Libraries/STM32F0xx_StdPeriph_Driver/src/stm32f0xx_misc.c ****   * @{
  39:../Libraries/STM32F0xx_StdPeriph_Driver/src/stm32f0xx_misc.c ****   */
  40:../Libraries/STM32F0xx_StdPeriph_Driver/src/stm32f0xx_misc.c **** 
  41:../Libraries/STM32F0xx_StdPeriph_Driver/src/stm32f0xx_misc.c **** /* Private typedef -----------------------------------------------------------*/
  42:../Libraries/STM32F0xx_StdPeriph_Driver/src/stm32f0xx_misc.c **** /* Private define ------------------------------------------------------------*/
  43:../Libraries/STM32F0xx_StdPeriph_Driver/src/stm32f0xx_misc.c **** /* Private macro -------------------------------------------------------------*/
  44:../Libraries/STM32F0xx_StdPeriph_Driver/src/stm32f0xx_misc.c **** /* Private variables ---------------------------------------------------------*/
  45:../Libraries/STM32F0xx_StdPeriph_Driver/src/stm32f0xx_misc.c **** /* Private function prototypes -----------------------------------------------*/
  46:../Libraries/STM32F0xx_StdPeriph_Driver/src/stm32f0xx_misc.c **** /* Private functions ---------------------------------------------------------*/
  47:../Libraries/STM32F0xx_StdPeriph_Driver/src/stm32f0xx_misc.c **** 
  48:../Libraries/STM32F0xx_StdPeriph_Driver/src/stm32f0xx_misc.c **** /** @defgroup MISC_Private_Functions
  49:../Libraries/STM32F0xx_StdPeriph_Driver/src/stm32f0xx_misc.c ****   * @{
  50:../Libraries/STM32F0xx_StdPeriph_Driver/src/stm32f0xx_misc.c ****   */
  51:../Libraries/STM32F0xx_StdPeriph_Driver/src/stm32f0xx_misc.c **** /**
  52:../Libraries/STM32F0xx_StdPeriph_Driver/src/stm32f0xx_misc.c ****   *
  53:../Libraries/STM32F0xx_StdPeriph_Driver/src/stm32f0xx_misc.c **** @verbatim
  54:../Libraries/STM32F0xx_StdPeriph_Driver/src/stm32f0xx_misc.c ****  *******************************************************************************
  55:../Libraries/STM32F0xx_StdPeriph_Driver/src/stm32f0xx_misc.c ****                    ##### Interrupts configuration functions #####
  56:../Libraries/STM32F0xx_StdPeriph_Driver/src/stm32f0xx_misc.c ****  *******************************************************************************
  57:../Libraries/STM32F0xx_StdPeriph_Driver/src/stm32f0xx_misc.c ****     [..] This section provide functions allowing to configure the NVIC interrupts
  58:../Libraries/STM32F0xx_StdPeriph_Driver/src/stm32f0xx_misc.c ****         (IRQ). The Cortex-M0 exceptions are managed by CMSIS functions.
  59:../Libraries/STM32F0xx_StdPeriph_Driver/src/stm32f0xx_misc.c ****          (#) Enable and Configure the priority of the selected IRQ Channels. 
  60:../Libraries/STM32F0xx_StdPeriph_Driver/src/stm32f0xx_misc.c ****              The priority can be 0..3. 
  61:../Libraries/STM32F0xx_StdPeriph_Driver/src/stm32f0xx_misc.c **** 
  62:../Libraries/STM32F0xx_StdPeriph_Driver/src/stm32f0xx_misc.c ****         -@- Lower priority values gives higher priority.
  63:../Libraries/STM32F0xx_StdPeriph_Driver/src/stm32f0xx_misc.c ****         -@- Priority Order:
  64:../Libraries/STM32F0xx_StdPeriph_Driver/src/stm32f0xx_misc.c ****             (#@) Lowest priority.
  65:../Libraries/STM32F0xx_StdPeriph_Driver/src/stm32f0xx_misc.c ****             (#@) Lowest hardware priority (IRQn position).  
  66:../Libraries/STM32F0xx_StdPeriph_Driver/src/stm32f0xx_misc.c ****   
  67:../Libraries/STM32F0xx_StdPeriph_Driver/src/stm32f0xx_misc.c **** @endverbatim
  68:../Libraries/STM32F0xx_StdPeriph_Driver/src/stm32f0xx_misc.c **** */
  69:../Libraries/STM32F0xx_StdPeriph_Driver/src/stm32f0xx_misc.c **** 
  70:../Libraries/STM32F0xx_StdPeriph_Driver/src/stm32f0xx_misc.c **** /**
  71:../Libraries/STM32F0xx_StdPeriph_Driver/src/stm32f0xx_misc.c ****   * @brief  Initializes the NVIC peripheral according to the specified
  72:../Libraries/STM32F0xx_StdPeriph_Driver/src/stm32f0xx_misc.c ****   *         parameters in the NVIC_InitStruct.
  73:../Libraries/STM32F0xx_StdPeriph_Driver/src/stm32f0xx_misc.c ****   * @param  NVIC_InitStruct: pointer to a NVIC_InitTypeDef structure that contains
  74:../Libraries/STM32F0xx_StdPeriph_Driver/src/stm32f0xx_misc.c ****   *         the configuration information for the specified NVIC peripheral.
  75:../Libraries/STM32F0xx_StdPeriph_Driver/src/stm32f0xx_misc.c ****   * @retval None
  76:../Libraries/STM32F0xx_StdPeriph_Driver/src/stm32f0xx_misc.c ****   */
  77:../Libraries/STM32F0xx_StdPeriph_Driver/src/stm32f0xx_misc.c **** void NVIC_Init(NVIC_InitTypeDef* NVIC_InitStruct)
  78:../Libraries/STM32F0xx_StdPeriph_Driver/src/stm32f0xx_misc.c **** {
  26              		.loc 1 78 0
  27              		.cfi_startproc
  28              	.LVL0:
  79:../Libraries/STM32F0xx_StdPeriph_Driver/src/stm32f0xx_misc.c ****   uint32_t tmppriority = 0x00;
  80:../Libraries/STM32F0xx_StdPeriph_Driver/src/stm32f0xx_misc.c ****   
  81:../Libraries/STM32F0xx_StdPeriph_Driver/src/stm32f0xx_misc.c ****   /* Check the parameters */
  82:../Libraries/STM32F0xx_StdPeriph_Driver/src/stm32f0xx_misc.c ****   assert_param(IS_FUNCTIONAL_STATE(NVIC_InitStruct->NVIC_IRQChannelCmd));
  83:../Libraries/STM32F0xx_StdPeriph_Driver/src/stm32f0xx_misc.c ****   assert_param(IS_NVIC_PRIORITY(NVIC_InitStruct->NVIC_IRQChannelPriority));  
  84:../Libraries/STM32F0xx_StdPeriph_Driver/src/stm32f0xx_misc.c ****     
  85:../Libraries/STM32F0xx_StdPeriph_Driver/src/stm32f0xx_misc.c ****   if (NVIC_InitStruct->NVIC_IRQChannelCmd != DISABLE)
  29              		.loc 1 85 0
  30 0000 8278     		ldrb	r2, [r0, #2]
  78:../Libraries/STM32F0xx_StdPeriph_Driver/src/stm32f0xx_misc.c **** {
  31              		.loc 1 78 0
  32 0002 70B5     		push	{r4, r5, r6, lr}
  33              	.LCFI0:
  34              		.cfi_def_cfa_offset 16
  35              		.cfi_offset 4, -16
  36              		.cfi_offset 5, -12
  37              		.cfi_offset 6, -8
  38              		.cfi_offset 14, -4
  39 0004 0378     		ldrb	r3, [r0]
  40              		.loc 1 85 0
  41 0006 002A     		cmp	r2, #0
  42 0008 19D0     		beq	.L2
  86:../Libraries/STM32F0xx_StdPeriph_Driver/src/stm32f0xx_misc.c ****   {
  87:../Libraries/STM32F0xx_StdPeriph_Driver/src/stm32f0xx_misc.c ****     /* Compute the Corresponding IRQ Priority --------------------------------*/    
  88:../Libraries/STM32F0xx_StdPeriph_Driver/src/stm32f0xx_misc.c ****     tmppriority = NVIC->IP[NVIC_InitStruct->NVIC_IRQChannel >> 0x02];
  89:../Libraries/STM32F0xx_StdPeriph_Driver/src/stm32f0xx_misc.c ****     tmppriority &= (uint32_t)(~(((uint32_t)0xFF) << ((NVIC_InitStruct->NVIC_IRQChannel & 0x03) * 8)
  43              		.loc 1 89 0
  44 000a 0324     		mov	r4, #3
  88:../Libraries/STM32F0xx_StdPeriph_Driver/src/stm32f0xx_misc.c ****     tmppriority = NVIC->IP[NVIC_InitStruct->NVIC_IRQChannel >> 0x02];
  45              		.loc 1 88 0
  46 000c 9908     		lsr	r1, r3, #2
  47 000e 104A     		ldr	r2, .L4
  48              		.loc 1 89 0
  49 0010 2340     		and	r3, r4
  88:../Libraries/STM32F0xx_StdPeriph_Driver/src/stm32f0xx_misc.c ****     tmppriority = NVIC->IP[NVIC_InitStruct->NVIC_IRQChannel >> 0x02];
  50              		.loc 1 88 0
  51 0012 C031     		add	r1, r1, #192
  52              		.loc 1 89 0
  53 0014 A340     		lsl	r3, r3, r4
  88:../Libraries/STM32F0xx_StdPeriph_Driver/src/stm32f0xx_misc.c ****     tmppriority = NVIC->IP[NVIC_InitStruct->NVIC_IRQChannel >> 0x02];
  54              		.loc 1 88 0
  55 0016 8900     		lsl	r1, r1, #2
  56              		.loc 1 89 0
  57 0018 FF24     		mov	r4, #255
  88:../Libraries/STM32F0xx_StdPeriph_Driver/src/stm32f0xx_misc.c ****     tmppriority = NVIC->IP[NVIC_InitStruct->NVIC_IRQChannel >> 0x02];
  58              		.loc 1 88 0
  59 001a 8D58     		ldr	r5, [r1, r2]
  60              	.LVL1:
  61              		.loc 1 89 0
  62 001c 261C     		mov	r6, r4
  63 001e 9E40     		lsl	r6, r6, r3
  64 0020 B543     		bic	r5, r6
  65              	.LVL2:
  90:../Libraries/STM32F0xx_StdPeriph_Driver/src/stm32f0xx_misc.c ****     tmppriority |= (uint32_t)((((uint32_t)NVIC_InitStruct->NVIC_IRQChannelPriority << 6) & 0xFF) <<
  66              		.loc 1 90 0
  67 0022 4678     		ldrb	r6, [r0, #1]
  68 0024 B601     		lsl	r6, r6, #6
  69 0026 3440     		and	r4, r6
  70 0028 9C40     		lsl	r4, r4, r3
  71 002a 2B1C     		mov	r3, r5
  72 002c 2343     		orr	r3, r4
  73              	.LVL3:
  91:../Libraries/STM32F0xx_StdPeriph_Driver/src/stm32f0xx_misc.c ****     
  92:../Libraries/STM32F0xx_StdPeriph_Driver/src/stm32f0xx_misc.c ****     NVIC->IP[NVIC_InitStruct->NVIC_IRQChannel >> 0x02] = tmppriority;
  74              		.loc 1 92 0
  75 002e 8B50     		str	r3, [r1, r2]
  93:../Libraries/STM32F0xx_StdPeriph_Driver/src/stm32f0xx_misc.c ****     
  94:../Libraries/STM32F0xx_StdPeriph_Driver/src/stm32f0xx_misc.c ****     /* Enable the Selected IRQ Channels --------------------------------------*/
  95:../Libraries/STM32F0xx_StdPeriph_Driver/src/stm32f0xx_misc.c ****     NVIC->ISER[0] = (uint32_t)0x01 << (NVIC_InitStruct->NVIC_IRQChannel & (uint8_t)0x1F);
  76              		.loc 1 95 0
  77 0030 0178     		ldrb	r1, [r0]
  78 0032 1F23     		mov	r3, #31
  79              	.LVL4:
  80 0034 0B40     		and	r3, r1
  81 0036 0121     		mov	r1, #1
  82 0038 9940     		lsl	r1, r1, r3
  83 003a 1160     		str	r1, [r2]
  84 003c 06E0     		b	.L1
  85              	.LVL5:
  86              	.L2:
  96:../Libraries/STM32F0xx_StdPeriph_Driver/src/stm32f0xx_misc.c ****   }
  97:../Libraries/STM32F0xx_StdPeriph_Driver/src/stm32f0xx_misc.c ****   else
  98:../Libraries/STM32F0xx_StdPeriph_Driver/src/stm32f0xx_misc.c ****   {
  99:../Libraries/STM32F0xx_StdPeriph_Driver/src/stm32f0xx_misc.c ****     /* Disable the Selected IRQ Channels -------------------------------------*/
 100:../Libraries/STM32F0xx_StdPeriph_Driver/src/stm32f0xx_misc.c ****     NVIC->ICER[0] = (uint32_t)0x01 << (NVIC_InitStruct->NVIC_IRQChannel & (uint8_t)0x1F);
  87              		.loc 1 100 0
  88 003e 1F22     		mov	r2, #31
  89 0040 1340     		and	r3, r2
  90 0042 0122     		mov	r2, #1
  91 0044 9A40     		lsl	r2, r2, r3
  92 0046 131C     		mov	r3, r2
  93 0048 024A     		ldr	r2, .L4+4
  94 004a D367     		str	r3, [r2, #124]
  95              	.LVL6:
  96              	.L1:
 101:../Libraries/STM32F0xx_StdPeriph_Driver/src/stm32f0xx_misc.c ****   }
 102:../Libraries/STM32F0xx_StdPeriph_Driver/src/stm32f0xx_misc.c **** }
  97              		.loc 1 102 0
  98              		@ sp needed for prologue
  99 004c 70BD     		pop	{r4, r5, r6, pc}
 100              	.L5:
 101 004e C046     		.align	2
 102              	.L4:
 103 0050 00E100E0 		.word	-536813312
 104 0054 04E100E0 		.word	-536813308
 105              		.cfi_endproc
 106              	.LFE33:
 108              		.section	.text.NVIC_SystemLPConfig,"ax",%progbits
 109              		.align	1
 110              		.global	NVIC_SystemLPConfig
 111              		.code	16
 112              		.thumb_func
 114              	NVIC_SystemLPConfig:
 115              	.LFB34:
 103:../Libraries/STM32F0xx_StdPeriph_Driver/src/stm32f0xx_misc.c **** 
 104:../Libraries/STM32F0xx_StdPeriph_Driver/src/stm32f0xx_misc.c **** /**
 105:../Libraries/STM32F0xx_StdPeriph_Driver/src/stm32f0xx_misc.c ****   * @brief  Selects the condition for the system to enter low power mode.
 106:../Libraries/STM32F0xx_StdPeriph_Driver/src/stm32f0xx_misc.c ****   * @param  LowPowerMode: Specifies the new mode for the system to enter low power mode.
 107:../Libraries/STM32F0xx_StdPeriph_Driver/src/stm32f0xx_misc.c ****   *          This parameter can be one of the following values:
 108:../Libraries/STM32F0xx_StdPeriph_Driver/src/stm32f0xx_misc.c ****   *            @arg NVIC_LP_SEVONPEND: Low Power SEV on Pend.
 109:../Libraries/STM32F0xx_StdPeriph_Driver/src/stm32f0xx_misc.c ****   *            @arg NVIC_LP_SLEEPDEEP: Low Power DEEPSLEEP request.
 110:../Libraries/STM32F0xx_StdPeriph_Driver/src/stm32f0xx_misc.c ****   *            @arg NVIC_LP_SLEEPONEXIT: Low Power Sleep on Exit.
 111:../Libraries/STM32F0xx_StdPeriph_Driver/src/stm32f0xx_misc.c ****   * @param  NewState: new state of LP condition. 
 112:../Libraries/STM32F0xx_StdPeriph_Driver/src/stm32f0xx_misc.c ****   *          This parameter can be: ENABLE or DISABLE.
 113:../Libraries/STM32F0xx_StdPeriph_Driver/src/stm32f0xx_misc.c ****   * @retval None
 114:../Libraries/STM32F0xx_StdPeriph_Driver/src/stm32f0xx_misc.c ****   */
 115:../Libraries/STM32F0xx_StdPeriph_Driver/src/stm32f0xx_misc.c **** void NVIC_SystemLPConfig(uint8_t LowPowerMode, FunctionalState NewState)
 116:../Libraries/STM32F0xx_StdPeriph_Driver/src/stm32f0xx_misc.c **** {
 116              		.loc 1 116 0
 117              		.cfi_startproc
 118              	.LVL7:
 119 0000 054B     		ldr	r3, .L9
 120 0002 00B5     		push	{lr}
 121              	.LCFI1:
 122              		.cfi_def_cfa_offset 4
 123              		.cfi_offset 14, -4
 117:../Libraries/STM32F0xx_StdPeriph_Driver/src/stm32f0xx_misc.c ****   /* Check the parameters */
 118:../Libraries/STM32F0xx_StdPeriph_Driver/src/stm32f0xx_misc.c ****   assert_param(IS_NVIC_LP(LowPowerMode));
 119:../Libraries/STM32F0xx_StdPeriph_Driver/src/stm32f0xx_misc.c ****   
 120:../Libraries/STM32F0xx_StdPeriph_Driver/src/stm32f0xx_misc.c ****   assert_param(IS_FUNCTIONAL_STATE(NewState));  
 121:../Libraries/STM32F0xx_StdPeriph_Driver/src/stm32f0xx_misc.c ****   
 122:../Libraries/STM32F0xx_StdPeriph_Driver/src/stm32f0xx_misc.c ****   if (NewState != DISABLE)
 123:../Libraries/STM32F0xx_StdPeriph_Driver/src/stm32f0xx_misc.c ****   {
 124:../Libraries/STM32F0xx_StdPeriph_Driver/src/stm32f0xx_misc.c ****     SCB->SCR |= LowPowerMode;
 124              		.loc 1 124 0
 125 0004 1A69     		ldr	r2, [r3, #16]
 122:../Libraries/STM32F0xx_StdPeriph_Driver/src/stm32f0xx_misc.c ****   if (NewState != DISABLE)
 126              		.loc 1 122 0
 127 0006 0029     		cmp	r1, #0
 128 0008 02D0     		beq	.L7
 129              		.loc 1 124 0
 130 000a 1043     		orr	r0, r2
 131              	.LVL8:
 132 000c 1861     		str	r0, [r3, #16]
 133 000e 01E0     		b	.L6
 134              	.LVL9:
 135              	.L7:
 125:../Libraries/STM32F0xx_StdPeriph_Driver/src/stm32f0xx_misc.c ****   }
 126:../Libraries/STM32F0xx_StdPeriph_Driver/src/stm32f0xx_misc.c ****   else
 127:../Libraries/STM32F0xx_StdPeriph_Driver/src/stm32f0xx_misc.c ****   {
 128:../Libraries/STM32F0xx_StdPeriph_Driver/src/stm32f0xx_misc.c ****     SCB->SCR &= (uint32_t)(~(uint32_t)LowPowerMode);
 136              		.loc 1 128 0
 137 0010 8243     		bic	r2, r0
 138 0012 1A61     		str	r2, [r3, #16]
 139              	.LVL10:
 140              	.L6:
 129:../Libraries/STM32F0xx_StdPeriph_Driver/src/stm32f0xx_misc.c ****   }
 130:../Libraries/STM32F0xx_StdPeriph_Driver/src/stm32f0xx_misc.c **** }
 141              		.loc 1 130 0
 142              		@ sp needed for prologue
 143 0014 00BD     		pop	{pc}
 144              	.L10:
 145 0016 C046     		.align	2
 146              	.L9:
 147 0018 00ED00E0 		.word	-536810240
 148              		.cfi_endproc
 149              	.LFE34:
 151              		.section	.text.SysTick_CLKSourceConfig,"ax",%progbits
 152              		.align	1
 153              		.global	SysTick_CLKSourceConfig
 154              		.code	16
 155              		.thumb_func
 157              	SysTick_CLKSourceConfig:
 158              	.LFB35:
 131:../Libraries/STM32F0xx_StdPeriph_Driver/src/stm32f0xx_misc.c **** 
 132:../Libraries/STM32F0xx_StdPeriph_Driver/src/stm32f0xx_misc.c **** /**
 133:../Libraries/STM32F0xx_StdPeriph_Driver/src/stm32f0xx_misc.c ****   * @brief  Configures the SysTick clock source.
 134:../Libraries/STM32F0xx_StdPeriph_Driver/src/stm32f0xx_misc.c ****   * @param  SysTick_CLKSource: specifies the SysTick clock source.
 135:../Libraries/STM32F0xx_StdPeriph_Driver/src/stm32f0xx_misc.c ****   *          This parameter can be one of the following values:
 136:../Libraries/STM32F0xx_StdPeriph_Driver/src/stm32f0xx_misc.c ****   *            @arg SysTick_CLKSource_HCLK_Div8: AHB clock divided by 8 selected as SysTick clock s
 137:../Libraries/STM32F0xx_StdPeriph_Driver/src/stm32f0xx_misc.c ****   *            @arg SysTick_CLKSource_HCLK: AHB clock selected as SysTick clock source.
 138:../Libraries/STM32F0xx_StdPeriph_Driver/src/stm32f0xx_misc.c ****   * @retval None
 139:../Libraries/STM32F0xx_StdPeriph_Driver/src/stm32f0xx_misc.c ****   */
 140:../Libraries/STM32F0xx_StdPeriph_Driver/src/stm32f0xx_misc.c **** void SysTick_CLKSourceConfig(uint32_t SysTick_CLKSource)
 141:../Libraries/STM32F0xx_StdPeriph_Driver/src/stm32f0xx_misc.c **** {
 159              		.loc 1 141 0
 160              		.cfi_startproc
 161              	.LVL11:
 162 0000 054B     		ldr	r3, .L14
 163 0002 00B5     		push	{lr}
 164              	.LCFI2:
 165              		.cfi_def_cfa_offset 4
 166              		.cfi_offset 14, -4
 142:../Libraries/STM32F0xx_StdPeriph_Driver/src/stm32f0xx_misc.c ****   /* Check the parameters */
 143:../Libraries/STM32F0xx_StdPeriph_Driver/src/stm32f0xx_misc.c ****   assert_param(IS_SYSTICK_CLK_SOURCE(SysTick_CLKSource));
 144:../Libraries/STM32F0xx_StdPeriph_Driver/src/stm32f0xx_misc.c ****   
 145:../Libraries/STM32F0xx_StdPeriph_Driver/src/stm32f0xx_misc.c ****   if (SysTick_CLKSource == SysTick_CLKSource_HCLK)
 146:../Libraries/STM32F0xx_StdPeriph_Driver/src/stm32f0xx_misc.c ****   {
 147:../Libraries/STM32F0xx_StdPeriph_Driver/src/stm32f0xx_misc.c ****     SysTick->CTRL |= SysTick_CLKSource_HCLK;
 167              		.loc 1 147 0
 168 0004 1A68     		ldr	r2, [r3]
 145:../Libraries/STM32F0xx_StdPeriph_Driver/src/stm32f0xx_misc.c ****   if (SysTick_CLKSource == SysTick_CLKSource_HCLK)
 169              		.loc 1 145 0
 170 0006 0428     		cmp	r0, #4
 171 0008 02D1     		bne	.L12
 172              		.loc 1 147 0
 173 000a 1043     		orr	r0, r2
 174              	.LVL12:
 175 000c 1860     		str	r0, [r3]
 176 000e 02E0     		b	.L11
 177              	.LVL13:
 178              	.L12:
 148:../Libraries/STM32F0xx_StdPeriph_Driver/src/stm32f0xx_misc.c ****   }
 149:../Libraries/STM32F0xx_StdPeriph_Driver/src/stm32f0xx_misc.c ****   else
 150:../Libraries/STM32F0xx_StdPeriph_Driver/src/stm32f0xx_misc.c ****   {
 151:../Libraries/STM32F0xx_StdPeriph_Driver/src/stm32f0xx_misc.c ****     SysTick->CTRL &= SysTick_CLKSource_HCLK_Div8;
 179              		.loc 1 151 0
 180 0010 0421     		mov	r1, #4
 181 0012 8A43     		bic	r2, r1
 182 0014 1A60     		str	r2, [r3]
 183              	.LVL14:
 184              	.L11:
 152:../Libraries/STM32F0xx_StdPeriph_Driver/src/stm32f0xx_misc.c ****   }
 153:../Libraries/STM32F0xx_StdPeriph_Driver/src/stm32f0xx_misc.c **** }
 185              		.loc 1 153 0
 186              		@ sp needed for prologue
 187 0016 00BD     		pop	{pc}
 188              	.L15:
 189              		.align	2
 190              	.L14:
 191 0018 10E000E0 		.word	-536813552
 192              		.cfi_endproc
 193              	.LFE35:
 195              		.text
 196              	.Letext0:
 197              		.file 2 "c:\\program files (x86)\\codesourcery\\sourcery_codebench_lite_for_arm_eabi\\bin\\../lib/
 198              		.file 3 "D:\\EclipseIndigo\\workspace\\cam_hub\\Libraries\\CMSIS\\Include/core_cm0.h"
 199              		.file 4 "D:\\EclipseIndigo\\workspace\\cam_hub\\scr/stm32f0xx.h"
 200              		.file 5 "D:\\EclipseIndigo\\workspace\\cam_hub\\Libraries\\STM32F0xx_StdPeriph_Driver\\inc/stm32f0
DEFINED SYMBOLS
                            *ABS*:00000000 stm32f0xx_misc.c
C:\Users\THANGN~1\AppData\Local\Temp\ccajfkux.s:18     .text.NVIC_Init:00000000 $t
C:\Users\THANGN~1\AppData\Local\Temp\ccajfkux.s:23     .text.NVIC_Init:00000000 NVIC_Init
C:\Users\THANGN~1\AppData\Local\Temp\ccajfkux.s:103    .text.NVIC_Init:00000050 $d
C:\Users\THANGN~1\AppData\Local\Temp\ccajfkux.s:109    .text.NVIC_SystemLPConfig:00000000 $t
C:\Users\THANGN~1\AppData\Local\Temp\ccajfkux.s:114    .text.NVIC_SystemLPConfig:00000000 NVIC_SystemLPConfig
C:\Users\THANGN~1\AppData\Local\Temp\ccajfkux.s:147    .text.NVIC_SystemLPConfig:00000018 $d
C:\Users\THANGN~1\AppData\Local\Temp\ccajfkux.s:152    .text.SysTick_CLKSourceConfig:00000000 $t
C:\Users\THANGN~1\AppData\Local\Temp\ccajfkux.s:157    .text.SysTick_CLKSourceConfig:00000000 SysTick_CLKSourceConfig
C:\Users\THANGN~1\AppData\Local\Temp\ccajfkux.s:191    .text.SysTick_CLKSourceConfig:00000018 $d
                     .debug_frame:00000010 $d
                           .group:00000000 wm4.1.90b54cb79624a05a6a75538133d4ee2f
                           .group:00000000 wm4.stm32f0xx.h.54.2936c65ea497e2b9f6697d244f204f4f
                           .group:00000000 wm4.core_cm0.h.47.022e66414e77714da7c4b30b3ad99fe8
                           .group:00000000 wm4.stdint.h.10.90b695f550ca6cc3fb08fa83baf01e05
                           .group:00000000 wm4.core_cmInstr.h.39.b7b6650bdd2316848d940915272d75b8
                           .group:00000000 wm4.core_cm0.h.135.ca70469f87e143609670bb393bfa6518
                           .group:00000000 wm4.stm32f0xx.h.491.56b995fdd6b34ccece7fa7ee90a03d09
                           .group:00000000 wm4.stm32f0xx_adc.h.31.deffd6417c7f5b0940228cd2f9270807
                           .group:00000000 wm4.stm32f0xx_can.h.31.a43838c2d1a571e6bd63f34d4d38f77a
                           .group:00000000 wm4.stm32f0xx_cec.h.31.cbead9587d6f5205735191e084956263
                           .group:00000000 wm4.stm32f0xx_crc.h.31.657756bbefdf42347508251cbea9a2cc
                           .group:00000000 wm4.stm32f0xx_crs.h.31.22b5372509752121d772a6317b79e691
                           .group:00000000 wm4.stm32f0xx_comp.h.31.505a77c0cb787dfeca9e3c2b1da31ed9
                           .group:00000000 wm4.stm32f0xx_dac.h.31.3d3aa9b22e91ba1b1cfddfa53a7af016
                           .group:00000000 wm4.stm32f0xx_dbgmcu.h.31.43e4f2e77b6aa0d00808044a3e1d0d83
                           .group:00000000 wm4.stm32f0xx_dma.h.31.d3df6d3d0192193cb53f5c34738fc5a2
                           .group:00000000 wm4.stm32f0xx_exti.h.31.6d7f5d51fe1eff0809a232d0301b7244
                           .group:00000000 wm4.stm32f0xx_flash.h.31.ff204b27217b5926452ab2f52b527ff3
                           .group:00000000 wm4.stm32f0xx_gpio.h.31.0378cd9a2c4cea0ca3c3e917acce56e1
                           .group:00000000 wm4.stm32f0xx_syscfg.h.31.6e8ab03c61462545bc84446ab81da274
                           .group:00000000 wm4.stm32f0xx_i2c.h.31.83969866ec38bbcc1bff9238f01a1954
                           .group:00000000 wm4.stm32f0xx_iwdg.h.31.bb16f7e18e54df66bf9bd0e2b29bdc93
                           .group:00000000 wm4.stm32f0xx_pwr.h.31.6dd56e642e4a5657857c16e695f196ff
                           .group:00000000 wm4.stm32f0xx_rcc.h.31.02fa02b24c01ae505c73e46ccbb612cf
                           .group:00000000 wm4.stm32f0xx_rtc.h.31.bd5ec8997d6af4752bb55b75cb717765
                           .group:00000000 wm4.stm32f0xx_spi.h.31.6c629d36cb6d36ac31583d2d427e887a
                           .group:00000000 wm4.stm32f0xx_tim.h.31.265cfb150d9b3c280816e67e49205128
                           .group:00000000 wm4.stm32f0xx_usart.h.31.81196cb2de47d9dd879446831830753a
                           .group:00000000 wm4.stm32f0xx_wwdg.h.31.0cf1a9b3d89d147c688025fdd33d9c49
                           .group:00000000 wm4.stm32f0xx_misc.h.87.3366e75a096483061ff9675dd610480a

NO UNDEFINED SYMBOLS
