   1              		.syntax unified
   2              		.cpu cortex-m4
   3              		.fpu softvfp
   4              		.eabi_attribute 20, 1
   5              		.eabi_attribute 21, 1
   6              		.eabi_attribute 23, 3
   7              		.eabi_attribute 24, 1
   8              		.eabi_attribute 25, 1
   9              		.eabi_attribute 26, 1
  10              		.eabi_attribute 30, 4
  11              		.eabi_attribute 34, 1
  12              		.eabi_attribute 18, 4
  13              		.thumb
  14              		.file	"stm32f30x_it.c"
  15              		.section	.text.NMI_Handler,"ax",%progbits
  16              		.align	1
  17              		.global	NMI_Handler
  18              		.thumb
  19              		.thumb_func
  21              	NMI_Handler:
  22              		@ args = 0, pretend = 0, frame = 0
  23              		@ frame_needed = 0, uses_anonymous_args = 0
  24              		@ link register save eliminated.
  25 0000 7047     		bx	lr
  27              		.section	.text.HardFault_Handler,"ax",%progbits
  28              		.align	1
  29              		.global	HardFault_Handler
  30              		.thumb
  31              		.thumb_func
  33              	HardFault_Handler:
  34              		@ Volatile: function does not return.
  35              		@ args = 0, pretend = 0, frame = 0
  36              		@ frame_needed = 0, uses_anonymous_args = 0
  37              		@ link register save eliminated.
  38              	.L3:
  39 0000 FEE7     		b	.L3
  41              		.section	.text.MemManage_Handler,"ax",%progbits
  42              		.align	1
  43              		.global	MemManage_Handler
  44              		.thumb
  45              		.thumb_func
  47              	MemManage_Handler:
  48              		@ Volatile: function does not return.
  49              		@ args = 0, pretend = 0, frame = 0
  50              		@ frame_needed = 0, uses_anonymous_args = 0
  51              		@ link register save eliminated.
  52              	.L5:
  53 0000 FEE7     		b	.L5
  55              		.section	.text.BusFault_Handler,"ax",%progbits
  56              		.align	1
  57              		.global	BusFault_Handler
  58              		.thumb
  59              		.thumb_func
  61              	BusFault_Handler:
  62              		@ Volatile: function does not return.
  63              		@ args = 0, pretend = 0, frame = 0
  64              		@ frame_needed = 0, uses_anonymous_args = 0
  65              		@ link register save eliminated.
  66              	.L7:
  67 0000 FEE7     		b	.L7
  69              		.section	.text.UsageFault_Handler,"ax",%progbits
  70              		.align	1
  71              		.global	UsageFault_Handler
  72              		.thumb
  73              		.thumb_func
  75              	UsageFault_Handler:
  76              		@ Volatile: function does not return.
  77              		@ args = 0, pretend = 0, frame = 0
  78              		@ frame_needed = 0, uses_anonymous_args = 0
  79              		@ link register save eliminated.
  80              	.L9:
  81 0000 FEE7     		b	.L9
  83              		.section	.text.SVC_Handler,"ax",%progbits
  84              		.align	1
  85              		.global	SVC_Handler
  86              		.thumb
  87              		.thumb_func
  89              	SVC_Handler:
  90              		@ args = 0, pretend = 0, frame = 0
  91              		@ frame_needed = 0, uses_anonymous_args = 0
  92              		@ link register save eliminated.
  93 0000 7047     		bx	lr
  95              		.section	.text.DebugMon_Handler,"ax",%progbits
  96              		.align	1
  97              		.global	DebugMon_Handler
  98              		.thumb
  99              		.thumb_func
 101              	DebugMon_Handler:
 102              		@ args = 0, pretend = 0, frame = 0
 103              		@ frame_needed = 0, uses_anonymous_args = 0
 104              		@ link register save eliminated.
 105 0000 7047     		bx	lr
 107              		.section	.text.PendSV_Handler,"ax",%progbits
 108              		.align	1
 109              		.global	PendSV_Handler
 110              		.thumb
 111              		.thumb_func
 113              	PendSV_Handler:
 114              		@ args = 0, pretend = 0, frame = 0
 115              		@ frame_needed = 0, uses_anonymous_args = 0
 116              		@ link register save eliminated.
 117 0000 7047     		bx	lr
 119              		.section	.text.SysTick_Handler,"ax",%progbits
 120              		.align	1
 121              		.global	SysTick_Handler
 122              		.thumb
 123              		.thumb_func
 125              	SysTick_Handler:
 126              		@ args = 0, pretend = 0, frame = 0
 127              		@ frame_needed = 0, uses_anonymous_args = 0
 128 0000 324B     		ldr	r3, .L30
 129 0002 1A68     		ldr	r2, [r3, #0]
 130 0004 0132     		adds	r2, r2, #1
 131 0006 10B5     		push	{r4, lr}
 132 0008 1A60     		str	r2, [r3, #0]
 133 000a 314A     		ldr	r2, .L30+4
 134 000c 1168     		ldr	r1, [r2, #0]
 135 000e 0131     		adds	r1, r1, #1
 136 0010 1160     		str	r1, [r2, #0]
 137 0012 1A68     		ldr	r2, [r3, #0]
 138 0014 142A     		cmp	r2, #20
 139 0016 1C46     		mov	r4, r3
 140 0018 03D1     		bne	.L14
 141 001a 2E48     		ldr	r0, .L30+8
 142 001c 1021     		movs	r1, #16
 143 001e FFF7FEFF 		bl	GPIO_ResetBits
 144              	.L14:
 145 0022 2268     		ldr	r2, [r4, #0]
 146 0024 0A23     		movs	r3, #10
 147 0026 B2FBF3F4 		udiv	r4, r2, r3
 148 002a 03FB1424 		mls	r4, r3, r4, r2
 149 002e 5CB9     		cbnz	r4, .L15
 150 0030 2948     		ldr	r0, .L30+12
 151 0032 4FF48071 		mov	r1, #256
 152 0036 0122     		movs	r2, #1
 153 0038 FFF7FEFF 		bl	GPIO_WriteBit
 154 003c 2648     		ldr	r0, .L30+12
 155 003e 4FF48071 		mov	r1, #256
 156 0042 2246     		mov	r2, r4
 157 0044 FFF7FEFF 		bl	GPIO_WriteBit
 158              	.L15:
 159 0048 214B     		ldr	r3, .L30+4
 160 004a 1A68     		ldr	r2, [r3, #0]
 161 004c 632A     		cmp	r2, #99
 162 004e 05D9     		bls	.L16
 163 0050 224A     		ldr	r2, .L30+16
 164 0052 1168     		ldr	r1, [r2, #0]
 165 0054 0131     		adds	r1, r1, #1
 166 0056 1160     		str	r1, [r2, #0]
 167 0058 0022     		movs	r2, #0
 168 005a 1A60     		str	r2, [r3, #0]
 169              	.L16:
 170 005c 204B     		ldr	r3, .L30+20
 171 005e 1B68     		ldr	r3, [r3, #0]
 172 0060 012B     		cmp	r3, #1
 173 0062 08D1     		bne	.L17
 174 0064 194B     		ldr	r3, .L30
 175 0066 1A68     		ldr	r2, [r3, #0]
 176 0068 6423     		movs	r3, #100
 177 006a B2FBF3F1 		udiv	r1, r2, r3
 178 006e 03FB1123 		mls	r3, r3, r1, r2
 179 0072 23B3     		cbz	r3, .L18
 180 0074 10BD     		pop	{r4, pc}
 181              	.L17:
 182 0076 022B     		cmp	r3, #2
 183 0078 26D1     		bne	.L13
 184 007a 144B     		ldr	r3, .L30
 185 007c 1A68     		ldr	r2, [r3, #0]
 186 007e 0A23     		movs	r3, #10
 187 0080 B2FBF3F1 		udiv	r1, r2, r3
 188 0084 03FB1123 		mls	r3, r3, r1, r2
 189 0088 CBB1     		cbz	r3, .L18
 190 008a 10BD     		pop	{r4, pc}
 191              	.L21:
 192 008c 1548     		ldr	r0, .L30+24
 193 008e 4FF48071 		mov	r1, #256
 194 0092 FFF7FEFF 		bl	GPIO_SetBits
 195 0096 1348     		ldr	r0, .L30+24
 196 0098 4FF40071 		mov	r1, #512
 197 009c FFF7FEFF 		bl	GPIO_ResetBits
 198 00a0 09E0     		b	.L20
 199              	.L29:
 200 00a2 1048     		ldr	r0, .L30+24
 201 00a4 4FF48071 		mov	r1, #256
 202 00a8 FFF7FEFF 		bl	GPIO_ResetBits
 203 00ac 0D48     		ldr	r0, .L30+24
 204 00ae 4FF40071 		mov	r1, #512
 205 00b2 FFF7FEFF 		bl	GPIO_SetBits
 206              	.L20:
 207 00b6 2368     		ldr	r3, [r4, #0]
 208 00b8 0133     		adds	r3, r3, #1
 209 00ba 2360     		str	r3, [r4, #0]
 210 00bc 10BD     		pop	{r4, pc}
 211              	.L18:
 212 00be 0A4C     		ldr	r4, .L30+28
 213 00c0 2368     		ldr	r3, [r4, #0]
 214 00c2 DB07     		lsls	r3, r3, #31
 215 00c4 E2D4     		bmi	.L21
 216 00c6 ECE7     		b	.L29
 217              	.L13:
 218 00c8 10BD     		pop	{r4, pc}
 219              	.L31:
 220 00ca 00BF     		.align	2
 221              	.L30:
 222 00cc 00000000 		.word	ulTickCount
 223 00d0 00000000 		.word	ulMiliCount
 224 00d4 00100048 		.word	1207963648
 225 00d8 00040048 		.word	1207960576
 226 00dc 00000000 		.word	ulSecCount
 227 00e0 00000000 		.word	blink
 228 00e4 000C0048 		.word	1207962624
 229 00e8 00000000 		.word	.LANCHOR0
 231              		.global	count
 232              		.section	.bss.count,"aw",%nobits
 233              		.align	2
 234              		.set	.LANCHOR0,. + 0
 237              	count:
 238 0000 00000000 		.space	4
 239              		.ident	"GCC: (Sourcery CodeBench Lite 2012.09-63) 4.7.2"
DEFINED SYMBOLS
                            *ABS*:00000000 stm32f30x_it.c
C:\Users\THANGN~1\AppData\Local\Temp\ccllbn7a.s:16     .text.NMI_Handler:00000000 $t
C:\Users\THANGN~1\AppData\Local\Temp\ccllbn7a.s:21     .text.NMI_Handler:00000000 NMI_Handler
C:\Users\THANGN~1\AppData\Local\Temp\ccllbn7a.s:28     .text.HardFault_Handler:00000000 $t
C:\Users\THANGN~1\AppData\Local\Temp\ccllbn7a.s:33     .text.HardFault_Handler:00000000 HardFault_Handler
C:\Users\THANGN~1\AppData\Local\Temp\ccllbn7a.s:42     .text.MemManage_Handler:00000000 $t
C:\Users\THANGN~1\AppData\Local\Temp\ccllbn7a.s:47     .text.MemManage_Handler:00000000 MemManage_Handler
C:\Users\THANGN~1\AppData\Local\Temp\ccllbn7a.s:56     .text.BusFault_Handler:00000000 $t
C:\Users\THANGN~1\AppData\Local\Temp\ccllbn7a.s:61     .text.BusFault_Handler:00000000 BusFault_Handler
C:\Users\THANGN~1\AppData\Local\Temp\ccllbn7a.s:70     .text.UsageFault_Handler:00000000 $t
C:\Users\THANGN~1\AppData\Local\Temp\ccllbn7a.s:75     .text.UsageFault_Handler:00000000 UsageFault_Handler
C:\Users\THANGN~1\AppData\Local\Temp\ccllbn7a.s:84     .text.SVC_Handler:00000000 $t
C:\Users\THANGN~1\AppData\Local\Temp\ccllbn7a.s:89     .text.SVC_Handler:00000000 SVC_Handler
C:\Users\THANGN~1\AppData\Local\Temp\ccllbn7a.s:96     .text.DebugMon_Handler:00000000 $t
C:\Users\THANGN~1\AppData\Local\Temp\ccllbn7a.s:101    .text.DebugMon_Handler:00000000 DebugMon_Handler
C:\Users\THANGN~1\AppData\Local\Temp\ccllbn7a.s:108    .text.PendSV_Handler:00000000 $t
C:\Users\THANGN~1\AppData\Local\Temp\ccllbn7a.s:113    .text.PendSV_Handler:00000000 PendSV_Handler
C:\Users\THANGN~1\AppData\Local\Temp\ccllbn7a.s:120    .text.SysTick_Handler:00000000 $t
C:\Users\THANGN~1\AppData\Local\Temp\ccllbn7a.s:125    .text.SysTick_Handler:00000000 SysTick_Handler
C:\Users\THANGN~1\AppData\Local\Temp\ccllbn7a.s:222    .text.SysTick_Handler:000000cc $d
C:\Users\THANGN~1\AppData\Local\Temp\ccllbn7a.s:237    .bss.count:00000000 count
C:\Users\THANGN~1\AppData\Local\Temp\ccllbn7a.s:233    .bss.count:00000000 $d

UNDEFINED SYMBOLS
GPIO_ResetBits
GPIO_WriteBit
GPIO_SetBits
ulTickCount
ulMiliCount
ulSecCount
blink
