   1              		.syntax unified
   2              		.cpu cortex-m3
   3              		.fpu softvfp
   4              		.eabi_attribute 20, 1
   5              		.eabi_attribute 21, 1
   6              		.eabi_attribute 23, 3
   7              		.eabi_attribute 24, 1
   8              		.eabi_attribute 25, 1
   9              		.eabi_attribute 26, 1
  10              		.eabi_attribute 30, 4
  11              		.eabi_attribute 34, 1
  12              		.eabi_attribute 18, 4
  13              		.thumb
  14              		.file	"stm32f10x_can.c"
  15              		.section	.text.CAN_DeInit,"ax",%progbits
  16              		.align	1
  17              		.global	CAN_DeInit
  18              		.thumb
  19              		.thumb_func
  21              	CAN_DeInit:
  22              		@ args = 0, pretend = 0, frame = 0
  23              		@ frame_needed = 0, uses_anonymous_args = 0
  24 0000 08B5     		push	{r3, lr}
  25 0002 0B4B     		ldr	r3, .L4
  26 0004 9842     		cmp	r0, r3
  27 0006 07D1     		bne	.L2
  28 0008 4FF00070 		mov	r0, #33554432
  29 000c 0121     		movs	r1, #1
  30 000e FFF7FEFF 		bl	RCC_APB1PeriphResetCmd
  31 0012 4FF00070 		mov	r0, #33554432
  32 0016 06E0     		b	.L3
  33              	.L2:
  34 0018 4FF08060 		mov	r0, #67108864
  35 001c 0121     		movs	r1, #1
  36 001e FFF7FEFF 		bl	RCC_APB1PeriphResetCmd
  37 0022 4FF08060 		mov	r0, #67108864
  38              	.L3:
  39 0026 0021     		movs	r1, #0
  40 0028 BDE80840 		pop	{r3, lr}
  41 002c FFF7FEBF 		b	RCC_APB1PeriphResetCmd
  42              	.L5:
  43              		.align	2
  44              	.L4:
  45 0030 00640040 		.word	1073767424
  47              		.section	.text.CAN_Init,"ax",%progbits
  48              		.align	1
  49              		.global	CAN_Init
  50              		.thumb
  51              		.thumb_func
  53              	CAN_Init:
  54              		@ args = 0, pretend = 0, frame = 0
  55              		@ frame_needed = 0, uses_anonymous_args = 0
  56              		@ link register save eliminated.
  57 0000 0368     		ldr	r3, [r0, #0]
  58 0002 23F00203 		bic	r3, r3, #2
  59 0006 0360     		str	r3, [r0, #0]
  60 0008 0368     		ldr	r3, [r0, #0]
  61 000a 43F00103 		orr	r3, r3, #1
  62 000e 0360     		str	r3, [r0, #0]
  63 0010 4FF48033 		mov	r3, #65536
  64              	.L8:
  65 0014 4268     		ldr	r2, [r0, #4]
  66 0016 D207     		lsls	r2, r2, #31
  67 0018 01D4     		bmi	.L7
  68 001a 013B     		subs	r3, r3, #1
  69 001c FAD1     		bne	.L8
  70              	.L7:
  71 001e 4368     		ldr	r3, [r0, #4]
  72 0020 13F00103 		ands	r3, r3, #1
  73 0024 55D0     		beq	.L24
  74 0026 8B79     		ldrb	r3, [r1, #6]	@ zero_extendqisi2
  75 0028 012B     		cmp	r3, #1
  76 002a 0368     		ldr	r3, [r0, #0]
  77 002c 0CBF     		ite	eq
  78 002e 43F08003 		orreq	r3, r3, #128
  79 0032 23F08003 		bicne	r3, r3, #128
  80 0036 0360     		str	r3, [r0, #0]
  81 0038 CB79     		ldrb	r3, [r1, #7]	@ zero_extendqisi2
  82 003a 012B     		cmp	r3, #1
  83 003c 0368     		ldr	r3, [r0, #0]
  84 003e 0CBF     		ite	eq
  85 0040 43F04003 		orreq	r3, r3, #64
  86 0044 23F04003 		bicne	r3, r3, #64
  87 0048 0360     		str	r3, [r0, #0]
  88 004a 0B7A     		ldrb	r3, [r1, #8]	@ zero_extendqisi2
  89 004c 012B     		cmp	r3, #1
  90 004e 0368     		ldr	r3, [r0, #0]
  91 0050 0CBF     		ite	eq
  92 0052 43F02003 		orreq	r3, r3, #32
  93 0056 23F02003 		bicne	r3, r3, #32
  94 005a 0360     		str	r3, [r0, #0]
  95 005c 4B7A     		ldrb	r3, [r1, #9]	@ zero_extendqisi2
  96 005e 012B     		cmp	r3, #1
  97 0060 0368     		ldr	r3, [r0, #0]
  98 0062 0CBF     		ite	eq
  99 0064 43F01003 		orreq	r3, r3, #16
 100 0068 23F01003 		bicne	r3, r3, #16
 101 006c 0360     		str	r3, [r0, #0]
 102 006e 8B7A     		ldrb	r3, [r1, #10]	@ zero_extendqisi2
 103 0070 012B     		cmp	r3, #1
 104 0072 0368     		ldr	r3, [r0, #0]
 105 0074 0CBF     		ite	eq
 106 0076 43F00803 		orreq	r3, r3, #8
 107 007a 23F00803 		bicne	r3, r3, #8
 108 007e 0360     		str	r3, [r0, #0]
 109 0080 CB7A     		ldrb	r3, [r1, #11]	@ zero_extendqisi2
 110 0082 012B     		cmp	r3, #1
 111 0084 0368     		ldr	r3, [r0, #0]
 112 0086 0CBF     		ite	eq
 113 0088 43F00403 		orreq	r3, r3, #4
 114 008c 23F00403 		bicne	r3, r3, #4
 115 0090 0360     		str	r3, [r0, #0]
 116 0092 8B78     		ldrb	r3, [r1, #2]	@ zero_extendqisi2
 117 0094 CA78     		ldrb	r2, [r1, #3]	@ zero_extendqisi2
 118 0096 9B07     		lsls	r3, r3, #30
 119 0098 43EA0263 		orr	r3, r3, r2, lsl #24
 120 009c 0A79     		ldrb	r2, [r1, #4]	@ zero_extendqisi2
 121 009e 43EA0243 		orr	r3, r3, r2, lsl #16
 122 00a2 4A79     		ldrb	r2, [r1, #5]	@ zero_extendqisi2
 123 00a4 43EA0253 		orr	r3, r3, r2, lsl #20
 124 00a8 0A88     		ldrh	r2, [r1, #0]
 125 00aa 013A     		subs	r2, r2, #1
 126 00ac 1343     		orrs	r3, r3, r2
 127 00ae C361     		str	r3, [r0, #28]
 128 00b0 0368     		ldr	r3, [r0, #0]
 129 00b2 23F00103 		bic	r3, r3, #1
 130 00b6 0360     		str	r3, [r0, #0]
 131 00b8 4FF48033 		mov	r3, #65536
 132              	.L23:
 133 00bc 4268     		ldr	r2, [r0, #4]
 134 00be D207     		lsls	r2, r2, #31
 135 00c0 01D5     		bpl	.L22
 136 00c2 013B     		subs	r3, r3, #1
 137 00c4 FAD1     		bne	.L23
 138              	.L22:
 139 00c6 4068     		ldr	r0, [r0, #4]
 140 00c8 00F00100 		and	r0, r0, #1
 141 00cc 80F00100 		eor	r0, r0, #1
 142 00d0 7047     		bx	lr
 143              	.L24:
 144 00d2 1846     		mov	r0, r3
 145 00d4 7047     		bx	lr
 147              		.section	.text.CAN_FilterInit,"ax",%progbits
 148              		.align	1
 149              		.global	CAN_FilterInit
 150              		.thumb
 151              		.thumb_func
 153              	CAN_FilterInit:
 154              		@ args = 0, pretend = 0, frame = 0
 155              		@ frame_needed = 0, uses_anonymous_args = 0
 156 0000 837A     		ldrb	r3, [r0, #10]	@ zero_extendqisi2
 157 0002 0121     		movs	r1, #1
 158 0004 01FA03F1 		lsl	r1, r1, r3
 159 0008 354B     		ldr	r3, .L45
 160 000a 70B5     		push	{r4, r5, r6, lr}
 161 000c D3F80022 		ldr	r2, [r3, #512]
 162 0010 CC43     		mvns	r4, r1
 163 0012 42F00102 		orr	r2, r2, #1
 164 0016 C3F80022 		str	r2, [r3, #512]
 165 001a D3F81C22 		ldr	r2, [r3, #540]
 166 001e 2240     		ands	r2, r2, r4
 167 0020 C3F81C22 		str	r2, [r3, #540]
 168 0024 027B     		ldrb	r2, [r0, #12]	@ zero_extendqisi2
 169 0026 AAB9     		cbnz	r2, .L37
 170 0028 D3F80C22 		ldr	r2, [r3, #524]
 171 002c C688     		ldrh	r6, [r0, #6]
 172 002e 2240     		ands	r2, r2, r4
 173 0030 C3F80C22 		str	r2, [r3, #524]
 174 0034 827A     		ldrb	r2, [r0, #10]	@ zero_extendqisi2
 175 0036 4588     		ldrh	r5, [r0, #2]
 176 0038 4832     		adds	r2, r2, #72
 177 003a 45EA0645 		orr	r5, r5, r6, lsl #16
 178 003e 43F83250 		str	r5, [r3, r2, lsl #3]
 179 0042 0388     		ldrh	r3, [r0, #0]
 180 0044 8288     		ldrh	r2, [r0, #4]
 181 0046 857A     		ldrb	r5, [r0, #10]	@ zero_extendqisi2
 182 0048 43EA0242 		orr	r2, r3, r2, lsl #16
 183 004c 254B     		ldr	r3, .L45+4
 184 004e ED00     		lsls	r5, r5, #3
 185 0050 EB18     		adds	r3, r5, r3
 186 0052 5A60     		str	r2, [r3, #4]
 187              	.L37:
 188 0054 037B     		ldrb	r3, [r0, #12]	@ zero_extendqisi2
 189 0056 012B     		cmp	r3, #1
 190 0058 16D1     		bne	.L38
 191 005a 214B     		ldr	r3, .L45
 192 005c 0688     		ldrh	r6, [r0, #0]
 193 005e D3F80C22 		ldr	r2, [r3, #524]
 194 0062 4588     		ldrh	r5, [r0, #2]
 195 0064 0A43     		orrs	r2, r2, r1
 196 0066 C3F80C22 		str	r2, [r3, #524]
 197 006a 827A     		ldrb	r2, [r0, #10]	@ zero_extendqisi2
 198 006c 45EA0645 		orr	r5, r5, r6, lsl #16
 199 0070 4832     		adds	r2, r2, #72
 200 0072 43F83250 		str	r5, [r3, r2, lsl #3]
 201 0076 C388     		ldrh	r3, [r0, #6]
 202 0078 8288     		ldrh	r2, [r0, #4]
 203 007a 857A     		ldrb	r5, [r0, #10]	@ zero_extendqisi2
 204 007c 43EA0242 		orr	r2, r3, r2, lsl #16
 205 0080 184B     		ldr	r3, .L45+4
 206 0082 ED00     		lsls	r5, r5, #3
 207 0084 EB18     		adds	r3, r5, r3
 208 0086 5A60     		str	r2, [r3, #4]
 209              	.L38:
 210 0088 C37A     		ldrb	r3, [r0, #11]	@ zero_extendqisi2
 211 008a 154A     		ldr	r2, .L45
 212 008c 1BB9     		cbnz	r3, .L39
 213 008e D2F80432 		ldr	r3, [r2, #516]
 214 0092 2340     		ands	r3, r3, r4
 215 0094 02E0     		b	.L44
 216              	.L39:
 217 0096 D2F80432 		ldr	r3, [r2, #516]
 218 009a 0B43     		orrs	r3, r3, r1
 219              	.L44:
 220 009c 0589     		ldrh	r5, [r0, #8]
 221 009e C2F80432 		str	r3, [r2, #516]
 222 00a2 0F4B     		ldr	r3, .L45
 223 00a4 2DB9     		cbnz	r5, .L41
 224 00a6 D2F81452 		ldr	r5, [r2, #532]
 225 00aa 2C40     		ands	r4, r4, r5
 226 00ac C2F81442 		str	r4, [r2, #532]
 227 00b0 06E0     		b	.L42
 228              	.L41:
 229 00b2 012D     		cmp	r5, #1
 230 00b4 04D1     		bne	.L42
 231 00b6 D3F81422 		ldr	r2, [r3, #532]
 232 00ba 0A43     		orrs	r2, r2, r1
 233 00bc C3F81422 		str	r2, [r3, #532]
 234              	.L42:
 235 00c0 427B     		ldrb	r2, [r0, #13]	@ zero_extendqisi2
 236 00c2 012A     		cmp	r2, #1
 237 00c4 04D1     		bne	.L43
 238 00c6 D3F81C22 		ldr	r2, [r3, #540]
 239 00ca 1143     		orrs	r1, r1, r2
 240 00cc C3F81C12 		str	r1, [r3, #540]
 241              	.L43:
 242 00d0 D3F80022 		ldr	r2, [r3, #512]
 243 00d4 22F00102 		bic	r2, r2, #1
 244 00d8 C3F80022 		str	r2, [r3, #512]
 245 00dc 70BD     		pop	{r4, r5, r6, pc}
 246              	.L46:
 247 00de 00BF     		.align	2
 248              	.L45:
 249 00e0 00640040 		.word	1073767424
 250 00e4 40660040 		.word	1073768000
 252              		.section	.text.CAN_StructInit,"ax",%progbits
 253              		.align	1
 254              		.global	CAN_StructInit
 255              		.thumb
 256              		.thumb_func
 258              	CAN_StructInit:
 259              		@ args = 0, pretend = 0, frame = 0
 260              		@ frame_needed = 0, uses_anonymous_args = 0
 261              		@ link register save eliminated.
 262 0000 0023     		movs	r3, #0
 263 0002 8371     		strb	r3, [r0, #6]
 264 0004 C371     		strb	r3, [r0, #7]
 265 0006 0372     		strb	r3, [r0, #8]
 266 0008 4372     		strb	r3, [r0, #9]
 267 000a 8372     		strb	r3, [r0, #10]
 268 000c C372     		strb	r3, [r0, #11]
 269 000e 8370     		strb	r3, [r0, #2]
 270 0010 C370     		strb	r3, [r0, #3]
 271 0012 0323     		movs	r3, #3
 272 0014 0371     		strb	r3, [r0, #4]
 273 0016 0223     		movs	r3, #2
 274 0018 4371     		strb	r3, [r0, #5]
 275 001a 0123     		movs	r3, #1
 276 001c 0380     		strh	r3, [r0, #0]	@ movhi
 277 001e 7047     		bx	lr
 279              		.section	.text.CAN_SlaveStartBank,"ax",%progbits
 280              		.align	1
 281              		.global	CAN_SlaveStartBank
 282              		.thumb
 283              		.thumb_func
 285              	CAN_SlaveStartBank:
 286              		@ args = 0, pretend = 0, frame = 0
 287              		@ frame_needed = 0, uses_anonymous_args = 0
 288              		@ link register save eliminated.
 289 0000 0D4B     		ldr	r3, .L49
 290 0002 D3F80022 		ldr	r2, [r3, #512]
 291 0006 42F00102 		orr	r2, r2, #1
 292 000a C3F80022 		str	r2, [r3, #512]
 293 000e D3F80022 		ldr	r2, [r3, #512]
 294 0012 22F47C52 		bic	r2, r2, #16128
 295 0016 22F00E02 		bic	r2, r2, #14
 296 001a C3F80022 		str	r2, [r3, #512]
 297 001e D3F80022 		ldr	r2, [r3, #512]
 298 0022 42EA0020 		orr	r0, r2, r0, lsl #8
 299 0026 C3F80002 		str	r0, [r3, #512]
 300 002a D3F80022 		ldr	r2, [r3, #512]
 301 002e 22F00102 		bic	r2, r2, #1
 302 0032 C3F80022 		str	r2, [r3, #512]
 303 0036 7047     		bx	lr
 304              	.L50:
 305              		.align	2
 306              	.L49:
 307 0038 00640040 		.word	1073767424
 309              		.section	.text.CAN_ITConfig,"ax",%progbits
 310              		.align	1
 311              		.global	CAN_ITConfig
 312              		.thumb
 313              		.thumb_func
 315              	CAN_ITConfig:
 316              		@ args = 0, pretend = 0, frame = 0
 317              		@ frame_needed = 0, uses_anonymous_args = 0
 318              		@ link register save eliminated.
 319 0000 4369     		ldr	r3, [r0, #20]
 320 0002 0AB1     		cbz	r2, .L52
 321 0004 1943     		orrs	r1, r1, r3
 322 0006 01E0     		b	.L54
 323              	.L52:
 324 0008 23EA0101 		bic	r1, r3, r1
 325              	.L54:
 326 000c 4161     		str	r1, [r0, #20]
 327 000e 7047     		bx	lr
 329              		.section	.text.CAN_Transmit,"ax",%progbits
 330              		.align	1
 331              		.global	CAN_Transmit
 332              		.thumb
 333              		.thumb_func
 335              	CAN_Transmit:
 336              		@ args = 0, pretend = 0, frame = 0
 337              		@ frame_needed = 0, uses_anonymous_args = 0
 338 0000 8268     		ldr	r2, [r0, #8]
 339 0002 0346     		mov	r3, r0
 340 0004 5001     		lsls	r0, r2, #5
 341 0006 70B5     		push	{r4, r5, r6, lr}
 342 0008 46D4     		bmi	.L61
 343 000a 9A68     		ldr	r2, [r3, #8]
 344 000c 1201     		lsls	r2, r2, #4
 345 000e 45D4     		bmi	.L62
 346 0010 9A68     		ldr	r2, [r3, #8]
 347 0012 D000     		lsls	r0, r2, #3
 348 0014 44D4     		bmi	.L63
 349 0016 0420     		movs	r0, #4
 350 0018 70BD     		pop	{r4, r5, r6, pc}
 351              	.L59:
 352 001a 0C68     		ldr	r4, [r1, #0]
 353 001c 4E7A     		ldrb	r6, [r1, #9]	@ zero_extendqisi2
 354 001e 9D58     		ldr	r5, [r3, r2]
 355 0020 46EA4454 		orr	r4, r6, r4, lsl #21
 356 0024 2C43     		orrs	r4, r4, r5
 357 0026 06E0     		b	.L66
 358              	.L65:
 359 0028 4D68     		ldr	r5, [r1, #4]
 360 002a 9E58     		ldr	r6, [r3, r2]
 361 002c 44EAC504 		orr	r4, r4, r5, lsl #3
 362 0030 3443     		orrs	r4, r4, r6
 363 0032 4E7A     		ldrb	r6, [r1, #9]	@ zero_extendqisi2
 364 0034 3443     		orrs	r4, r4, r6
 365              	.L66:
 366 0036 9C50     		str	r4, [r3, r2]
 367 0038 8A7A     		ldrb	r2, [r1, #10]	@ zero_extendqisi2
 368 003a 00F11804 		add	r4, r0, #24
 369 003e 2401     		lsls	r4, r4, #4
 370 0040 02F00F02 		and	r2, r2, #15
 371 0044 8A72     		strb	r2, [r1, #10]
 372 0046 1A19     		adds	r2, r3, r4
 373 0048 5568     		ldr	r5, [r2, #4]
 374 004a 25F00F05 		bic	r5, r5, #15
 375 004e 5560     		str	r5, [r2, #4]
 376 0050 5568     		ldr	r5, [r2, #4]
 377 0052 8E7A     		ldrb	r6, [r1, #10]	@ zero_extendqisi2
 378 0054 3543     		orrs	r5, r5, r6
 379 0056 5560     		str	r5, [r2, #4]
 380 0058 4E7B     		ldrb	r6, [r1, #13]	@ zero_extendqisi2
 381 005a 8A7B     		ldrb	r2, [r1, #14]	@ zero_extendqisi2
 382 005c 3604     		lsls	r6, r6, #16
 383 005e 46EA0266 		orr	r6, r6, r2, lsl #24
 384 0062 CA7A     		ldrb	r2, [r1, #11]	@ zero_extendqisi2
 385 0064 1643     		orrs	r6, r6, r2
 386 0066 0A7B     		ldrb	r2, [r1, #12]	@ zero_extendqisi2
 387 0068 46EA0226 		orr	r6, r6, r2, lsl #8
 388 006c 03EB0012 		add	r2, r3, r0, lsl #4
 389 0070 C2F88861 		str	r6, [r2, #392]
 390 0074 02F5C475 		add	r5, r2, #392
 391 0078 4A7C     		ldrb	r2, [r1, #17]	@ zero_extendqisi2
 392 007a 8E7C     		ldrb	r6, [r1, #18]	@ zero_extendqisi2
 393 007c 1204     		lsls	r2, r2, #16
 394 007e 42EA0662 		orr	r2, r2, r6, lsl #24
 395 0082 CE7B     		ldrb	r6, [r1, #15]	@ zero_extendqisi2
 396 0084 097C     		ldrb	r1, [r1, #16]	@ zero_extendqisi2
 397 0086 3243     		orrs	r2, r2, r6
 398 0088 42EA0122 		orr	r2, r2, r1, lsl #8
 399 008c 6A60     		str	r2, [r5, #4]
 400 008e 1A59     		ldr	r2, [r3, r4]
 401 0090 42F00102 		orr	r2, r2, #1
 402 0094 1A51     		str	r2, [r3, r4]
 403 0096 70BD     		pop	{r4, r5, r6, pc}
 404              	.L61:
 405 0098 0020     		movs	r0, #0
 406 009a 02E0     		b	.L56
 407              	.L62:
 408 009c 0120     		movs	r0, #1
 409 009e 00E0     		b	.L56
 410              	.L63:
 411 00a0 0220     		movs	r0, #2
 412              	.L56:
 413 00a2 00F11802 		add	r2, r0, #24
 414 00a6 1201     		lsls	r2, r2, #4
 415 00a8 9C58     		ldr	r4, [r3, r2]
 416 00aa 04F00104 		and	r4, r4, #1
 417 00ae 9C50     		str	r4, [r3, r2]
 418 00b0 0C7A     		ldrb	r4, [r1, #8]	@ zero_extendqisi2
 419 00b2 002C     		cmp	r4, #0
 420 00b4 B1D0     		beq	.L59
 421 00b6 B7E7     		b	.L65
 423              		.section	.text.CAN_TransmitStatus,"ax",%progbits
 424              		.align	1
 425              		.global	CAN_TransmitStatus
 426              		.thumb
 427              		.thumb_func
 429              	CAN_TransmitStatus:
 430              		@ args = 0, pretend = 0, frame = 0
 431              		@ frame_needed = 0, uses_anonymous_args = 0
 432              		@ link register save eliminated.
 433 0000 0129     		cmp	r1, #1
 434 0002 0FD0     		beq	.L70
 435 0004 02D3     		bcc	.L69
 436 0006 0229     		cmp	r1, #2
 437 0008 29D1     		bne	.L75
 438 000a 18E0     		b	.L71
 439              	.L69:
 440 000c 8268     		ldr	r2, [r0, #8]
 441 000e 8368     		ldr	r3, [r0, #8]
 442 0010 02F00102 		and	r2, r2, #1
 443 0014 03F00203 		and	r3, r3, #2
 444 0018 43EA8203 		orr	r3, r3, r2, lsl #2
 445 001c 8268     		ldr	r2, [r0, #8]
 446 001e C2F38062 		ubfx	r2, r2, #26, #1
 447 0022 18E0     		b	.L77
 448              	.L70:
 449 0024 8368     		ldr	r3, [r0, #8]
 450 0026 8268     		ldr	r2, [r0, #8]
 451 0028 03F48073 		and	r3, r3, #256
 452 002c 02F40072 		and	r2, r2, #512
 453 0030 9B09     		lsrs	r3, r3, #6
 454 0032 43EA1223 		orr	r3, r3, r2, lsr #8
 455 0036 8268     		ldr	r2, [r0, #8]
 456 0038 C2F3C062 		ubfx	r2, r2, #27, #1
 457 003c 0BE0     		b	.L77
 458              	.L71:
 459 003e 8368     		ldr	r3, [r0, #8]
 460 0040 8268     		ldr	r2, [r0, #8]
 461 0042 03F48033 		and	r3, r3, #65536
 462 0046 02F40032 		and	r2, r2, #131072
 463 004a 9B0B     		lsrs	r3, r3, #14
 464 004c 43EA1243 		orr	r3, r3, r2, lsr #16
 465 0050 8268     		ldr	r2, [r0, #8]
 466 0052 C2F30072 		ubfx	r2, r2, #28, #1
 467              	.L77:
 468 0056 1343     		orrs	r3, r3, r2
 469              	.L72:
 470 0058 024A     		ldr	r2, .L78
 471 005a D05C     		ldrb	r0, [r2, r3]	@ zero_extendqisi2
 472 005c 7047     		bx	lr
 473              	.L75:
 474 005e 0023     		movs	r3, #0
 475 0060 FAE7     		b	.L72
 476              	.L79:
 477 0062 00BF     		.align	2
 478              	.L78:
 479 0064 00000000 		.word	.LANCHOR0
 481              		.section	.text.CAN_CancelTransmit,"ax",%progbits
 482              		.align	1
 483              		.global	CAN_CancelTransmit
 484              		.thumb
 485              		.thumb_func
 487              	CAN_CancelTransmit:
 488              		@ args = 0, pretend = 0, frame = 0
 489              		@ frame_needed = 0, uses_anonymous_args = 0
 490              		@ link register save eliminated.
 491 0000 0129     		cmp	r1, #1
 492 0002 07D0     		beq	.L83
 493 0004 02D3     		bcc	.L82
 494 0006 0229     		cmp	r1, #2
 495 0008 0CD1     		bne	.L80
 496 000a 07E0     		b	.L84
 497              	.L82:
 498 000c 8368     		ldr	r3, [r0, #8]
 499 000e 43F08003 		orr	r3, r3, #128
 500 0012 06E0     		b	.L85
 501              	.L83:
 502 0014 8368     		ldr	r3, [r0, #8]
 503 0016 43F40043 		orr	r3, r3, #32768
 504 001a 02E0     		b	.L85
 505              	.L84:
 506 001c 8368     		ldr	r3, [r0, #8]
 507 001e 43F40003 		orr	r3, r3, #8388608
 508              	.L85:
 509 0022 8360     		str	r3, [r0, #8]
 510              	.L80:
 511 0024 7047     		bx	lr
 513              		.section	.text.CAN_FIFORelease,"ax",%progbits
 514              		.align	1
 515              		.global	CAN_FIFORelease
 516              		.thumb
 517              		.thumb_func
 519              	CAN_FIFORelease:
 520              		@ args = 0, pretend = 0, frame = 0
 521              		@ frame_needed = 0, uses_anonymous_args = 0
 522              		@ link register save eliminated.
 523 0000 21B9     		cbnz	r1, .L87
 524 0002 C368     		ldr	r3, [r0, #12]
 525 0004 43F02003 		orr	r3, r3, #32
 526 0008 C360     		str	r3, [r0, #12]
 527 000a 7047     		bx	lr
 528              	.L87:
 529 000c 0369     		ldr	r3, [r0, #16]
 530 000e 43F02003 		orr	r3, r3, #32
 531 0012 0361     		str	r3, [r0, #16]
 532 0014 7047     		bx	lr
 534              		.section	.text.CAN_MessagePending,"ax",%progbits
 535              		.align	1
 536              		.global	CAN_MessagePending
 537              		.thumb
 538              		.thumb_func
 540              	CAN_MessagePending:
 541              		@ args = 0, pretend = 0, frame = 0
 542              		@ frame_needed = 0, uses_anonymous_args = 0
 543              		@ link register save eliminated.
 544 0000 09B9     		cbnz	r1, .L90
 545 0002 C068     		ldr	r0, [r0, #12]
 546 0004 02E0     		b	.L93
 547              	.L90:
 548 0006 0129     		cmp	r1, #1
 549 0008 03D1     		bne	.L92
 550 000a 0069     		ldr	r0, [r0, #16]
 551              	.L93:
 552 000c 00F00300 		and	r0, r0, #3
 553 0010 7047     		bx	lr
 554              	.L92:
 555 0012 0020     		movs	r0, #0
 556 0014 7047     		bx	lr
 558              		.section	.text.CAN_Receive,"ax",%progbits
 559              		.align	1
 560              		.global	CAN_Receive
 561              		.thumb
 562              		.thumb_func
 564              	CAN_Receive:
 565              		@ args = 0, pretend = 0, frame = 0
 566              		@ frame_needed = 0, uses_anonymous_args = 0
 567 0000 30B5     		push	{r4, r5, lr}
 568 0002 01F11B04 		add	r4, r1, #27
 569 0006 2301     		lsls	r3, r4, #4
 570 0008 C558     		ldr	r5, [r0, r3]
 571 000a 05F00405 		and	r5, r5, #4
 572 000e EDB2     		uxtb	r5, r5
 573 0010 1572     		strb	r5, [r2, #8]
 574 0012 C358     		ldr	r3, [r0, r3]
 575 0014 15B9     		cbnz	r5, .L95
 576 0016 5B0D     		lsrs	r3, r3, #21
 577 0018 1360     		str	r3, [r2, #0]
 578 001a 01E0     		b	.L96
 579              	.L95:
 580 001c DB08     		lsrs	r3, r3, #3
 581 001e 5360     		str	r3, [r2, #4]
 582              	.L96:
 583 0020 2401     		lsls	r4, r4, #4
 584 0022 0319     		adds	r3, r0, r4
 585 0024 0459     		ldr	r4, [r0, r4]
 586 0026 04F00204 		and	r4, r4, #2
 587 002a 5472     		strb	r4, [r2, #9]
 588 002c 5C68     		ldr	r4, [r3, #4]
 589 002e 04F00F04 		and	r4, r4, #15
 590 0032 9472     		strb	r4, [r2, #10]
 591 0034 5B68     		ldr	r3, [r3, #4]
 592 0036 1B0A     		lsrs	r3, r3, #8
 593 0038 D374     		strb	r3, [r2, #19]
 594 003a 00EB0113 		add	r3, r0, r1, lsl #4
 595 003e D3F8B851 		ldr	r5, [r3, #440]
 596 0042 03F5DC74 		add	r4, r3, #440
 597 0046 D572     		strb	r5, [r2, #11]
 598 0048 D3F8B851 		ldr	r5, [r3, #440]
 599 004c 2D0A     		lsrs	r5, r5, #8
 600 004e 1573     		strb	r5, [r2, #12]
 601 0050 D3F8B851 		ldr	r5, [r3, #440]
 602 0054 2D0C     		lsrs	r5, r5, #16
 603 0056 5573     		strb	r5, [r2, #13]
 604 0058 D3F8B831 		ldr	r3, [r3, #440]
 605 005c 1B0E     		lsrs	r3, r3, #24
 606 005e 9373     		strb	r3, [r2, #14]
 607 0060 6368     		ldr	r3, [r4, #4]
 608 0062 D373     		strb	r3, [r2, #15]
 609 0064 6368     		ldr	r3, [r4, #4]
 610 0066 1B0A     		lsrs	r3, r3, #8
 611 0068 1374     		strb	r3, [r2, #16]
 612 006a 6368     		ldr	r3, [r4, #4]
 613 006c 1B0C     		lsrs	r3, r3, #16
 614 006e 5374     		strb	r3, [r2, #17]
 615 0070 6368     		ldr	r3, [r4, #4]
 616 0072 1B0E     		lsrs	r3, r3, #24
 617 0074 9374     		strb	r3, [r2, #18]
 618 0076 BDE83040 		pop	{r4, r5, lr}
 619 007a FFF7FEBF 		b	CAN_FIFORelease
 621              		.section	.text.CAN_DBGFreeze,"ax",%progbits
 622              		.align	1
 623              		.global	CAN_DBGFreeze
 624              		.thumb
 625              		.thumb_func
 627              	CAN_DBGFreeze:
 628              		@ args = 0, pretend = 0, frame = 0
 629              		@ frame_needed = 0, uses_anonymous_args = 0
 630              		@ link register save eliminated.
 631 0000 0368     		ldr	r3, [r0, #0]
 632 0002 11B1     		cbz	r1, .L98
 633 0004 43F48033 		orr	r3, r3, #65536
 634 0008 01E0     		b	.L100
 635              	.L98:
 636 000a 23F48033 		bic	r3, r3, #65536
 637              	.L100:
 638 000e 0360     		str	r3, [r0, #0]
 639 0010 7047     		bx	lr
 641              		.section	.text.CAN_Sleep,"ax",%progbits
 642              		.align	1
 643              		.global	CAN_Sleep
 644              		.thumb
 645              		.thumb_func
 647              	CAN_Sleep:
 648              		@ args = 0, pretend = 0, frame = 0
 649              		@ frame_needed = 0, uses_anonymous_args = 0
 650              		@ link register save eliminated.
 651 0000 0368     		ldr	r3, [r0, #0]
 652 0002 23F00303 		bic	r3, r3, #3
 653 0006 43F00203 		orr	r3, r3, #2
 654 000a 0360     		str	r3, [r0, #0]
 655 000c 4068     		ldr	r0, [r0, #4]
 656 000e 00F00300 		and	r0, r0, #3
 657 0012 B0F1020C 		subs	ip, r0, #2
 658 0016 DCF10000 		rsbs	r0, ip, #0
 659 001a 50EB0C00 		adcs	r0, r0, ip
 660 001e 7047     		bx	lr
 662              		.section	.text.CAN_WakeUp,"ax",%progbits
 663              		.align	1
 664              		.global	CAN_WakeUp
 665              		.thumb
 666              		.thumb_func
 668              	CAN_WakeUp:
 669              		@ args = 0, pretend = 0, frame = 0
 670              		@ frame_needed = 0, uses_anonymous_args = 0
 671              		@ link register save eliminated.
 672 0000 0368     		ldr	r3, [r0, #0]
 673 0002 23F00203 		bic	r3, r3, #2
 674 0006 0360     		str	r3, [r0, #0]
 675 0008 4FF48033 		mov	r3, #65536
 676              	.L104:
 677 000c 4268     		ldr	r2, [r0, #4]
 678 000e 9207     		lsls	r2, r2, #30
 679 0010 01D5     		bpl	.L103
 680 0012 013B     		subs	r3, r3, #1
 681 0014 FAD1     		bne	.L104
 682              	.L103:
 683 0016 4068     		ldr	r0, [r0, #4]
 684 0018 80F00200 		eor	r0, r0, #2
 685 001c C0F34000 		ubfx	r0, r0, #1, #1
 686 0020 7047     		bx	lr
 688              		.section	.text.CAN_GetFlagStatus,"ax",%progbits
 689              		.align	1
 690              		.global	CAN_GetFlagStatus
 691              		.thumb
 692              		.thumb_func
 694              	CAN_GetFlagStatus:
 695              		@ args = 0, pretend = 0, frame = 0
 696              		@ frame_needed = 0, uses_anonymous_args = 0
 697              		@ link register save eliminated.
 698 0000 11F4700F 		tst	r1, #15728640
 699 0004 01D0     		beq	.L110
 700 0006 8369     		ldr	r3, [r0, #24]
 701 0008 0BE0     		b	.L115
 702              	.L110:
 703 000a CB01     		lsls	r3, r1, #7
 704 000c 01D5     		bpl	.L112
 705 000e 4368     		ldr	r3, [r0, #4]
 706 0010 07E0     		b	.L115
 707              	.L112:
 708 0012 0A01     		lsls	r2, r1, #4
 709 0014 01D5     		bpl	.L113
 710 0016 8368     		ldr	r3, [r0, #8]
 711 0018 03E0     		b	.L115
 712              	.L113:
 713 001a 8B01     		lsls	r3, r1, #6
 714 001c 4CBF     		ite	mi
 715 001e C368     		ldrmi	r3, [r0, #12]
 716 0020 0369     		ldrpl	r3, [r0, #16]
 717              	.L115:
 718 0022 23F07F43 		bic	r3, r3, #-16777216
 719 0026 23F47003 		bic	r3, r3, #15728640
 720 002a 0B42     		tst	r3, r1
 721 002c 0CBF     		ite	eq
 722 002e 0020     		moveq	r0, #0
 723 0030 0120     		movne	r0, #1
 724 0032 7047     		bx	lr
 726              		.section	.text.CAN_ClearFlag,"ax",%progbits
 727              		.align	1
 728              		.global	CAN_ClearFlag
 729              		.thumb
 730              		.thumb_func
 732              	CAN_ClearFlag:
 733              		@ args = 0, pretend = 0, frame = 0
 734              		@ frame_needed = 0, uses_anonymous_args = 0
 735              		@ link register save eliminated.
 736 0000 0B4B     		ldr	r3, .L122
 737 0002 9942     		cmp	r1, r3
 738 0004 02D1     		bne	.L117
 739 0006 0023     		movs	r3, #0
 740 0008 8361     		str	r3, [r0, #24]
 741 000a 7047     		bx	lr
 742              	.L117:
 743 000c 21F07F43 		bic	r3, r1, #-16777216
 744 0010 8A01     		lsls	r2, r1, #6
 745 0012 23F47003 		bic	r3, r3, #15728640
 746 0016 01D5     		bpl	.L119
 747 0018 C360     		str	r3, [r0, #12]
 748 001a 7047     		bx	lr
 749              	.L119:
 750 001c 4A01     		lsls	r2, r1, #5
 751 001e 01D5     		bpl	.L120
 752 0020 0361     		str	r3, [r0, #16]
 753 0022 7047     		bx	lr
 754              	.L120:
 755 0024 0A01     		lsls	r2, r1, #4
 756 0026 4CBF     		ite	mi
 757 0028 8360     		strmi	r3, [r0, #8]
 758 002a 4360     		strpl	r3, [r0, #4]
 759 002c 7047     		bx	lr
 760              	.L123:
 761 002e 00BF     		.align	2
 762              	.L122:
 763 0030 7000F030 		.word	821035120
 765              		.section	.text.CAN_GetITStatus,"ax",%progbits
 766              		.align	1
 767              		.global	CAN_GetITStatus
 768              		.thumb
 769              		.thumb_func
 771              	CAN_GetITStatus:
 772              		@ args = 0, pretend = 0, frame = 0
 773              		@ frame_needed = 0, uses_anonymous_args = 0
 774              		@ link register save eliminated.
 775 0000 4369     		ldr	r3, [r0, #20]
 776 0002 0B40     		ands	r3, r1, r3
 777 0004 67D0     		beq	.L143
 778 0006 4029     		cmp	r1, #64
 779 0008 40D0     		beq	.L132
 780 000a 0ED8     		bhi	.L140
 781 000c 0429     		cmp	r1, #4
 782 000e 2FD0     		beq	.L128
 783 0010 04D8     		bhi	.L141
 784 0012 0129     		cmp	r1, #1
 785 0014 21D0     		beq	.L126
 786 0016 0229     		cmp	r1, #2
 787 0018 5FD1     		bne	.L144
 788 001a 27E0     		b	.L127
 789              	.L141:
 790 001c 1029     		cmp	r1, #16
 791 001e 2BD0     		beq	.L130
 792 0020 2029     		cmp	r1, #32
 793 0022 2FD0     		beq	.L131
 794 0024 0829     		cmp	r1, #8
 795 0026 58D1     		bne	.L144
 796 0028 24E0     		b	.L129
 797              	.L140:
 798 002a B1F5006F 		cmp	r1, #2048
 799 002e 41D0     		beq	.L136
 800 0030 09D8     		bhi	.L142
 801 0032 B1F5007F 		cmp	r1, #512
 802 0036 35D0     		beq	.L134
 803 0038 B1F5806F 		cmp	r1, #1024
 804 003c 36D0     		beq	.L135
 805 003e B1F5807F 		cmp	r1, #256
 806 0042 4AD1     		bne	.L144
 807 0044 2AE0     		b	.L133
 808              	.L142:
 809 0046 B1F5803F 		cmp	r1, #65536
 810 004a 21D0     		beq	.L138
 811 004c B1F5003F 		cmp	r1, #131072
 812 0050 20D0     		beq	.L139
 813 0052 B1F5004F 		cmp	r1, #32768
 814 0056 40D1     		bne	.L144
 815 0058 33E0     		b	.L137
 816              	.L126:
 817 005a 8068     		ldr	r0, [r0, #8]
 818 005c 00F00130 		and	r0, r0, #16843009
 819 0060 20F08070 		bic	r0, r0, #16777216
 820 0064 0030     		adds	r0, r0, #0
 821 0066 18BF     		it	ne
 822 0068 0120     		movne	r0, #1
 823 006a 7047     		bx	lr
 824              	.L127:
 825 006c C068     		ldr	r0, [r0, #12]
 826 006e 04E0     		b	.L145
 827              	.L128:
 828 0070 C068     		ldr	r0, [r0, #12]
 829 0072 08E0     		b	.L146
 830              	.L129:
 831 0074 C068     		ldr	r0, [r0, #12]
 832 0076 0EE0     		b	.L147
 833              	.L130:
 834 0078 0069     		ldr	r0, [r0, #16]
 835              	.L145:
 836 007a 10F00300 		ands	r0, r0, #3
 837 007e 18BF     		it	ne
 838 0080 0120     		movne	r0, #1
 839 0082 7047     		bx	lr
 840              	.L131:
 841 0084 0069     		ldr	r0, [r0, #16]
 842              	.L146:
 843 0086 C0F3C000 		ubfx	r0, r0, #3, #1
 844 008a 7047     		bx	lr
 845              	.L132:
 846 008c 0069     		ldr	r0, [r0, #16]
 847 008e 02E0     		b	.L147
 848              	.L138:
 849 0090 4068     		ldr	r0, [r0, #4]
 850 0092 F8E7     		b	.L146
 851              	.L139:
 852 0094 4068     		ldr	r0, [r0, #4]
 853              	.L147:
 854 0096 C0F30010 		ubfx	r0, r0, #4, #1
 855 009a 7047     		bx	lr
 856              	.L133:
 857 009c 8069     		ldr	r0, [r0, #24]
 858 009e 00F00100 		and	r0, r0, #1
 859 00a2 7047     		bx	lr
 860              	.L134:
 861 00a4 8069     		ldr	r0, [r0, #24]
 862 00a6 C0F34000 		ubfx	r0, r0, #1, #1
 863 00aa 7047     		bx	lr
 864              	.L135:
 865 00ac 8069     		ldr	r0, [r0, #24]
 866 00ae C0F38000 		ubfx	r0, r0, #2, #1
 867 00b2 7047     		bx	lr
 868              	.L136:
 869 00b4 8369     		ldr	r3, [r0, #24]
 870 00b6 13F0700F 		tst	r3, #112
 871 00ba 0CBF     		ite	eq
 872 00bc 0020     		moveq	r0, #0
 873 00be 0120     		movne	r0, #1
 874 00c0 7047     		bx	lr
 875              	.L137:
 876 00c2 8369     		ldr	r3, [r0, #24]
 877 00c4 4068     		ldr	r0, [r0, #4]
 878 00c6 13F0770F 		tst	r3, #119
 879 00ca C0F38000 		ubfx	r0, r0, #2, #1
 880 00ce 18BF     		it	ne
 881 00d0 40F00100 		orrne	r0, r0, #1
 882 00d4 7047     		bx	lr
 883              	.L143:
 884 00d6 1846     		mov	r0, r3
 885 00d8 7047     		bx	lr
 886              	.L144:
 887 00da 0020     		movs	r0, #0
 888 00dc 7047     		bx	lr
 890              		.section	.text.CAN_ClearITPendingBit,"ax",%progbits
 891              		.align	1
 892              		.global	CAN_ClearITPendingBit
 893              		.thumb
 894              		.thumb_func
 896              	CAN_ClearITPendingBit:
 897              		@ args = 0, pretend = 0, frame = 0
 898              		@ frame_needed = 0, uses_anonymous_args = 0
 899              		@ link register save eliminated.
 900 0000 B1F5807F 		cmp	r1, #256
 901 0004 35D0     		beq	.L165
 902 0006 0CD8     		bhi	.L162
 903 0008 0829     		cmp	r1, #8
 904 000a 24D0     		beq	.L152
 905 000c 04D8     		bhi	.L163
 906 000e 0129     		cmp	r1, #1
 907 0010 1CD0     		beq	.L150
 908 0012 0429     		cmp	r1, #4
 909 0014 2FD1     		bne	.L148
 910 0016 1CE0     		b	.L151
 911              	.L163:
 912 0018 2029     		cmp	r1, #32
 913 001a 1FD0     		beq	.L153
 914 001c 4029     		cmp	r1, #64
 915 001e 2AD1     		bne	.L148
 916 0020 1EE0     		b	.L154
 917              	.L162:
 918 0022 B1F5006F 		cmp	r1, #2048
 919 0026 22D0     		beq	.L159
 920 0028 06D8     		bhi	.L164
 921 002a B1F5007F 		cmp	r1, #512
 922 002e 20D0     		beq	.L165
 923 0030 B1F5806F 		cmp	r1, #1024
 924 0034 1FD1     		bne	.L148
 925 0036 1CE0     		b	.L165
 926              	.L164:
 927 0038 B1F5803F 		cmp	r1, #65536
 928 003c 13D0     		beq	.L160
 929 003e B1F5003F 		cmp	r1, #131072
 930 0042 12D0     		beq	.L161
 931 0044 B1F5004F 		cmp	r1, #32768
 932 0048 15D1     		bne	.L148
 933 004a 10E0     		b	.L159
 934              	.L150:
 935 004c 0A4B     		ldr	r3, .L169
 936 004e 8360     		str	r3, [r0, #8]
 937 0050 7047     		bx	lr
 938              	.L151:
 939 0052 0823     		movs	r3, #8
 940 0054 00E0     		b	.L167
 941              	.L152:
 942 0056 1023     		movs	r3, #16
 943              	.L167:
 944 0058 C360     		str	r3, [r0, #12]
 945 005a 7047     		bx	lr
 946              	.L153:
 947 005c 0823     		movs	r3, #8
 948 005e 00E0     		b	.L168
 949              	.L154:
 950 0060 1023     		movs	r3, #16
 951              	.L168:
 952 0062 0361     		str	r3, [r0, #16]
 953 0064 7047     		bx	lr
 954              	.L160:
 955 0066 0823     		movs	r3, #8
 956 0068 04E0     		b	.L166
 957              	.L161:
 958 006a 1023     		movs	r3, #16
 959 006c 02E0     		b	.L166
 960              	.L159:
 961 006e 0023     		movs	r3, #0
 962 0070 8361     		str	r3, [r0, #24]
 963              	.L165:
 964 0072 0423     		movs	r3, #4
 965              	.L166:
 966 0074 4360     		str	r3, [r0, #4]
 967              	.L148:
 968 0076 7047     		bx	lr
 969              	.L170:
 970              		.align	2
 971              	.L169:
 972 0078 01010100 		.word	65793
 974              		.section	.rodata.CSWTCH.11,"a",%progbits
 975              		.set	.LANCHOR0,. + 0
 978              	CSWTCH.11:
 979 0000 02       		.byte	2
 980 0001 00       		.byte	0
 981 0002 00       		.byte	0
 982 0003 00       		.byte	0
 983 0004 00       		.byte	0
 984 0005 00       		.byte	0
 985 0006 00       		.byte	0
 986 0007 01       		.byte	1
 987              		.ident	"GCC: (Sourcery CodeBench Lite 2012.09-63) 4.7.2"
DEFINED SYMBOLS
                            *ABS*:00000000 stm32f10x_can.c
C:\Users\THANGN~1\AppData\Local\Temp\ccRIQVBn.s:16     .text.CAN_DeInit:00000000 $t
C:\Users\THANGN~1\AppData\Local\Temp\ccRIQVBn.s:21     .text.CAN_DeInit:00000000 CAN_DeInit
C:\Users\THANGN~1\AppData\Local\Temp\ccRIQVBn.s:45     .text.CAN_DeInit:00000030 $d
C:\Users\THANGN~1\AppData\Local\Temp\ccRIQVBn.s:48     .text.CAN_Init:00000000 $t
C:\Users\THANGN~1\AppData\Local\Temp\ccRIQVBn.s:53     .text.CAN_Init:00000000 CAN_Init
C:\Users\THANGN~1\AppData\Local\Temp\ccRIQVBn.s:148    .text.CAN_FilterInit:00000000 $t
C:\Users\THANGN~1\AppData\Local\Temp\ccRIQVBn.s:153    .text.CAN_FilterInit:00000000 CAN_FilterInit
C:\Users\THANGN~1\AppData\Local\Temp\ccRIQVBn.s:249    .text.CAN_FilterInit:000000e0 $d
C:\Users\THANGN~1\AppData\Local\Temp\ccRIQVBn.s:253    .text.CAN_StructInit:00000000 $t
C:\Users\THANGN~1\AppData\Local\Temp\ccRIQVBn.s:258    .text.CAN_StructInit:00000000 CAN_StructInit
C:\Users\THANGN~1\AppData\Local\Temp\ccRIQVBn.s:280    .text.CAN_SlaveStartBank:00000000 $t
C:\Users\THANGN~1\AppData\Local\Temp\ccRIQVBn.s:285    .text.CAN_SlaveStartBank:00000000 CAN_SlaveStartBank
C:\Users\THANGN~1\AppData\Local\Temp\ccRIQVBn.s:307    .text.CAN_SlaveStartBank:00000038 $d
C:\Users\THANGN~1\AppData\Local\Temp\ccRIQVBn.s:310    .text.CAN_ITConfig:00000000 $t
C:\Users\THANGN~1\AppData\Local\Temp\ccRIQVBn.s:315    .text.CAN_ITConfig:00000000 CAN_ITConfig
C:\Users\THANGN~1\AppData\Local\Temp\ccRIQVBn.s:330    .text.CAN_Transmit:00000000 $t
C:\Users\THANGN~1\AppData\Local\Temp\ccRIQVBn.s:335    .text.CAN_Transmit:00000000 CAN_Transmit
C:\Users\THANGN~1\AppData\Local\Temp\ccRIQVBn.s:424    .text.CAN_TransmitStatus:00000000 $t
C:\Users\THANGN~1\AppData\Local\Temp\ccRIQVBn.s:429    .text.CAN_TransmitStatus:00000000 CAN_TransmitStatus
C:\Users\THANGN~1\AppData\Local\Temp\ccRIQVBn.s:479    .text.CAN_TransmitStatus:00000064 $d
C:\Users\THANGN~1\AppData\Local\Temp\ccRIQVBn.s:482    .text.CAN_CancelTransmit:00000000 $t
C:\Users\THANGN~1\AppData\Local\Temp\ccRIQVBn.s:487    .text.CAN_CancelTransmit:00000000 CAN_CancelTransmit
C:\Users\THANGN~1\AppData\Local\Temp\ccRIQVBn.s:514    .text.CAN_FIFORelease:00000000 $t
C:\Users\THANGN~1\AppData\Local\Temp\ccRIQVBn.s:519    .text.CAN_FIFORelease:00000000 CAN_FIFORelease
C:\Users\THANGN~1\AppData\Local\Temp\ccRIQVBn.s:535    .text.CAN_MessagePending:00000000 $t
C:\Users\THANGN~1\AppData\Local\Temp\ccRIQVBn.s:540    .text.CAN_MessagePending:00000000 CAN_MessagePending
C:\Users\THANGN~1\AppData\Local\Temp\ccRIQVBn.s:559    .text.CAN_Receive:00000000 $t
C:\Users\THANGN~1\AppData\Local\Temp\ccRIQVBn.s:564    .text.CAN_Receive:00000000 CAN_Receive
C:\Users\THANGN~1\AppData\Local\Temp\ccRIQVBn.s:622    .text.CAN_DBGFreeze:00000000 $t
C:\Users\THANGN~1\AppData\Local\Temp\ccRIQVBn.s:627    .text.CAN_DBGFreeze:00000000 CAN_DBGFreeze
C:\Users\THANGN~1\AppData\Local\Temp\ccRIQVBn.s:642    .text.CAN_Sleep:00000000 $t
C:\Users\THANGN~1\AppData\Local\Temp\ccRIQVBn.s:647    .text.CAN_Sleep:00000000 CAN_Sleep
C:\Users\THANGN~1\AppData\Local\Temp\ccRIQVBn.s:663    .text.CAN_WakeUp:00000000 $t
C:\Users\THANGN~1\AppData\Local\Temp\ccRIQVBn.s:668    .text.CAN_WakeUp:00000000 CAN_WakeUp
C:\Users\THANGN~1\AppData\Local\Temp\ccRIQVBn.s:689    .text.CAN_GetFlagStatus:00000000 $t
C:\Users\THANGN~1\AppData\Local\Temp\ccRIQVBn.s:694    .text.CAN_GetFlagStatus:00000000 CAN_GetFlagStatus
C:\Users\THANGN~1\AppData\Local\Temp\ccRIQVBn.s:727    .text.CAN_ClearFlag:00000000 $t
C:\Users\THANGN~1\AppData\Local\Temp\ccRIQVBn.s:732    .text.CAN_ClearFlag:00000000 CAN_ClearFlag
C:\Users\THANGN~1\AppData\Local\Temp\ccRIQVBn.s:763    .text.CAN_ClearFlag:00000030 $d
C:\Users\THANGN~1\AppData\Local\Temp\ccRIQVBn.s:766    .text.CAN_GetITStatus:00000000 $t
C:\Users\THANGN~1\AppData\Local\Temp\ccRIQVBn.s:771    .text.CAN_GetITStatus:00000000 CAN_GetITStatus
C:\Users\THANGN~1\AppData\Local\Temp\ccRIQVBn.s:891    .text.CAN_ClearITPendingBit:00000000 $t
C:\Users\THANGN~1\AppData\Local\Temp\ccRIQVBn.s:896    .text.CAN_ClearITPendingBit:00000000 CAN_ClearITPendingBit
C:\Users\THANGN~1\AppData\Local\Temp\ccRIQVBn.s:972    .text.CAN_ClearITPendingBit:00000078 $d
C:\Users\THANGN~1\AppData\Local\Temp\ccRIQVBn.s:978    .rodata.CSWTCH.11:00000000 CSWTCH.11

UNDEFINED SYMBOLS
RCC_APB1PeriphResetCmd
