   1              		.syntax unified
   2              		.cpu cortex-m3
   3              		.fpu softvfp
   4              		.eabi_attribute 20, 1
   5              		.eabi_attribute 21, 1
   6              		.eabi_attribute 23, 3
   7              		.eabi_attribute 24, 1
   8              		.eabi_attribute 25, 1
   9              		.eabi_attribute 26, 1
  10              		.eabi_attribute 30, 6
  11              		.eabi_attribute 34, 1
  12              		.eabi_attribute 18, 4
  13              		.thumb
  14              		.file	"command.c"
  15              		.text
  16              	.Ltext0:
  17              		.cfi_sections	.debug_frame
  18              		.bss
  19              		.align	2
  20              	response:
  21 0000 00000000 		.space	4
  22              		.global	HexChar
  23              		.section	.rodata
  24              		.align	2
  27              	HexChar:
  28 0000 30313233 		.ascii	"0123456789ABCDEF"
  28      34353637 
  28      38394142 
  28      43444546 
  29              		.text
  30              		.align	2
  31              		.global	CharToHex
  32              		.thumb
  33              		.thumb_func
  35              	CharToHex:
  36              	.LFB0:
  37              		.file 1 "../src/command.c"
   1:../src/command.c **** /*
   2:../src/command.c ****  * report.c
   3:../src/command.c ****  *
   4:../src/command.c ****  *  Created on: Aug 29, 2012
   5:../src/command.c ****  *      Author: Admin
   6:../src/command.c ****  */
   7:../src/command.c **** /* Includes ------------------------------------------------------------------*/
   8:../src/command.c **** #include <stdio.h>
   9:../src/command.c **** #include <stdlib.h>
  10:../src/command.c **** #include "command.h"
  11:../src/command.c **** #include <string.h>
  12:../src/command.c **** #include "xprintf.h"
  13:../src/command.c **** #include "HC05.h"
  14:../src/command.c **** /* Private typedef -----------------------------------------------------------*/
  15:../src/command.c **** typedef int (*SKS_CMD_HANDLER)(int from, char* command, int argc, char** argv,
  16:../src/command.c **** 		int size, int total);
  17:../src/command.c **** typedef struct _SKS_HANDLER {
  18:../src/command.c **** 	char* cmd;
  19:../src/command.c **** 	SKS_CMD_HANDLER handler;
  20:../src/command.c **** 	unsigned short dis_mask; //Disable handle from source mask
  21:../src/command.c **** 	unsigned short dis_pass; //This command can execute without pass
  22:../src/command.c **** } SKS_HANDLER;
  23:../src/command.c **** /* Private variables ---------------------------------------------------------*/
  24:../src/command.c **** static int response = 0;
  25:../src/command.c **** const char HexChar[16] = "0123456789ABCDEF";
  26:../src/command.c **** /* Private function prototypes -----------------------------------------------*/
  27:../src/command.c **** void CharToHex(const char *str1, char *str2, int len) {
  38              		.loc 1 27 0
  39              		.cfi_startproc
  40              		@ args = 0, pretend = 0, frame = 280
  41              		@ frame_needed = 1, uses_anonymous_args = 0
  42 0000 80B5     		push	{r7, lr}
  43              	.LCFI0:
  44              		.cfi_def_cfa_offset 8
  45              		.cfi_offset 7, -8
  46              		.cfi_offset 14, -4
  47 0002 C6B0     		sub	sp, sp, #280
  48              	.LCFI1:
  49              		.cfi_def_cfa_offset 288
  50 0004 00AF     		add	r7, sp, #0
  51              	.LCFI2:
  52              		.cfi_def_cfa_register 7
  53 0006 07F10C03 		add	r3, r7, #12
  54 000a 1860     		str	r0, [r3, #0]
  55 000c 07F10803 		add	r3, r7, #8
  56 0010 1960     		str	r1, [r3, #0]
  57 0012 07F10403 		add	r3, r7, #4
  58 0016 1A60     		str	r2, [r3, #0]
  28:../src/command.c **** 	char temp_buff[256] = { 0 };
  59              		.loc 1 28 0
  60 0018 07F11403 		add	r3, r7, #20
  61 001c 1A46     		mov	r2, r3
  62 001e 4FF48073 		mov	r3, #256
  63 0022 1046     		mov	r0, r2
  64 0024 4FF00001 		mov	r1, #0
  65 0028 1A46     		mov	r2, r3
  66 002a FFF7FEFF 		bl	memset
  67              	.LBB2:
  29:../src/command.c **** 	for (int i = 0; i < len / 2; i++) {
  68              		.loc 1 29 0
  69 002e 4FF00003 		mov	r3, #0
  70 0032 C7F81431 		str	r3, [r7, #276]
  71 0036 81E0     		b	.L2
  72              	.L7:
  30:../src/command.c **** 		if (str1[i * 2] > 57) {
  73              		.loc 1 30 0
  74 0038 D7F81431 		ldr	r3, [r7, #276]
  75 003c 4FEA4303 		lsl	r3, r3, #1
  76 0040 07F10C02 		add	r2, r7, #12
  77 0044 1268     		ldr	r2, [r2, #0]
  78 0046 D318     		adds	r3, r2, r3
  79 0048 1B78     		ldrb	r3, [r3, #0]	@ zero_extendqisi2
  80 004a 392B     		cmp	r3, #57
  81 004c 15D9     		bls	.L3
  31:../src/command.c **** 			temp_buff[i] = (str1[i * 2] - 55) << 4;
  82              		.loc 1 31 0
  83 004e D7F81431 		ldr	r3, [r7, #276]
  84 0052 4FEA4303 		lsl	r3, r3, #1
  85 0056 07F10C02 		add	r2, r7, #12
  86 005a 1268     		ldr	r2, [r2, #0]
  87 005c D318     		adds	r3, r2, r3
  88 005e 1B78     		ldrb	r3, [r3, #0]	@ zero_extendqisi2
  89 0060 A3F13703 		sub	r3, r3, #55
  90 0064 DBB2     		uxtb	r3, r3
  91 0066 4FEA0313 		lsl	r3, r3, #4
  92 006a DAB2     		uxtb	r2, r3
  93 006c 07F11401 		add	r1, r7, #20
  94 0070 D7F81431 		ldr	r3, [r7, #276]
  95 0074 CB18     		adds	r3, r1, r3
  96 0076 1A70     		strb	r2, [r3, #0]
  97 0078 14E0     		b	.L4
  98              	.L3:
  32:../src/command.c **** 		} else {
  33:../src/command.c **** 			temp_buff[i] = (str1[i * 2] - 48) << 4;
  99              		.loc 1 33 0
 100 007a D7F81431 		ldr	r3, [r7, #276]
 101 007e 4FEA4303 		lsl	r3, r3, #1
 102 0082 07F10C02 		add	r2, r7, #12
 103 0086 1268     		ldr	r2, [r2, #0]
 104 0088 D318     		adds	r3, r2, r3
 105 008a 1B78     		ldrb	r3, [r3, #0]	@ zero_extendqisi2
 106 008c A3F13003 		sub	r3, r3, #48
 107 0090 DBB2     		uxtb	r3, r3
 108 0092 4FEA0313 		lsl	r3, r3, #4
 109 0096 DAB2     		uxtb	r2, r3
 110 0098 07F11401 		add	r1, r7, #20
 111 009c D7F81431 		ldr	r3, [r7, #276]
 112 00a0 CB18     		adds	r3, r1, r3
 113 00a2 1A70     		strb	r2, [r3, #0]
 114              	.L4:
  34:../src/command.c **** 		}
  35:../src/command.c **** 		if (str1[i * 2 + 1] > 57) {
 115              		.loc 1 35 0
 116 00a4 D7F81431 		ldr	r3, [r7, #276]
 117 00a8 4FEA4303 		lsl	r3, r3, #1
 118 00ac 03F10103 		add	r3, r3, #1
 119 00b0 07F10C02 		add	r2, r7, #12
 120 00b4 1268     		ldr	r2, [r2, #0]
 121 00b6 D318     		adds	r3, r2, r3
 122 00b8 1B78     		ldrb	r3, [r3, #0]	@ zero_extendqisi2
 123 00ba 392B     		cmp	r3, #57
 124 00bc 1CD9     		bls	.L5
  36:../src/command.c **** 			temp_buff[i] += (str1[i * 2 + 1] - 55);
 125              		.loc 1 36 0
 126 00be 07F11402 		add	r2, r7, #20
 127 00c2 D7F81431 		ldr	r3, [r7, #276]
 128 00c6 D318     		adds	r3, r2, r3
 129 00c8 1A78     		ldrb	r2, [r3, #0]	@ zero_extendqisi2
 130 00ca D7F81431 		ldr	r3, [r7, #276]
 131 00ce 4FEA4303 		lsl	r3, r3, #1
 132 00d2 03F10103 		add	r3, r3, #1
 133 00d6 07F10C01 		add	r1, r7, #12
 134 00da 0968     		ldr	r1, [r1, #0]
 135 00dc CB18     		adds	r3, r1, r3
 136 00de 1B78     		ldrb	r3, [r3, #0]	@ zero_extendqisi2
 137 00e0 D318     		adds	r3, r2, r3
 138 00e2 DBB2     		uxtb	r3, r3
 139 00e4 A3F13703 		sub	r3, r3, #55
 140 00e8 DAB2     		uxtb	r2, r3
 141 00ea 07F11401 		add	r1, r7, #20
 142 00ee D7F81431 		ldr	r3, [r7, #276]
 143 00f2 CB18     		adds	r3, r1, r3
 144 00f4 1A70     		strb	r2, [r3, #0]
 145 00f6 1BE0     		b	.L6
 146              	.L5:
  37:../src/command.c **** 		} else {
  38:../src/command.c **** 			temp_buff[i] += (str1[i * 2 + 1] - 48);
 147              		.loc 1 38 0
 148 00f8 07F11402 		add	r2, r7, #20
 149 00fc D7F81431 		ldr	r3, [r7, #276]
 150 0100 D318     		adds	r3, r2, r3
 151 0102 1A78     		ldrb	r2, [r3, #0]	@ zero_extendqisi2
 152 0104 D7F81431 		ldr	r3, [r7, #276]
 153 0108 4FEA4303 		lsl	r3, r3, #1
 154 010c 03F10103 		add	r3, r3, #1
 155 0110 07F10C01 		add	r1, r7, #12
 156 0114 0968     		ldr	r1, [r1, #0]
 157 0116 CB18     		adds	r3, r1, r3
 158 0118 1B78     		ldrb	r3, [r3, #0]	@ zero_extendqisi2
 159 011a D318     		adds	r3, r2, r3
 160 011c DBB2     		uxtb	r3, r3
 161 011e A3F13003 		sub	r3, r3, #48
 162 0122 DAB2     		uxtb	r2, r3
 163 0124 07F11401 		add	r1, r7, #20
 164 0128 D7F81431 		ldr	r3, [r7, #276]
 165 012c CB18     		adds	r3, r1, r3
 166 012e 1A70     		strb	r2, [r3, #0]
 167              	.L6:
  29:../src/command.c **** 	for (int i = 0; i < len / 2; i++) {
 168              		.loc 1 29 0
 169 0130 D7F81431 		ldr	r3, [r7, #276]
 170 0134 03F10103 		add	r3, r3, #1
 171 0138 C7F81431 		str	r3, [r7, #276]
 172              	.L2:
  29:../src/command.c **** 	for (int i = 0; i < len / 2; i++) {
 173              		.loc 1 29 0 is_stmt 0 discriminator 1
 174 013c 07F10403 		add	r3, r7, #4
 175 0140 1B68     		ldr	r3, [r3, #0]
 176 0142 4FEAD372 		lsr	r2, r3, #31
 177 0146 D318     		adds	r3, r2, r3
 178 0148 4FEA6303 		asr	r3, r3, #1
 179 014c 1A46     		mov	r2, r3
 180 014e D7F81431 		ldr	r3, [r7, #276]
 181 0152 9A42     		cmp	r2, r3
 182 0154 3FF770AF 		bgt	.L7
 183              	.LBE2:
  39:../src/command.c **** 		}
  40:../src/command.c **** 
  41:../src/command.c **** 	}
  42:../src/command.c **** 	memccpy(str2, temp_buff, 0, strlen(temp_buff));
 184              		.loc 1 42 0 is_stmt 1
 185 0158 07F11403 		add	r3, r7, #20
 186 015c 1846     		mov	r0, r3
 187 015e FFF7FEFF 		bl	strlen
 188 0162 0346     		mov	r3, r0
 189 0164 07F10801 		add	r1, r7, #8
 190 0168 07F11402 		add	r2, r7, #20
 191 016c 0868     		ldr	r0, [r1, #0]
 192 016e 1146     		mov	r1, r2
 193 0170 4FF00002 		mov	r2, #0
 194 0174 FFF7FEFF 		bl	memccpy
  43:../src/command.c **** }
 195              		.loc 1 43 0
 196 0178 07F58C77 		add	r7, r7, #280
 197 017c BD46     		mov	sp, r7
 198 017e 80BD     		pop	{r7, pc}
 199              		.cfi_endproc
 200              	.LFE0:
 202              		.align	2
 203              		.global	HexToChar
 204              		.thumb
 205              		.thumb_func
 207              	HexToChar:
 208              	.LFB1:
  44:../src/command.c **** void HexToChar(const char *str1, char *str2, int len) {
 209              		.loc 1 44 0
 210              		.cfi_startproc
 211              		@ args = 0, pretend = 0, frame = 88
 212              		@ frame_needed = 1, uses_anonymous_args = 0
 213 0180 80B5     		push	{r7, lr}
 214              	.LCFI3:
 215              		.cfi_def_cfa_offset 8
 216              		.cfi_offset 7, -8
 217              		.cfi_offset 14, -4
 218 0182 96B0     		sub	sp, sp, #88
 219              	.LCFI4:
 220              		.cfi_def_cfa_offset 96
 221 0184 00AF     		add	r7, sp, #0
 222              	.LCFI5:
 223              		.cfi_def_cfa_register 7
 224 0186 F860     		str	r0, [r7, #12]
 225 0188 B960     		str	r1, [r7, #8]
 226 018a 7A60     		str	r2, [r7, #4]
  45:../src/command.c **** 	char temp_buff[64] = { 0 };
 227              		.loc 1 45 0
 228 018c 07F11402 		add	r2, r7, #20
 229 0190 4FF04003 		mov	r3, #64
 230 0194 1046     		mov	r0, r2
 231 0196 4FF00001 		mov	r1, #0
 232 019a 1A46     		mov	r2, r3
 233 019c FFF7FEFF 		bl	memset
 234              	.LBB3:
  46:../src/command.c **** 	for (int i = 0; i < len; i++) {
 235              		.loc 1 46 0
 236 01a0 4FF00003 		mov	r3, #0
 237 01a4 7B65     		str	r3, [r7, #84]
 238 01a6 26E0     		b	.L9
 239              	.L10:
  47:../src/command.c **** 		temp_buff[i * 2] = (HexChar[str1[i] >> 4]);
 240              		.loc 1 47 0 discriminator 2
 241 01a8 7B6D     		ldr	r3, [r7, #84]
 242 01aa 4FEA4303 		lsl	r3, r3, #1
 243 01ae 7A6D     		ldr	r2, [r7, #84]
 244 01b0 F968     		ldr	r1, [r7, #12]
 245 01b2 8A18     		adds	r2, r1, r2
 246 01b4 1278     		ldrb	r2, [r2, #0]	@ zero_extendqisi2
 247 01b6 4FEA1212 		lsr	r2, r2, #4
 248 01ba D2B2     		uxtb	r2, r2
 249 01bc 1949     		ldr	r1, .L11
 250 01be 8A5C     		ldrb	r2, [r1, r2]	@ zero_extendqisi2
 251 01c0 07F15801 		add	r1, r7, #88
 252 01c4 CB18     		adds	r3, r1, r3
 253 01c6 03F8442C 		strb	r2, [r3, #-68]
  48:../src/command.c **** 		temp_buff[i * 2 + 1] = (HexChar[str1[i] & 0x0F]);
 254              		.loc 1 48 0 discriminator 2
 255 01ca 7B6D     		ldr	r3, [r7, #84]
 256 01cc 4FEA4303 		lsl	r3, r3, #1
 257 01d0 03F10103 		add	r3, r3, #1
 258 01d4 7A6D     		ldr	r2, [r7, #84]
 259 01d6 F968     		ldr	r1, [r7, #12]
 260 01d8 8A18     		adds	r2, r1, r2
 261 01da 1278     		ldrb	r2, [r2, #0]	@ zero_extendqisi2
 262 01dc 02F00F02 		and	r2, r2, #15
 263 01e0 1049     		ldr	r1, .L11
 264 01e2 8A5C     		ldrb	r2, [r1, r2]	@ zero_extendqisi2
 265 01e4 07F15801 		add	r1, r7, #88
 266 01e8 CB18     		adds	r3, r1, r3
 267 01ea 03F8442C 		strb	r2, [r3, #-68]
  46:../src/command.c **** 	for (int i = 0; i < len; i++) {
 268              		.loc 1 46 0 discriminator 2
 269 01ee 7B6D     		ldr	r3, [r7, #84]
 270 01f0 03F10103 		add	r3, r3, #1
 271 01f4 7B65     		str	r3, [r7, #84]
 272              	.L9:
  46:../src/command.c **** 	for (int i = 0; i < len; i++) {
 273              		.loc 1 46 0 is_stmt 0 discriminator 1
 274 01f6 7A6D     		ldr	r2, [r7, #84]
 275 01f8 7B68     		ldr	r3, [r7, #4]
 276 01fa 9A42     		cmp	r2, r3
 277 01fc D4DB     		blt	.L10
 278              	.LBE3:
  49:../src/command.c **** 	}
  50:../src/command.c **** 	memccpy(str2, temp_buff, 0, strlen(temp_buff));
 279              		.loc 1 50 0 is_stmt 1
 280 01fe 07F11403 		add	r3, r7, #20
 281 0202 1846     		mov	r0, r3
 282 0204 FFF7FEFF 		bl	strlen
 283 0208 0346     		mov	r3, r0
 284 020a 07F11402 		add	r2, r7, #20
 285 020e B868     		ldr	r0, [r7, #8]
 286 0210 1146     		mov	r1, r2
 287 0212 4FF00002 		mov	r2, #0
 288 0216 FFF7FEFF 		bl	memccpy
  51:../src/command.c **** }
 289              		.loc 1 51 0
 290 021a 07F15807 		add	r7, r7, #88
 291 021e BD46     		mov	sp, r7
 292 0220 80BD     		pop	{r7, pc}
 293              	.L12:
 294 0222 00BF     		.align	2
 295              	.L11:
 296 0224 00000000 		.word	HexChar
 297              		.cfi_endproc
 298              	.LFE1:
 300              		.align	2
 301              		.global	append_int
 302              		.thumb
 303              		.thumb_func
 305              	append_int:
 306              	.LFB2:
  52:../src/command.c **** void append_int(char* str, uint8_t len, uint32_t val) {
 307              		.loc 1 52 0
 308              		.cfi_startproc
 309              		@ args = 0, pretend = 0, frame = 24
 310              		@ frame_needed = 1, uses_anonymous_args = 0
 311 0228 80B5     		push	{r7, lr}
 312              	.LCFI6:
 313              		.cfi_def_cfa_offset 8
 314              		.cfi_offset 7, -8
 315              		.cfi_offset 14, -4
 316 022a 86B0     		sub	sp, sp, #24
 317              	.LCFI7:
 318              		.cfi_def_cfa_offset 32
 319 022c 00AF     		add	r7, sp, #0
 320              	.LCFI8:
 321              		.cfi_def_cfa_register 7
 322 022e F860     		str	r0, [r7, #12]
 323 0230 0B46     		mov	r3, r1
 324 0232 7A60     		str	r2, [r7, #4]
 325 0234 FB72     		strb	r3, [r7, #11]
  53:../src/command.c **** 	uint8_t i;
  54:../src/command.c **** 	char *ptr = str + strlen(str);
 326              		.loc 1 54 0
 327 0236 F868     		ldr	r0, [r7, #12]
 328 0238 FFF7FEFF 		bl	strlen
 329 023c 0346     		mov	r3, r0
 330 023e FA68     		ldr	r2, [r7, #12]
 331 0240 D318     		adds	r3, r2, r3
 332 0242 3B61     		str	r3, [r7, #16]
  55:../src/command.c **** 	for (i = 1; i <= len; i++) {
 333              		.loc 1 55 0
 334 0244 4FF00103 		mov	r3, #1
 335 0248 FB75     		strb	r3, [r7, #23]
 336 024a 21E0     		b	.L14
 337              	.L15:
  56:../src/command.c **** 		ptr[len - i] = (uint8_t) ((val % 10UL) + '0');
 338              		.loc 1 56 0 discriminator 2
 339 024c FA7A     		ldrb	r2, [r7, #11]	@ zero_extendqisi2
 340 024e FB7D     		ldrb	r3, [r7, #23]	@ zero_extendqisi2
 341 0250 D31A     		subs	r3, r2, r3
 342 0252 3A69     		ldr	r2, [r7, #16]
 343 0254 D018     		adds	r0, r2, r3
 344 0256 7968     		ldr	r1, [r7, #4]
 345 0258 154B     		ldr	r3, .L16
 346 025a A3FB0123 		umull	r2, r3, r3, r1
 347 025e 4FEAD302 		lsr	r2, r3, #3
 348 0262 1346     		mov	r3, r2
 349 0264 4FEA8303 		lsl	r3, r3, #2
 350 0268 9B18     		adds	r3, r3, r2
 351 026a 4FEA4303 		lsl	r3, r3, #1
 352 026e CA1A     		subs	r2, r1, r3
 353 0270 D3B2     		uxtb	r3, r2
 354 0272 03F13003 		add	r3, r3, #48
 355 0276 DBB2     		uxtb	r3, r3
 356 0278 0370     		strb	r3, [r0, #0]
  57:../src/command.c **** 		val /= 10;
 357              		.loc 1 57 0 discriminator 2
 358 027a 7A68     		ldr	r2, [r7, #4]
 359 027c 0C4B     		ldr	r3, .L16
 360 027e A3FB0213 		umull	r1, r3, r3, r2
 361 0282 4FEAD303 		lsr	r3, r3, #3
 362 0286 7B60     		str	r3, [r7, #4]
  55:../src/command.c **** 	for (i = 1; i <= len; i++) {
 363              		.loc 1 55 0 discriminator 2
 364 0288 FB7D     		ldrb	r3, [r7, #23]
 365 028a 03F10103 		add	r3, r3, #1
 366 028e FB75     		strb	r3, [r7, #23]
 367              	.L14:
  55:../src/command.c **** 	for (i = 1; i <= len; i++) {
 368              		.loc 1 55 0 is_stmt 0 discriminator 1
 369 0290 FA7D     		ldrb	r2, [r7, #23]	@ zero_extendqisi2
 370 0292 FB7A     		ldrb	r3, [r7, #11]	@ zero_extendqisi2
 371 0294 9A42     		cmp	r2, r3
 372 0296 D9D9     		bls	.L15
  58:../src/command.c **** 	}
  59:../src/command.c **** 	ptr[i - 1] = '\0';
 373              		.loc 1 59 0 is_stmt 1
 374 0298 FB7D     		ldrb	r3, [r7, #23]	@ zero_extendqisi2
 375 029a 03F1FF33 		add	r3, r3, #-1
 376 029e 3A69     		ldr	r2, [r7, #16]
 377 02a0 D318     		adds	r3, r2, r3
 378 02a2 4FF00002 		mov	r2, #0
 379 02a6 1A70     		strb	r2, [r3, #0]
  60:../src/command.c **** }
 380              		.loc 1 60 0
 381 02a8 07F11807 		add	r7, r7, #24
 382 02ac BD46     		mov	sp, r7
 383 02ae 80BD     		pop	{r7, pc}
 384              	.L17:
 385              		.align	2
 386              	.L16:
 387 02b0 CDCCCCCC 		.word	-858993459
 388              		.cfi_endproc
 389              	.LFE2:
 391              		.align	2
 392              		.global	append_char
 393              		.thumb
 394              		.thumb_func
 396              	append_char:
 397              	.LFB3:
  61:../src/command.c **** void append_char(char *str, char val) {
 398              		.loc 1 61 0
 399              		.cfi_startproc
 400              		@ args = 0, pretend = 0, frame = 16
 401              		@ frame_needed = 1, uses_anonymous_args = 0
 402 02b4 80B5     		push	{r7, lr}
 403              	.LCFI9:
 404              		.cfi_def_cfa_offset 8
 405              		.cfi_offset 7, -8
 406              		.cfi_offset 14, -4
 407 02b6 84B0     		sub	sp, sp, #16
 408              	.LCFI10:
 409              		.cfi_def_cfa_offset 24
 410 02b8 00AF     		add	r7, sp, #0
 411              	.LCFI11:
 412              		.cfi_def_cfa_register 7
 413 02ba 7860     		str	r0, [r7, #4]
 414 02bc 0B46     		mov	r3, r1
 415 02be FB70     		strb	r3, [r7, #3]
  62:../src/command.c **** 	char *ptr = str + strlen(str);
 416              		.loc 1 62 0
 417 02c0 7868     		ldr	r0, [r7, #4]
 418 02c2 FFF7FEFF 		bl	strlen
 419 02c6 0346     		mov	r3, r0
 420 02c8 7A68     		ldr	r2, [r7, #4]
 421 02ca D318     		adds	r3, r2, r3
 422 02cc FB60     		str	r3, [r7, #12]
  63:../src/command.c **** 	*ptr = val;
 423              		.loc 1 63 0
 424 02ce FB68     		ldr	r3, [r7, #12]
 425 02d0 FA78     		ldrb	r2, [r7, #3]
 426 02d2 1A70     		strb	r2, [r3, #0]
  64:../src/command.c **** }
 427              		.loc 1 64 0
 428 02d4 07F11007 		add	r7, r7, #16
 429 02d8 BD46     		mov	sp, r7
 430 02da 80BD     		pop	{r7, pc}
 431              		.cfi_endproc
 432              	.LFE3:
 434              		.align	2
 435              		.global	append_hex
 436              		.thumb
 437              		.thumb_func
 439              	append_hex:
 440              	.LFB4:
  65:../src/command.c **** void append_hex(char* str, uint8_t val) {
 441              		.loc 1 65 0
 442              		.cfi_startproc
 443              		@ args = 0, pretend = 0, frame = 16
 444              		@ frame_needed = 1, uses_anonymous_args = 0
 445 02dc 80B5     		push	{r7, lr}
 446              	.LCFI12:
 447              		.cfi_def_cfa_offset 8
 448              		.cfi_offset 7, -8
 449              		.cfi_offset 14, -4
 450 02de 84B0     		sub	sp, sp, #16
 451              	.LCFI13:
 452              		.cfi_def_cfa_offset 24
 453 02e0 00AF     		add	r7, sp, #0
 454              	.LCFI14:
 455              		.cfi_def_cfa_register 7
 456 02e2 7860     		str	r0, [r7, #4]
 457 02e4 0B46     		mov	r3, r1
 458 02e6 FB70     		strb	r3, [r7, #3]
  66:../src/command.c **** 	char *ptr = str + strlen(str);
 459              		.loc 1 66 0
 460 02e8 7868     		ldr	r0, [r7, #4]
 461 02ea FFF7FEFF 		bl	strlen
 462 02ee 0346     		mov	r3, r0
 463 02f0 7A68     		ldr	r2, [r7, #4]
 464 02f2 D318     		adds	r3, r2, r3
 465 02f4 FB60     		str	r3, [r7, #12]
  67:../src/command.c **** 	ptr[0] = HexChar[val >> 4];
 466              		.loc 1 67 0
 467 02f6 FB78     		ldrb	r3, [r7, #3]	@ zero_extendqisi2
 468 02f8 4FEA1313 		lsr	r3, r3, #4
 469 02fc DBB2     		uxtb	r3, r3
 470 02fe 0B4A     		ldr	r2, .L20
 471 0300 D25C     		ldrb	r2, [r2, r3]	@ zero_extendqisi2
 472 0302 FB68     		ldr	r3, [r7, #12]
 473 0304 1A70     		strb	r2, [r3, #0]
  68:../src/command.c **** 	ptr[1] = HexChar[val & 0xF];
 474              		.loc 1 68 0
 475 0306 FB68     		ldr	r3, [r7, #12]
 476 0308 03F10103 		add	r3, r3, #1
 477 030c FA78     		ldrb	r2, [r7, #3]	@ zero_extendqisi2
 478 030e 02F00F02 		and	r2, r2, #15
 479 0312 0649     		ldr	r1, .L20
 480 0314 8A5C     		ldrb	r2, [r1, r2]	@ zero_extendqisi2
 481 0316 1A70     		strb	r2, [r3, #0]
  69:../src/command.c **** 	ptr[2] = 0;
 482              		.loc 1 69 0
 483 0318 FB68     		ldr	r3, [r7, #12]
 484 031a 03F10203 		add	r3, r3, #2
 485 031e 4FF00002 		mov	r2, #0
 486 0322 1A70     		strb	r2, [r3, #0]
  70:../src/command.c **** }
 487              		.loc 1 70 0
 488 0324 07F11007 		add	r7, r7, #16
 489 0328 BD46     		mov	sp, r7
 490 032a 80BD     		pop	{r7, pc}
 491              	.L21:
 492              		.align	2
 493              	.L20:
 494 032c 00000000 		.word	HexChar
 495              		.cfi_endproc
 496              	.LFE4:
 498              		.align	2
 499              		.global	append_hex_long
 500              		.thumb
 501              		.thumb_func
 503              	append_hex_long:
 504              	.LFB5:
  71:../src/command.c **** 
  72:../src/command.c **** void append_hex_long(char* str, long val) {
 505              		.loc 1 72 0
 506              		.cfi_startproc
 507              		@ args = 0, pretend = 0, frame = 16
 508              		@ frame_needed = 1, uses_anonymous_args = 0
 509 0330 80B5     		push	{r7, lr}
 510              	.LCFI15:
 511              		.cfi_def_cfa_offset 8
 512              		.cfi_offset 7, -8
 513              		.cfi_offset 14, -4
 514 0332 84B0     		sub	sp, sp, #16
 515              	.LCFI16:
 516              		.cfi_def_cfa_offset 24
 517 0334 00AF     		add	r7, sp, #0
 518              	.LCFI17:
 519              		.cfi_def_cfa_register 7
 520 0336 7860     		str	r0, [r7, #4]
 521 0338 3960     		str	r1, [r7, #0]
  73:../src/command.c **** 	char *ptr = str + strlen(str);
 522              		.loc 1 73 0
 523 033a 7868     		ldr	r0, [r7, #4]
 524 033c FFF7FEFF 		bl	strlen
 525 0340 0346     		mov	r3, r0
 526 0342 7A68     		ldr	r2, [r7, #4]
 527 0344 D318     		adds	r3, r2, r3
 528 0346 FB60     		str	r3, [r7, #12]
  74:../src/command.c **** 	ptr[0] = HexChar[val >> 28];
 529              		.loc 1 74 0
 530 0348 3B68     		ldr	r3, [r7, #0]
 531 034a 4FEA2373 		asr	r3, r3, #28
 532 034e 2C4A     		ldr	r2, .L23
 533 0350 D25C     		ldrb	r2, [r2, r3]	@ zero_extendqisi2
 534 0352 FB68     		ldr	r3, [r7, #12]
 535 0354 1A70     		strb	r2, [r3, #0]
  75:../src/command.c **** 	ptr[1] = HexChar[(val >> 24) & 0xF];
 536              		.loc 1 75 0
 537 0356 FB68     		ldr	r3, [r7, #12]
 538 0358 03F10103 		add	r3, r3, #1
 539 035c 3A68     		ldr	r2, [r7, #0]
 540 035e 4FEA2262 		asr	r2, r2, #24
 541 0362 02F00F02 		and	r2, r2, #15
 542 0366 2649     		ldr	r1, .L23
 543 0368 8A5C     		ldrb	r2, [r1, r2]	@ zero_extendqisi2
 544 036a 1A70     		strb	r2, [r3, #0]
  76:../src/command.c **** 	ptr[2] = HexChar[(val >> 20) & 0xF];
 545              		.loc 1 76 0
 546 036c FB68     		ldr	r3, [r7, #12]
 547 036e 03F10203 		add	r3, r3, #2
 548 0372 3A68     		ldr	r2, [r7, #0]
 549 0374 4FEA2252 		asr	r2, r2, #20
 550 0378 02F00F02 		and	r2, r2, #15
 551 037c 2049     		ldr	r1, .L23
 552 037e 8A5C     		ldrb	r2, [r1, r2]	@ zero_extendqisi2
 553 0380 1A70     		strb	r2, [r3, #0]
  77:../src/command.c **** 	ptr[3] = HexChar[(val >> 16) & 0xF];
 554              		.loc 1 77 0
 555 0382 FB68     		ldr	r3, [r7, #12]
 556 0384 03F10303 		add	r3, r3, #3
 557 0388 3A68     		ldr	r2, [r7, #0]
 558 038a 4FEA2242 		asr	r2, r2, #16
 559 038e 02F00F02 		and	r2, r2, #15
 560 0392 1B49     		ldr	r1, .L23
 561 0394 8A5C     		ldrb	r2, [r1, r2]	@ zero_extendqisi2
 562 0396 1A70     		strb	r2, [r3, #0]
  78:../src/command.c **** 	ptr[4] = HexChar[(val >> 12) & 0xF];
 563              		.loc 1 78 0
 564 0398 FB68     		ldr	r3, [r7, #12]
 565 039a 03F10403 		add	r3, r3, #4
 566 039e 3A68     		ldr	r2, [r7, #0]
 567 03a0 4FEA2232 		asr	r2, r2, #12
 568 03a4 02F00F02 		and	r2, r2, #15
 569 03a8 1549     		ldr	r1, .L23
 570 03aa 8A5C     		ldrb	r2, [r1, r2]	@ zero_extendqisi2
 571 03ac 1A70     		strb	r2, [r3, #0]
  79:../src/command.c **** 	ptr[5] = HexChar[(val >> 8) & 0xF];
 572              		.loc 1 79 0
 573 03ae FB68     		ldr	r3, [r7, #12]
 574 03b0 03F10503 		add	r3, r3, #5
 575 03b4 3A68     		ldr	r2, [r7, #0]
 576 03b6 4FEA2222 		asr	r2, r2, #8
 577 03ba 02F00F02 		and	r2, r2, #15
 578 03be 1049     		ldr	r1, .L23
 579 03c0 8A5C     		ldrb	r2, [r1, r2]	@ zero_extendqisi2
 580 03c2 1A70     		strb	r2, [r3, #0]
  80:../src/command.c **** 	ptr[6] = HexChar[(val >> 4) & 0xF];
 581              		.loc 1 80 0
 582 03c4 FB68     		ldr	r3, [r7, #12]
 583 03c6 03F10603 		add	r3, r3, #6
 584 03ca 3A68     		ldr	r2, [r7, #0]
 585 03cc 4FEA2212 		asr	r2, r2, #4
 586 03d0 02F00F02 		and	r2, r2, #15
 587 03d4 0A49     		ldr	r1, .L23
 588 03d6 8A5C     		ldrb	r2, [r1, r2]	@ zero_extendqisi2
 589 03d8 1A70     		strb	r2, [r3, #0]
  81:../src/command.c **** 	ptr[7] = HexChar[val & 0xF];
 590              		.loc 1 81 0
 591 03da FB68     		ldr	r3, [r7, #12]
 592 03dc 03F10703 		add	r3, r3, #7
 593 03e0 3A68     		ldr	r2, [r7, #0]
 594 03e2 02F00F02 		and	r2, r2, #15
 595 03e6 0649     		ldr	r1, .L23
 596 03e8 8A5C     		ldrb	r2, [r1, r2]	@ zero_extendqisi2
 597 03ea 1A70     		strb	r2, [r3, #0]
  82:../src/command.c **** 	ptr[8] = 0x0;
 598              		.loc 1 82 0
 599 03ec FB68     		ldr	r3, [r7, #12]
 600 03ee 03F10803 		add	r3, r3, #8
 601 03f2 4FF00002 		mov	r2, #0
 602 03f6 1A70     		strb	r2, [r3, #0]
  83:../src/command.c **** }
 603              		.loc 1 83 0
 604 03f8 07F11007 		add	r7, r7, #16
 605 03fc BD46     		mov	sp, r7
 606 03fe 80BD     		pop	{r7, pc}
 607              	.L24:
 608              		.align	2
 609              	.L23:
 610 0400 00000000 		.word	HexChar
 611              		.cfi_endproc
 612              	.LFE5:
 614              		.section	.rodata
 615              		.align	2
 616              	.LC0:
 617 0010 2A53532C 		.ascii	"*SS,\000"
 617      00
 618              		.text
 619              		.align	2
 620              		.global	append_sign
 621              		.thumb
 622              		.thumb_func
 624              	append_sign:
 625              	.LFB6:
  84:../src/command.c **** int append_sign(char* buff) {
 626              		.loc 1 84 0
 627              		.cfi_startproc
 628              		@ args = 0, pretend = 0, frame = 8
 629              		@ frame_needed = 1, uses_anonymous_args = 0
 630              		@ link register save eliminated.
 631 0404 80B4     		push	{r7}
 632              	.LCFI18:
 633              		.cfi_def_cfa_offset 4
 634              		.cfi_offset 7, -4
 635 0406 83B0     		sub	sp, sp, #12
 636              	.LCFI19:
 637              		.cfi_def_cfa_offset 16
 638 0408 00AF     		add	r7, sp, #0
 639              	.LCFI20:
 640              		.cfi_def_cfa_register 7
 641 040a 7860     		str	r0, [r7, #4]
  85:../src/command.c **** 	strcpy(buff, "*SS,");
 642              		.loc 1 85 0
 643 040c 7B68     		ldr	r3, [r7, #4]
 644 040e 064A     		ldr	r2, .L27
 645 0410 1068     		ldr	r0, [r2, #0]	@ unaligned
 646 0412 1860     		str	r0, [r3, #0]	@ unaligned
 647 0414 1279     		ldrb	r2, [r2, #4]
 648 0416 1A71     		strb	r2, [r3, #4]
  86:../src/command.c **** 	return 1;
 649              		.loc 1 86 0
 650 0418 4FF00103 		mov	r3, #1
  87:../src/command.c **** }
 651              		.loc 1 87 0
 652 041c 1846     		mov	r0, r3
 653 041e 07F10C07 		add	r7, r7, #12
 654 0422 BD46     		mov	sp, r7
 655 0424 80BC     		pop	{r7}
 656 0426 7047     		bx	lr
 657              	.L28:
 658              		.align	2
 659              	.L27:
 660 0428 10000000 		.word	.LC0
 661              		.cfi_endproc
 662              	.LFE6:
 664              		.align	2
 665              		.global	next_char
 666              		.thumb
 667              		.thumb_func
 669              	next_char:
 670              	.LFB7:
  88:../src/command.c **** int next_char(char* data, char sep, int max) {
 671              		.loc 1 88 0
 672              		.cfi_startproc
 673              		@ args = 0, pretend = 0, frame = 24
 674              		@ frame_needed = 1, uses_anonymous_args = 0
 675 042c 80B5     		push	{r7, lr}
 676              	.LCFI21:
 677              		.cfi_def_cfa_offset 8
 678              		.cfi_offset 7, -8
 679              		.cfi_offset 14, -4
 680 042e 86B0     		sub	sp, sp, #24
 681              	.LCFI22:
 682              		.cfi_def_cfa_offset 32
 683 0430 00AF     		add	r7, sp, #0
 684              	.LCFI23:
 685              		.cfi_def_cfa_register 7
 686 0432 F860     		str	r0, [r7, #12]
 687 0434 0B46     		mov	r3, r1
 688 0436 7A60     		str	r2, [r7, #4]
 689 0438 FB72     		strb	r3, [r7, #11]
  89:../src/command.c **** 	char *ptr = strchr(data, sep);
 690              		.loc 1 89 0
 691 043a FB7A     		ldrb	r3, [r7, #11]	@ zero_extendqisi2
 692 043c F868     		ldr	r0, [r7, #12]
 693 043e 1946     		mov	r1, r3
 694 0440 FFF7FEFF 		bl	strchr
 695 0444 7861     		str	r0, [r7, #20]
  90:../src/command.c **** 	if (ptr) {
 696              		.loc 1 90 0
 697 0446 7B69     		ldr	r3, [r7, #20]
 698 0448 002B     		cmp	r3, #0
 699 044a 07D0     		beq	.L30
  91:../src/command.c **** 		return (ptr - data) >= max ? max : (ptr - data);
 700              		.loc 1 91 0
 701 044c 7A69     		ldr	r2, [r7, #20]
 702 044e FB68     		ldr	r3, [r7, #12]
 703 0450 D21A     		subs	r2, r2, r3
 704 0452 7B68     		ldr	r3, [r7, #4]
 705 0454 9A42     		cmp	r2, r3
 706 0456 B8BF     		it	lt
 707 0458 1346     		movlt	r3, r2
 708 045a 01E0     		b	.L31
 709              	.L30:
  92:../src/command.c **** 	} else {
  93:../src/command.c **** 		return 0;
 710              		.loc 1 93 0
 711 045c 4FF00003 		mov	r3, #0
 712              	.L31:
  94:../src/command.c **** 	}
  95:../src/command.c **** }
 713              		.loc 1 95 0
 714 0460 1846     		mov	r0, r3
 715 0462 07F11807 		add	r7, r7, #24
 716 0466 BD46     		mov	sp, r7
 717 0468 80BD     		pop	{r7, pc}
 718              		.cfi_endproc
 719              	.LFE7:
 721              		.bss
 722              		.align	2
 723              	Response:
 724 0004 00000000 		.space	256
 724      00000000 
 724      00000000 
 724      00000000 
 724      00000000 
 725              		.section	.rodata
 726 0015 000000   		.align	2
 727              	.LC1:
 728 0018 2C56332C 		.ascii	",V3,\000"
 728      00
 729              		.text
 730 046a 00BF     		.align	2
 731              		.global	create_v3
 732              		.thumb
 733              		.thumb_func
 735              	create_v3:
 736              	.LFB8:
  96:../src/command.c **** 
  97:../src/command.c **** static char Response[256];
  98:../src/command.c **** void create_v3(int blockno) {
 737              		.loc 1 98 0
 738              		.cfi_startproc
 739              		@ args = 0, pretend = 0, frame = 8
 740              		@ frame_needed = 1, uses_anonymous_args = 0
 741 046c 80B5     		push	{r7, lr}
 742              	.LCFI24:
 743              		.cfi_def_cfa_offset 8
 744              		.cfi_offset 7, -8
 745              		.cfi_offset 14, -4
 746 046e 82B0     		sub	sp, sp, #8
 747              	.LCFI25:
 748              		.cfi_def_cfa_offset 16
 749 0470 00AF     		add	r7, sp, #0
 750              	.LCFI26:
 751              		.cfi_def_cfa_register 7
 752 0472 7860     		str	r0, [r7, #4]
  99:../src/command.c **** 	append_sign(Response);
 753              		.loc 1 99 0
 754 0474 2448     		ldr	r0, .L38
 755 0476 FFF7FEFF 		bl	append_sign
 100:../src/command.c **** 	strcat(Response, ",V3,");
 756              		.loc 1 100 0
 757 047a 2348     		ldr	r0, .L38
 758 047c FFF7FEFF 		bl	strlen
 759 0480 0346     		mov	r3, r0
 760 0482 1A46     		mov	r2, r3
 761 0484 204B     		ldr	r3, .L38
 762 0486 D318     		adds	r3, r2, r3
 763 0488 204A     		ldr	r2, .L38+4
 764 048a 1068     		ldr	r0, [r2, #0]	@ unaligned
 765 048c 1860     		str	r0, [r3, #0]	@ unaligned
 766 048e 1279     		ldrb	r2, [r2, #4]
 767 0490 1A71     		strb	r2, [r3, #4]
 101:../src/command.c **** 	if (blockno >= 10000) {
 768              		.loc 1 101 0
 769 0492 7A68     		ldr	r2, [r7, #4]
 770 0494 42F20F73 		movw	r3, #9999
 771 0498 9A42     		cmp	r2, r3
 772 049a 07DD     		ble	.L33
 102:../src/command.c **** 		append_int(Response, 5, blockno);
 773              		.loc 1 102 0
 774 049c 7B68     		ldr	r3, [r7, #4]
 775 049e 1A48     		ldr	r0, .L38
 776 04a0 4FF00501 		mov	r1, #5
 777 04a4 1A46     		mov	r2, r3
 778 04a6 FFF7FEFF 		bl	append_int
 779 04aa 29E0     		b	.L32
 780              	.L33:
 103:../src/command.c **** 	} else if (blockno >= 1000) {
 781              		.loc 1 103 0
 782 04ac 7A68     		ldr	r2, [r7, #4]
 783 04ae 40F2E733 		movw	r3, #999
 784 04b2 9A42     		cmp	r2, r3
 785 04b4 07DD     		ble	.L35
 104:../src/command.c **** 		append_int(Response, 4, blockno);
 786              		.loc 1 104 0
 787 04b6 7B68     		ldr	r3, [r7, #4]
 788 04b8 1348     		ldr	r0, .L38
 789 04ba 4FF00401 		mov	r1, #4
 790 04be 1A46     		mov	r2, r3
 791 04c0 FFF7FEFF 		bl	append_int
 792 04c4 1CE0     		b	.L32
 793              	.L35:
 105:../src/command.c **** 	} else if (blockno >= 100) {
 794              		.loc 1 105 0
 795 04c6 7B68     		ldr	r3, [r7, #4]
 796 04c8 632B     		cmp	r3, #99
 797 04ca 07DD     		ble	.L36
 106:../src/command.c **** 		append_int(Response, 3, blockno);
 798              		.loc 1 106 0
 799 04cc 7B68     		ldr	r3, [r7, #4]
 800 04ce 0E48     		ldr	r0, .L38
 801 04d0 4FF00301 		mov	r1, #3
 802 04d4 1A46     		mov	r2, r3
 803 04d6 FFF7FEFF 		bl	append_int
 804 04da 11E0     		b	.L32
 805              	.L36:
 107:../src/command.c **** 	} else if (blockno >= 10) {
 806              		.loc 1 107 0
 807 04dc 7B68     		ldr	r3, [r7, #4]
 808 04de 092B     		cmp	r3, #9
 809 04e0 07DD     		ble	.L37
 108:../src/command.c **** 		append_int(Response, 2, blockno);
 810              		.loc 1 108 0
 811 04e2 7B68     		ldr	r3, [r7, #4]
 812 04e4 0848     		ldr	r0, .L38
 813 04e6 4FF00201 		mov	r1, #2
 814 04ea 1A46     		mov	r2, r3
 815 04ec FFF7FEFF 		bl	append_int
 816 04f0 06E0     		b	.L32
 817              	.L37:
 109:../src/command.c **** 	} else {
 110:../src/command.c **** 		append_int(Response, 1, blockno);
 818              		.loc 1 110 0
 819 04f2 7B68     		ldr	r3, [r7, #4]
 820 04f4 0448     		ldr	r0, .L38
 821 04f6 4FF00101 		mov	r1, #1
 822 04fa 1A46     		mov	r2, r3
 823 04fc FFF7FEFF 		bl	append_int
 824              	.L32:
 111:../src/command.c **** 	}
 112:../src/command.c **** }
 825              		.loc 1 112 0
 826 0500 07F10807 		add	r7, r7, #8
 827 0504 BD46     		mov	sp, r7
 828 0506 80BD     		pop	{r7, pc}
 829              	.L39:
 830              		.align	2
 831              	.L38:
 832 0508 04000000 		.word	Response
 833 050c 18000000 		.word	.LC1
 834              		.cfi_endproc
 835              	.LFE8:
 837              		.section	.rodata
 838 001d 000000   		.align	2
 839              	.LC2:
 840 0020 736B735F 		.ascii	"sks_cmd_Set_PassWord\012\015\000"
 840      636D645F 
 840      5365745F 
 840      50617373 
 840      576F7264 
 841              		.text
 842              		.align	2
 843              		.thumb
 844              		.thumb_func
 846              	sks_cmd_Set_PassWord:
 847              	.LFB9:
 113:../src/command.c **** //BLE01
 114:../src/command.c **** static int sks_cmd_Set_PassWord(int from, char* command, int argc, char** argv,
 115:../src/command.c **** 		int size, int total) {
 848              		.loc 1 115 0
 849              		.cfi_startproc
 850              		@ args = 8, pretend = 0, frame = 88
 851              		@ frame_needed = 1, uses_anonymous_args = 0
 852 0510 80B5     		push	{r7, lr}
 853              	.LCFI27:
 854              		.cfi_def_cfa_offset 8
 855              		.cfi_offset 7, -8
 856              		.cfi_offset 14, -4
 857 0512 96B0     		sub	sp, sp, #88
 858              	.LCFI28:
 859              		.cfi_def_cfa_offset 96
 860 0514 00AF     		add	r7, sp, #0
 861              	.LCFI29:
 862              		.cfi_def_cfa_register 7
 863 0516 F860     		str	r0, [r7, #12]
 864 0518 B960     		str	r1, [r7, #8]
 865 051a 7A60     		str	r2, [r7, #4]
 866 051c 3B60     		str	r3, [r7, #0]
 116:../src/command.c **** 	char temp_buff[64] = { 0 };
 867              		.loc 1 116 0
 868 051e 07F11002 		add	r2, r7, #16
 869 0522 4FF04003 		mov	r3, #64
 870 0526 1046     		mov	r0, r2
 871 0528 4FF00001 		mov	r1, #0
 872 052c 1A46     		mov	r2, r3
 873 052e FFF7FEFF 		bl	memset
 117:../src/command.c **** 	xprintf("sks_cmd_Set_PassWord\n\r");
 874              		.loc 1 117 0
 875 0532 2248     		ldr	r0, .L45
 876 0534 FFF7FEFF 		bl	xprintf
 118:../src/command.c **** 	char set = 0;
 877              		.loc 1 118 0
 878 0538 4FF00003 		mov	r3, #0
 879 053c 87F85730 		strb	r3, [r7, #87]
 119:../src/command.c **** 	if (argv[4] == NULL)
 880              		.loc 1 119 0
 881 0540 3B68     		ldr	r3, [r7, #0]
 882 0542 03F11003 		add	r3, r3, #16
 883 0546 1B68     		ldr	r3, [r3, #0]
 884 0548 002B     		cmp	r3, #0
 885 054a 01D1     		bne	.L41
 120:../src/command.c **** 		return size;
 886              		.loc 1 120 0
 887 054c 3B6E     		ldr	r3, [r7, #96]
 888 054e 2FE0     		b	.L44
 889              	.L41:
 121:../src/command.c **** 	set = atoi(argv[4]);
 890              		.loc 1 121 0
 891 0550 3B68     		ldr	r3, [r7, #0]
 892 0552 03F11003 		add	r3, r3, #16
 893 0556 1B68     		ldr	r3, [r3, #0]
 894 0558 1846     		mov	r0, r3
 895 055a FFF7FEFF 		bl	atoi
 896 055e 0346     		mov	r3, r0
 897 0560 87F85730 		strb	r3, [r7, #87]
 122:../src/command.c **** 	if (set == 1) {
 898              		.loc 1 122 0
 899 0564 97F85730 		ldrb	r3, [r7, #87]	@ zero_extendqisi2
 900 0568 012B     		cmp	r3, #1
 901 056a 1FD1     		bne	.L43
 123:../src/command.c **** 		if (argv[5] != NULL) {
 902              		.loc 1 123 0
 903 056c 3B68     		ldr	r3, [r7, #0]
 904 056e 03F11403 		add	r3, r3, #20
 905 0572 1B68     		ldr	r3, [r3, #0]
 906 0574 002B     		cmp	r3, #0
 907 0576 19D0     		beq	.L43
 908              	.LBB4:
 124:../src/command.c **** 			int len = (argv[6] - argv[5]) - 1;
 909              		.loc 1 124 0
 910 0578 3B68     		ldr	r3, [r7, #0]
 911 057a 03F11803 		add	r3, r3, #24
 912 057e 1B68     		ldr	r3, [r3, #0]
 913 0580 1A46     		mov	r2, r3
 914 0582 3B68     		ldr	r3, [r7, #0]
 915 0584 03F11403 		add	r3, r3, #20
 916 0588 1B68     		ldr	r3, [r3, #0]
 917 058a D31A     		subs	r3, r2, r3
 918 058c 03F1FF33 		add	r3, r3, #-1
 919 0590 3B65     		str	r3, [r7, #80]
 125:../src/command.c **** 			memccpy(temp_buff, argv[5], 0, len);
 920              		.loc 1 125 0
 921 0592 3B68     		ldr	r3, [r7, #0]
 922 0594 03F11403 		add	r3, r3, #20
 923 0598 1B68     		ldr	r3, [r3, #0]
 924 059a 07F11002 		add	r2, r7, #16
 925 059e 1046     		mov	r0, r2
 926 05a0 1946     		mov	r1, r3
 927 05a2 4FF00002 		mov	r2, #0
 928 05a6 3B6D     		ldr	r3, [r7, #80]
 929 05a8 FFF7FEFF 		bl	memccpy
 930              	.L43:
 931              	.LBE4:
 126:../src/command.c **** 		}
 127:../src/command.c **** 	}
 128:../src/command.c **** 	return 0;
 932              		.loc 1 128 0
 933 05ac 4FF00003 		mov	r3, #0
 934              	.L44:
 129:../src/command.c **** }
 935              		.loc 1 129 0
 936 05b0 1846     		mov	r0, r3
 937 05b2 07F15807 		add	r7, r7, #88
 938 05b6 BD46     		mov	sp, r7
 939 05b8 80BD     		pop	{r7, pc}
 940              	.L46:
 941 05ba 00BF     		.align	2
 942              	.L45:
 943 05bc 20000000 		.word	.LC2
 944              		.cfi_endproc
 945              	.LFE9:
 947              		.section	.rodata
 948 0037 00       		.align	2
 949              	.LC3:
 950 0038 73756363 		.ascii	"successful\015\012\000"
 950      65737366 
 950      756C0D0A 
 950      00
 951 0045 000000   		.align	2
 952              	.LC4:
 953 0048 6661696C 		.ascii	"fail\015\012\000"
 953      0D0A00
 954              		.text
 955              		.align	2
 956              		.thumb
 957              		.thumb_func
 959              	sks_cmd_Renane:
 960              	.LFB10:
 130:../src/command.c **** //BLE02
 131:../src/command.c **** static int sks_cmd_Renane(int from, char* command, int argc, char** argv,
 132:../src/command.c **** 		int size, int total) {
 961              		.loc 1 132 0
 962              		.cfi_startproc
 963              		@ args = 8, pretend = 0, frame = 88
 964              		@ frame_needed = 1, uses_anonymous_args = 0
 965 05c0 80B5     		push	{r7, lr}
 966              	.LCFI30:
 967              		.cfi_def_cfa_offset 8
 968              		.cfi_offset 7, -8
 969              		.cfi_offset 14, -4
 970 05c2 96B0     		sub	sp, sp, #88
 971              	.LCFI31:
 972              		.cfi_def_cfa_offset 96
 973 05c4 00AF     		add	r7, sp, #0
 974              	.LCFI32:
 975              		.cfi_def_cfa_register 7
 976 05c6 F860     		str	r0, [r7, #12]
 977 05c8 B960     		str	r1, [r7, #8]
 978 05ca 7A60     		str	r2, [r7, #4]
 979 05cc 3B60     		str	r3, [r7, #0]
 133:../src/command.c **** 	char temp_buff[64] = { 0 };
 980              		.loc 1 133 0
 981 05ce 07F11002 		add	r2, r7, #16
 982 05d2 4FF04003 		mov	r3, #64
 983 05d6 1046     		mov	r0, r2
 984 05d8 4FF00001 		mov	r1, #0
 985 05dc 1A46     		mov	r2, r3
 986 05de FFF7FEFF 		bl	memset
 134:../src/command.c **** 	//xprintf("sks_cmd_Rename\n\r");
 135:../src/command.c **** 	char set = 0;
 987              		.loc 1 135 0
 988 05e2 4FF00003 		mov	r3, #0
 989 05e6 87F85730 		strb	r3, [r7, #87]
 136:../src/command.c **** 	if (argv[4] == NULL)
 990              		.loc 1 136 0
 991 05ea 3B68     		ldr	r3, [r7, #0]
 992 05ec 03F11003 		add	r3, r3, #16
 993 05f0 1B68     		ldr	r3, [r3, #0]
 994 05f2 002B     		cmp	r3, #0
 995 05f4 01D1     		bne	.L48
 137:../src/command.c **** 		return size;
 996              		.loc 1 137 0
 997 05f6 3B6E     		ldr	r3, [r7, #96]
 998 05f8 3EE0     		b	.L52
 999              	.L48:
 138:../src/command.c **** 	set = atoi(argv[4]);
 1000              		.loc 1 138 0
 1001 05fa 3B68     		ldr	r3, [r7, #0]
 1002 05fc 03F11003 		add	r3, r3, #16
 1003 0600 1B68     		ldr	r3, [r3, #0]
 1004 0602 1846     		mov	r0, r3
 1005 0604 FFF7FEFF 		bl	atoi
 1006 0608 0346     		mov	r3, r0
 1007 060a 87F85730 		strb	r3, [r7, #87]
 139:../src/command.c **** 	if (set == 1) {
 1008              		.loc 1 139 0
 1009 060e 97F85730 		ldrb	r3, [r7, #87]	@ zero_extendqisi2
 1010 0612 012B     		cmp	r3, #1
 1011 0614 2ED1     		bne	.L50
 140:../src/command.c **** 		if (argv[5] != NULL) {
 1012              		.loc 1 140 0
 1013 0616 3B68     		ldr	r3, [r7, #0]
 1014 0618 03F11403 		add	r3, r3, #20
 1015 061c 1B68     		ldr	r3, [r3, #0]
 1016 061e 002B     		cmp	r3, #0
 1017 0620 28D0     		beq	.L50
 1018              	.LBB5:
 141:../src/command.c **** 			int len = (argv[6] - argv[5]) - 1;
 1019              		.loc 1 141 0
 1020 0622 3B68     		ldr	r3, [r7, #0]
 1021 0624 03F11803 		add	r3, r3, #24
 1022 0628 1B68     		ldr	r3, [r3, #0]
 1023 062a 1A46     		mov	r2, r3
 1024 062c 3B68     		ldr	r3, [r7, #0]
 1025 062e 03F11403 		add	r3, r3, #20
 1026 0632 1B68     		ldr	r3, [r3, #0]
 1027 0634 D31A     		subs	r3, r2, r3
 1028 0636 03F1FF33 		add	r3, r3, #-1
 1029 063a 3B65     		str	r3, [r7, #80]
 142:../src/command.c **** 			memccpy(temp_buff, argv[5], 0, len);
 1030              		.loc 1 142 0
 1031 063c 3B68     		ldr	r3, [r7, #0]
 1032 063e 03F11403 		add	r3, r3, #20
 1033 0642 1B68     		ldr	r3, [r3, #0]
 1034 0644 07F11002 		add	r2, r7, #16
 1035 0648 1046     		mov	r0, r2
 1036 064a 1946     		mov	r1, r3
 1037 064c 4FF00002 		mov	r2, #0
 1038 0650 3B6D     		ldr	r3, [r7, #80]
 1039 0652 FFF7FEFF 		bl	memccpy
 143:../src/command.c **** 			//xprintf("%s\n\r", temp_buff);
 144:../src/command.c **** 			if (HC05_SetName(temp_buff) == 1)
 1040              		.loc 1 144 0
 1041 0656 07F11003 		add	r3, r7, #16
 1042 065a 1846     		mov	r0, r3
 1043 065c FFF7FEFF 		bl	HC05_SetName
 1044 0660 0346     		mov	r3, r0
 1045 0662 012B     		cmp	r3, #1
 1046 0664 03D1     		bne	.L51
 145:../src/command.c **** 				xprintf("successful\r\n");
 1047              		.loc 1 145 0
 1048 0666 0748     		ldr	r0, .L53
 1049 0668 FFF7FEFF 		bl	xprintf
 1050 066c 02E0     		b	.L50
 1051              	.L51:
 146:../src/command.c **** 			else
 147:../src/command.c **** 				xprintf("fail\r\n");
 1052              		.loc 1 147 0
 1053 066e 0648     		ldr	r0, .L53+4
 1054 0670 FFF7FEFF 		bl	xprintf
 1055              	.L50:
 1056              	.LBE5:
 148:../src/command.c **** 		}
 149:../src/command.c **** 	}
 150:../src/command.c **** 	return 0;
 1057              		.loc 1 150 0
 1058 0674 4FF00003 		mov	r3, #0
 1059              	.L52:
 151:../src/command.c **** }
 1060              		.loc 1 151 0
 1061 0678 1846     		mov	r0, r3
 1062 067a 07F15807 		add	r7, r7, #88
 1063 067e BD46     		mov	sp, r7
 1064 0680 80BD     		pop	{r7, pc}
 1065              	.L54:
 1066 0682 00BF     		.align	2
 1067              	.L53:
 1068 0684 38000000 		.word	.LC3
 1069 0688 48000000 		.word	.LC4
 1070              		.cfi_endproc
 1071              	.LFE10:
 1073              		.section	.rodata
 1074 004f 00       		.align	2
 1075              	.LC5:
 1076 0050 736B735F 		.ascii	"sks_cmd_Reset_Default\012\015\000"
 1076      636D645F 
 1076      52657365 
 1076      745F4465 
 1076      6661756C 
 1077              		.text
 1078              		.align	2
 1079              		.thumb
 1080              		.thumb_func
 1082              	sks_cmd_Reset_Defautl:
 1083              	.LFB11:
 152:../src/command.c **** //BLE03
 153:../src/command.c **** static int sks_cmd_Reset_Defautl(int from, char* command, int argc, char** argv,
 154:../src/command.c **** 		int size, int total) {
 1084              		.loc 1 154 0
 1085              		.cfi_startproc
 1086              		@ args = 8, pretend = 0, frame = 16
 1087              		@ frame_needed = 1, uses_anonymous_args = 0
 1088 068c 80B5     		push	{r7, lr}
 1089              	.LCFI33:
 1090              		.cfi_def_cfa_offset 8
 1091              		.cfi_offset 7, -8
 1092              		.cfi_offset 14, -4
 1093 068e 84B0     		sub	sp, sp, #16
 1094              	.LCFI34:
 1095              		.cfi_def_cfa_offset 24
 1096 0690 00AF     		add	r7, sp, #0
 1097              	.LCFI35:
 1098              		.cfi_def_cfa_register 7
 1099 0692 F860     		str	r0, [r7, #12]
 1100 0694 B960     		str	r1, [r7, #8]
 1101 0696 7A60     		str	r2, [r7, #4]
 1102 0698 3B60     		str	r3, [r7, #0]
 155:../src/command.c **** 	xprintf("sks_cmd_Reset_Default\n\r");
 1103              		.loc 1 155 0
 1104 069a 0548     		ldr	r0, .L57
 1105 069c FFF7FEFF 		bl	xprintf
 156:../src/command.c **** 	//memset(buff_cmd, 0, sizeof(buff_cmd));
 157:../src/command.c **** 	return 0;
 1106              		.loc 1 157 0
 1107 06a0 4FF00003 		mov	r3, #0
 158:../src/command.c **** }
 1108              		.loc 1 158 0
 1109 06a4 1846     		mov	r0, r3
 1110 06a6 07F11007 		add	r7, r7, #16
 1111 06aa BD46     		mov	sp, r7
 1112 06ac 80BD     		pop	{r7, pc}
 1113              	.L58:
 1114 06ae 00BF     		.align	2
 1115              	.L57:
 1116 06b0 50000000 		.word	.LC5
 1117              		.cfi_endproc
 1118              	.LFE11:
 1120              		.global	handlers
 1121              		.section	.rodata
 1122              		.align	2
 1123              	.LC6:
 1124 0068 424C4530 		.ascii	"BLE01\000"
 1124      3100
 1125 006e 0000     		.align	2
 1126              	.LC7:
 1127 0070 424C4530 		.ascii	"BLE02\000"
 1127      3200
 1128 0076 0000     		.align	2
 1129              	.LC8:
 1130 0078 424C4530 		.ascii	"BLE03\000"
 1130      3300
 1131 007e 0000     		.data
 1132              		.align	2
 1135              	handlers:
 1136 0000 68000000 		.word	.LC6
 1137 0004 00000000 		.word	sks_cmd_Set_PassWord
 1138 0008 00000000 		.space	4
 1139 000c 70000000 		.word	.LC7
 1140 0010 00000000 		.word	sks_cmd_Renane
 1141 0014 00000000 		.space	4
 1142 0018 78000000 		.word	.LC8
 1143 001c 00000000 		.word	sks_cmd_Reset_Defautl
 1144 0020 00000000 		.space	4
 1145 0024 00000000 		.word	0
 1146 0028 00000000 		.word	0
 1147 002c 00000000 		.space	4
 1148              		.text
 1149              		.align	2
 1150              		.global	server_on_command
 1151              		.thumb
 1152              		.thumb_func
 1154              	server_on_command:
 1155              	.LFB12:
 159:../src/command.c **** SKS_HANDLER handlers[] = { { "BLE01", sks_cmd_Set_PassWord }, //set password
 160:../src/command.c **** 		{ "BLE02", sks_cmd_Renane }, //set name
 161:../src/command.c **** 		{ "BLE03", sks_cmd_Reset_Defautl }, //set default
 162:../src/command.c **** 		{ NULL, NULL } };
 163:../src/command.c **** 
 164:../src/command.c **** int server_on_command(int from, char * data, int size) {
 1156              		.loc 1 164 0
 1157              		.cfi_startproc
 1158              		@ args = 0, pretend = 0, frame = 184
 1159              		@ frame_needed = 1, uses_anonymous_args = 0
 1160 06b4 90B5     		push	{r4, r7, lr}
 1161              	.LCFI36:
 1162              		.cfi_def_cfa_offset 12
 1163              		.cfi_offset 4, -12
 1164              		.cfi_offset 7, -8
 1165              		.cfi_offset 14, -4
 1166 06b6 B1B0     		sub	sp, sp, #196
 1167              	.LCFI37:
 1168              		.cfi_def_cfa_offset 208
 1169 06b8 02AF     		add	r7, sp, #8
 1170              	.LCFI38:
 1171              		.cfi_def_cfa 7, 200
 1172 06ba F860     		str	r0, [r7, #12]
 1173 06bc B960     		str	r1, [r7, #8]
 1174 06be 7A60     		str	r2, [r7, #4]
 165:../src/command.c **** #define SKS_MAX_CMD_LEN 10
 166:../src/command.c **** #define SKS_MAX_ARGV 	25
 167:../src/command.c **** 	int result = 0;
 1175              		.loc 1 167 0
 1176 06c0 4FF00003 		mov	r3, #0
 1177 06c4 C7F8B430 		str	r3, [r7, #180]
 168:../src/command.c **** 	int field = 0;
 1178              		.loc 1 168 0
 1179 06c8 4FF00003 		mov	r3, #0
 1180 06cc C7F8B030 		str	r3, [r7, #176]
 169:../src/command.c **** 	int ftmp;
 170:../src/command.c **** 	int j = 0;
 1181              		.loc 1 170 0
 1182 06d0 4FF00003 		mov	r3, #0
 1183 06d4 C7F8AC30 		str	r3, [r7, #172]
 171:../src/command.c **** 	char *ptr = data;
 1184              		.loc 1 171 0
 1185 06d8 BB68     		ldr	r3, [r7, #8]
 1186 06da C7F8A830 		str	r3, [r7, #168]
 172:../src/command.c **** 	//char invalide_code = 0;
 173:../src/command.c **** 	char command[SKS_MAX_CMD_LEN + 1] = { 0 };
 1187              		.loc 1 173 0
 1188 06de 07F18C03 		add	r3, r7, #140
 1189 06e2 4FF00002 		mov	r2, #0
 1190 06e6 1A60     		str	r2, [r3, #0]
 1191 06e8 03F10403 		add	r3, r3, #4
 1192 06ec 4FF00002 		mov	r2, #0
 1193 06f0 1A60     		str	r2, [r3, #0]
 1194 06f2 03F10403 		add	r3, r3, #4
 1195 06f6 4FF00002 		mov	r2, #0
 1196 06fa 1A80     		strh	r2, [r3, #0]	@ movhi
 1197 06fc 03F10203 		add	r3, r3, #2
 1198 0700 4FF00002 		mov	r2, #0
 1199 0704 1A70     		strb	r2, [r3, #0]
 1200 0706 03F10103 		add	r3, r3, #1
 174:../src/command.c **** 	//*XX,YYYYYYYYYY,CMD,VVVVVV,PARA1,PARA2,#
 175:../src/command.c **** 	int endPos = 0;
 1201              		.loc 1 175 0
 1202 070a 4FF00003 		mov	r3, #0
 1203 070e C7F8A430 		str	r3, [r7, #164]
 176:../src/command.c **** 	int i = 0;
 1204              		.loc 1 176 0
 1205 0712 4FF00003 		mov	r3, #0
 1206 0716 C7F8A030 		str	r3, [r7, #160]
 177:../src/command.c **** 	char item_buff[20] = { 0 };
 1207              		.loc 1 177 0
 1208 071a 07F17803 		add	r3, r7, #120
 1209 071e 4FF00002 		mov	r2, #0
 1210 0722 1A60     		str	r2, [r3, #0]
 1211 0724 03F10403 		add	r3, r3, #4
 1212 0728 4FF00002 		mov	r2, #0
 1213 072c 1A60     		str	r2, [r3, #0]
 1214 072e 03F10403 		add	r3, r3, #4
 1215 0732 4FF00002 		mov	r2, #0
 1216 0736 1A60     		str	r2, [r3, #0]
 1217 0738 03F10403 		add	r3, r3, #4
 1218 073c 4FF00002 		mov	r2, #0
 1219 0740 1A60     		str	r2, [r3, #0]
 1220 0742 03F10403 		add	r3, r3, #4
 1221 0746 4FF00002 		mov	r2, #0
 1222 074a 1A60     		str	r2, [r3, #0]
 1223 074c 03F10403 		add	r3, r3, #4
 178:../src/command.c **** 	char* arg[SKS_MAX_ARGV];
 179:../src/command.c **** 	for (i = 0; i < size; i++) {
 1224              		.loc 1 179 0
 1225 0750 4FF00003 		mov	r3, #0
 1226 0754 C7F8A030 		str	r3, [r7, #160]
 1227 0758 21E0     		b	.L60
 1228              	.L64:
 180:../src/command.c **** 		if ((data[i] == '#') || (data[i] == '\n') || (data[i] == '\0')) {
 1229              		.loc 1 180 0
 1230 075a D7F8A030 		ldr	r3, [r7, #160]
 1231 075e BA68     		ldr	r2, [r7, #8]
 1232 0760 D318     		adds	r3, r2, r3
 1233 0762 1B78     		ldrb	r3, [r3, #0]	@ zero_extendqisi2
 1234 0764 232B     		cmp	r3, #35
 1235 0766 0DD0     		beq	.L61
 1236              		.loc 1 180 0 is_stmt 0 discriminator 1
 1237 0768 D7F8A030 		ldr	r3, [r7, #160]
 1238 076c BA68     		ldr	r2, [r7, #8]
 1239 076e D318     		adds	r3, r2, r3
 1240 0770 1B78     		ldrb	r3, [r3, #0]	@ zero_extendqisi2
 1241 0772 0A2B     		cmp	r3, #10
 1242 0774 06D0     		beq	.L61
 1243 0776 D7F8A030 		ldr	r3, [r7, #160]
 1244 077a BA68     		ldr	r2, [r7, #8]
 1245 077c D318     		adds	r3, r2, r3
 1246 077e 1B78     		ldrb	r3, [r3, #0]	@ zero_extendqisi2
 1247 0780 002B     		cmp	r3, #0
 1248 0782 06D1     		bne	.L62
 1249              	.L61:
 181:../src/command.c **** 			//xprintf("jump here");
 182:../src/command.c **** 			endPos = i + 1;
 1250              		.loc 1 182 0 is_stmt 1
 1251 0784 D7F8A030 		ldr	r3, [r7, #160]
 1252 0788 03F10103 		add	r3, r3, #1
 1253 078c C7F8A430 		str	r3, [r7, #164]
 183:../src/command.c **** 			break;
 1254              		.loc 1 183 0
 1255 0790 0AE0     		b	.L63
 1256              	.L62:
 179:../src/command.c **** 	for (i = 0; i < size; i++) {
 1257              		.loc 1 179 0
 1258 0792 D7F8A030 		ldr	r3, [r7, #160]
 1259 0796 03F10103 		add	r3, r3, #1
 1260 079a C7F8A030 		str	r3, [r7, #160]
 1261              	.L60:
 179:../src/command.c **** 	for (i = 0; i < size; i++) {
 1262              		.loc 1 179 0 is_stmt 0 discriminator 1
 1263 079e D7F8A020 		ldr	r2, [r7, #160]
 1264 07a2 7B68     		ldr	r3, [r7, #4]
 1265 07a4 9A42     		cmp	r2, r3
 1266 07a6 D8DB     		blt	.L64
 1267              	.L63:
 184:../src/command.c **** 		}
 185:../src/command.c **** 	}
 186:../src/command.c **** 	if (endPos == 0)
 1268              		.loc 1 186 0 is_stmt 1
 1269 07a8 D7F8A430 		ldr	r3, [r7, #164]
 1270 07ac 002B     		cmp	r3, #0
 1271 07ae 02D1     		bne	.L65
 187:../src/command.c **** 		return 0; //Waiting for end command sign
 1272              		.loc 1 187 0
 1273 07b0 4FF00003 		mov	r3, #0
 1274 07b4 74E1     		b	.L92
 1275              	.L65:
 1276              	.LBB6:
 188:../src/command.c **** 
 189:../src/command.c **** 	for (int i = 0; i < endPos; i++) {
 1277              		.loc 1 189 0
 1278 07b6 4FF00003 		mov	r3, #0
 1279 07ba C7F89C30 		str	r3, [r7, #156]
 1280 07be D2E0     		b	.L67
 1281              	.L82:
 190:../src/command.c **** 		if ((data[i] == ',') || (data[i] == '\n') || (data[i] == '#')
 1282              		.loc 1 190 0
 1283 07c0 D7F89C30 		ldr	r3, [r7, #156]
 1284 07c4 BA68     		ldr	r2, [r7, #8]
 1285 07c6 D318     		adds	r3, r2, r3
 1286 07c8 1B78     		ldrb	r3, [r3, #0]	@ zero_extendqisi2
 1287 07ca 2C2B     		cmp	r3, #44
 1288 07cc 15D0     		beq	.L68
 1289              		.loc 1 190 0 is_stmt 0 discriminator 1
 1290 07ce D7F89C30 		ldr	r3, [r7, #156]
 1291 07d2 BA68     		ldr	r2, [r7, #8]
 1292 07d4 D318     		adds	r3, r2, r3
 1293 07d6 1B78     		ldrb	r3, [r3, #0]	@ zero_extendqisi2
 1294 07d8 0A2B     		cmp	r3, #10
 1295 07da 0ED0     		beq	.L68
 1296 07dc D7F89C30 		ldr	r3, [r7, #156]
 1297 07e0 BA68     		ldr	r2, [r7, #8]
 1298 07e2 D318     		adds	r3, r2, r3
 1299 07e4 1B78     		ldrb	r3, [r3, #0]	@ zero_extendqisi2
 1300 07e6 232B     		cmp	r3, #35
 1301 07e8 07D0     		beq	.L68
 191:../src/command.c **** 				|| (data[i] == 0x00)) //complete one item
 1302              		.loc 1 191 0 is_stmt 1
 1303 07ea D7F89C30 		ldr	r3, [r7, #156]
 1304 07ee BA68     		ldr	r2, [r7, #8]
 1305 07f0 D318     		adds	r3, r2, r3
 1306 07f2 1B78     		ldrb	r3, [r3, #0]	@ zero_extendqisi2
 1307 07f4 002B     		cmp	r3, #0
 1308 07f6 40F08980 		bne	.L69
 1309              	.L68:
 192:../src/command.c **** 				{
 193:../src/command.c **** 			if (j > 0) {
 1310              		.loc 1 193 0
 1311 07fa D7F8AC30 		ldr	r3, [r7, #172]
 1312 07fe 002B     		cmp	r3, #0
 1313 0800 52DD     		ble	.L70
 194:../src/command.c **** 				if (*(uint32_t*) (ptr) == 0x2C53532A) //*SS,
 1314              		.loc 1 194 0
 1315 0802 D7F8A830 		ldr	r3, [r7, #168]
 1316 0806 1A68     		ldr	r2, [r3, #0]
 1317 0808 A84B     		ldr	r3, .L97
 1318 080a 9A42     		cmp	r2, r3
 1319 080c 03D1     		bne	.L71
 195:../src/command.c **** 						{
 196:../src/command.c **** 					field = 0;
 1320              		.loc 1 196 0
 1321 080e 4FF00003 		mov	r3, #0
 1322 0812 C7F8B030 		str	r3, [r7, #176]
 1323              	.L71:
 197:../src/command.c **** 				}
 198:../src/command.c **** 				ftmp = field;
 1324              		.loc 1 198 0
 1325 0816 D7F8B030 		ldr	r3, [r7, #176]
 1326 081a C7F89830 		str	r3, [r7, #152]
 199:../src/command.c **** 				arg[field % SKS_MAX_ARGV] = ptr;
 1327              		.loc 1 199 0
 1328 081e D7F8B010 		ldr	r1, [r7, #176]
 1329 0822 A34B     		ldr	r3, .L97+4
 1330 0824 83FB0103 		smull	r0, r3, r3, r1
 1331 0828 4FEAE302 		asr	r2, r3, #3
 1332 082c 4FEAE173 		asr	r3, r1, #31
 1333 0830 D21A     		subs	r2, r2, r3
 1334 0832 1346     		mov	r3, r2
 1335 0834 4FEA8303 		lsl	r3, r3, #2
 1336 0838 9B18     		adds	r3, r3, r2
 1337 083a 4FEA8302 		lsl	r2, r3, #2
 1338 083e 9B18     		adds	r3, r3, r2
 1339 0840 CA1A     		subs	r2, r1, r3
 1340 0842 4FEA8203 		lsl	r3, r2, #2
 1341 0846 07F1B802 		add	r2, r7, #184
 1342 084a D318     		adds	r3, r2, r3
 1343 084c D7F8A820 		ldr	r2, [r7, #168]
 1344 0850 43F8A42C 		str	r2, [r3, #-164]
 200:../src/command.c **** 				switch (ftmp) {
 1345              		.loc 1 200 0
 1346 0854 D7F89830 		ldr	r3, [r7, #152]
 1347 0858 032B     		cmp	r3, #3
 1348 085a 22D8     		bhi	.L93
 1349 085c 01A0     		adr	r0, .L77
 1350 085e 50F823F0 		ldr	pc, [r0, r3, lsl #2]
 1351 0862 00BF     		.align	2
 1352              	.L77:
 1353 0864 75080000 		.word	.L73+1
 1354 0868 A3080000 		.word	.L93+1
 1355 086c 87080000 		.word	.L75+1
 1356 0870 A3080000 		.word	.L93+1
 1357              	.L73:
 201:../src/command.c **** 				case 0:
 202:../src/command.c **** 
 203:../src/command.c **** 					if (*(uint32_t*) (ptr) != 0x2C53532A)
 1358              		.loc 1 203 0
 1359 0874 D7F8A830 		ldr	r3, [r7, #168]
 1360 0878 1A68     		ldr	r2, [r3, #0]
 1361 087a 8C4B     		ldr	r3, .L97
 1362 087c 9A42     		cmp	r2, r3
 1363 087e 12D0     		beq	.L94
 204:../src/command.c **** 						return -1; //*SS,
 1364              		.loc 1 204 0
 1365 0880 4FF0FF33 		mov	r3, #-1
 1366 0884 0CE1     		b	.L92
 1367              	.L75:
 205:../src/command.c **** 					break;
 206:../src/command.c **** 				case 1:
 207:../src/command.c **** 					break;
 208:../src/command.c **** 				case 2:
 209:../src/command.c **** 					memcpy(command, ptr,
 210:../src/command.c **** 							j < SKS_MAX_CMD_LEN ? j : SKS_MAX_CMD_LEN);
 1368              		.loc 1 210 0
 1369 0886 D7F8AC30 		ldr	r3, [r7, #172]
 1370 088a 0A2B     		cmp	r3, #10
 1371 088c A8BF     		it	ge
 1372 088e 0A23     		movge	r3, #10
 209:../src/command.c **** 					memcpy(command, ptr,
 1373              		.loc 1 209 0
 1374 0890 07F18C02 		add	r2, r7, #140
 1375 0894 1046     		mov	r0, r2
 1376 0896 D7F8A810 		ldr	r1, [r7, #168]
 1377 089a 1A46     		mov	r2, r3
 1378 089c FFF7FEFF 		bl	memcpy
 211:../src/command.c **** 					break;
 1379              		.loc 1 211 0
 1380 08a0 02E0     		b	.L70
 1381              	.L93:
 212:../src/command.c **** 				case 3:
 213:../src/command.c **** 					break;
 214:../src/command.c **** 				default:
 215:../src/command.c **** 					break;
 1382              		.loc 1 215 0
 1383 08a2 00BF     		nop
 1384 08a4 00E0     		b	.L70
 1385              	.L94:
 205:../src/command.c **** 					break;
 1386              		.loc 1 205 0
 1387 08a6 00BF     		nop
 1388              	.L70:
 216:../src/command.c **** 				}
 217:../src/command.c **** 
 218:../src/command.c **** 			}
 219:../src/command.c **** 			field++;
 1389              		.loc 1 219 0
 1390 08a8 D7F8B030 		ldr	r3, [r7, #176]
 1391 08ac 03F10103 		add	r3, r3, #1
 1392 08b0 C7F8B030 		str	r3, [r7, #176]
 220:../src/command.c **** 			if (field >= SKS_MAX_ARGV)
 1393              		.loc 1 220 0
 1394 08b4 D7F8B030 		ldr	r3, [r7, #176]
 1395 08b8 182B     		cmp	r3, #24
 1396 08ba 5CDC     		bgt	.L95
 1397              	.L79:
 221:../src/command.c **** 				break;
 222:../src/command.c **** 			j = 0; //reset index
 1398              		.loc 1 222 0
 1399 08bc 4FF00003 		mov	r3, #0
 1400 08c0 C7F8AC30 		str	r3, [r7, #172]
 223:../src/command.c **** 			ptr = data + i + 1;
 1401              		.loc 1 223 0
 1402 08c4 D7F89C30 		ldr	r3, [r7, #156]
 1403 08c8 03F10103 		add	r3, r3, #1
 1404 08cc BA68     		ldr	r2, [r7, #8]
 1405 08ce D318     		adds	r3, r2, r3
 1406 08d0 C7F8A830 		str	r3, [r7, #168]
 224:../src/command.c **** 			arg[field % SKS_MAX_ARGV] = ptr;
 1407              		.loc 1 224 0
 1408 08d4 D7F8B010 		ldr	r1, [r7, #176]
 1409 08d8 754B     		ldr	r3, .L97+4
 1410 08da 83FB0123 		smull	r2, r3, r3, r1
 1411 08de 4FEAE302 		asr	r2, r3, #3
 1412 08e2 4FEAE173 		asr	r3, r1, #31
 1413 08e6 D21A     		subs	r2, r2, r3
 1414 08e8 1346     		mov	r3, r2
 1415 08ea 4FEA8303 		lsl	r3, r3, #2
 1416 08ee 9B18     		adds	r3, r3, r2
 1417 08f0 4FEA8302 		lsl	r2, r3, #2
 1418 08f4 9B18     		adds	r3, r3, r2
 1419 08f6 CA1A     		subs	r2, r1, r3
 1420 08f8 4FEA8203 		lsl	r3, r2, #2
 1421 08fc 07F1B800 		add	r0, r7, #184
 1422 0900 C318     		adds	r3, r0, r3
 1423 0902 D7F8A820 		ldr	r2, [r7, #168]
 1424 0906 43F8A42C 		str	r2, [r3, #-164]
 1425 090a 26E0     		b	.L81
 1426              	.L69:
 225:../src/command.c **** 		} else {
 226:../src/command.c **** 			item_buff[j % sizeof(item_buff)] = data[i];
 1427              		.loc 1 226 0
 1428 090c D7F8AC10 		ldr	r1, [r7, #172]
 1429 0910 684B     		ldr	r3, .L97+8
 1430 0912 A3FB0123 		umull	r2, r3, r3, r1
 1431 0916 4FEA1312 		lsr	r2, r3, #4
 1432 091a 1346     		mov	r3, r2
 1433 091c 4FEA8303 		lsl	r3, r3, #2
 1434 0920 9B18     		adds	r3, r3, r2
 1435 0922 4FEA8303 		lsl	r3, r3, #2
 1436 0926 CA1A     		subs	r2, r1, r3
 1437 0928 D7F89C30 		ldr	r3, [r7, #156]
 1438 092c B968     		ldr	r1, [r7, #8]
 1439 092e CB18     		adds	r3, r1, r3
 1440 0930 1978     		ldrb	r1, [r3, #0]	@ zero_extendqisi2
 1441 0932 07F1B800 		add	r0, r7, #184
 1442 0936 8318     		adds	r3, r0, r2
 1443 0938 0A46     		mov	r2, r1
 1444 093a 03F8402C 		strb	r2, [r3, #-64]
 227:../src/command.c **** 			j++;
 1445              		.loc 1 227 0
 1446 093e D7F8AC30 		ldr	r3, [r7, #172]
 1447 0942 03F10103 		add	r3, r3, #1
 1448 0946 C7F8AC30 		str	r3, [r7, #172]
 228:../src/command.c **** 			item_buff[j] = 0x00;
 1449              		.loc 1 228 0
 1450 094a 07F17802 		add	r2, r7, #120
 1451 094e D7F8AC30 		ldr	r3, [r7, #172]
 1452 0952 D318     		adds	r3, r2, r3
 1453 0954 4FF00002 		mov	r2, #0
 1454 0958 1A70     		strb	r2, [r3, #0]
 1455              	.L81:
 189:../src/command.c **** 	for (int i = 0; i < endPos; i++) {
 1456              		.loc 1 189 0
 1457 095a D7F89C30 		ldr	r3, [r7, #156]
 1458 095e 03F10103 		add	r3, r3, #1
 1459 0962 C7F89C30 		str	r3, [r7, #156]
 1460              	.L67:
 189:../src/command.c **** 	for (int i = 0; i < endPos; i++) {
 1461              		.loc 1 189 0 is_stmt 0 discriminator 1
 1462 0966 D7F89C20 		ldr	r2, [r7, #156]
 1463 096a D7F8A430 		ldr	r3, [r7, #164]
 1464 096e 9A42     		cmp	r2, r3
 1465 0970 FFF626AF 		blt	.L82
 1466 0974 00E0     		b	.L80
 1467              	.L95:
 221:../src/command.c **** 				break;
 1468              		.loc 1 221 0 is_stmt 1
 1469 0976 00BF     		nop
 1470              	.L80:
 1471              	.LBE6:
 229:../src/command.c **** 		}
 230:../src/command.c **** 	}
 231:../src/command.c **** 	if (field > SKS_MAX_ARGV)
 1472              		.loc 1 231 0
 1473 0978 D7F8B030 		ldr	r3, [r7, #176]
 1474 097c 192B     		cmp	r3, #25
 1475 097e 02DD     		ble	.L83
 232:../src/command.c **** 		return endPos; //Too many param
 1476              		.loc 1 232 0
 1477 0980 D7F8A430 		ldr	r3, [r7, #164]
 1478 0984 8CE0     		b	.L92
 1479              	.L83:
 233:../src/command.c **** 	if (field <= 3)
 1480              		.loc 1 233 0
 1481 0986 D7F8B030 		ldr	r3, [r7, #176]
 1482 098a 032B     		cmp	r3, #3
 1483 098c 02DC     		bgt	.L84
 234:../src/command.c **** 		return endPos; //Too few param
 1484              		.loc 1 234 0
 1485 098e D7F8A430 		ldr	r3, [r7, #164]
 1486 0992 85E0     		b	.L92
 1487              	.L84:
 235:../src/command.c **** 
 236:../src/command.c **** 	i = 0;
 1488              		.loc 1 236 0
 1489 0994 4FF00003 		mov	r3, #0
 1490 0998 C7F8A030 		str	r3, [r7, #160]
 237:../src/command.c **** 	result = -1;
 1491              		.loc 1 237 0
 1492 099c 4FF0FF33 		mov	r3, #-1
 1493 09a0 C7F8B430 		str	r3, [r7, #180]
 238:../src/command.c **** 	response = 0;
 1494              		.loc 1 238 0
 1495 09a4 444B     		ldr	r3, .L97+12
 1496 09a6 4FF00002 		mov	r2, #0
 1497 09aa 1A60     		str	r2, [r3, #0]
 239:../src/command.c **** 	while (handlers[i].cmd) {
 1498              		.loc 1 239 0
 1499 09ac 50E0     		b	.L85
 1500              	.L89:
 240:../src/command.c **** 		if (strcmp(command, handlers[i].cmd) == 0) {
 1501              		.loc 1 240 0
 1502 09ae 4349     		ldr	r1, .L97+16
 1503 09b0 D7F8A020 		ldr	r2, [r7, #160]
 1504 09b4 1346     		mov	r3, r2
 1505 09b6 4FEA4303 		lsl	r3, r3, #1
 1506 09ba 9B18     		adds	r3, r3, r2
 1507 09bc 4FEA8303 		lsl	r3, r3, #2
 1508 09c0 CB18     		adds	r3, r1, r3
 1509 09c2 1B68     		ldr	r3, [r3, #0]
 1510 09c4 07F18C02 		add	r2, r7, #140
 1511 09c8 1046     		mov	r0, r2
 1512 09ca 1946     		mov	r1, r3
 1513 09cc FFF7FEFF 		bl	strcmp
 1514 09d0 0346     		mov	r3, r0
 1515 09d2 002B     		cmp	r3, #0
 1516 09d4 36D1     		bne	.L86
 241:../src/command.c **** 			if (!(handlers[i].dis_mask & from)) //Chi cho phep gui lenh tu nguon
 1517              		.loc 1 241 0
 1518 09d6 3949     		ldr	r1, .L97+16
 1519 09d8 D7F8A020 		ldr	r2, [r7, #160]
 1520 09dc 1346     		mov	r3, r2
 1521 09de 4FEA4303 		lsl	r3, r3, #1
 1522 09e2 9B18     		adds	r3, r3, r2
 1523 09e4 4FEA8303 		lsl	r3, r3, #2
 1524 09e8 CB18     		adds	r3, r1, r3
 1525 09ea 03F10803 		add	r3, r3, #8
 1526 09ee 1B88     		ldrh	r3, [r3, #0]
 1527 09f0 1A46     		mov	r2, r3
 1528 09f2 FB68     		ldr	r3, [r7, #12]
 1529 09f4 1340     		ands	r3, r3, r2
 1530 09f6 002B     		cmp	r3, #0
 1531 09f8 38D1     		bne	.L96
 242:../src/command.c **** 			{
 243:../src/command.c **** 				memset(Response, 0, 200);
 1532              		.loc 1 243 0
 1533 09fa 3148     		ldr	r0, .L97+20
 1534 09fc 4FF00001 		mov	r1, #0
 1535 0a00 4FF0C802 		mov	r2, #200
 1536 0a04 FFF7FEFF 		bl	memset
 244:../src/command.c **** 				result = handlers[i].handler(from, command, field, arg, endPos,
 1537              		.loc 1 244 0
 1538 0a08 2C49     		ldr	r1, .L97+16
 1539 0a0a D7F8A020 		ldr	r2, [r7, #160]
 1540 0a0e 1346     		mov	r3, r2
 1541 0a10 4FEA4303 		lsl	r3, r3, #1
 1542 0a14 9B18     		adds	r3, r3, r2
 1543 0a16 4FEA8303 		lsl	r3, r3, #2
 1544 0a1a CB18     		adds	r3, r1, r3
 1545 0a1c 03F10403 		add	r3, r3, #4
 1546 0a20 1C68     		ldr	r4, [r3, #0]
 1547 0a22 07F18C02 		add	r2, r7, #140
 1548 0a26 07F11403 		add	r3, r7, #20
 1549 0a2a D7F8A410 		ldr	r1, [r7, #164]
 1550 0a2e 0091     		str	r1, [sp, #0]
 1551 0a30 7968     		ldr	r1, [r7, #4]
 1552 0a32 0191     		str	r1, [sp, #4]
 1553 0a34 F868     		ldr	r0, [r7, #12]
 1554 0a36 1146     		mov	r1, r2
 1555 0a38 D7F8B020 		ldr	r2, [r7, #176]
 1556 0a3c A047     		blx	r4
 1557 0a3e C7F8B400 		str	r0, [r7, #180]
 245:../src/command.c **** 						size);
 246:../src/command.c **** 			}
 247:../src/command.c **** 			break;
 1558              		.loc 1 247 0
 1559 0a42 13E0     		b	.L96
 1560              	.L86:
 248:../src/command.c **** 		}
 249:../src/command.c **** 		i++;
 1561              		.loc 1 249 0
 1562 0a44 D7F8A030 		ldr	r3, [r7, #160]
 1563 0a48 03F10103 		add	r3, r3, #1
 1564 0a4c C7F8A030 		str	r3, [r7, #160]
 1565              	.L85:
 239:../src/command.c **** 	while (handlers[i].cmd) {
 1566              		.loc 1 239 0 discriminator 1
 1567 0a50 1A49     		ldr	r1, .L97+16
 1568 0a52 D7F8A020 		ldr	r2, [r7, #160]
 1569 0a56 1346     		mov	r3, r2
 1570 0a58 4FEA4303 		lsl	r3, r3, #1
 1571 0a5c 9B18     		adds	r3, r3, r2
 1572 0a5e 4FEA8303 		lsl	r3, r3, #2
 1573 0a62 CB18     		adds	r3, r1, r3
 1574 0a64 1B68     		ldr	r3, [r3, #0]
 1575 0a66 002B     		cmp	r3, #0
 1576 0a68 A1D1     		bne	.L89
 1577 0a6a 00E0     		b	.L88
 1578              	.L96:
 247:../src/command.c **** 			break;
 1579              		.loc 1 247 0
 1580 0a6c 00BF     		nop
 1581              	.L88:
 250:../src/command.c **** 	}
 251:../src/command.c **** 
 252:../src/command.c **** 	if (result > 0) {
 1582              		.loc 1 252 0
 1583 0a6e D7F8B430 		ldr	r3, [r7, #180]
 1584 0a72 002B     		cmp	r3, #0
 1585 0a74 0ADD     		ble	.L90
 253:../src/command.c **** 		if (response) {
 1586              		.loc 1 253 0
 1587 0a76 104B     		ldr	r3, .L97+12
 1588 0a78 1B68     		ldr	r3, [r3, #0]
 1589 0a7a 002B     		cmp	r3, #0
 1590 0a7c 0ED0     		beq	.L91
 254:../src/command.c **** 			if (from == SKS_CMD_SOURCE_COM1) {
 1591              		.loc 1 254 0
 1592 0a7e FB68     		ldr	r3, [r7, #12]
 1593 0a80 012B     		cmp	r3, #1
 1594 0a82 0BD1     		bne	.L91
 255:../src/command.c **** 				xprintf(Response);
 1595              		.loc 1 255 0
 1596 0a84 0E48     		ldr	r0, .L97+20
 1597 0a86 FFF7FEFF 		bl	xprintf
 1598 0a8a 07E0     		b	.L91
 1599              	.L90:
 256:../src/command.c **** 			} else if (from == SKS_CMD_SOURCE_COM2) {
 257:../src/command.c **** 			} else {
 258:../src/command.c **** 			}
 259:../src/command.c **** 		}
 260:../src/command.c **** 	} else if (result < 0) {
 1600              		.loc 1 260 0
 1601 0a8c D7F8B430 		ldr	r3, [r7, #180]
 1602 0a90 002B     		cmp	r3, #0
 1603 0a92 03DA     		bge	.L91
 261:../src/command.c **** 		result = endPos;
 1604              		.loc 1 261 0
 1605 0a94 D7F8A430 		ldr	r3, [r7, #164]
 1606 0a98 C7F8B430 		str	r3, [r7, #180]
 1607              	.L91:
 262:../src/command.c **** 	}
 263:../src/command.c **** 	return result;
 1608              		.loc 1 263 0
 1609 0a9c D7F8B430 		ldr	r3, [r7, #180]
 1610              	.L92:
 264:../src/command.c **** }
 1611              		.loc 1 264 0
 1612 0aa0 1846     		mov	r0, r3
 1613 0aa2 07F1BC07 		add	r7, r7, #188
 1614 0aa6 BD46     		mov	sp, r7
 1615 0aa8 90BD     		pop	{r4, r7, pc}
 1616              	.L98:
 1617 0aaa 00BF     		.align	2
 1618              	.L97:
 1619 0aac 2A53532C 		.word	743658282
 1620 0ab0 1F85EB51 		.word	1374389535
 1621 0ab4 CDCCCCCC 		.word	-858993459
 1622 0ab8 00000000 		.word	response
 1623 0abc 00000000 		.word	handlers
 1624 0ac0 04000000 		.word	Response
 1625              		.cfi_endproc
 1626              	.LFE12:
 1628              	.Letext0:
 1629              		.file 2 "c:\\program files (x86)\\codesourcery\\sourcery_codebench_lite_for_arm_eabi\\bin\\../lib/
DEFINED SYMBOLS
                            *ABS*:00000000 command.c
C:\Users\THANGN~1\AppData\Local\Temp\cccs6ND1.s:19     .bss:00000000 $d
C:\Users\THANGN~1\AppData\Local\Temp\cccs6ND1.s:20     .bss:00000000 response
C:\Users\THANGN~1\AppData\Local\Temp\cccs6ND1.s:27     .rodata:00000000 HexChar
C:\Users\THANGN~1\AppData\Local\Temp\cccs6ND1.s:24     .rodata:00000000 $d
C:\Users\THANGN~1\AppData\Local\Temp\cccs6ND1.s:30     .text:00000000 $t
C:\Users\THANGN~1\AppData\Local\Temp\cccs6ND1.s:35     .text:00000000 CharToHex
C:\Users\THANGN~1\AppData\Local\Temp\cccs6ND1.s:207    .text:00000180 HexToChar
C:\Users\THANGN~1\AppData\Local\Temp\cccs6ND1.s:296    .text:00000224 $d
C:\Users\THANGN~1\AppData\Local\Temp\cccs6ND1.s:300    .text:00000228 $t
C:\Users\THANGN~1\AppData\Local\Temp\cccs6ND1.s:305    .text:00000228 append_int
C:\Users\THANGN~1\AppData\Local\Temp\cccs6ND1.s:387    .text:000002b0 $d
C:\Users\THANGN~1\AppData\Local\Temp\cccs6ND1.s:391    .text:000002b4 $t
C:\Users\THANGN~1\AppData\Local\Temp\cccs6ND1.s:396    .text:000002b4 append_char
C:\Users\THANGN~1\AppData\Local\Temp\cccs6ND1.s:439    .text:000002dc append_hex
C:\Users\THANGN~1\AppData\Local\Temp\cccs6ND1.s:494    .text:0000032c $d
C:\Users\THANGN~1\AppData\Local\Temp\cccs6ND1.s:498    .text:00000330 $t
C:\Users\THANGN~1\AppData\Local\Temp\cccs6ND1.s:503    .text:00000330 append_hex_long
C:\Users\THANGN~1\AppData\Local\Temp\cccs6ND1.s:610    .text:00000400 $d
C:\Users\THANGN~1\AppData\Local\Temp\cccs6ND1.s:619    .text:00000404 $t
C:\Users\THANGN~1\AppData\Local\Temp\cccs6ND1.s:624    .text:00000404 append_sign
C:\Users\THANGN~1\AppData\Local\Temp\cccs6ND1.s:660    .text:00000428 $d
C:\Users\THANGN~1\AppData\Local\Temp\cccs6ND1.s:664    .text:0000042c $t
C:\Users\THANGN~1\AppData\Local\Temp\cccs6ND1.s:669    .text:0000042c next_char
C:\Users\THANGN~1\AppData\Local\Temp\cccs6ND1.s:723    .bss:00000004 Response
C:\Users\THANGN~1\AppData\Local\Temp\cccs6ND1.s:735    .text:0000046c create_v3
C:\Users\THANGN~1\AppData\Local\Temp\cccs6ND1.s:832    .text:00000508 $d
C:\Users\THANGN~1\AppData\Local\Temp\cccs6ND1.s:842    .text:00000510 $t
C:\Users\THANGN~1\AppData\Local\Temp\cccs6ND1.s:846    .text:00000510 sks_cmd_Set_PassWord
C:\Users\THANGN~1\AppData\Local\Temp\cccs6ND1.s:943    .text:000005bc $d
C:\Users\THANGN~1\AppData\Local\Temp\cccs6ND1.s:955    .text:000005c0 $t
C:\Users\THANGN~1\AppData\Local\Temp\cccs6ND1.s:959    .text:000005c0 sks_cmd_Renane
C:\Users\THANGN~1\AppData\Local\Temp\cccs6ND1.s:1068   .text:00000684 $d
C:\Users\THANGN~1\AppData\Local\Temp\cccs6ND1.s:1078   .text:0000068c $t
C:\Users\THANGN~1\AppData\Local\Temp\cccs6ND1.s:1082   .text:0000068c sks_cmd_Reset_Defautl
C:\Users\THANGN~1\AppData\Local\Temp\cccs6ND1.s:1116   .text:000006b0 $d
C:\Users\THANGN~1\AppData\Local\Temp\cccs6ND1.s:1135   .data:00000000 handlers
C:\Users\THANGN~1\AppData\Local\Temp\cccs6ND1.s:1132   .data:00000000 $d
C:\Users\THANGN~1\AppData\Local\Temp\cccs6ND1.s:1149   .text:000006b4 $t
C:\Users\THANGN~1\AppData\Local\Temp\cccs6ND1.s:1154   .text:000006b4 server_on_command
C:\Users\THANGN~1\AppData\Local\Temp\cccs6ND1.s:1353   .text:00000864 $d
C:\Users\THANGN~1\AppData\Local\Temp\cccs6ND1.s:1359   .text:00000874 $t
C:\Users\THANGN~1\AppData\Local\Temp\cccs6ND1.s:1619   .text:00000aac $d
                     .debug_frame:00000010 $d
                           .group:00000000 wm4.1.6e5f3786b89b666b3dcc7c4c84d9d480
                           .group:00000000 wm4.newlib.h.8.e1d498e57c12962fc6d7be5061a6981a
                           .group:00000000 wm4.config.h.148.52fe83653334d06815a0c57b59a3e584
                           .group:00000000 wm4._ansi.h.23.8aa39ec63c47b0c474529e4131d42f04
                           .group:00000000 wm4.stdio.h.31.f48311dde756a2aec27351b58a280fb9
                           .group:00000000 wm4.stddef.h.187.9e651b6b8b16e149c1353259404973ea
                           .group:00000000 wm4.stdarg.h.34.3a23a216c0c293b3d2ea2e89281481e6
                           .group:00000000 wm4._default_types.h.6.1dbd2e581fd590860c7c17f21d147e91
                           .group:00000000 wm4.lock.h.2.9bc98482741e5e2a9450b12934a684ea
                           .group:00000000 wm4.stddef.h.349.31f4c5baff3fa2689010b32028da9c47
                           .group:00000000 wm4.reent.h.16.58b23a9f0faf0e7f2dfe7e2d33154afd
                           .group:00000000 wm4.types.h.23.0d949686bbcadd1621462d4fa1f884f9
                           .group:00000000 wm4.stddef.h.40.cf962ebbec441b3ac67502735f0765db
                           .group:00000000 wm4.types.h.2.e9cec8c90ab35f77d9f499e06ae02400
                           .group:00000000 wm4.types.h.80.f2bfdfeee9f340633702c07fad9b5e01
                           .group:00000000 wm4.stdio.h.2.4aa87247282eca6c8f36f9de33d8df1a
                           .group:00000000 wm4.stdio.h.63.7a541be3dd4dcce0b36640a5a26543fd
                           .group:00000000 wm4.stdlib.h.18.6f6153fd5cb89acd58c0f0ab1f77e147
                           .group:00000000 wm4.stddef.h.161.e50ff8a9d5d1abbc15641da28ac571bf
                           .group:00000000 wm4.stdlib.h.58.b24acde737d755ecef2d29738b0f1a17
                           .group:00000000 wm4.command.h.9.24416aff08501a78dcd3e4f187f8295f
                           .group:00000000 wm4.stdint.h.10.90b695f550ca6cc3fb08fa83baf01e05
                           .group:00000000 wm4.string.h.8.ef946ad0bc9ad5c970c365dcd1fc4b0a
                           .group:00000000 wm4.xprintf.h.6.d201a07af5ece6e00f55504afb5b0533

UNDEFINED SYMBOLS
memset
strlen
memccpy
strchr
xprintf
atoi
HC05_SetName
memcpy
strcmp
