   1              		.syntax unified
   2              		.cpu cortex-m3
   3              		.fpu softvfp
   4              		.eabi_attribute 20, 1
   5              		.eabi_attribute 21, 1
   6              		.eabi_attribute 23, 3
   7              		.eabi_attribute 24, 1
   8              		.eabi_attribute 25, 1
   9              		.eabi_attribute 26, 1
  10              		.eabi_attribute 30, 6
  11              		.eabi_attribute 34, 1
  12              		.eabi_attribute 18, 4
  13              		.thumb
  14              		.file	"delay.c"
  15              		.text
  16              	.Ltext0:
  17              		.cfi_sections	.debug_frame
  18              		.align	2
  19              		.global	delay_us
  20              		.thumb
  21              		.thumb_func
  23              	delay_us:
  24              	.LFB0:
  25              		.file 1 "../src/delay.c"
   1:../src/delay.c **** /*
   2:../src/delay.c ****  * delay.c
   3:../src/delay.c ****  *
   4:../src/delay.c ****  *  Created on: Feb 14, 2017
   5:../src/delay.c ****  *      Author: ThangNguyen
   6:../src/delay.c ****  */
   7:../src/delay.c **** void delay_us(unsigned int time_us) {
  26              		.loc 1 7 0
  27              		.cfi_startproc
  28              		@ args = 0, pretend = 0, frame = 16
  29              		@ frame_needed = 1, uses_anonymous_args = 0
  30              		@ link register save eliminated.
  31 0000 80B4     		push	{r7}
  32              	.LCFI0:
  33              		.cfi_def_cfa_offset 4
  34              		.cfi_offset 7, -4
  35 0002 85B0     		sub	sp, sp, #20
  36              	.LCFI1:
  37              		.cfi_def_cfa_offset 24
  38 0004 00AF     		add	r7, sp, #0
  39              	.LCFI2:
  40              		.cfi_def_cfa_register 7
  41 0006 7860     		str	r0, [r7, #4]
   8:../src/delay.c **** 	unsigned int i;
   9:../src/delay.c **** 	unsigned char j;
  10:../src/delay.c **** 	for (i = 0; i < time_us; i++) {
  42              		.loc 1 10 0
  43 0008 4FF00003 		mov	r3, #0
  44 000c FB60     		str	r3, [r7, #12]
  45 000e 0EE0     		b	.L2
  46              	.L5:
  11:../src/delay.c **** 		for (j = 0; j < 7; j++)
  47              		.loc 1 11 0
  48 0010 4FF00003 		mov	r3, #0
  49 0014 FB72     		strb	r3, [r7, #11]
  50 0016 03E0     		b	.L3
  51              	.L4:
  52              		.loc 1 11 0 is_stmt 0 discriminator 2
  53 0018 FB7A     		ldrb	r3, [r7, #11]
  54 001a 03F10103 		add	r3, r3, #1
  55 001e FB72     		strb	r3, [r7, #11]
  56              	.L3:
  57              		.loc 1 11 0 discriminator 1
  58 0020 FB7A     		ldrb	r3, [r7, #11]	@ zero_extendqisi2
  59 0022 062B     		cmp	r3, #6
  60 0024 F8D9     		bls	.L4
  10:../src/delay.c **** 	for (i = 0; i < time_us; i++) {
  61              		.loc 1 10 0 is_stmt 1
  62 0026 FB68     		ldr	r3, [r7, #12]
  63 0028 03F10103 		add	r3, r3, #1
  64 002c FB60     		str	r3, [r7, #12]
  65              	.L2:
  10:../src/delay.c **** 	for (i = 0; i < time_us; i++) {
  66              		.loc 1 10 0 is_stmt 0 discriminator 1
  67 002e FA68     		ldr	r2, [r7, #12]
  68 0030 7B68     		ldr	r3, [r7, #4]
  69 0032 9A42     		cmp	r2, r3
  70 0034 ECD3     		bcc	.L5
  12:../src/delay.c **** 			;
  13:../src/delay.c **** 	}
  14:../src/delay.c **** }
  71              		.loc 1 14 0 is_stmt 1
  72 0036 07F11407 		add	r7, r7, #20
  73 003a BD46     		mov	sp, r7
  74 003c 80BC     		pop	{r7}
  75 003e 7047     		bx	lr
  76              		.cfi_endproc
  77              	.LFE0:
  79              		.align	2
  80              		.global	delay_ms
  81              		.thumb
  82              		.thumb_func
  84              	delay_ms:
  85              	.LFB1:
  15:../src/delay.c **** void delay_ms(unsigned int time_ms) {
  86              		.loc 1 15 0
  87              		.cfi_startproc
  88              		@ args = 0, pretend = 0, frame = 16
  89              		@ frame_needed = 1, uses_anonymous_args = 0
  90 0040 80B5     		push	{r7, lr}
  91              	.LCFI3:
  92              		.cfi_def_cfa_offset 8
  93              		.cfi_offset 7, -8
  94              		.cfi_offset 14, -4
  95 0042 84B0     		sub	sp, sp, #16
  96              	.LCFI4:
  97              		.cfi_def_cfa_offset 24
  98 0044 00AF     		add	r7, sp, #0
  99              	.LCFI5:
 100              		.cfi_def_cfa_register 7
 101 0046 7860     		str	r0, [r7, #4]
  16:../src/delay.c **** 	unsigned int i;
  17:../src/delay.c **** 	for (i = 0; i < time_ms; i++) {
 102              		.loc 1 17 0
 103 0048 4FF00003 		mov	r3, #0
 104 004c FB60     		str	r3, [r7, #12]
 105 004e 07E0     		b	.L7
 106              	.L8:
  18:../src/delay.c **** 		delay_us(900);
 107              		.loc 1 18 0 discriminator 2
 108 0050 4FF46170 		mov	r0, #900
 109 0054 FFF7FEFF 		bl	delay_us
  17:../src/delay.c **** 	for (i = 0; i < time_ms; i++) {
 110              		.loc 1 17 0 discriminator 2
 111 0058 FB68     		ldr	r3, [r7, #12]
 112 005a 03F10103 		add	r3, r3, #1
 113 005e FB60     		str	r3, [r7, #12]
 114              	.L7:
  17:../src/delay.c **** 	for (i = 0; i < time_ms; i++) {
 115              		.loc 1 17 0 is_stmt 0 discriminator 1
 116 0060 FA68     		ldr	r2, [r7, #12]
 117 0062 7B68     		ldr	r3, [r7, #4]
 118 0064 9A42     		cmp	r2, r3
 119 0066 F3D3     		bcc	.L8
  19:../src/delay.c **** 	}
  20:../src/delay.c **** }
 120              		.loc 1 20 0 is_stmt 1
 121 0068 07F11007 		add	r7, r7, #16
 122 006c BD46     		mov	sp, r7
 123 006e 80BD     		pop	{r7, pc}
 124              		.cfi_endproc
 125              	.LFE1:
 127              	.Letext0:
DEFINED SYMBOLS
                            *ABS*:00000000 delay.c
C:\Users\THANGN~1\AppData\Local\Temp\ccTdKgxd.s:18     .text:00000000 $t
C:\Users\THANGN~1\AppData\Local\Temp\ccTdKgxd.s:23     .text:00000000 delay_us
C:\Users\THANGN~1\AppData\Local\Temp\ccTdKgxd.s:84     .text:00000040 delay_ms
                     .debug_frame:00000010 $d
                           .group:00000000 wm4.1.6e5f3786b89b666b3dcc7c4c84d9d480

NO UNDEFINED SYMBOLS
